#
# A fatal error has been detected by the Java Runtime Environment:
#
#  SIGSEGV (0xb) at pc=0x00007f5a16b84615, pid=10364, tid=140026724615936
#
# JRE version: Java(TM) SE Runtime Environment (7.0_40-b43) (build 1.7.0_40-b43)
# Java VM: Java HotSpot(TM) 64-Bit Server VM (24.0-b56 mixed mode linux-amd64 compressed oops)
# Problematic frame:
# C  [libXnVFeatures_1_5_2.so+0x8b615]  Segmentation::detectionByPoint(bool, std::vector<Vector2D<int>, std::allocator<Vector2D<int> > > const*)+0x105
#
# Failed to write core dump. Core dumps have been disabled. To enable core dumping, try "ulimit -c unlimited" before starting Java again
#
# If you would like to submit a bug report, please visit:
#   http://bugreport.sun.com/bugreport/crash.jsp
# The crash happened outside the Java Virtual Machine in native code.
# See problematic frame for where to report the bug.
#

---------------  T H R E A D  ---------------

Current thread (0x00007f5a9c304000):  JavaThread "AWT-EventQueue-0" [_thread_in_native, id=10398, stack(0x00007f5a831e0000,0x00007f5a832e1000)]

siginfo:si_signo=SIGSEGV: si_errno=0, si_code=1 (SEGV_MAPERR), si_addr=0x00007f58318adc50

Registers:
RAX=0x00007f5a318adc50, RBX=0x00007f5a078d6540, RCX=0x000000000000000a, RDX=0xffffffff80000000
RSP=0x00007f5a832ddee0, RBP=0x00007f5a0ff0ee60, RSI=0x00007f5a07978d70, RDI=0x0000000080000000
R8 =0x0000000000000000, R9 =0x0000000080000000, R10=0x00007f5a0ffcda21, R11=0x0000000000000000
R12=0x00007f5a17126d88, R13=0x00007f5a832de040, R14=0x00007f5a0ff6a060, R15=0x0000000000000000
RIP=0x00007f5a16b84615, EFLAGS=0x0000000000010a12, CSGSFS=0x0000000000000033, ERR=0x0000000000000004
  TRAPNO=0x000000000000000e

Top of Stack: (sp=0x00007f5a832ddee0)
0x00007f5a832ddee0:   00007f5a300b3cf0 7fffffff00000002
0x00007f5a832ddef0:   00007f5a300b3cf0 00007f5a0ff0efe0
0x00007f5a832ddf00:   00007f5a0ff102e0 00007f5a0ff0ee60
0x00007f5a832ddf10:   00007f5a0ff0efe0 00007f5a0ff09d80
0x00007f5a832ddf20:   00007f5a832de040 00007f5a0ef7e050
0x00007f5a832ddf30:   0000000000000000 00007f5a16b8bbc0
0x00007f5a832ddf40:   00000000002dfe42 00000000002dfe42
0x00007f5a832ddf50:   0000000000000000 3ff0000000000000
0x00007f5a832ddf60:   00007f5a171275a8 0000000000000001
0x00007f5a832ddf70:   0000000000000040 00007f5a0ef7e010
0x00007f5a832ddf80:   00007f5a0ff09d80 00007f5a0fee8f88
0x00007f5a832ddf90:   00007f5a0ef7e050 00007f5a0ef7e028
0x00007f5a832ddfa0:   00007f5a832de040 00007f5a16b7499b
0x00007f5a832ddfb0:   00007f5a0ffff190 0000000000000008
0x00007f5a832ddfc0:   00000000002df15a 00000000002df15a
0x00007f5a832ddfd0:   0000000000000000 3ff0000000000000
0x00007f5a832ddfe0:   0000000000000000 00007f5a16b4e8bd
0x00007f5a832ddff0:   00007f5a832de060 00007f5a8804701c
0x00007f5a832de000:   0000000000000001 00007f5a88047000
0x00007f5a832de010:   00007f5a3182d830 00007f5a301b5880
0x00007f5a832de020:   00007f5a9c304000 00007f5a16b4a03f
0x00007f5a832de030:   00000000000000f2 00007f5aa531f429
0x00007f5a832de040:   00007f5a078d6540 00007f5a078d6548
0x00007f5a832de050:   00007f5a078d6548 000000003182ddf8
0x00007f5a832de060:   0000007900000025 00007f5a3182d830
0x00007f5a832de070:   00007f5a3182d830 00007f5a3182d830
0x00007f5a832de080:   00007f5a30c63a20 0000000000000051
0x00007f5a832de090:   00007f5a071936d0 00007f5a16b4a5bf
0x00007f5a832de0a0:   0001000200000007 00007f5a10015740
0x00007f5a832de0b0:   00007f5a17110d10 0000000000000000
0x00007f5a832de0c0:   00000000000599d5 0009600000000002
0x00007f5a832de0d0:   ffffffff00000001 00007f5a832de114 

Instructions: (pc=0x00007f5a16b84615)
0x00007f5a16b845f5:   e6 05 49 01 ee 41 8b 46 18 41 2b 46 0c 49 63 56
0x00007f5a16b84605:   1c f3 0f 2a c0 48 8b 85 50 a3 0e 00 48 8b 40 60
0x00007f5a16b84615:   f3 0f 59 04 90 f3 0f 2c c0 3d 1f 03 00 00 0f 8e
0x00007f5a16b84625:   4f ff ff ff 44 89 fe 48 89 ef 89 44 24 08 4c 89 

Register to memory mapping:

RAX=0x00007f5a318adc50 is an unknown value
RBX=0x00007f5a078d6540 is an unknown value
RCX=0x000000000000000a is an unknown value
RDX=0xffffffff80000000 is an unknown value
RSP=0x00007f5a832ddee0 is pointing into the stack for thread: 0x00007f5a9c304000
RBP=0x00007f5a0ff0ee60 is an unknown value
RSI=0x00007f5a07978d70 is an unknown value
RDI=0x0000000080000000 is an unknown value
R8 =0x0000000000000000 is an unknown value
R9 =0x0000000080000000 is an unknown value
R10=0x00007f5a0ffcda21 is an unknown value
R11=0x0000000000000000 is an unknown value
R12=0x00007f5a17126d88: <offset 0x62dd88> in /usr/lib/libXnVFeatures_1_5_2.so at 0x00007f5a16af9000
R13=0x00007f5a832de040 is pointing into the stack for thread: 0x00007f5a9c304000
R14=0x00007f5a0ff6a060 is an unknown value
R15=0x0000000000000000 is an unknown value


Stack: [0x00007f5a831e0000,0x00007f5a832e1000],  sp=0x00007f5a832ddee0,  free space=1015k
Native frames: (J=compiled Java code, j=interpreted, Vv=VM code, C=native code)
C  [libXnVFeatures_1_5_2.so+0x8b615]  Segmentation::detectionByPoint(bool, std::vector<Vector2D<int>, std::allocator<Vector2D<int> > > const*)+0x105

Java frames: (J=compiled Java code, j=interpreted, Vv=VM code)
j  SimpleOpenNI.SimpleOpenNIJNI.ContextWrapper_updateSwigExplicitContextWrapper__SWIG_0(JLSimpleOpenNI/ContextWrapper;)V+0
j  SimpleOpenNI.ContextWrapper.update()V+26
j  SimpleOpenNI.SimpleOpenNI.update()V+1
j  pointsMain.draw()V+4
j  processing.core.PApplet.handleDraw()V+231
j  processing.opengl.PJOGL$PGLListener.display(Ljavax/media/opengl/GLAutoDrawable;)V+476
j  jogamp.opengl.GLDrawableHelper.displayImpl(Ljavax/media/opengl/GLAutoDrawable;)V+81
j  jogamp.opengl.GLDrawableHelper.display(Ljavax/media/opengl/GLAutoDrawable;)V+2
j  javax.media.opengl.awt.GLCanvas$10.run()V+118
j  jogamp.opengl.GLDrawableHelper.invokeGLImpl(Ljavax/media/opengl/GLDrawable;Ljavax/media/opengl/GLContext;Ljava/lang/Runnable;Ljava/lang/Runnable;)V+206
j  jogamp.opengl.GLDrawableHelper.invokeGL(Ljavax/media/opengl/GLDrawable;Ljavax/media/opengl/GLContext;Ljava/lang/Runnable;Ljava/lang/Runnable;)V+80
j  javax.media.opengl.awt.GLCanvas$11.run()V+73
j  java.awt.event.InvocationEvent.dispatch()V+11
j  java.awt.EventQueue.dispatchEventImpl(Ljava/awt/AWTEvent;Ljava/lang/Object;)V+21
j  java.awt.EventQueue.access$200(Ljava/awt/EventQueue;Ljava/awt/AWTEvent;Ljava/lang/Object;)V+3
j  java.awt.EventQueue$3.run()Ljava/lang/Void;+12
j  java.awt.EventQueue$3.run()Ljava/lang/Object;+1
v  ~StubRoutines::call_stub
j  java.security.AccessController.doPrivileged(Ljava/security/PrivilegedAction;Ljava/security/AccessControlContext;)Ljava/lang/Object;+0
j  java.security.ProtectionDomain$1.doIntersectionPrivilege(Ljava/security/PrivilegedAction;Ljava/security/AccessControlContext;Ljava/security/AccessControlContext;)Ljava/lang/Object;+28
j  java.awt.EventQueue.dispatchEvent(Ljava/awt/AWTEvent;)V+46
j  java.awt.EventDispatchThread.pumpOneEventForFilters(I)V+245
j  java.awt.EventDispatchThread.pumpEventsForFilter(ILjava/awt/Conditional;Ljava/awt/EventFilter;)V+35
j  java.awt.EventDispatchThread.pumpEventsForHierarchy(ILjava/awt/Conditional;Ljava/awt/Component;)V+11
j  java.awt.EventDispatchThread.pumpEvents(ILjava/awt/Conditional;)V+4
j  java.awt.EventDispatchThread.pumpEvents(Ljava/awt/Conditional;)V+3
j  java.awt.EventDispatchThread.run()V+9
v  ~StubRoutines::call_stub

---------------  P R O C E S S  ---------------

Java Threads: ( => current thread )
  0x00007f5a0719a000 JavaThread "Thread-2" [_thread_in_native, id=10423, stack(0x00007f5a08c02000,0x00007f5a08d03000)]
  0x00007f5a24238000 JavaThread "Animation Thread-SharedResourceRunner" daemon [_thread_blocked, id=10408, stack(0x00007f5a827e9000,0x00007f5a828ea000)]
  0x00007f5a240ee000 JavaThread "process reaper" daemon [_thread_blocked, id=10403, stack(0x00007f5a8804f000,0x00007f5a88088000)]
  0x00007f5a9c00f000 JavaThread "DestroyJavaVM" [_thread_blocked, id=10365, stack(0x00007f5aa5626000,0x00007f5aa5727000)]
  0x00007f5a9c313000 JavaThread "Animation Thread" [_thread_blocked, id=10399, stack(0x00007f5a830df000,0x00007f5a831e0000)]
=>0x00007f5a9c304000 JavaThread "AWT-EventQueue-0" [_thread_in_native, id=10398, stack(0x00007f5a831e0000,0x00007f5a832e1000)]
  0x00007f5a9c301000 JavaThread "AWT-Shutdown" [_thread_blocked, id=10397, stack(0x00007f5a832e1000,0x00007f5a833e2000)]
  0x00007f5a9c2fd800 JavaThread "Image Fetcher 1" daemon [_thread_blocked, id=10396, stack(0x00007f5a833e2000,0x00007f5a834e3000)]
  0x00007f5a9c2f8000 JavaThread "Image Fetcher 0" daemon [_thread_blocked, id=10395, stack(0x00007f5a834e3000,0x00007f5a835e4000)]
  0x00007f5a9c28e800 JavaThread "AWT-XAWT" daemon [_thread_blocked, id=10394, stack(0x00007f5a835e4000,0x00007f5a836e5000)]
  0x00007f5a9c225000 JavaThread "Java2D Disposer" daemon [_thread_blocked, id=10393, stack(0x00007f5a83af5000,0x00007f5a83bf6000)]
  0x00007f5a9c0b3000 JavaThread "Service Thread" daemon [_thread_blocked, id=10391, stack(0x00007f5a894a4000,0x00007f5a895a5000)]
  0x00007f5a9c0b0800 JavaThread "C2 CompilerThread1" daemon [_thread_in_native, id=10390, stack(0x00007f5a895a5000,0x00007f5a896a6000)]
  0x00007f5a9c0ad800 JavaThread "C2 CompilerThread0" daemon [_thread_blocked, id=10389, stack(0x00007f5a896a6000,0x00007f5a897a7000)]
  0x00007f5a60001000 JavaThread "JDWP Command Reader" daemon [_thread_in_native, id=10383, stack(0x00007f5a897a7000,0x00007f5a898a8000)]
  0x00007f5a9c0ab800 JavaThread "JDWP Event Helper Thread" daemon [_thread_blocked, id=10380, stack(0x00007f5a898a8000,0x00007f5a899a9000)]
  0x00007f5a9c0a8000 JavaThread "JDWP Transport Listener: dt_socket" daemon [_thread_blocked, id=10379, stack(0x00007f5a899a9000,0x00007f5a89aaa000)]
  0x00007f5a9c092000 JavaThread "Signal Dispatcher" daemon [_thread_blocked, id=10378, stack(0x00007f5a89cae000,0x00007f5a89daf000)]
  0x00007f5a9c07b800 JavaThread "Finalizer" daemon [_thread_blocked, id=10377, stack(0x00007f5a89daf000,0x00007f5a89eb0000)]
  0x00007f5a9c07a000 JavaThread "Reference Handler" daemon [_thread_blocked, id=10376, stack(0x00007f5a9808e000,0x00007f5a9818f000)]

Other Threads:
  0x00007f5a9c077800 VMThread [stack: 0x00007f5a9818f000,0x00007f5a98290000] [id=10375]
  0x00007f5a9c0c6000 WatcherThread [stack: 0x00007f5a893a3000,0x00007f5a894a4000] [id=10392]

VM state:not at safepoint (normal execution)

VM Mutex/Monitor currently owned by a thread: None

Heap
 PSYoungGen      total 34304K, used 19476K [0x00000000eb800000, 0x00000000efb00000, 0x0000000100000000)
  eden space 31744K, 61% used [0x00000000eb800000,0x00000000ecb05280,0x00000000ed700000)
  from space 2560K, 0% used [0x00000000ed700000,0x00000000ed700000,0x00000000ed980000)
  to   space 2560K, 0% used [0x00000000ef880000,0x00000000ef880000,0x00000000efb00000)
 ParOldGen       total 98304K, used 38607K [0x00000000c2800000, 0x00000000c8800000, 0x00000000eb800000)
  object space 98304K, 39% used [0x00000000c2800000,0x00000000c4db3f70,0x00000000c8800000)
 PSPermGen       total 34816K, used 18088K [0x00000000bd600000, 0x00000000bf800000, 0x00000000c2800000)
  object space 34816K, 51% used [0x00000000bd600000,0x00000000be7aa330,0x00000000bf800000)

Card table byte_map: [0x00007f5aa1d67000,0x00007f5aa1f7d000] byte_map_base: 0x00007f5aa177c000

Polling page: 0x00007f5aa574d000

Code Cache  [0x00007f5a99000000, 0x00007f5a99270000, 0x00007f5a9c000000)
 total_blobs=1089 nmethods=165 adapters=885 free_code_cache=48053Kb largest_free_block=49163328

Compilation events (10 events):
Event: 4,976 Thread 0x00007f5a9c0ad800  162             processing.opengl.PGraphicsOpenGL$TexCache::setLastIndex (25 bytes)
Event: 4,977 Thread 0x00007f5a9c0b0800 nmethod 161 0x00007f5a99115250 code [0x00007f5a99115380, 0x00007f5a991153f8]
Event: 4,977 Thread 0x00007f5a9c0b0800  163 %           pointsMain::draw @ 93 (237 bytes)
Event: 4,977 Thread 0x00007f5a9c0ad800 nmethod 162 0x00007f5a99114e50 code [0x00007f5a99114fa0, 0x00007f5a99115118]
Event: 4,996 Thread 0x00007f5a9c0ad800  164             java.util.regex.Pattern::peek (26 bytes)
Event: 4,997 Thread 0x00007f5a9c0ad800 nmethod 164 0x00007f5a99114b10 code [0x00007f5a99114c60, 0x00007f5a99114d68]
Event: 5,001 Thread 0x00007f5a9c0b0800 nmethod 163% 0x00007f5a9911a390 code [0x00007f5a9911a640, 0x00007f5a9911be58]
Event: 5,009 Thread 0x00007f5a9c0ad800  165             sun.util.logging.PlatformLogger$DefaultLoggerProxy::isLoggable (29 bytes)
Event: 5,010 Thread 0x00007f5a9c0ad800 nmethod 165 0x00007f5a991146d0 code [0x00007f5a99114820, 0x00007f5a99114998]
Event: 5,011 Thread 0x00007f5a9c0b0800  166             pointsMain::draw (237 bytes)

GC Heap History (8 events):
Event: 0,958 GC heap before
{Heap before GC invocations=1 (full 0):
 PSYoungGen      total 18432K, used 15872K [0x00000000eb800000, 0x00000000ecc80000, 0x0000000100000000)
  eden space 15872K, 100% used [0x00000000eb800000,0x00000000ec780000,0x00000000ec780000)
  from space 2560K, 0% used [0x00000000eca00000,0x00000000eca00000,0x00000000ecc80000)
  to   space 2560K, 0% used [0x00000000ec780000,0x00000000ec780000,0x00000000eca00000)
 ParOldGen       total 41984K, used 0K [0x00000000c2800000, 0x00000000c5100000, 0x00000000eb800000)
  object space 41984K, 0% used [0x00000000c2800000,0x00000000c2800000,0x00000000c5100000)
 PSPermGen       total 21504K, used 11604K [0x00000000bd600000, 0x00000000beb00000, 0x00000000c2800000)
  object space 21504K, 53% used [0x00000000bd600000,0x00000000be155250,0x00000000beb00000)
Event: 0,972 GC heap after
Heap after GC invocations=1 (full 0):
 PSYoungGen      total 18432K, used 2546K [0x00000000eb800000, 0x00000000edc00000, 0x0000000100000000)
  eden space 15872K, 0% used [0x00000000eb800000,0x00000000eb800000,0x00000000ec780000)
  from space 2560K, 99% used [0x00000000ec780000,0x00000000ec9fc8b8,0x00000000eca00000)
  to   space 2560K, 0% used [0x00000000ed980000,0x00000000ed980000,0x00000000edc00000)
 ParOldGen       total 41984K, used 3842K [0x00000000c2800000, 0x00000000c5100000, 0x00000000eb800000)
  object space 41984K, 9% used [0x00000000c2800000,0x00000000c2bc0a38,0x00000000c5100000)
 PSPermGen       total 21504K, used 11604K [0x00000000bd600000, 0x00000000beb00000, 0x00000000c2800000)
  object space 21504K, 53% used [0x00000000bd600000,0x00000000be155250,0x00000000beb00000)
}
Event: 1,977 GC heap before
{Heap before GC invocations=2 (full 0):
 PSYoungGen      total 18432K, used 18330K [0x00000000eb800000, 0x00000000edc00000, 0x0000000100000000)
  eden space 15872K, 99% used [0x00000000eb800000,0x00000000ec76a088,0x00000000ec780000)
  from space 2560K, 99% used [0x00000000ec780000,0x00000000ec9fc8b8,0x00000000eca00000)
  to   space 2560K, 0% used [0x00000000ed980000,0x00000000ed980000,0x00000000edc00000)
 ParOldGen       total 41984K, used 3842K [0x00000000c2800000, 0x00000000c5100000, 0x00000000eb800000)
  object space 41984K, 9% used [0x00000000c2800000,0x00000000c2bc0a38,0x00000000c5100000)
 PSPermGen       total 21504K, used 17032K [0x00000000bd600000, 0x00000000beb00000, 0x00000000c2800000)
  object space 21504K, 79% used [0x00000000bd600000,0x00000000be6a21e0,0x00000000beb00000)
Event: 1,990 GC heap after
Heap after GC invocations=2 (full 0):
 PSYoungGen      total 34304K, used 2545K [0x00000000eb800000, 0x00000000edc00000, 0x0000000100000000)
  eden space 31744K, 0% used [0x00000000eb800000,0x00000000eb800000,0x00000000ed700000)
  from space 2560K, 99% used [0x00000000ed980000,0x00000000edbfc470,0x00000000edc00000)
  to   space 2560K, 0% used [0x00000000ed700000,0x00000000ed700000,0x00000000ed980000)
 ParOldGen       total 41984K, used 7424K [0x00000000c2800000, 0x00000000c5100000, 0x00000000eb800000)
  object space 41984K, 17% used [0x00000000c2800000,0x00000000c2f403f8,0x00000000c5100000)
 PSPermGen       total 21504K, used 17032K [0x00000000bd600000, 0x00000000beb00000, 0x00000000c2800000)
  object space 21504K, 79% used [0x00000000bd600000,0x00000000be6a21e0,0x00000000beb00000)
}
Event: 2,513 GC heap before
{Heap before GC invocations=3 (full 0):
 PSYoungGen      total 34304K, used 34289K [0x00000000eb800000, 0x00000000edc00000, 0x0000000100000000)
  eden space 31744K, 100% used [0x00000000eb800000,0x00000000ed700000,0x00000000ed700000)
  from space 2560K, 99% used [0x00000000ed980000,0x00000000edbfc470,0x00000000edc00000)
  to   space 2560K, 0% used [0x00000000ed700000,0x00000000ed700000,0x00000000ed980000)
 ParOldGen       total 41984K, used 7424K [0x00000000c2800000, 0x00000000c5100000, 0x00000000eb800000)
  object space 41984K, 17% used [0x00000000c2800000,0x00000000c2f403f8,0x00000000c5100000)
 PSPermGen       total 21504K, used 17348K [0x00000000bd600000, 0x00000000beb00000, 0x00000000c2800000)
  object space 21504K, 80% used [0x00000000bd600000,0x00000000be6f10d8,0x00000000beb00000)
Event: 2,589 GC heap after
Heap after GC invocations=3 (full 0):
 PSYoungGen      total 34304K, used 2530K [0x00000000eb800000, 0x00000000efb00000, 0x0000000100000000)
  eden space 31744K, 0% used [0x00000000eb800000,0x00000000eb800000,0x00000000ed700000)
  from space 2560K, 98% used [0x00000000ed700000,0x00000000ed978870,0x00000000ed980000)
  to   space 2560K, 0% used [0x00000000ef880000,0x00000000ef880000,0x00000000efb00000)
 ParOldGen       total 41984K, used 40245K [0x00000000c2800000, 0x00000000c5100000, 0x00000000eb800000)
  object space 41984K, 95% used [0x00000000c2800000,0x00000000c4f4d468,0x00000000c5100000)
 PSPermGen       total 21504K, used 17348K [0x00000000bd600000, 0x00000000beb00000, 0x00000000c2800000)
  object space 21504K, 80% used [0x00000000bd600000,0x00000000be6f10d8,0x00000000beb00000)
}
Event: 2,589 GC heap before
{Heap before GC invocations=4 (full 1):
 PSYoungGen      total 34304K, used 2530K [0x00000000eb800000, 0x00000000efb00000, 0x0000000100000000)
  eden space 31744K, 0% used [0x00000000eb800000,0x00000000eb800000,0x00000000ed700000)
  from space 2560K, 98% used [0x00000000ed700000,0x00000000ed978870,0x00000000ed980000)
  to   space 2560K, 0% used [0x00000000ef880000,0x00000000ef880000,0x00000000efb00000)
 ParOldGen       total 41984K, used 40245K [0x00000000c2800000, 0x00000000c5100000, 0x00000000eb800000)
  object space 41984K, 95% used [0x00000000c2800000,0x00000000c4f4d468,0x00000000c5100000)
 PSPermGen       total 21504K, used 17348K [0x00000000bd600000, 0x00000000beb00000, 0x00000000c2800000)
  object space 21504K, 80% used [0x00000000bd600000,0x00000000be6f10d8,0x00000000beb00000)
Event: 2,883 GC heap after
Heap after GC invocations=4 (full 1):
 PSYoungGen      total 34304K, used 0K [0x00000000eb800000, 0x00000000efb00000, 0x0000000100000000)
  eden space 31744K, 0% used [0x00000000eb800000,0x00000000eb800000,0x00000000ed700000)
  from space 2560K, 0% used [0x00000000ed700000,0x00000000ed700000,0x00000000ed980000)
  to   space 2560K, 0% used [0x00000000ef880000,0x00000000ef880000,0x00000000efb00000)
 ParOldGen       total 98304K, used 38607K [0x00000000c2800000, 0x00000000c8800000, 0x00000000eb800000)
  object space 98304K, 39% used [0x00000000c2800000,0x00000000c4db3f70,0x00000000c8800000)
 PSPermGen       total 34816K, used 17343K [0x00000000bd600000, 0x00000000bf800000, 0x00000000c2800000)
  object space 34816K, 49% used [0x00000000bd600000,0x00000000be6effd0,0x00000000bf800000)
}

Deoptimization events (3 events):
Event: 1,506 Thread 0x00007f5a24238000 Uncommon trap: reason=unreached action=reinterpret pc=0x00007f5a990c8d54 method=java.lang.Class.searchFields([Ljava/lang/reflect/Field;Ljava/lang/String;)Ljava/lang/reflect/Field; @ 23
Event: 1,968 Thread 0x00007f5a9c304000 Uncommon trap: reason=unreached action=reinterpret pc=0x00007f5a990d77b8 method=com.jogamp.common.util.IntIntHashMap.get(I)I @ 19
Event: 4,197 Thread 0x00007f5a9c304000 Uncommon trap: reason=unreached action=reinterpret pc=0x00007f5a990dcd50 method=com.jogamp.common.nio.Buffers.getDirectBufferByteOffset(Ljava/lang/Object;)I @ 25

Internal exceptions (10 events):
Event: 4,986 Thread 0x00007f5a9c304000 Threw 0x00000000ec9bd570 at /HUDSON/workspace/jdk7u40-2-build-linux-amd64-product/jdk7u40/hotspot/src/share/vm/prims/jvm.cpp:1244
Event: 4,987 Thread 0x00007f5a9c304000 Threw 0x00000000ec9c42a0 at /HUDSON/workspace/jdk7u40-2-build-linux-amd64-product/jdk7u40/hotspot/src/share/vm/prims/jvm.cpp:1244
Event: 4,988 Thread 0x00007f5a9c304000 Threw 0x00000000ec9c8388 at /HUDSON/workspace/jdk7u40-2-build-linux-amd64-product/jdk7u40/hotspot/src/share/vm/prims/jvm.cpp:1244
Event: 4,988 Thread 0x00007f5a9c304000 Threw 0x00000000ec9cb370 at /HUDSON/workspace/jdk7u40-2-build-linux-amd64-product/jdk7u40/hotspot/src/share/vm/prims/jvm.cpp:1244
Event: 4,988 Thread 0x00007f5a9c304000 Threw 0x00000000ec9d6100 at /HUDSON/workspace/jdk7u40-2-build-linux-amd64-product/jdk7u40/hotspot/src/share/vm/prims/jvm.cpp:1244
Event: 4,989 Thread 0x00007f5a9c304000 Threw 0x00000000ec9d8b98 at /HUDSON/workspace/jdk7u40-2-build-linux-amd64-product/jdk7u40/hotspot/src/share/vm/prims/jvm.cpp:1244
Event: 4,990 Thread 0x00007f5a9c304000 Threw 0x00000000ec9dc548 at /HUDSON/workspace/jdk7u40-2-build-linux-amd64-product/jdk7u40/hotspot/src/share/vm/prims/jvm.cpp:1244
Event: 4,990 Thread 0x00007f5a9c304000 Threw 0x00000000ec9e0c90 at /HUDSON/workspace/jdk7u40-2-build-linux-amd64-product/jdk7u40/hotspot/src/share/vm/prims/jvm.cpp:1244
Event: 5,006 Thread 0x00007f5a9c304000 Threw 0x00000000ecacc928 at /HUDSON/workspace/jdk7u40-2-build-linux-amd64-product/jdk7u40/hotspot/src/share/vm/runtime/reflection.cpp:1030
Event: 5,007 Thread 0x00007f5a9c304000 Threw 0x00000000ecacce48 at /HUDSON/workspace/jdk7u40-2-build-linux-amd64-product/jdk7u40/hotspot/src/share/vm/runtime/reflection.cpp:1030

Events (10 events):
Event: 4,988 loading class 0x00007f5a2402f9f0
Event: 4,988 loading class 0x00007f5a2402f9f0 done
Event: 4,988 loading class 0x00007f5a07892980
Event: 4,988 loading class 0x00007f5a07892980 done
Event: 4,989 loading class 0x00007f5a07890d00
Event: 4,989 loading class 0x00007f5a07890d00 done
Event: 4,990 loading class 0x00007f5a07890cc0
Event: 4,990 loading class 0x00007f5a07890cc0 done
Event: 4,990 loading class 0x00007f5a078799a0
Event: 4,990 loading class 0x00007f5a078799a0 done


Dynamic libraries:
00400000-00401000 r-xp 00000000 08:06 5510409                            /home/mathilde/kinect/processing-2.2.1/java/bin/java
00600000-00601000 rw-p 00000000 08:06 5510409                            /home/mathilde/kinect/processing-2.2.1/java/bin/java
01a93000-01ab4000 rw-p 00000000 00:00 0                                  [heap]
bd600000-bf800000 rw-p 00000000 00:00 0 
bf800000-c2800000 rw-p 00000000 00:00 0 
c2800000-c8800000 rw-p 00000000 00:00 0 
c8800000-eb800000 rw-p 00000000 00:00 0 
eb800000-efb00000 rw-p 00000000 00:00 0 
efb00000-100000000 rw-p 00000000 00:00 0 
7f59fc000000-7f59fc021000 rw-p 00000000 00:00 0 
7f59fc021000-7f5a00000000 ---p 00000000 00:00 0 
7f5a01700000-7f5a01780000 rw-s 10e970000 00:05 9777                      /dev/dri/card0
7f5a01780000-7f5a01800000 rw-s 148ead000 00:05 9777                      /dev/dri/card0
7f5a01800000-7f5a01900000 rw-s 10e770000 00:05 9777                      /dev/dri/card0
7f5a01900000-7f5a01a00000 rw-s 10e666000 00:05 9777                      /dev/dri/card0
7f5a01a00000-7f5a01c00000 rw-s 10e466000 00:05 9777                      /dev/dri/card0
7f5a01c00000-7f5a01d00000 rw-s 10e366000 00:05 9777                      /dev/dri/card0
7f5a01d00000-7f5a02100000 rw-s 10df66000 00:05 9777                      /dev/dri/card0
7f5a02100000-7f5a02200000 rw-s 137b74000 00:05 9777                      /dev/dri/card0
7f5a02200000-7f5a02400000 rw-s 14747b000 00:05 9777                      /dev/dri/card0
7f5a02400000-7f5a02500000 rw-s 137a74000 00:05 9777                      /dev/dri/card0
7f5a02500000-7f5a02900000 rw-s 133614000 00:05 9777                      /dev/dri/card0
7f5a02900000-7f5a02a00000 rw-s 133514000 00:05 9777                      /dev/dri/card0
7f5a02a00000-7f5a02c00000 rw-s 133314000 00:05 9777                      /dev/dri/card0
7f5a02c00000-7f5a02d00000 rw-s 133214000 00:05 9777                      /dev/dri/card0
7f5a02d00000-7f5a03100000 rw-s 132e14000 00:05 9777                      /dev/dri/card0
7f5a03100000-7f5a03200000 rw-s 137974000 00:05 9777                      /dev/dri/card0
7f5a03200000-7f5a03600000 rw-s 136f74000 00:05 9777                      /dev/dri/card0
7f5a03600000-7f5a04000000 rwxp 00000000 00:00 0 
7f5a04000000-7f5a07a95000 rw-p 00000000 00:00 0 
7f5a07a95000-7f5a08000000 ---p 00000000 00:00 0 
7f5a08000000-7f5a08200000 rw-s 137774000 00:05 9777                      /dev/dri/card0
7f5a08200000-7f5a08300000 rw-s 137474000 00:05 9777                      /dev/dri/card0
7f5a08600000-7f5a08c02000 rw-p 00000000 00:00 0 
7f5a08c02000-7f5a08c05000 ---p 00000000 00:00 0 
7f5a08c05000-7f5a08d03000 rwxp 00000000 00:00 0                          [stack:10423]
7f5a08d03000-7f5a10000000 rw-p 00000000 00:00 0 
7f5a10000000-7f5a10109000 rw-p 00000000 00:00 0 
7f5a10109000-7f5a14000000 ---p 00000000 00:00 0 
7f5a14009000-7f5a14c3c000 rw-p 00000000 00:00 0 
7f5a14c3c000-7f5a15344000 r--s 00000000 00:14 2596545                    /run/shm/10411_1d27.0601@1.10_Depth
7f5a15344000-7f5a15345000 ---p 00000000 00:00 0 
7f5a15345000-7f5a15b45000 rwxp 00000000 00:00 0                          [stack:10417]
7f5a15b45000-7f5a15f46000 rw-p 00000000 00:00 0 
7f5a15f46000-7f5a1603a000 r-xp 00000000 08:06 3161990                    /usr/lib/libXnVHandGenerator_1_5_2.so
7f5a1603a000-7f5a16239000 ---p 000f4000 08:06 3161990                    /usr/lib/libXnVHandGenerator_1_5_2.so
7f5a16239000-7f5a1623e000 r--p 000f3000 08:06 3161990                    /usr/lib/libXnVHandGenerator_1_5_2.so
7f5a1623e000-7f5a1623f000 rw-p 000f8000 08:06 3161990                    /usr/lib/libXnVHandGenerator_1_5_2.so
7f5a1623f000-7f5a1624d000 rw-p 00000000 00:00 0 
7f5a1624d000-7f5a16325000 r-xp 00000000 08:06 3161989                    /usr/lib/libXnVHandGenerator_1_4_2.so
7f5a16325000-7f5a16524000 ---p 000d8000 08:06 3161989                    /usr/lib/libXnVHandGenerator_1_4_2.so
7f5a16524000-7f5a16529000 r--p 000d7000 08:06 3161989                    /usr/lib/libXnVHandGenerator_1_4_2.so
7f5a16529000-7f5a1652a000 rw-p 000dc000 08:06 3161989                    /usr/lib/libXnVHandGenerator_1_4_2.so
7f5a1652a000-7f5a1652d000 rw-p 00000000 00:00 0 
7f5a1652d000-7f5a16605000 r-xp 00000000 08:06 3161988                    /usr/lib/libXnVHandGenerator_1_4_1.so
7f5a16605000-7f5a16804000 ---p 000d8000 08:06 3161988                    /usr/lib/libXnVHandGenerator_1_4_1.so
7f5a16804000-7f5a16809000 r--p 000d7000 08:06 3161988                    /usr/lib/libXnVHandGenerator_1_4_1.so
7f5a16809000-7f5a1680a000 rw-p 000dc000 08:06 3161988                    /usr/lib/libXnVHandGenerator_1_4_1.so
7f5a1680a000-7f5a1680d000 rw-p 00000000 00:00 0 
7f5a1680d000-7f5a168f0000 r-xp 00000000 08:06 3161987                    /usr/lib/libXnVHandGenerator_1_3_1.so
7f5a168f0000-7f5a16af0000 ---p 000e3000 08:06 3161987                    /usr/lib/libXnVHandGenerator_1_3_1.so
7f5a16af0000-7f5a16af5000 r--p 000e3000 08:06 3161987                    /usr/lib/libXnVHandGenerator_1_3_1.so
7f5a16af5000-7f5a16af6000 rw-p 000e8000 08:06 3161987                    /usr/lib/libXnVHandGenerator_1_3_1.so
7f5a16af6000-7f5a16af9000 rw-p 00000000 00:00 0 
7f5a16af9000-7f5a16f0e000 r-xp 00000000 08:06 3161984                    /usr/lib/libXnVFeatures_1_5_2.so
7f5a16f0e000-7f5a1710e000 ---p 00415000 08:06 3161984                    /usr/lib/libXnVFeatures_1_5_2.so
7f5a1710e000-7f5a1711f000 r--p 00415000 08:06 3161984                    /usr/lib/libXnVFeatures_1_5_2.so
7f5a1711f000-7f5a17121000 rw-p 00426000 08:06 3161984                    /usr/lib/libXnVFeatures_1_5_2.so
7f5a17121000-7f5a17136000 rw-p 00000000 00:00 0 
7f5a17136000-7f5a1732d000 r-xp 00000000 08:06 3161983                    /usr/lib/libXnVFeatures_1_4_2.so
7f5a1732d000-7f5a1752c000 ---p 001f7000 08:06 3161983                    /usr/lib/libXnVFeatures_1_4_2.so
7f5a1752c000-7f5a17532000 r--p 001f6000 08:06 3161983                    /usr/lib/libXnVFeatures_1_4_2.so
7f5a17532000-7f5a17533000 rw-p 001fc000 08:06 3161983                    /usr/lib/libXnVFeatures_1_4_2.so
7f5a17533000-7f5a17539000 rw-p 00000000 00:00 0 
7f5a17539000-7f5a17730000 r-xp 00000000 08:06 3161982                    /usr/lib/libXnVFeatures_1_4_1.so
7f5a17730000-7f5a1792f000 ---p 001f7000 08:06 3161982                    /usr/lib/libXnVFeatures_1_4_1.so
7f5a1792f000-7f5a17935000 r--p 001f6000 08:06 3161982                    /usr/lib/libXnVFeatures_1_4_1.so
7f5a17935000-7f5a17936000 rw-p 001fc000 08:06 3161982                    /usr/lib/libXnVFeatures_1_4_1.so
7f5a17936000-7f5a1793c000 rw-p 00000000 00:00 0 
7f5a1793c000-7f5a17b81000 r-xp 00000000 08:06 3161981                    /usr/lib/libXnVFeatures_1_3_1.so
7f5a17b81000-7f5a17d81000 ---p 00245000 08:06 3161981                    /usr/lib/libXnVFeatures_1_3_1.so
7f5a17d81000-7f5a17d87000 r--p 00245000 08:06 3161981                    /usr/lib/libXnVFeatures_1_3_1.so
7f5a17d87000-7f5a17d88000 rw-p 0024b000 08:06 3161981                    /usr/lib/libXnVFeatures_1_3_1.so
7f5a17d88000-7f5a17d8f000 rw-p 00000000 00:00 0 
7f5a17d8f000-7f5a17db6000 r-xp 00000000 08:06 3161641                    /usr/lib/libXnDeviceFile.so
7f5a17db6000-7f5a17fb6000 ---p 00027000 08:06 3161641                    /usr/lib/libXnDeviceFile.so
7f5a17fb6000-7f5a17fb8000 r--p 00027000 08:06 3161641                    /usr/lib/libXnDeviceFile.so
7f5a17fb8000-7f5a17fb9000 rw-p 00029000 08:06 3161641                    /usr/lib/libXnDeviceFile.so
7f5a17fb9000-7f5a18001000 r-xp 00000000 08:06 3161639                    /usr/lib/libXnDDK.so
7f5a18001000-7f5a18201000 ---p 00048000 08:06 3161639                    /usr/lib/libXnDDK.so
7f5a18201000-7f5a18204000 r--p 00048000 08:06 3161639                    /usr/lib/libXnDDK.so
7f5a18204000-7f5a18206000 rw-p 0004b000 08:06 3161639                    /usr/lib/libXnDDK.so
7f5a18206000-7f5a1822a000 r-xp 00000000 08:06 3161643                    /usr/lib/libXnFormats.so
7f5a1822a000-7f5a1842a000 ---p 00024000 08:06 3161643                    /usr/lib/libXnFormats.so
7f5a1842a000-7f5a1842b000 r--p 00024000 08:06 3161643                    /usr/lib/libXnFormats.so
7f5a1842b000-7f5a1842c000 rw-p 00025000 08:06 3161643                    /usr/lib/libXnFormats.so
7f5a1842c000-7f5a1844c000 rw-p 00000000 00:00 0 
7f5a1844c000-7f5a1844f000 r-xp 00000000 08:06 3161638                    /usr/lib/libXnCore.so
7f5a1844f000-7f5a1864e000 ---p 00003000 08:06 3161638                    /usr/lib/libXnCore.so
7f5a1864e000-7f5a1864f000 r--p 00002000 08:06 3161638                    /usr/lib/libXnCore.so
7f5a1864f000-7f5a18650000 rw-p 00003000 08:06 3161638                    /usr/lib/libXnCore.so
7f5a18650000-7f5a186e2000 r-xp 00000000 08:06 3161857                    /usr/lib/libXnDeviceSensorV2.so
7f5a186e2000-7f5a188e1000 ---p 00092000 08:06 3161857                    /usr/lib/libXnDeviceSensorV2.so
7f5a188e1000-7f5a188f1000 r--p 00091000 08:06 3161857                    /usr/lib/libXnDeviceSensorV2.so
7f5a188f1000-7f5a188f2000 rw-p 000a1000 08:06 3161857                    /usr/lib/libXnDeviceSensorV2.so
7f5a188f2000-7f5a18912000 r-xp 00000000 08:06 3161630                    /usr/lib/libnimRecorder.so
7f5a18912000-7f5a18b11000 ---p 00020000 08:06 3161630                    /usr/lib/libnimRecorder.so
7f5a18b11000-7f5a18b13000 r--p 0001f000 08:06 3161630                    /usr/lib/libnimRecorder.so
7f5a18b13000-7f5a18b14000 rw-p 00021000 08:06 3161630                    /usr/lib/libnimRecorder.so
7f5a18b14000-7f5a18b4a000 r-xp 00000000 08:06 3161628                    /usr/lib/libnimCodecs.so
7f5a18b4a000-7f5a18d4a000 ---p 00036000 08:06 3161628                    /usr/lib/libnimCodecs.so
7f5a18d4a000-7f5a18d4d000 r--p 00036000 08:06 3161628                    /usr/lib/libnimCodecs.so
7f5a18d4d000-7f5a18d4e000 rw-p 00039000 08:06 3161628                    /usr/lib/libnimCodecs.so
7f5a18d4e000-7f5a18d6e000 rw-p 00000000 00:00 0 
7f5a18d6e000-7f5a18da9000 r-xp 00000000 08:06 3161629                    /usr/lib/libnimMockNodes.so
7f5a18da9000-7f5a18fa8000 ---p 0003b000 08:06 3161629                    /usr/lib/libnimMockNodes.so
7f5a18fa8000-7f5a18fb5000 r--p 0003a000 08:06 3161629                    /usr/lib/libnimMockNodes.so
7f5a18fb5000-7f5a18fb6000 rw-p 00047000 08:06 3161629                    /usr/lib/libnimMockNodes.so
7f5a18fb6000-7f5a18fb7000 ---p 00000000 00:00 0 
7f5a18fb7000-7f5a197b7000 rwxp 00000000 00:00 0                          [stack:10409]
7f5a197b7000-7f5a197cc000 r-xp 00000000 08:06 1840018                    /lib/x86_64-linux-gnu/libusb-1.0.so.0.1.0
7f5a197cc000-7f5a199cc000 ---p 00015000 08:06 1840018                    /lib/x86_64-linux-gnu/libusb-1.0.so.0.1.0
7f5a199cc000-7f5a199cd000 r--p 00015000 08:06 1840018                    /lib/x86_64-linux-gnu/libusb-1.0.so.0.1.0
7f5a199cd000-7f5a199ce000 rw-p 00016000 08:06 1840018                    /lib/x86_64-linux-gnu/libusb-1.0.so.0.1.0
7f5a199ce000-7f5a19ab1000 r-xp 00000000 08:06 3161908                    /usr/lib/libXnVNite_1_5_2.so
7f5a19ab1000-7f5a19cb0000 ---p 000e3000 08:06 3161908                    /usr/lib/libXnVNite_1_5_2.so
7f5a19cb0000-7f5a19cb5000 r--p 000e2000 08:06 3161908                    /usr/lib/libXnVNite_1_5_2.so
7f5a19cb5000-7f5a19cb7000 rw-p 000e7000 08:06 3161908                    /usr/lib/libXnVNite_1_5_2.so
7f5a19cb7000-7f5a19d34000 r-xp 00000000 08:06 3161632                    /usr/lib/libOpenNI.so
7f5a19d34000-7f5a19f33000 ---p 0007d000 08:06 3161632                    /usr/lib/libOpenNI.so
7f5a19f33000-7f5a19f36000 r--p 0007c000 08:06 3161632                    /usr/lib/libOpenNI.so
7f5a19f36000-7f5a19f39000 rw-p 0007f000 08:06 3161632                    /usr/lib/libOpenNI.so
7f5a19f39000-7f5a19f3a000 rw-p 00000000 00:00 0 
7f5a19f3a000-7f5a19ff0000 r-xp 00000000 08:06 3168160                    /home/mathilde/sketchbook/libraries/SimpleOpenNI/library/libSimpleOpenNI64.so
7f5a19ff0000-7f5a1a1f0000 ---p 000b6000 08:06 3168160                    /home/mathilde/sketchbook/libraries/SimpleOpenNI/library/libSimpleOpenNI64.so
7f5a1a1f0000-7f5a1a1f4000 r--p 000b6000 08:06 3168160                    /home/mathilde/sketchbook/libraries/SimpleOpenNI/library/libSimpleOpenNI64.so
7f5a1a1f4000-7f5a1a1f7000 rw-p 000ba000 08:06 3168160                    /home/mathilde/sketchbook/libraries/SimpleOpenNI/library/libSimpleOpenNI64.so
7f5a1a1f7000-7f5a1a1f8000 rw-p 00000000 00:00 0 
7f5a1a23a000-7f5a1a31c000 rw-p 00000000 00:00 0 
7f5a1a31c000-7f5a1a39c000 rw-s 135ddf000 00:05 9777                      /dev/dri/card0
7f5a1a39c000-7f5a1a41c000 rw-s 148382000 00:05 9777                      /dev/dri/card0
7f5a1a41c000-7f5a1a49c000 rw-s 135d5f000 00:05 9777                      /dev/dri/card0
7f5a1a49c000-7f5a1a4c3000 r-xp 00000000 08:06 1838995                    /lib/x86_64-linux-gnu/libexpat.so.1.6.0
7f5a1a4c3000-7f5a1a6c3000 ---p 00027000 08:06 1838995                    /lib/x86_64-linux-gnu/libexpat.so.1.6.0
7f5a1a6c3000-7f5a1a6c5000 r--p 00027000 08:06 1838995                    /lib/x86_64-linux-gnu/libexpat.so.1.6.0
7f5a1a6c5000-7f5a1a6c6000 rw-p 00029000 08:06 1838995                    /lib/x86_64-linux-gnu/libexpat.so.1.6.0
7f5a1a6c6000-7f5a1aac0000 r-xp 00000000 08:06 3540322                    /usr/lib/x86_64-linux-gnu/dri/nouveau_dri.so
7f5a1aac0000-7f5a1acbf000 ---p 003fa000 08:06 3540322                    /usr/lib/x86_64-linux-gnu/dri/nouveau_dri.so
7f5a1acbf000-7f5a1acd0000 r--p 003f9000 08:06 3540322                    /usr/lib/x86_64-linux-gnu/dri/nouveau_dri.so
7f5a1acd0000-7f5a1acd8000 rw-p 0040a000 08:06 3540322                    /usr/lib/x86_64-linux-gnu/dri/nouveau_dri.so
7f5a1acd8000-7f5a1acf4000 rw-p 00000000 00:00 0 
7f5a1acf4000-7f5a1ad38000 r-xp 00000000 08:06 1839015                    /lib/x86_64-linux-gnu/libdbus-1.so.3.7.6
7f5a1ad38000-7f5a1af37000 ---p 00044000 08:06 1839015                    /lib/x86_64-linux-gnu/libdbus-1.so.3.7.6
7f5a1af37000-7f5a1af38000 r--p 00043000 08:06 1839015                    /lib/x86_64-linux-gnu/libdbus-1.so.3.7.6
7f5a1af38000-7f5a1af39000 rw-p 00044000 08:06 1839015                    /lib/x86_64-linux-gnu/libdbus-1.so.3.7.6
7f5a1af39000-7f5a1af41000 r-xp 00000000 08:06 1839029                    /lib/x86_64-linux-gnu/libnih-dbus.so.1.0.0
7f5a1af41000-7f5a1b141000 ---p 00008000 08:06 1839029                    /lib/x86_64-linux-gnu/libnih-dbus.so.1.0.0
7f5a1b141000-7f5a1b142000 r--p 00008000 08:06 1839029                    /lib/x86_64-linux-gnu/libnih-dbus.so.1.0.0
7f5a1b142000-7f5a1b143000 rw-p 00009000 08:06 1839029                    /lib/x86_64-linux-gnu/libnih-dbus.so.1.0.0
7f5a1b143000-7f5a1b15a000 r-xp 00000000 08:06 1838975                    /lib/x86_64-linux-gnu/libnih.so.1.0.0
7f5a1b15a000-7f5a1b359000 ---p 00017000 08:06 1838975                    /lib/x86_64-linux-gnu/libnih.so.1.0.0
7f5a1b359000-7f5a1b35a000 r--p 00016000 08:06 1838975                    /lib/x86_64-linux-gnu/libnih.so.1.0.0
7f5a1b35a000-7f5a1b35b000 rw-p 00017000 08:06 1838975                    /lib/x86_64-linux-gnu/libnih.so.1.0.0
7f5a1b35b000-7f5a1b373000 r-xp 00000000 08:06 1838977                    /lib/x86_64-linux-gnu/libcgmanager.so.0.0.0
7f5a1b373000-7f5a1b572000 ---p 00018000 08:06 1838977                    /lib/x86_64-linux-gnu/libcgmanager.so.0.0.0
7f5a1b572000-7f5a1b574000 r--p 00017000 08:06 1838977                    /lib/x86_64-linux-gnu/libcgmanager.so.0.0.0
7f5a1b574000-7f5a1b575000 rw-p 00019000 08:06 1838977                    /lib/x86_64-linux-gnu/libcgmanager.so.0.0.0
7f5a1b575000-7f5a1b585000 r-xp 00000000 08:06 1835066                    /lib/x86_64-linux-gnu/libudev.so.1.3.5
7f5a1b585000-7f5a1b784000 ---p 00010000 08:06 1835066                    /lib/x86_64-linux-gnu/libudev.so.1.3.5
7f5a1b784000-7f5a1b785000 r--p 0000f000 08:06 1835066                    /lib/x86_64-linux-gnu/libudev.so.1.3.5
7f5a1b785000-7f5a1b786000 rw-p 00010000 08:06 1835066                    /lib/x86_64-linux-gnu/libudev.so.1.3.5
7f5a1b786000-7f5a1b788000 r-xp 00000000 08:06 3153639                    /usr/lib/x86_64-linux-gnu/libXinerama.so.1.0.0
7f5a1b788000-7f5a1b987000 ---p 00002000 08:06 3153639                    /usr/lib/x86_64-linux-gnu/libXinerama.so.1.0.0
7f5a1b987000-7f5a1b988000 r--p 00001000 08:06 3153639                    /usr/lib/x86_64-linux-gnu/libXinerama.so.1.0.0
7f5a1b988000-7f5a1b989000 rw-p 00002000 08:06 3153639                    /usr/lib/x86_64-linux-gnu/libXinerama.so.1.0.0
7f5a1b989000-7f5a1b9c0000 r-xp 00000000 08:06 3152731                    /usr/lib/x86_64-linux-gnu/libtxc_dxtn_s2tc.so.0.0.0
7f5a1b9c0000-7f5a1bbbf000 ---p 00037000 08:06 3152731                    /usr/lib/x86_64-linux-gnu/libtxc_dxtn_s2tc.so.0.0.0
7f5a1bbbf000-7f5a1bbc0000 r--p 00036000 08:06 3152731                    /usr/lib/x86_64-linux-gnu/libtxc_dxtn_s2tc.so.0.0.0
7f5a1bbc0000-7f5a1bbc1000 rw-p 00037000 08:06 3152731                    /usr/lib/x86_64-linux-gnu/libtxc_dxtn_s2tc.so.0.0.0
7f5a1bbc1000-7f5a1bbe6000 r-xp 00000000 08:06 1838971                    /lib/x86_64-linux-gnu/libtinfo.so.5.9
7f5a1bbe6000-7f5a1bde5000 ---p 00025000 08:06 1838971                    /lib/x86_64-linux-gnu/libtinfo.so.5.9
7f5a1bde5000-7f5a1bde9000 r--p 00024000 08:06 1838971                    /lib/x86_64-linux-gnu/libtinfo.so.5.9
7f5a1bde9000-7f5a1bdea000 rw-p 00028000 08:06 1838971                    /lib/x86_64-linux-gnu/libtinfo.so.5.9
7f5a1bdea000-7f5a1be00000 r-xp 00000000 08:06 1835022                    /lib/x86_64-linux-gnu/libgcc_s.so.1
7f5a1be00000-7f5a1bfff000 ---p 00016000 08:06 1835022                    /lib/x86_64-linux-gnu/libgcc_s.so.1
7f5a1bfff000-7f5a1c000000 rw-p 00015000 08:06 1835022                    /lib/x86_64-linux-gnu/libgcc_s.so.1
7f5a1c000000-7f5a1c312000 rw-p 00000000 00:00 0 
7f5a1c312000-7f5a20000000 ---p 00000000 00:00 0 
7f5a20040000-7f5a20126000 r-xp 00000000 08:06 3146370                    /usr/lib/x86_64-linux-gnu/libstdc++.so.6.0.19
7f5a20126000-7f5a20325000 ---p 000e6000 08:06 3146370                    /usr/lib/x86_64-linux-gnu/libstdc++.so.6.0.19
7f5a20325000-7f5a2032d000 r--p 000e5000 08:06 3146370                    /usr/lib/x86_64-linux-gnu/libstdc++.so.6.0.19
7f5a2032d000-7f5a2032f000 rw-p 000ed000 08:06 3146370                    /usr/lib/x86_64-linux-gnu/libstdc++.so.6.0.19
7f5a2032f000-7f5a20344000 rw-p 00000000 00:00 0 
7f5a20344000-7f5a21b42000 r-xp 00000000 08:06 3147563                    /usr/lib/x86_64-linux-gnu/libLLVM-3.4.so.1
7f5a21b42000-7f5a21cd0000 r--p 017fd000 08:06 3147563                    /usr/lib/x86_64-linux-gnu/libLLVM-3.4.so.1
7f5a21cd0000-7f5a21cd2000 rw-p 0198b000 08:06 3147563                    /usr/lib/x86_64-linux-gnu/libLLVM-3.4.so.1
7f5a21cd2000-7f5a21ce5000 rw-p 00000000 00:00 0 
7f5a21ce5000-7f5a21cf1000 r-xp 00000000 08:06 3147559                    /usr/lib/x86_64-linux-gnu/libdrm_radeon.so.1.0.1
7f5a21cf1000-7f5a21ef0000 ---p 0000c000 08:06 3147559                    /usr/lib/x86_64-linux-gnu/libdrm_radeon.so.1.0.1
7f5a21ef0000-7f5a21ef1000 r--p 0000b000 08:06 3147559                    /usr/lib/x86_64-linux-gnu/libdrm_radeon.so.1.0.1
7f5a21ef1000-7f5a21ef2000 rw-p 0000c000 08:06 3147559                    /usr/lib/x86_64-linux-gnu/libdrm_radeon.so.1.0.1
7f5a21ef2000-7f5a21f07000 r-xp 00000000 08:06 3148657                    /usr/lib/x86_64-linux-gnu/libelf-0.158.so
7f5a21f07000-7f5a22106000 ---p 00015000 08:06 3148657                    /usr/lib/x86_64-linux-gnu/libelf-0.158.so
7f5a22106000-7f5a22107000 r--p 00014000 08:06 3148657                    /usr/lib/x86_64-linux-gnu/libelf-0.158.so
7f5a22107000-7f5a22108000 rw-p 00015000 08:06 3148657                    /usr/lib/x86_64-linux-gnu/libelf-0.158.so
7f5a22108000-7f5a2210d000 r-xp 00000000 08:06 3147561                    /usr/lib/x86_64-linux-gnu/libdrm_nouveau.so.2.0.0
7f5a2210d000-7f5a2230c000 ---p 00005000 08:06 3147561                    /usr/lib/x86_64-linux-gnu/libdrm_nouveau.so.2.0.0
7f5a2230c000-7f5a2230d000 r--p 00004000 08:06 3147561                    /usr/lib/x86_64-linux-gnu/libdrm_nouveau.so.2.0.0
7f5a2230d000-7f5a2230e000 rw-p 00005000 08:06 3147561                    /usr/lib/x86_64-linux-gnu/libdrm_nouveau.so.2.0.0
7f5a2230e000-7f5a22315000 r-xp 00000000 08:06 3539530                    /usr/lib/x86_64-linux-gnu/mesa-egl/libOpenVG.so.1.0.0
7f5a22315000-7f5a22514000 ---p 00007000 08:06 3539530                    /usr/lib/x86_64-linux-gnu/mesa-egl/libOpenVG.so.1.0.0
7f5a22514000-7f5a22515000 r--p 00006000 08:06 3539530                    /usr/lib/x86_64-linux-gnu/mesa-egl/libOpenVG.so.1.0.0
7f5a22515000-7f5a22516000 rw-p 00007000 08:06 3539530                    /usr/lib/x86_64-linux-gnu/mesa-egl/libOpenVG.so.1.0.0
7f5a22516000-7f5a22518000 rw-p 00000000 00:00 0 
7f5a22518000-7f5a22705000 r-xp 00000000 08:06 3147991                    /usr/lib/x86_64-linux-gnu/libgallium.so.0.0.0
7f5a22705000-7f5a22905000 ---p 001ed000 08:06 3147991                    /usr/lib/x86_64-linux-gnu/libgallium.so.0.0.0
7f5a22905000-7f5a22915000 r--p 001ed000 08:06 3147991                    /usr/lib/x86_64-linux-gnu/libgallium.so.0.0.0
7f5a22915000-7f5a22917000 rw-p 001fd000 08:06 3147991                    /usr/lib/x86_64-linux-gnu/libgallium.so.0.0.0
7f5a22917000-7f5a22adf000 rw-p 00000000 00:00 0 
7f5a22adf000-7f5a23115000 r-xp 00000000 08:06 3540739                    /usr/lib/x86_64-linux-gnu/egl/egl_gallium.so
7f5a23115000-7f5a23314000 ---p 00636000 08:06 3540739                    /usr/lib/x86_64-linux-gnu/egl/egl_gallium.so
7f5a23314000-7f5a23355000 r--p 00635000 08:06 3540739                    /usr/lib/x86_64-linux-gnu/egl/egl_gallium.so
7f5a23355000-7f5a23363000 rw-p 00676000 08:06 3540739                    /usr/lib/x86_64-linux-gnu/egl/egl_gallium.so
7f5a23363000-7f5a23383000 rw-p 00000000 00:00 0 
7f5a23383000-7f5a23389000 r-xp 00000000 08:06 3540317                    /usr/lib/x86_64-linux-gnu/mesa-egl/libGLESv2.so.2.0.0
7f5a23389000-7f5a23589000 ---p 00006000 08:06 3540317                    /usr/lib/x86_64-linux-gnu/mesa-egl/libGLESv2.so.2.0.0
7f5a23589000-7f5a2358a000 r--p 00006000 08:06 3540317                    /usr/lib/x86_64-linux-gnu/mesa-egl/libGLESv2.so.2.0.0
7f5a2358a000-7f5a2358b000 rw-p 00007000 08:06 3540317                    /usr/lib/x86_64-linux-gnu/mesa-egl/libGLESv2.so.2.0.0
7f5a2358b000-7f5a235d1000 r-xp 00000000 08:06 7084416                    /tmp/jogamp_0000/file_cache/jln9061752335776310849/jln5338660306713569513/libjogl_mobile.so
7f5a235d1000-7f5a237d1000 ---p 00046000 08:06 7084416                    /tmp/jogamp_0000/file_cache/jln9061752335776310849/jln5338660306713569513/libjogl_mobile.so
7f5a237d1000-7f5a237d2000 rw-p 00046000 08:06 7084416                    /tmp/jogamp_0000/file_cache/jln9061752335776310849/jln5338660306713569513/libjogl_mobile.so
7f5a237d2000-7f5a237d9000 r-xp 00000000 08:06 3145917                    /usr/lib/x86_64-linux-gnu/libffi.so.6.0.1
7f5a237d9000-7f5a239d8000 ---p 00007000 08:06 3145917                    /usr/lib/x86_64-linux-gnu/libffi.so.6.0.1
7f5a239d8000-7f5a239d9000 r--p 00006000 08:06 3145917                    /usr/lib/x86_64-linux-gnu/libffi.so.6.0.1
7f5a239d9000-7f5a239da000 rw-p 00007000 08:06 3145917                    /usr/lib/x86_64-linux-gnu/libffi.so.6.0.1
7f5a239da000-7f5a239e0000 r-xp 00000000 08:06 3150218                    /usr/lib/x86_64-linux-gnu/libgbm.so.1.0.0
7f5a239e0000-7f5a23be0000 ---p 00006000 08:06 3150218                    /usr/lib/x86_64-linux-gnu/libgbm.so.1.0.0
7f5a23be0000-7f5a23be1000 r--p 00006000 08:06 3150218                    /usr/lib/x86_64-linux-gnu/libgbm.so.1.0.0
7f5a23be1000-7f5a23be2000 rw-p 00007000 08:06 3150218                    /usr/lib/x86_64-linux-gnu/libgbm.so.1.0.0
7f5a23be2000-7f5a23bf1000 r-xp 00000000 08:06 3146707                    /usr/lib/x86_64-linux-gnu/libwayland-server.so.0.1.0
7f5a23bf1000-7f5a23df0000 ---p 0000f000 08:06 3146707                    /usr/lib/x86_64-linux-gnu/libwayland-server.so.0.1.0
7f5a23df0000-7f5a23df2000 r--p 0000e000 08:06 3146707                    /usr/lib/x86_64-linux-gnu/libwayland-server.so.0.1.0
7f5a23df2000-7f5a23df3000 rw-p 00010000 08:06 3146707                    /usr/lib/x86_64-linux-gnu/libwayland-server.so.0.1.0
7f5a23df3000-7f5a23dfe000 r-xp 00000000 08:06 3153819                    /usr/lib/x86_64-linux-gnu/libwayland-client.so.0.2.0
7f5a23dfe000-7f5a23ffd000 ---p 0000b000 08:06 3153819                    /usr/lib/x86_64-linux-gnu/libwayland-client.so.0.2.0
7f5a23ffd000-7f5a23fff000 r--p 0000a000 08:06 3153819                    /usr/lib/x86_64-linux-gnu/libwayland-client.so.0.2.0
7f5a23fff000-7f5a24000000 rw-p 0000c000 08:06 3153819                    /usr/lib/x86_64-linux-gnu/libwayland-client.so.0.2.0
7f5a24000000-7f5a24826000 rw-p 00000000 00:00 0 
7f5a24826000-7f5a28000000 ---p 00000000 00:00 0 
7f5a28000000-7f5a28021000 rw-p 00000000 00:00 0 
7f5a28021000-7f5a2c000000 ---p 00000000 00:00 0 
7f5a2c000000-7f5a2c021000 rw-p 00000000 00:00 0 
7f5a2c021000-7f5a30000000 ---p 00000000 00:00 0 
7f5a30000000-7f5a34000000 rw-p 00000000 00:00 0 
7f5a34000000-7f5a3403e000 rw-p 00000000 00:00 0 
7f5a3403e000-7f5a38000000 ---p 00000000 00:00 0 
7f5a38000000-7f5a38021000 rw-p 00000000 00:00 0 
7f5a38021000-7f5a3c000000 ---p 00000000 00:00 0 
7f5a3c000000-7f5a3c021000 rw-p 00000000 00:00 0 
7f5a3c021000-7f5a40000000 ---p 00000000 00:00 0 
7f5a40000000-7f5a40021000 rw-p 00000000 00:00 0 
7f5a40021000-7f5a44000000 ---p 00000000 00:00 0 
7f5a44000000-7f5a44021000 rw-p 00000000 00:00 0 
7f5a44021000-7f5a48000000 ---p 00000000 00:00 0 
7f5a48000000-7f5a48021000 rw-p 00000000 00:00 0 
7f5a48021000-7f5a4c000000 ---p 00000000 00:00 0 
7f5a4c000000-7f5a4c442000 rw-p 00000000 00:00 0 
7f5a4c442000-7f5a50000000 ---p 00000000 00:00 0 
7f5a50000000-7f5a501de000 rw-p 00000000 00:00 0 
7f5a501de000-7f5a54000000 ---p 00000000 00:00 0 
7f5a54000000-7f5a54021000 rw-p 00000000 00:00 0 
7f5a54021000-7f5a58000000 ---p 00000000 00:00 0 
7f5a58000000-7f5a58021000 rw-p 00000000 00:00 0 
7f5a58021000-7f5a5c000000 ---p 00000000 00:00 0 
7f5a5c000000-7f5a5c021000 rw-p 00000000 00:00 0 
7f5a5c021000-7f5a60000000 ---p 00000000 00:00 0 
7f5a60000000-7f5a60021000 rw-p 00000000 00:00 0 
7f5a60021000-7f5a64000000 ---p 00000000 00:00 0 
7f5a64000000-7f5a64021000 rw-p 00000000 00:00 0 
7f5a64021000-7f5a68000000 ---p 00000000 00:00 0 
7f5a68000000-7f5a68021000 rw-p 00000000 00:00 0 
7f5a68021000-7f5a6c000000 ---p 00000000 00:00 0 
7f5a6c000000-7f5a6c021000 rw-p 00000000 00:00 0 
7f5a6c021000-7f5a70000000 ---p 00000000 00:00 0 
7f5a70000000-7f5a70021000 rw-p 00000000 00:00 0 
7f5a70021000-7f5a74000000 ---p 00000000 00:00 0 
7f5a74000000-7f5a74021000 rw-p 00000000 00:00 0 
7f5a74021000-7f5a78000000 ---p 00000000 00:00 0 
7f5a78000000-7f5a78021000 rw-p 00000000 00:00 0 
7f5a78021000-7f5a7c000000 ---p 00000000 00:00 0 
7f5a7c000000-7f5a7c021000 rw-p 00000000 00:00 0 
7f5a7c021000-7f5a80000000 ---p 00000000 00:00 0 
7f5a8003a000-7f5a8003f000 r-xp 00000000 08:06 3150223                    /usr/lib/x86_64-linux-gnu/libxcb-xfixes.so.0.0.0
7f5a8003f000-7f5a8023f000 ---p 00005000 08:06 3150223                    /usr/lib/x86_64-linux-gnu/libxcb-xfixes.so.0.0.0
7f5a8023f000-7f5a80240000 r--p 00005000 08:06 3150223                    /usr/lib/x86_64-linux-gnu/libxcb-xfixes.so.0.0.0
7f5a80240000-7f5a80241000 rw-p 00006000 08:06 3150223                    /usr/lib/x86_64-linux-gnu/libxcb-xfixes.so.0.0.0
7f5a80241000-7f5a80264000 r-xp 00000000 08:06 3539528                    /usr/lib/x86_64-linux-gnu/mesa-egl/libEGL.so.1.0.0
7f5a80264000-7f5a80464000 ---p 00023000 08:06 3539528                    /usr/lib/x86_64-linux-gnu/mesa-egl/libEGL.so.1.0.0
7f5a80464000-7f5a80465000 r--p 00023000 08:06 3539528                    /usr/lib/x86_64-linux-gnu/mesa-egl/libEGL.so.1.0.0
7f5a80465000-7f5a80466000 rw-p 00024000 08:06 3539528                    /usr/lib/x86_64-linux-gnu/mesa-egl/libEGL.so.1.0.0
7f5a80466000-7f5a8050e000 r-xp 00000000 08:06 7084415                    /tmp/jogamp_0000/file_cache/jln9061752335776310849/jln5338660306713569513/libjogl_desktop.so
7f5a8050e000-7f5a8070e000 ---p 000a8000 08:06 7084415                    /tmp/jogamp_0000/file_cache/jln9061752335776310849/jln5338660306713569513/libjogl_desktop.so
7f5a8070e000-7f5a8070f000 rw-p 000a8000 08:06 7084415                    /tmp/jogamp_0000/file_cache/jln9061752335776310849/jln5338660306713569513/libjogl_desktop.so
7f5a8070f000-7f5a8071a000 r-xp 00000000 08:06 3147552                    /usr/lib/x86_64-linux-gnu/libdrm.so.2.4.0
7f5a8071a000-7f5a80919000 ---p 0000b000 08:06 3147552                    /usr/lib/x86_64-linux-gnu/libdrm.so.2.4.0
7f5a80919000-7f5a8091a000 r--p 0000a000 08:06 3147552                    /usr/lib/x86_64-linux-gnu/libdrm.so.2.4.0
7f5a8091a000-7f5a8091b000 rw-p 0000b000 08:06 3147552                    /usr/lib/x86_64-linux-gnu/libdrm.so.2.4.0
7f5a8091b000-7f5a8091c000 r-xp 00000000 08:06 3147091                    /usr/lib/x86_64-linux-gnu/libxshmfence.so.1.0.0
7f5a8091c000-7f5a80b1b000 ---p 00001000 08:06 3147091                    /usr/lib/x86_64-linux-gnu/libxshmfence.so.1.0.0
7f5a80b1b000-7f5a80b1c000 r--p 00000000 08:06 3147091                    /usr/lib/x86_64-linux-gnu/libxshmfence.so.1.0.0
7f5a80b1c000-7f5a80b1d000 rw-p 00001000 08:06 3147091                    /usr/lib/x86_64-linux-gnu/libxshmfence.so.1.0.0
7f5a80b1d000-7f5a80b22000 r-xp 00000000 08:06 3152832                    /usr/lib/x86_64-linux-gnu/libxcb-sync.so.1.0.0
7f5a80b22000-7f5a80d21000 ---p 00005000 08:06 3152832                    /usr/lib/x86_64-linux-gnu/libxcb-sync.so.1.0.0
7f5a80d21000-7f5a80d22000 r--p 00004000 08:06 3152832                    /usr/lib/x86_64-linux-gnu/libxcb-sync.so.1.0.0
7f5a80d22000-7f5a80d23000 rw-p 00005000 08:06 3152832                    /usr/lib/x86_64-linux-gnu/libxcb-sync.so.1.0.0
7f5a80d23000-7f5a80d25000 r-xp 00000000 08:06 3152830                    /usr/lib/x86_64-linux-gnu/libxcb-present.so.0.0.0
7f5a80d25000-7f5a80f24000 ---p 00002000 08:06 3152830                    /usr/lib/x86_64-linux-gnu/libxcb-present.so.0.0.0
7f5a80f24000-7f5a80f25000 r--p 00001000 08:06 3152830                    /usr/lib/x86_64-linux-gnu/libxcb-present.so.0.0.0
7f5a80f25000-7f5a80f26000 rw-p 00002000 08:06 3152830                    /usr/lib/x86_64-linux-gnu/libxcb-present.so.0.0.0
7f5a80f26000-7f5a80f28000 r-xp 00000000 08:06 3147719                    /usr/lib/x86_64-linux-gnu/libxcb-dri3.so.0.0.0
7f5a80f28000-7f5a81127000 ---p 00002000 08:06 3147719                    /usr/lib/x86_64-linux-gnu/libxcb-dri3.so.0.0.0
7f5a81127000-7f5a81128000 r--p 00001000 08:06 3147719                    /usr/lib/x86_64-linux-gnu/libxcb-dri3.so.0.0.0
7f5a81128000-7f5a81129000 rw-p 00002000 08:06 3147719                    /usr/lib/x86_64-linux-gnu/libxcb-dri3.so.0.0.0
7f5a81129000-7f5a8112c000 r-xp 00000000 08:06 3147579                    /usr/lib/x86_64-linux-gnu/libxcb-dri2.so.0.0.0
7f5a8112c000-7f5a8132c000 ---p 00003000 08:06 3147579                    /usr/lib/x86_64-linux-gnu/libxcb-dri2.so.0.0.0
7f5a8132c000-7f5a8132d000 r--p 00003000 08:06 3147579                    /usr/lib/x86_64-linux-gnu/libxcb-dri2.so.0.0.0
7f5a8132d000-7f5a8132e000 rw-p 00004000 08:06 3147579                    /usr/lib/x86_64-linux-gnu/libxcb-dri2.so.0.0.0
7f5a8132e000-7f5a81343000 r-xp 00000000 08:06 3147628                    /usr/lib/x86_64-linux-gnu/libxcb-glx.so.0.0.0
7f5a81343000-7f5a81542000 ---p 00015000 08:06 3147628                    /usr/lib/x86_64-linux-gnu/libxcb-glx.so.0.0.0
7f5a81542000-7f5a81544000 r--p 00014000 08:06 3147628                    /usr/lib/x86_64-linux-gnu/libxcb-glx.so.0.0.0
7f5a81544000-7f5a81545000 rw-p 00016000 08:06 3147628                    /usr/lib/x86_64-linux-gnu/libxcb-glx.so.0.0.0
7f5a81545000-7f5a81546000 r-xp 00000000 08:06 3147616                    /usr/lib/x86_64-linux-gnu/libX11-xcb.so.1.0.0
7f5a81546000-7f5a81745000 ---p 00001000 08:06 3147616                    /usr/lib/x86_64-linux-gnu/libX11-xcb.so.1.0.0
7f5a81745000-7f5a81746000 r--p 00000000 08:06 3147616                    /usr/lib/x86_64-linux-gnu/libX11-xcb.so.1.0.0
7f5a81746000-7f5a81747000 rw-p 00001000 08:06 3147616                    /usr/lib/x86_64-linux-gnu/libX11-xcb.so.1.0.0
7f5a81747000-7f5a81749000 r-xp 00000000 08:06 3153625                    /usr/lib/x86_64-linux-gnu/libXdamage.so.1.1.0
7f5a81749000-7f5a81948000 ---p 00002000 08:06 3153625                    /usr/lib/x86_64-linux-gnu/libXdamage.so.1.1.0
7f5a81948000-7f5a81949000 r--p 00001000 08:06 3153625                    /usr/lib/x86_64-linux-gnu/libXdamage.so.1.1.0
7f5a81949000-7f5a8194a000 rw-p 00002000 08:06 3153625                    /usr/lib/x86_64-linux-gnu/libXdamage.so.1.1.0
7f5a8194a000-7f5a8196c000 r-xp 00000000 08:06 3147717                    /usr/lib/x86_64-linux-gnu/libglapi.so.0.0.0
7f5a8196c000-7f5a81b6c000 ---p 00022000 08:06 3147717                    /usr/lib/x86_64-linux-gnu/libglapi.so.0.0.0
7f5a81b6c000-7f5a81b6f000 r--p 00022000 08:06 3147717                    /usr/lib/x86_64-linux-gnu/libglapi.so.0.0.0
7f5a81b6f000-7f5a81b70000 rw-p 00025000 08:06 3147717                    /usr/lib/x86_64-linux-gnu/libglapi.so.0.0.0
7f5a81b70000-7f5a81b71000 rw-p 00000000 00:00 0 
7f5a81b71000-7f5a81bd2000 r-xp 00000000 08:06 3541715                    /usr/lib/x86_64-linux-gnu/mesa/libGL.so.1.2.0
7f5a81bd2000-7f5a81dd1000 ---p 00061000 08:06 3541715                    /usr/lib/x86_64-linux-gnu/mesa/libGL.so.1.2.0
7f5a81dd1000-7f5a81dd4000 r--p 00060000 08:06 3541715                    /usr/lib/x86_64-linux-gnu/mesa/libGL.so.1.2.0
7f5a81dd4000-7f5a81dd5000 rw-p 00063000 08:06 3541715                    /usr/lib/x86_64-linux-gnu/mesa/libGL.so.1.2.0
7f5a81dd5000-7f5a81dd6000 rw-p 00000000 00:00 0 
7f5a81dd6000-7f5a81ddd000 r-xp 00000000 08:06 7084418                    /tmp/jogamp_0000/file_cache/jln9061752335776310849/jln5338660306713569513/libnativewindow_x11.so
7f5a81ddd000-7f5a81fdc000 ---p 00007000 08:06 7084418                    /tmp/jogamp_0000/file_cache/jln9061752335776310849/jln5338660306713569513/libnativewindow_x11.so
7f5a81fdc000-7f5a81fdd000 rw-p 00006000 08:06 7084418                    /tmp/jogamp_0000/file_cache/jln9061752335776310849/jln5338660306713569513/libnativewindow_x11.so
7f5a81fdd000-7f5a81fe1000 r-xp 00000000 08:06 3153661                    /usr/lib/x86_64-linux-gnu/libXxf86vm.so.1.0.0
7f5a81fe1000-7f5a821e1000 ---p 00004000 08:06 3153661                    /usr/lib/x86_64-linux-gnu/libXxf86vm.so.1.0.0
7f5a821e1000-7f5a821e2000 r--p 00004000 08:06 3153661                    /usr/lib/x86_64-linux-gnu/libXxf86vm.so.1.0.0
7f5a821e2000-7f5a821e3000 rw-p 00005000 08:06 3153661                    /usr/lib/x86_64-linux-gnu/libXxf86vm.so.1.0.0
7f5a821e3000-7f5a821e5000 r-xp 00000000 08:06 7084417                    /tmp/jogamp_0000/file_cache/jln9061752335776310849/jln5338660306713569513/libnativewindow_awt.so
7f5a821e5000-7f5a823e4000 ---p 00002000 08:06 7084417                    /tmp/jogamp_0000/file_cache/jln9061752335776310849/jln5338660306713569513/libnativewindow_awt.so
7f5a823e4000-7f5a823e5000 rw-p 00001000 08:06 7084417                    /tmp/jogamp_0000/file_cache/jln9061752335776310849/jln5338660306713569513/libnativewindow_awt.so
7f5a823e5000-7f5a823e6000 r-xp 00000000 08:06 5906176                    /home/mathilde/kinect/processing-2.2.1/java/lib/amd64/libjawt.so
7f5a823e6000-7f5a825e5000 ---p 00001000 08:06 5906176                    /home/mathilde/kinect/processing-2.2.1/java/lib/amd64/libjawt.so
7f5a825e5000-7f5a825e6000 rw-p 00000000 08:06 5906176                    /home/mathilde/kinect/processing-2.2.1/java/lib/amd64/libjawt.so
7f5a825e6000-7f5a825e8000 r-xp 00000000 08:06 7084414                    /tmp/jogamp_0000/file_cache/jln9061752335776310849/jln5338660306713569513/libgluegen-rt.so
7f5a825e8000-7f5a827e8000 ---p 00002000 08:06 7084414                    /tmp/jogamp_0000/file_cache/jln9061752335776310849/jln5338660306713569513/libgluegen-rt.so
7f5a827e8000-7f5a827e9000 rw-p 00002000 08:06 7084414                    /tmp/jogamp_0000/file_cache/jln9061752335776310849/jln5338660306713569513/libgluegen-rt.so
7f5a827e9000-7f5a828ea000 rwxp 00000000 00:00 0                          [stack:10408]
7f5a828ea000-7f5a828fa000 r-xp 00000000 08:06 5906211                    /home/mathilde/kinect/processing-2.2.1/java/lib/amd64/libnio.so
7f5a828fa000-7f5a82afa000 ---p 00010000 08:06 5906211                    /home/mathilde/kinect/processing-2.2.1/java/lib/amd64/libnio.so
7f5a82afa000-7f5a82afb000 rw-p 00010000 08:06 5906211                    /home/mathilde/kinect/processing-2.2.1/java/lib/amd64/libnio.so
7f5a82afb000-7f5a82dfb000 rw-s 00000000 00:04 38764585                   /SYSV00000000 (deleted)
7f5a82e49000-7f5a82ec9000 rw-s 135847000 00:05 9777                      /dev/dri/card0
7f5a82ec9000-7f5a82ede000 r-xp 00000000 08:06 5906173                    /home/mathilde/kinect/processing-2.2.1/java/lib/amd64/libnet.so
7f5a82ede000-7f5a830de000 ---p 00015000 08:06 5906173                    /home/mathilde/kinect/processing-2.2.1/java/lib/amd64/libnet.so
7f5a830de000-7f5a830df000 rw-p 00015000 08:06 5906173                    /home/mathilde/kinect/processing-2.2.1/java/lib/amd64/libnet.so
7f5a830df000-7f5a836e5000 rwxp 00000000 00:00 0                          [stack:10398]
7f5a836e5000-7f5a836ea000 r-xp 00000000 08:06 3153631                    /usr/lib/x86_64-linux-gnu/libXfixes.so.3.1.0
7f5a836ea000-7f5a838e9000 ---p 00005000 08:06 3153631                    /usr/lib/x86_64-linux-gnu/libXfixes.so.3.1.0
7f5a838e9000-7f5a838ea000 r--p 00004000 08:06 3153631                    /usr/lib/x86_64-linux-gnu/libXfixes.so.3.1.0
7f5a838ea000-7f5a838eb000 rw-p 00005000 08:06 3153631                    /usr/lib/x86_64-linux-gnu/libXfixes.so.3.1.0
7f5a838eb000-7f5a838f4000 r-xp 00000000 08:06 3153623                    /usr/lib/x86_64-linux-gnu/libXcursor.so.1.0.2
7f5a838f4000-7f5a83af3000 ---p 00009000 08:06 3153623                    /usr/lib/x86_64-linux-gnu/libXcursor.so.1.0.2
7f5a83af3000-7f5a83af4000 r--p 00008000 08:06 3153623                    /usr/lib/x86_64-linux-gnu/libXcursor.so.1.0.2
7f5a83af4000-7f5a83af5000 rw-p 00009000 08:06 3153623                    /usr/lib/x86_64-linux-gnu/libXcursor.so.1.0.2
7f5a83af5000-7f5a83bf6000 rwxp 00000000 00:00 0                          [stack:10393]
7f5a83bf6000-7f5a83bfb000 r-xp 00000000 08:06 3153627                    /usr/lib/x86_64-linux-gnu/libXdmcp.so.6.0.0
7f5a83bfb000-7f5a83dfa000 ---p 00005000 08:06 3153627                    /usr/lib/x86_64-linux-gnu/libXdmcp.so.6.0.0
7f5a83dfa000-7f5a83dfb000 r--p 00004000 08:06 3153627                    /usr/lib/x86_64-linux-gnu/libXdmcp.so.6.0.0
7f5a83dfb000-7f5a83dfc000 rw-p 00005000 08:06 3153627                    /usr/lib/x86_64-linux-gnu/libXdmcp.so.6.0.0
7f5a83dfc000-7f5a83dfe000 r-xp 00000000 08:06 3153616                    /usr/lib/x86_64-linux-gnu/libXau.so.6.0.0
7f5a83dfe000-7f5a83ffe000 ---p 00002000 08:06 3153616                    /usr/lib/x86_64-linux-gnu/libXau.so.6.0.0
7f5a83ffe000-7f5a83fff000 r--p 00002000 08:06 3153616                    /usr/lib/x86_64-linux-gnu/libXau.so.6.0.0
7f5a83fff000-7f5a84000000 rw-p 00003000 08:06 3153616                    /usr/lib/x86_64-linux-gnu/libXau.so.6.0.0
7f5a84000000-7f5a84021000 rw-p 00000000 00:00 0 
7f5a84021000-7f5a88000000 ---p 00000000 00:00 0 
7f5a88046000-7f5a88047000 rw-p 00000000 00:00 0 
7f5a88047000-7f5a88048000 rw-s 00000000 00:14 2591436                    /run/shm/1d27.0601@1.10-SM
7f5a88048000-7f5a88049000 rw-s 10e76f000 00:05 9777                      /dev/dri/card0
7f5a88049000-7f5a8804b000 rw-s 10e76c000 00:05 9777                      /dev/dri/card0
7f5a8804b000-7f5a8804f000 rw-s 10e766000 00:05 9777                      /dev/dri/card0
7f5a8804f000-7f5a88088000 rwxp 00000000 00:00 0                          [stack:10403]
7f5a88088000-7f5a88091000 r--s 0009f000 08:06 5510370                    /home/mathilde/kinect/processing-2.2.1/lib/pde.jar
7f5a88091000-7f5a880a5000 r--s 00141000 08:06 5510399                    /home/mathilde/kinect/processing-2.2.1/lib/org.eclipse.osgi_3.8.1.v20120830-144521.jar
7f5a880a5000-7f5a880b9000 r--s 00127000 08:06 5510374                    /home/mathilde/kinect/processing-2.2.1/lib/jna.jar
7f5a880b9000-7f5a880f5000 r--s 00629000 08:06 5510371                    /home/mathilde/kinect/processing-2.2.1/lib/com.ibm.icu_4.4.2.v20110823.jar
7f5a880f5000-7f5a88112000 r-xp 00000000 08:06 3147529                    /usr/lib/x86_64-linux-gnu/libxcb.so.1.1.0
7f5a88112000-7f5a88312000 ---p 0001d000 08:06 3147529                    /usr/lib/x86_64-linux-gnu/libxcb.so.1.1.0
7f5a88312000-7f5a88313000 r--p 0001d000 08:06 3147529                    /usr/lib/x86_64-linux-gnu/libxcb.so.1.1.0
7f5a88313000-7f5a88314000 rw-p 0001e000 08:06 3147529                    /usr/lib/x86_64-linux-gnu/libxcb.so.1.1.0
7f5a88314000-7f5a88323000 r-xp 00000000 08:06 3153637                    /usr/lib/x86_64-linux-gnu/libXi.so.6.1.0
7f5a88323000-7f5a88522000 ---p 0000f000 08:06 3153637                    /usr/lib/x86_64-linux-gnu/libXi.so.6.1.0
7f5a88522000-7f5a88523000 r--p 0000e000 08:06 3153637                    /usr/lib/x86_64-linux-gnu/libXi.so.6.1.0
7f5a88523000-7f5a88524000 rw-p 0000f000 08:06 3153637                    /usr/lib/x86_64-linux-gnu/libXi.so.6.1.0
7f5a88524000-7f5a88529000 r-xp 00000000 08:06 3153655                    /usr/lib/x86_64-linux-gnu/libXtst.so.6.1.0
7f5a88529000-7f5a88728000 ---p 00005000 08:06 3153655                    /usr/lib/x86_64-linux-gnu/libXtst.so.6.1.0
7f5a88728000-7f5a88729000 r--p 00004000 08:06 3153655                    /usr/lib/x86_64-linux-gnu/libXtst.so.6.1.0
7f5a88729000-7f5a8872a000 rw-p 00005000 08:06 3153655                    /usr/lib/x86_64-linux-gnu/libXtst.so.6.1.0
7f5a8872a000-7f5a88733000 r-xp 00000000 08:06 3153651                    /usr/lib/x86_64-linux-gnu/libXrender.so.1.3.0
7f5a88733000-7f5a88932000 ---p 00009000 08:06 3153651                    /usr/lib/x86_64-linux-gnu/libXrender.so.1.3.0
7f5a88932000-7f5a88933000 r--p 00008000 08:06 3153651                    /usr/lib/x86_64-linux-gnu/libXrender.so.1.3.0
7f5a88933000-7f5a88934000 rw-p 00009000 08:06 3153651                    /usr/lib/x86_64-linux-gnu/libXrender.so.1.3.0
7f5a88934000-7f5a88a64000 r-xp 00000000 08:06 3147538                    /usr/lib/x86_64-linux-gnu/libX11.so.6.3.0
7f5a88a64000-7f5a88c64000 ---p 00130000 08:06 3147538                    /usr/lib/x86_64-linux-gnu/libX11.so.6.3.0
7f5a88c64000-7f5a88c65000 r--p 00130000 08:06 3147538                    /usr/lib/x86_64-linux-gnu/libX11.so.6.3.0
7f5a88c65000-7f5a88c69000 rw-p 00131000 08:06 3147538                    /usr/lib/x86_64-linux-gnu/libX11.so.6.3.0
7f5a88c69000-7f5a88c7a000 r-xp 00000000 08:06 3153629                    /usr/lib/x86_64-linux-gnu/libXext.so.6.4.0
7f5a88c7a000-7f5a88e79000 ---p 00011000 08:06 3153629                    /usr/lib/x86_64-linux-gnu/libXext.so.6.4.0
7f5a88e79000-7f5a88e7a000 r--p 00010000 08:06 3153629                    /usr/lib/x86_64-linux-gnu/libXext.so.6.4.0
7f5a88e7a000-7f5a88e7b000 rw-p 00011000 08:06 3153629                    /usr/lib/x86_64-linux-gnu/libXext.so.6.4.0
7f5a88e7b000-7f5a88ecb000 r-xp 00000000 08:06 5906190                    /home/mathilde/kinect/processing-2.2.1/java/lib/amd64/xawt/libmawt.so
7f5a88ecb000-7f5a890cb000 ---p 00050000 08:06 5906190                    /home/mathilde/kinect/processing-2.2.1/java/lib/amd64/xawt/libmawt.so
7f5a890cb000-7f5a890cf000 rw-p 00050000 08:06 5906190                    /home/mathilde/kinect/processing-2.2.1/java/lib/amd64/xawt/libmawt.so
7f5a890cf000-7f5a890d0000 rw-p 00000000 00:00 0 
7f5a890d0000-7f5a89173000 r-xp 00000000 08:06 5906191                    /home/mathilde/kinect/processing-2.2.1/java/lib/amd64/libawt.so
7f5a89173000-7f5a89373000 ---p 000a3000 08:06 5906191                    /home/mathilde/kinect/processing-2.2.1/java/lib/amd64/libawt.so
7f5a89373000-7f5a8937f000 rw-p 000a3000 08:06 5906191                    /home/mathilde/kinect/processing-2.2.1/java/lib/amd64/libawt.so
7f5a8937f000-7f5a893a3000 rw-p 00000000 00:00 0 
7f5a893a3000-7f5a893a4000 ---p 00000000 00:00 0 
7f5a893a4000-7f5a895a5000 rwxp 00000000 00:00 0                          [stack:10391]
7f5a895a5000-7f5a895a6000 ---p 00000000 00:00 0 
7f5a895a6000-7f5a896a6000 rwxp 00000000 00:00 0                          [stack:10390]
7f5a896a6000-7f5a896a7000 ---p 00000000 00:00 0 
7f5a896a7000-7f5a89aaa000 rwxp 00000000 00:00 0                          [stack:10379]
7f5a89aaa000-7f5a89aae000 r-xp 00000000 08:06 5906192                    /home/mathilde/kinect/processing-2.2.1/java/lib/amd64/libdt_socket.so
7f5a89aae000-7f5a89cad000 ---p 00004000 08:06 5906192                    /home/mathilde/kinect/processing-2.2.1/java/lib/amd64/libdt_socket.so
7f5a89cad000-7f5a89cae000 rw-p 00003000 08:06 5906192                    /home/mathilde/kinect/processing-2.2.1/java/lib/amd64/libdt_socket.so
7f5a89cae000-7f5a89eb0000 rwxp 00000000 00:00 0                          [stack:10377]
7f5a89eb0000-7f5a8c000000 rw-p 00000000 00:00 0 
7f5a8c000000-7f5a8c021000 rw-p 00000000 00:00 0 
7f5a8c021000-7f5a90000000 ---p 00000000 00:00 0 
7f5a90000000-7f5a90021000 rw-p 00000000 00:00 0 
7f5a90021000-7f5a94000000 ---p 00000000 00:00 0 
7f5a94000000-7f5a94021000 rw-p 00000000 00:00 0 
7f5a94021000-7f5a98000000 ---p 00000000 00:00 0 
7f5a98000000-7f5a98001000 rw-s 148482000 00:05 9777                      /dev/dri/card0
7f5a98001000-7f5a98002000 rwxp 00000000 00:00 0 
7f5a98002000-7f5a98003000 rw-s 135a47000 00:05 9777                      /dev/dri/card0
7f5a98003000-7f5a98004000 r--p 00000000 00:00 0 
7f5a98004000-7f5a98008000 r--s 0007d000 08:06 5643188                    /home/mathilde/kinect/processing-2.2.1/java/lib/jsse.jar
7f5a98008000-7f5a9800b000 r--s 00041000 08:06 5510373                    /home/mathilde/kinect/processing-2.2.1/lib/org-netbeans-swing-outline.jar
7f5a9800b000-7f5a98018000 r--s 000c6000 08:06 5510376                    /home/mathilde/kinect/processing-2.2.1/lib/jdimodel.jar
7f5a98018000-7f5a9801c000 r--s 0000e000 08:06 5510372                    /home/mathilde/kinect/processing-2.2.1/lib/jdi.jar
7f5a9801c000-7f5a98021000 r--s 00068000 08:06 5510397                    /home/mathilde/kinect/processing-2.2.1/lib/antlr.jar
7f5a98021000-7f5a9803f000 r--s 001bb000 08:06 5510388                    /home/mathilde/kinect/processing-2.2.1/lib/ant.jar
7f5a9803f000-7f5a98041000 r--s 00002000 08:06 5510387                    /home/mathilde/kinect/processing-2.2.1/lib/ant-launcher.jar
7f5a98041000-7f5a98047000 r--s 00041000 08:06 5510260                    /home/mathilde/kinect/processing-2.2.1/core/library/gluegen-rt.jar
7f5a98047000-7f5a9806d000 r--p 00000000 08:06 3672815                    /usr/share/locale-langpack/fr/LC_MESSAGES/libc.mo
7f5a9806d000-7f5a9808e000 r--s 002d0000 08:06 5510271                    /home/mathilde/kinect/processing-2.2.1/core/library/jogl-all.jar
7f5a9808e000-7f5a9818f000 rwxp 00000000 00:00 0                          [stack:10376]
7f5a9818f000-7f5a98190000 ---p 00000000 00:00 0 
7f5a98190000-7f5a98290000 rwxp 00000000 00:00 0                          [stack:10375]
7f5a98290000-7f5a99000000 rw-p 00000000 00:00 0 
7f5a99000000-7f5a99270000 rwxp 00000000 00:00 0 
7f5a99270000-7f5a9c317000 rw-p 00000000 00:00 0 
7f5a9c317000-7f5aa0000000 ---p 00000000 00:00 0 
7f5aa0000000-7f5aa0001000 r--s 0000c000 08:06 5380437                    /home/mathilde/sketchbook/libraries/oscP5-0.9.8/oscP5/library/oscP5.jar
7f5aa0001000-7f5aa0004000 r--s 00022000 08:06 3168156                    /home/mathilde/sketchbook/libraries/SimpleOpenNI/library/SimpleOpenNI.jar
7f5aa0004000-7f5aa0f23000 rw-p 00000000 00:00 0 
7f5aa0f23000-7f5aa10e0000 r--s 031b5000 08:06 5642422                    /home/mathilde/kinect/processing-2.2.1/java/lib/rt.jar
7f5aa10e0000-7f5aa13ee000 rw-p 00000000 00:00 0 
7f5aa13ee000-7f5aa13ef000 ---p 00000000 00:00 0 
7f5aa13ef000-7f5aa14ef000 rwxp 00000000 00:00 0                          [stack:10373]
7f5aa14ef000-7f5aa14f0000 ---p 00000000 00:00 0 
7f5aa14f0000-7f5aa15f0000 rwxp 00000000 00:00 0                          [stack:10372]
7f5aa15f0000-7f5aa15f1000 ---p 00000000 00:00 0 
7f5aa15f1000-7f5aa16f1000 rwxp 00000000 00:00 0                          [stack:10371]
7f5aa16f1000-7f5aa16f2000 ---p 00000000 00:00 0 
7f5aa16f2000-7f5aa17f2000 rwxp 00000000 00:00 0                          [stack:10370]
7f5aa17f2000-7f5aa17f3000 ---p 00000000 00:00 0 
7f5aa17f3000-7f5aa18f3000 rwxp 00000000 00:00 0                          [stack:10369]
7f5aa18f3000-7f5aa18f4000 ---p 00000000 00:00 0 
7f5aa18f4000-7f5aa19f4000 rwxp 00000000 00:00 0                          [stack:10368]
7f5aa19f4000-7f5aa19f5000 ---p 00000000 00:00 0 
7f5aa19f5000-7f5aa1af5000 rwxp 00000000 00:00 0                          [stack:10367]
7f5aa1af5000-7f5aa1af6000 ---p 00000000 00:00 0 
7f5aa1af6000-7f5aa1bf6000 rwxp 00000000 00:00 0                          [stack:10366]
7f5aa1bf6000-7f5aa1c07000 rw-p 00000000 00:00 0 
7f5aa1c07000-7f5aa1c1f000 rw-p 00000000 00:00 0 
7f5aa1c1f000-7f5aa1c4f000 rw-p 00000000 00:00 0 
7f5aa1c4f000-7f5aa1d67000 rw-p 00000000 00:00 0 
7f5aa1d67000-7f5aa1d78000 rw-p 00000000 00:00 0 
7f5aa1d78000-7f5aa1d90000 rw-p 00000000 00:00 0 
7f5aa1d90000-7f5aa1dc0000 rw-p 00000000 00:00 0 
7f5aa1dc0000-7f5aa1ed8000 rw-p 00000000 00:00 0 
7f5aa1ed8000-7f5aa1efa000 rw-p 00000000 00:00 0 
7f5aa1efa000-7f5aa1f7c000 rw-p 00000000 00:00 0 
7f5aa1f7c000-7f5aa1f7d000 rw-p 00000000 00:00 0 
7f5aa1f7d000-7f5aa1f97000 r-xp 00000000 08:06 5906201                    /home/mathilde/kinect/processing-2.2.1/java/lib/amd64/libzip.so
7f5aa1f97000-7f5aa2197000 ---p 0001a000 08:06 5906201                    /home/mathilde/kinect/processing-2.2.1/java/lib/amd64/libzip.so
7f5aa2197000-7f5aa2198000 rw-p 0001a000 08:06 5906201                    /home/mathilde/kinect/processing-2.2.1/java/lib/amd64/libzip.so
7f5aa2198000-7f5aa21a3000 r-xp 00000000 08:06 1839048                    /lib/x86_64-linux-gnu/libnss_files-2.19.so
7f5aa21a3000-7f5aa23a2000 ---p 0000b000 08:06 1839048                    /lib/x86_64-linux-gnu/libnss_files-2.19.so
7f5aa23a2000-7f5aa23a3000 r--p 0000a000 08:06 1839048                    /lib/x86_64-linux-gnu/libnss_files-2.19.so
7f5aa23a3000-7f5aa23a4000 rw-p 0000b000 08:06 1839048                    /lib/x86_64-linux-gnu/libnss_files-2.19.so
7f5aa23a4000-7f5aa23af000 r-xp 00000000 08:06 1840051                    /lib/x86_64-linux-gnu/libnss_nis-2.19.so
7f5aa23af000-7f5aa25ae000 ---p 0000b000 08:06 1840051                    /lib/x86_64-linux-gnu/libnss_nis-2.19.so
7f5aa25ae000-7f5aa25af000 r--p 0000a000 08:06 1840051                    /lib/x86_64-linux-gnu/libnss_nis-2.19.so
7f5aa25af000-7f5aa25b0000 rw-p 0000b000 08:06 1840051                    /lib/x86_64-linux-gnu/libnss_nis-2.19.so
7f5aa25b0000-7f5aa25c7000 r-xp 00000000 08:06 1840045                    /lib/x86_64-linux-gnu/libnsl-2.19.so
7f5aa25c7000-7f5aa27c6000 ---p 00017000 08:06 1840045                    /lib/x86_64-linux-gnu/libnsl-2.19.so
7f5aa27c6000-7f5aa27c7000 r--p 00016000 08:06 1840045                    /lib/x86_64-linux-gnu/libnsl-2.19.so
7f5aa27c7000-7f5aa27c8000 rw-p 00017000 08:06 1840045                    /lib/x86_64-linux-gnu/libnsl-2.19.so
7f5aa27c8000-7f5aa27ca000 rw-p 00000000 00:00 0 
7f5aa27ca000-7f5aa27d3000 r-xp 00000000 08:06 1840053                    /lib/x86_64-linux-gnu/libnss_compat-2.19.so
7f5aa27d3000-7f5aa29d2000 ---p 00009000 08:06 1840053                    /lib/x86_64-linux-gnu/libnss_compat-2.19.so
7f5aa29d2000-7f5aa29d3000 r--p 00008000 08:06 1840053                    /lib/x86_64-linux-gnu/libnss_compat-2.19.so
7f5aa29d3000-7f5aa29d4000 rw-p 00009000 08:06 1840053                    /lib/x86_64-linux-gnu/libnss_compat-2.19.so
7f5aa29d4000-7f5aa2f44000 r--p 00000000 08:06 3147618                    /usr/lib/locale/locale-archive
7f5aa2f44000-7f5aa2f47000 r-xp 00000000 08:06 5906186                    /home/mathilde/kinect/processing-2.2.1/java/lib/amd64/libnpt.so
7f5aa2f47000-7f5aa3146000 ---p 00003000 08:06 5906186                    /home/mathilde/kinect/processing-2.2.1/java/lib/amd64/libnpt.so
7f5aa3146000-7f5aa3147000 rw-p 00002000 08:06 5906186                    /home/mathilde/kinect/processing-2.2.1/java/lib/amd64/libnpt.so
7f5aa3147000-7f5aa3180000 r-xp 00000000 08:06 5906199                    /home/mathilde/kinect/processing-2.2.1/java/lib/amd64/libjdwp.so
7f5aa3180000-7f5aa3380000 ---p 00039000 08:06 5906199                    /home/mathilde/kinect/processing-2.2.1/java/lib/amd64/libjdwp.so
7f5aa3380000-7f5aa3381000 rw-p 00039000 08:06 5906199                    /home/mathilde/kinect/processing-2.2.1/java/lib/amd64/libjdwp.so
7f5aa3381000-7f5aa3382000 rw-p 00000000 00:00 0 
7f5aa3382000-7f5aa33ab000 r-xp 00000000 08:06 5906212                    /home/mathilde/kinect/processing-2.2.1/java/lib/amd64/libjava.so
7f5aa33ab000-7f5aa35ab000 ---p 00029000 08:06 5906212                    /home/mathilde/kinect/processing-2.2.1/java/lib/amd64/libjava.so
7f5aa35ab000-7f5aa35ad000 rw-p 00029000 08:06 5906212                    /home/mathilde/kinect/processing-2.2.1/java/lib/amd64/libjava.so
7f5aa35ad000-7f5aa35ba000 r-xp 00000000 08:06 5906171                    /home/mathilde/kinect/processing-2.2.1/java/lib/amd64/libverify.so
7f5aa35ba000-7f5aa37b9000 ---p 0000d000 08:06 5906171                    /home/mathilde/kinect/processing-2.2.1/java/lib/amd64/libverify.so
7f5aa37b9000-7f5aa37bb000 rw-p 0000c000 08:06 5906171                    /home/mathilde/kinect/processing-2.2.1/java/lib/amd64/libverify.so
7f5aa37bb000-7f5aa37c2000 r-xp 00000000 08:06 1840067                    /lib/x86_64-linux-gnu/librt-2.19.so
7f5aa37c2000-7f5aa39c1000 ---p 00007000 08:06 1840067                    /lib/x86_64-linux-gnu/librt-2.19.so
7f5aa39c1000-7f5aa39c2000 r--p 00006000 08:06 1840067                    /lib/x86_64-linux-gnu/librt-2.19.so
7f5aa39c2000-7f5aa39c3000 rw-p 00007000 08:06 1840067                    /lib/x86_64-linux-gnu/librt-2.19.so
7f5aa39c3000-7f5aa3ac8000 r-xp 00000000 08:06 1839050                    /lib/x86_64-linux-gnu/libm-2.19.so
7f5aa3ac8000-7f5aa3cc7000 ---p 00105000 08:06 1839050                    /lib/x86_64-linux-gnu/libm-2.19.so
7f5aa3cc7000-7f5aa3cc8000 r--p 00104000 08:06 1839050                    /lib/x86_64-linux-gnu/libm-2.19.so
7f5aa3cc8000-7f5aa3cc9000 rw-p 00105000 08:06 1839050                    /lib/x86_64-linux-gnu/libm-2.19.so
7f5aa3cc9000-7f5aa482b000 r-xp 00000000 08:06 5906184                    /home/mathilde/kinect/processing-2.2.1/java/lib/amd64/server/libjvm.so
7f5aa482b000-7f5aa4a2b000 ---p 00b62000 08:06 5906184                    /home/mathilde/kinect/processing-2.2.1/java/lib/amd64/server/libjvm.so
7f5aa4a2b000-7f5aa4aee000 rw-p 00b62000 08:06 5906184                    /home/mathilde/kinect/processing-2.2.1/java/lib/amd64/server/libjvm.so
7f5aa4aee000-7f5aa4b2f000 rw-p 00000000 00:00 0 
7f5aa4b2f000-7f5aa4ceb000 r-xp 00000000 08:06 1839044                    /lib/x86_64-linux-gnu/libc-2.19.so
7f5aa4ceb000-7f5aa4eea000 ---p 001bc000 08:06 1839044                    /lib/x86_64-linux-gnu/libc-2.19.so
7f5aa4eea000-7f5aa4eee000 r--p 001bb000 08:06 1839044                    /lib/x86_64-linux-gnu/libc-2.19.so
7f5aa4eee000-7f5aa4ef0000 rw-p 001bf000 08:06 1839044                    /lib/x86_64-linux-gnu/libc-2.19.so
7f5aa4ef0000-7f5aa4ef5000 rw-p 00000000 00:00 0 
7f5aa4ef5000-7f5aa4ef8000 r-xp 00000000 08:06 1840059                    /lib/x86_64-linux-gnu/libdl-2.19.so
7f5aa4ef8000-7f5aa50f7000 ---p 00003000 08:06 1840059                    /lib/x86_64-linux-gnu/libdl-2.19.so
7f5aa50f7000-7f5aa50f8000 r--p 00002000 08:06 1840059                    /lib/x86_64-linux-gnu/libdl-2.19.so
7f5aa50f8000-7f5aa50f9000 rw-p 00003000 08:06 1840059                    /lib/x86_64-linux-gnu/libdl-2.19.so
7f5aa50f9000-7f5aa510f000 r-xp 00000000 08:06 5906168                    /home/mathilde/kinect/processing-2.2.1/java/lib/amd64/jli/libjli.so
7f5aa510f000-7f5aa530f000 ---p 00016000 08:06 5906168                    /home/mathilde/kinect/processing-2.2.1/java/lib/amd64/jli/libjli.so
7f5aa530f000-7f5aa5310000 rw-p 00016000 08:06 5906168                    /home/mathilde/kinect/processing-2.2.1/java/lib/amd64/jli/libjli.so
7f5aa5310000-7f5aa5329000 r-xp 00000000 08:06 1840065                    /lib/x86_64-linux-gnu/libpthread-2.19.so
7f5aa5329000-7f5aa5528000 ---p 00019000 08:06 1840065                    /lib/x86_64-linux-gnu/libpthread-2.19.so
7f5aa5528000-7f5aa5529000 r--p 00018000 08:06 1840065                    /lib/x86_64-linux-gnu/libpthread-2.19.so
7f5aa5529000-7f5aa552a000 rw-p 00019000 08:06 1840065                    /lib/x86_64-linux-gnu/libpthread-2.19.so
7f5aa552a000-7f5aa552e000 rw-p 00000000 00:00 0 
7f5aa552e000-7f5aa5551000 r-xp 00000000 08:06 1838946                    /lib/x86_64-linux-gnu/ld-2.19.so
7f5aa5551000-7f5aa5552000 r--s 00034000 08:06 5510269                    /home/mathilde/kinect/processing-2.2.1/core/library/jogl-all-natives-windows-amd64.jar
7f5aa5552000-7f5aa5553000 r--s 00001000 08:06 5510261                    /home/mathilde/kinect/processing-2.2.1/core/library/gluegen-rt-natives-windows-amd64.jar
7f5aa5553000-7f5aa5554000 r--s 00000000 08:06 5510272                    /home/mathilde/kinect/processing-2.2.1/core/library/gluegen-rt-natives-linux-armv6hf.jar
7f5aa5554000-7f5aa5555000 r--s 00001000 08:06 5510270                    /home/mathilde/kinect/processing-2.2.1/core/library/gluegen-rt-natives-macosx-universal.jar
7f5aa5555000-7f5aa5556000 r--s 0002d000 08:06 5510258                    /home/mathilde/kinect/processing-2.2.1/core/library/jogl-all-natives-windows-i586.jar
7f5aa5556000-7f5aa5557000 r--s 00000000 08:06 5510262                    /home/mathilde/kinect/processing-2.2.1/core/library/gluegen-rt-natives-linux-i586.jar
7f5aa5557000-7f5aa5558000 r--s 00001000 08:06 5510273                    /home/mathilde/kinect/processing-2.2.1/core/library/gluegen-rt-natives-windows-i586.jar
7f5aa5558000-7f5aa555a000 r--s 00030000 08:06 5510263                    /home/mathilde/kinect/processing-2.2.1/core/library/jogl-all-natives-linux-i586.jar
7f5aa555a000-7f5aa555b000 r--s 00022000 08:06 5510266                    /home/mathilde/kinect/processing-2.2.1/core/library/jogl-all-natives-linux-armv6hf.jar
7f5aa555b000-7f5aa5562000 r--s 00000000 08:06 3550446                    /usr/lib/x86_64-linux-gnu/gconv/gconv-modules.cache
7f5aa5562000-7f5aa5566000 r--s 00097000 08:06 5510265                    /home/mathilde/kinect/processing-2.2.1/core/library/core.jar
7f5aa5566000-7f5aa5570000 rw-p 00000000 00:00 0 
7f5aa5570000-7f5aa5626000 rw-p 00000000 00:00 0 
7f5aa5626000-7f5aa5627000 ---p 00000000 00:00 0 
7f5aa5627000-7f5aa5727000 rwxp 00000000 00:00 0                          [stack:10365]
7f5aa5727000-7f5aa572b000 rw-p 00000000 00:00 0 
7f5aa572b000-7f5aa572c000 r--s 00063000 08:06 5510259                    /home/mathilde/kinect/processing-2.2.1/core/library/jogl-all-natives-macosx-universal.jar
7f5aa572c000-7f5aa572d000 r--s 00000000 08:06 5510264                    /home/mathilde/kinect/processing-2.2.1/core/library/gluegen-rt-natives-linux-amd64.jar
7f5aa572d000-7f5aa572e000 r--s 00031000 08:06 5510268                    /home/mathilde/kinect/processing-2.2.1/core/library/jogl-all-natives-linux-amd64.jar
7f5aa572e000-7f5aa5744000 rw-p 00000000 00:00 0 
7f5aa5744000-7f5aa574c000 rw-s 00000000 08:06 5383529                    /tmp/hsperfdata_mathilde/10364
7f5aa574c000-7f5aa574d000 rw-p 00000000 00:00 0 
7f5aa574d000-7f5aa574e000 r--p 00000000 00:00 0 
7f5aa574e000-7f5aa5750000 rw-p 00000000 00:00 0 
7f5aa5750000-7f5aa5751000 r--p 00022000 08:06 1838946                    /lib/x86_64-linux-gnu/ld-2.19.so
7f5aa5751000-7f5aa5752000 rw-p 00023000 08:06 1838946                    /lib/x86_64-linux-gnu/ld-2.19.so
7f5aa5752000-7f5aa5753000 rw-p 00000000 00:00 0 
7fff1c9ac000-7fff1c9cc000 rwxp 00000000 00:00 0                          [stack]
7fff1c9cc000-7fff1c9cf000 rw-p 00000000 00:00 0 
7fff1c9fe000-7fff1ca00000 r-xp 00000000 00:00 0                          [vdso]
ffffffffff600000-ffffffffff601000 r-xp 00000000 00:00 0                  [vsyscall]

VM Arguments:
jvm_args: -agentlib:jdwp=transport=dt_socket,address=8130,server=y,suspend=y -Djava.library.path=:/home/mathilde/sketchbook/libraries/SimpleOpenNI/library:/home/mathilde/sketchbook/libraries/oscP5-0.9.8/oscP5/library:/usr/java/packages/lib/amd64:/usr/lib64:/lib64:/lib:/usr/lib -ea 
java_command: processing.core.PApplet --editor-location=483,190 --external --display=0 pointsMain --sketch-path=/home/mathilde/pointsMain
Launcher Type: SUN_STANDARD

Environment Variables:
CLASSPATH=/home/mathilde/kinect/processing-2.2.1/java/lib/rt.jar:/home/mathilde/kinect/processing-2.2.1/lib/ant-launcher.jar:/home/mathilde/kinect/processing-2.2.1/lib/ant.jar:/home/mathilde/kinect/processing-2.2.1/lib/antlr.jar:/home/mathilde/kinect/processing-2.2.1/lib/com.ibm.icu_4.4.2.v20110823.jar:/home/mathilde/kinect/processing-2.2.1/lib/jdi.jar:/home/mathilde/kinect/processing-2.2.1/lib/jdimodel.jar:/home/mathilde/kinect/processing-2.2.1/lib/jna.jar:/home/mathilde/kinect/processing-2.2.1/lib/org-netbeans-swing-outline.jar:/home/mathilde/kinect/processing-2.2.1/lib/org.eclipse.osgi_3.8.1.v20120830-144521.jar:/home/mathilde/kinect/processing-2.2.1/lib/pde.jar:/home/mathilde/kinect/processing-2.2.1/core/library/core.jar:/home/mathilde/kinect/processing-2.2.1/core/library/gluegen-rt-natives-linux-amd64.jar:/home/mathilde/kinect/processing-2.2.1/core/library/gluegen-rt-natives-linux-armv6hf.jar:/home/mathilde/kinect/processing-2.2.1/core/library/gluegen-rt-natives-linux-i586.jar:/home/mathilde/kinect/processing-2.2.1/core/library/gluegen-rt-natives-macosx-universal.jar:/home/mathilde/kinect/processing-2.2.1/core/library/gluegen-rt-natives-windows-amd64.jar:/home/mathilde/kinect/processing-2.2.1/core/library/gluegen-rt-natives-windows-i586.jar:/home/mathilde/kinect/processing-2.2.1/core/library/gluegen-rt.jar:/home/mathilde/kinect/processing-2.2.1/core/library/jogl-all-natives-linux-amd64.jar:/home/mathilde/kinect/processing-2.2.1/core/library/jogl-all-natives-linux-armv6hf.jar:/home/mathilde/kinect/processing-2.2.1/core/library/jogl-all-natives-linux-i586.jar:/home/mathilde/kinect/processing-2.2.1/core/library/jogl-all-natives-macosx-universal.jar:/home/mathilde/kinect/processing-2.2.1/core/library/jogl-all-natives-windows-amd64.jar:/home/mathilde/kinect/processing-2.2.1/core/library/jogl-all-natives-windows-i586.jar:/home/mathilde/kinect/processing-2.2.1/core/library/jogl-all.jar
PATH=/home/mathilde/kinect/processing-2.2.1/java/bin:/usr/local/sbin:/usr/local/bin:/usr/sbin:/usr/bin:/sbin:/bin:/usr/games:/usr/local/games
SHELL=/bin/bash
DISPLAY=:0

Signal Handlers:
SIGSEGV: [libjvm.so+0x992d50], sa_mask[0]=0x7ffbfeff, sa_flags=0x10000004
SIGBUS: [libjvm.so+0x992d50], sa_mask[0]=0x7ffbfeff, sa_flags=0x10000004
SIGFPE: [libjvm.so+0x80fb00], sa_mask[0]=0x7ffbfeff, sa_flags=0x10000004
SIGPIPE: [libjvm.so+0x80fb00], sa_mask[0]=0x7ffbfeff, sa_flags=0x10000004
SIGXFSZ: [libjvm.so+0x80fb00], sa_mask[0]=0x7ffbfeff, sa_flags=0x10000004
SIGILL: [libjvm.so+0x80fb00], sa_mask[0]=0x7ffbfeff, sa_flags=0x10000004
SIGUSR1: SIG_DFL, sa_mask[0]=0x00000000, sa_flags=0x00000000
SIGUSR2: [libjvm.so+0x810ff0], sa_mask[0]=0x00000004, sa_flags=0x10000004
SIGHUP: [libjvm.so+0x811f60], sa_mask[0]=0x7ffbfeff, sa_flags=0x10000004
SIGINT: SIG_IGN, sa_mask[0]=0x00000000, sa_flags=0x00000000
SIGTERM: [libjvm.so+0x811f60], sa_mask[0]=0x7ffbfeff, sa_flags=0x10000004
SIGQUIT: [libjvm.so+0x811f60], sa_mask[0]=0x7ffbfeff, sa_flags=0x10000004


---------------  S Y S T E M  ---------------

OS:jessie/sid

uname:Linux 3.13.0-24-generic #46-Ubuntu SMP Thu Apr 10 19:11:08 UTC 2014 x86_64
libc:glibc 2.19 NPTL 2.19 
rlimit: STACK 8192k, CORE 0k, NPROC 31312, NOFILE 4096, AS infinity
load average:2,94 2,51 2,46

/proc/meminfo:
MemTotal:        4029488 kB
MemFree:          423548 kB
Buffers:           64048 kB
Cached:           741748 kB
SwapCached:        25348 kB
Active:          2424328 kB
Inactive:         892136 kB
Active(anon):    1977524 kB
Inactive(anon):   577920 kB
Active(file):     446804 kB
Inactive(file):   314216 kB
Unevictable:          32 kB
Mlocked:              32 kB
SwapTotal:       4173820 kB
SwapFree:        3917660 kB
Dirty:              1996 kB
Writeback:             0 kB
AnonPages:       2490600 kB
Mapped:           190460 kB
Shmem:             44528 kB
Slab:             118188 kB
SReclaimable:      76868 kB
SUnreclaim:        41320 kB
KernelStack:        5232 kB
PageTables:        36732 kB
NFS_Unstable:          0 kB
Bounce:                0 kB
WritebackTmp:          0 kB
CommitLimit:     6188564 kB
Committed_AS:    6660764 kB
VmallocTotal:   34359738367 kB
VmallocUsed:      330360 kB
VmallocChunk:   34359276352 kB
HardwareCorrupted:     0 kB
AnonHugePages:    788480 kB
HugePages_Total:       0
HugePages_Free:        0
HugePages_Rsvd:        0
HugePages_Surp:        0
Hugepagesize:       2048 kB
DirectMap4k:       96512 kB
DirectMap2M:     4079616 kB


CPU:total 8 (4 cores per cpu, 2 threads per core) family 6 model 42 stepping 7, cmov, cx8, fxsr, mmx, sse, sse2, sse3, ssse3, sse4.1, sse4.2, popcnt, avx, aes, ht, tsc, tscinvbit

/proc/cpuinfo:
processor	: 0
vendor_id	: GenuineIntel
cpu family	: 6
model		: 42
model name	: Intel(R) Core(TM) i7-2670QM CPU @ 2.20GHz
stepping	: 7
microcode	: 0x1b
cpu MHz		: 800.000
cache size	: 6144 KB
physical id	: 0
siblings	: 8
core id		: 0
cpu cores	: 4
apicid		: 0
initial apicid	: 0
fpu		: yes
fpu_exception	: yes
cpuid level	: 13
wp		: yes
flags		: fpu vme de pse tsc msr pae mce cx8 apic sep mtrr pge mca cmov pat pse36 clflush dts acpi mmx fxsr sse sse2 ss ht tm pbe syscall nx rdtscp lm constant_tsc arch_perfmon pebs bts rep_good nopl xtopology nonstop_tsc aperfmperf eagerfpu pni pclmulqdq dtes64 monitor ds_cpl vmx est tm2 ssse3 cx16 xtpr pdcm pcid sse4_1 sse4_2 x2apic popcnt tsc_deadline_timer aes xsave avx lahf_lm ida arat epb xsaveopt pln pts dtherm tpr_shadow vnmi flexpriority ept vpid
bogomips	: 4390.38
clflush size	: 64
cache_alignment	: 64
address sizes	: 36 bits physical, 48 bits virtual
power management:

processor	: 1
vendor_id	: GenuineIntel
cpu family	: 6
model		: 42
model name	: Intel(R) Core(TM) i7-2670QM CPU @ 2.20GHz
stepping	: 7
microcode	: 0x1b
cpu MHz		: 2201.000
cache size	: 6144 KB
physical id	: 0
siblings	: 8
core id		: 0
cpu cores	: 4
apicid		: 1
initial apicid	: 1
fpu		: yes
fpu_exception	: yes
cpuid level	: 13
wp		: yes
flags		: fpu vme de pse tsc msr pae mce cx8 apic sep mtrr pge mca cmov pat pse36 clflush dts acpi mmx fxsr sse sse2 ss ht tm pbe syscall nx rdtscp lm constant_tsc arch_perfmon pebs bts rep_good nopl xtopology nonstop_tsc aperfmperf eagerfpu pni pclmulqdq dtes64 monitor ds_cpl vmx est tm2 ssse3 cx16 xtpr pdcm pcid sse4_1 sse4_2 x2apic popcnt tsc_deadline_timer aes xsave avx lahf_lm ida arat epb xsaveopt pln pts dtherm tpr_shadow vnmi flexpriority ept vpid
bogomips	: 4390.38
clflush size	: 64
cache_alignment	: 64
address sizes	: 36 bits physical, 48 bits virtual
power management:

processor	: 2
vendor_id	: GenuineIntel
cpu family	: 6
model		: 42
model name	: Intel(R) Core(TM) i7-2670QM CPU @ 2.20GHz
stepping	: 7
microcode	: 0x1b
cpu MHz		: 2201.000
cache size	: 6144 KB
physical id	: 0
siblings	: 8
core id		: 1
cpu cores	: 4
apicid		: 2
initial apicid	: 2
fpu		: yes
fpu_exception	: yes
cpuid level	: 13
wp		: yes
flags		: fpu vme de pse tsc msr pae mce cx8 apic sep mtrr pge mca cmov pat pse36 clflush dts acpi mmx fxsr sse sse2 ss ht tm pbe syscall nx rdtscp lm constant_tsc arch_perfmon pebs bts rep_good nopl xtopology nonstop_tsc aperfmperf eagerfpu pni pclmulqdq dtes64 monitor ds_cpl vmx est tm2 ssse3 cx16 xtpr pdcm pcid sse4_1 sse4_2 x2apic popcnt tsc_deadline_timer aes xsave avx lahf_lm ida arat epb xsaveopt pln pts dtherm tpr_shadow vnmi flexpriority ept vpid
bogomips	: 4390.38
clflush size	: 64
cache_alignment	: 64
address sizes	: 36 bits physical, 48 bits virtual
power management:

processor	: 3
vendor_id	: GenuineIntel
cpu family	: 6
model		: 42
model name	: Intel(R) Core(TM) i7-2670QM CPU @ 2.20GHz
stepping	: 7
microcode	: 0x1b
cpu MHz		: 2201.000
cache size	: 6144 KB
physical id	: 0
siblings	: 8
core id		: 1
cpu cores	: 4
apicid		: 3
initial apicid	: 3
fpu		: yes
fpu_exception	: yes
cpuid level	: 13
wp		: yes
flags		: fpu vme de pse tsc msr pae mce cx8 apic sep mtrr pge mca cmov pat pse36 clflush dts acpi mmx fxsr sse sse2 ss ht tm pbe syscall nx rdtscp lm constant_tsc arch_perfmon pebs bts rep_good nopl xtopology nonstop_tsc aperfmperf eagerfpu pni pclmulqdq dtes64 monitor ds_cpl vmx est tm2 ssse3 cx16 xtpr pdcm pcid sse4_1 sse4_2 x2apic popcnt tsc_deadline_timer aes xsave avx lahf_lm ida arat epb xsaveopt pln pts dtherm tpr_shadow vnmi flexpriority ept vpid
bogomips	: 4390.38
clflush size	: 64
cache_alignment	: 64
address sizes	: 36 bits physical, 48 bits virtual
power management:

processor	: 4
vendor_id	: GenuineIntel
cpu family	: 6
model		: 42
model name	: Intel(R) Core(TM) i7-2670QM CPU @ 2.20GHz
stepping	: 7
microcode	: 0x1b
cpu MHz		: 2201.000
cache size	: 6144 KB
physical id	: 0
siblings	: 8
core id		: 2
cpu cores	: 4
apicid		: 4
initial apicid	: 4
fpu		: yes
fpu_exception	: yes
cpuid level	: 13
wp		: yes
flags		: fpu vme de pse tsc msr pae mce cx8 apic sep mtrr pge mca cmov pat pse36 clflush dts acpi mmx fxsr sse sse2 ss ht tm pbe syscall nx rdtscp lm constant_tsc arch_perfmon pebs bts rep_good nopl xtopology nonstop_tsc aperfmperf eagerfpu pni pclmulqdq dtes64 monitor ds_cpl vmx est tm2 ssse3 cx16 xtpr pdcm pcid sse4_1 sse4_2 x2apic popcnt tsc_deadline_timer aes xsave avx lahf_lm ida arat epb xsaveopt pln pts dtherm tpr_shadow vnmi flexpriority ept vpid
bogomips	: 4390.38
clflush size	: 64
cache_alignment	: 64
address sizes	: 36 bits physical, 48 bits virtual
power management:

processor	: 5
vendor_id	: GenuineIntel
cpu family	: 6
model		: 42
model name	: Intel(R) Core(TM) i7-2670QM CPU @ 2.20GHz
stepping	: 7
microcode	: 0x1b
cpu MHz		: 800.000
cache size	: 6144 KB
physical id	: 0
siblings	: 8
core id		: 2
cpu cores	: 4
apicid		: 5
initial apicid	: 5
fpu		: yes
fpu_exception	: yes
cpuid level	: 13
wp		: yes
flags		: fpu vme de pse tsc msr pae mce cx8 apic sep mtrr pge mca cmov pat pse36 clflush dts acpi mmx fxsr sse sse2 ss ht tm pbe syscall nx rdtscp lm constant_tsc arch_perfmon pebs bts rep_good nopl xtopology nonstop_tsc aperfmperf eagerfpu pni pclmulqdq dtes64 monitor ds_cpl vmx est tm2 ssse3 cx16 xtpr pdcm pcid sse4_1 sse4_2 x2apic popcnt tsc_deadline_timer aes xsave avx lahf_lm ida arat epb xsaveopt pln pts dtherm tpr_shadow vnmi flexpriority ept vpid
bogomips	: 4390.38
clflush size	: 64
cache_alignment	: 64
address sizes	: 36 bits physical, 48 bits virtual
power management:

processor	: 6
vendor_id	: GenuineIntel
cpu family	: 6
model		: 42
model name	: Intel(R) Core(TM) i7-2670QM CPU @ 2.20GHz
stepping	: 7
microcode	: 0x1b
cpu MHz		: 1000.000
cache size	: 6144 KB
physical id	: 0
siblings	: 8
core id		: 3
cpu cores	: 4
apicid		: 6
initial apicid	: 6
fpu		: yes
fpu_exception	: yes
cpuid level	: 13
wp		: yes
flags		: fpu vme de pse tsc msr pae mce cx8 apic sep mtrr pge mca cmov pat pse36 clflush dts acpi mmx fxsr sse sse2 ss ht tm pbe syscall nx rdtscp lm constant_tsc arch_perfmon pebs bts rep_good nopl xtopology nonstop_tsc aperfmperf eagerfpu pni pclmulqdq dtes64 monitor ds_cpl vmx est tm2 ssse3 cx16 xtpr pdcm pcid sse4_1 sse4_2 x2apic popcnt tsc_deadline_timer aes xsave avx lahf_lm ida arat epb xsaveopt pln pts dtherm tpr_shadow vnmi flexpriority ept vpid
bogomips	: 4390.38
clflush size	: 64
cache_alignment	: 64
address sizes	: 36 bits physical, 48 bits virtual
power management:

processor	: 7
vendor_id	: GenuineIntel
cpu family	: 6
model		: 42
model name	: Intel(R) Core(TM) i7-2670QM CPU @ 2.20GHz
stepping	: 7
microcode	: 0x1b
cpu MHz		: 800.000
cache size	: 6144 KB
physical id	: 0
siblings	: 8
core id		: 3
cpu cores	: 4
apicid		: 7
initial apicid	: 7
fpu		: yes
fpu_exception	: yes
cpuid level	: 13
wp		: yes
flags		: fpu vme de pse tsc msr pae mce cx8 apic sep mtrr pge mca cmov pat pse36 clflush dts acpi mmx fxsr sse sse2 ss ht tm pbe syscall nx rdtscp lm constant_tsc arch_perfmon pebs bts rep_good nopl xtopology nonstop_tsc aperfmperf eagerfpu pni pclmulqdq dtes64 monitor ds_cpl vmx est tm2 ssse3 cx16 xtpr pdcm pcid sse4_1 sse4_2 x2apic popcnt tsc_deadline_timer aes xsave avx lahf_lm ida arat epb xsaveopt pln pts dtherm tpr_shadow vnmi flexpriority ept vpid
bogomips	: 4390.38
clflush size	: 64
cache_alignment	: 64
address sizes	: 36 bits physical, 48 bits virtual
power management:



Memory: 4k page, physical 4029488k(423548k free), swap 4173820k(3917660k free)

vm_info: Java HotSpot(TM) 64-Bit Server VM (24.0-b56) for linux-amd64 JRE (1.7.0_40-b43), built on Aug 26 2013 23:53:33 by "java_re" with gcc 4.3.0 20080428 (Red Hat 4.3.0-8)

time: Mon Jun  2 20:54:06 2014
elapsed time: 5 seconds

