#
# A fatal error has been detected by the Java Runtime Environment:
#
#  SIGSEGV (0xb) at pc=0x00007f09af74f615, pid=10688, tid=139681395107584
#
# JRE version: Java(TM) SE Runtime Environment (7.0_40-b43) (build 1.7.0_40-b43)
# Java VM: Java HotSpot(TM) 64-Bit Server VM (24.0-b56 mixed mode linux-amd64 compressed oops)
# Problematic frame:
# C  [libXnVFeatures_1_5_2.so+0x8b615]  Segmentation::detectionByPoint(bool, std::vector<Vector2D<int>, std::allocator<Vector2D<int> > > const*)+0x105
#
# Failed to write core dump. Core dumps have been disabled. To enable core dumping, try "ulimit -c unlimited" before starting Java again
#
# If you would like to submit a bug report, please visit:
#   http://bugreport.sun.com/bugreport/crash.jsp
# The crash happened outside the Java Virtual Machine in native code.
# See problematic frame for where to report the bug.
#

---------------  T H R E A D  ---------------

Current thread (0x00007f0a382db000):  JavaThread "AWT-EventQueue-0" [_thread_in_native, id=10724, stack(0x00007f0a1bdfe000,0x00007f0a1beff000)]

siginfo:si_signo=SIGSEGV: si_errno=0, si_code=1 (SEGV_MAPERR), si_addr=0x00007f07c18b2700

Registers:
RAX=0x00007f09c18b2700, RBX=0x00007f099f49f280, RCX=0x000000000000000a, RDX=0xffffffff80000000
RSP=0x00007f0a1befc0e0, RBP=0x00007f09ad2aee60, RSI=0x00007f099f540dc0, RDI=0x0000000080000000
R8 =0x0000000000000000, R9 =0x0000000080000000, R10=0x00007f09ad36da21, R11=0x0000000000000000
R12=0x00007f09afcf1d88, R13=0x00007f0a1befc240, R14=0x00007f09ad30a060, R15=0x0000000000000000
RIP=0x00007f09af74f615, EFLAGS=0x0000000000010a12, CSGSFS=0x0000000000000033, ERR=0x0000000000000004
  TRAPNO=0x000000000000000e

Top of Stack: (sp=0x00007f0a1befc0e0)
0x00007f0a1befc0e0:   00007f09c00b3470 7fffffff00000000
0x00007f0a1befc0f0:   00007f09c00b3470 00007f09ad2aefe0
0x00007f0a1befc100:   00007f09ad2b02e0 00007f09ad2aee60
0x00007f0a1befc110:   00007f09ad2aefe0 00007f09ad2a9d80
0x00007f0a1befc120:   00007f0a1befc240 00007f09ac31e050
0x00007f0a1befc130:   0000000000000000 00007f09af756bc0
0x00007f0a1befc140:   00000000002d35e1 00000000002d35e1
0x00007f0a1befc150:   0000000000000000 3ff0000000000000
0x00007f0a1befc160:   00007f09afcf25a8 0000000000000001
0x00007f0a1befc170:   0000000000000040 00007f09ac31e010
0x00007f0a1befc180:   00007f09ad2a9d80 00007f09ad288f88
0x00007f0a1befc190:   00007f09ac31e050 00007f09ac31e028
0x00007f0a1befc1a0:   00007f0a1befc240 00007f09af73f99b
0x00007f0a1befc1b0:   00007f09ad39f190 0000000000000008
0x00007f0a1befc1c0:   00000000002d27bd 00000000002d27bd
0x00007f0a1befc1d0:   0000000000000000 3ff0000000000000
0x00007f0a1befc1e0:   0000000000000000 00007f09af7198bd
0x00007f0a1befc1f0:   00007f0a1befc260 00007f0a2002d01c
0x00007f0a1befc200:   0000000000000001 00007f0a2002d000
0x00007f0a1befc210:   00007f09c18322e0 00007f09c01aa540
0x00007f0a1befc220:   00007f0a382db000 00007f09af71503f
0x00007f0a1befc230:   00000000000000f2 00007f0a3deea429
0x00007f0a1befc240:   00007f099f49f280 00007f099f49f288
0x00007f0a1befc250:   00007f099f49f288 00000000c18328a8
0x00007f0a1befc260:   0000007900000025 00007f09c18322e0
0x00007f0a1befc270:   00007f09c18322e0 00007f09c18322e0
0x00007f0a1befc280:   00007f09c0c684a0 0000000000000051
0x00007f0a1befc290:   00007f099f1991c0 00007f09af7155bf
0x00007f0a1befc2a0:   0001000200000007 00007f09a8015740
0x00007f0a1befc2b0:   00007f09afcdbd10 0000000000000000
0x00007f0a1befc2c0:   0000000000008259 0009600000000002
0x00007f0a1befc2d0:   ffffffff00000001 00007f0a1befc314 

Instructions: (pc=0x00007f09af74f615)
0x00007f09af74f5f5:   e6 05 49 01 ee 41 8b 46 18 41 2b 46 0c 49 63 56
0x00007f09af74f605:   1c f3 0f 2a c0 48 8b 85 50 a3 0e 00 48 8b 40 60
0x00007f09af74f615:   f3 0f 59 04 90 f3 0f 2c c0 3d 1f 03 00 00 0f 8e
0x00007f09af74f625:   4f ff ff ff 44 89 fe 48 89 ef 89 44 24 08 4c 89 

Register to memory mapping:

RAX=0x00007f09c18b2700 is an unknown value
RBX=0x00007f099f49f280 is an unknown value
RCX=0x000000000000000a is an unknown value
RDX=0xffffffff80000000 is an unknown value
RSP=0x00007f0a1befc0e0 is pointing into the stack for thread: 0x00007f0a382db000
RBP=0x00007f09ad2aee60 is an unknown value
RSI=0x00007f099f540dc0 is an unknown value
RDI=0x0000000080000000 is an unknown value
R8 =0x0000000000000000 is an unknown value
R9 =0x0000000080000000 is an unknown value
R10=0x00007f09ad36da21 is an unknown value
R11=0x0000000000000000 is an unknown value
R12=0x00007f09afcf1d88: <offset 0x62dd88> in /usr/lib/libXnVFeatures_1_5_2.so at 0x00007f09af6c4000
R13=0x00007f0a1befc240 is pointing into the stack for thread: 0x00007f0a382db000
R14=0x00007f09ad30a060 is an unknown value
R15=0x0000000000000000 is an unknown value


Stack: [0x00007f0a1bdfe000,0x00007f0a1beff000],  sp=0x00007f0a1befc0e0,  free space=1016k
Native frames: (J=compiled Java code, j=interpreted, Vv=VM code, C=native code)
C  [libXnVFeatures_1_5_2.so+0x8b615]  Segmentation::detectionByPoint(bool, std::vector<Vector2D<int>, std::allocator<Vector2D<int> > > const*)+0x105

Java frames: (J=compiled Java code, j=interpreted, Vv=VM code)
j  SimpleOpenNI.SimpleOpenNIJNI.ContextWrapper_updateSwigExplicitContextWrapper__SWIG_0(JLSimpleOpenNI/ContextWrapper;)V+0
j  SimpleOpenNI.ContextWrapper.update()V+26
j  SimpleOpenNI.SimpleOpenNI.update()V+1
j  pointsMain.draw()V+4
j  processing.core.PApplet.handleDraw()V+231
j  processing.opengl.PJOGL$PGLListener.display(Ljavax/media/opengl/GLAutoDrawable;)V+476
j  jogamp.opengl.GLDrawableHelper.displayImpl(Ljavax/media/opengl/GLAutoDrawable;)V+81
j  jogamp.opengl.GLDrawableHelper.display(Ljavax/media/opengl/GLAutoDrawable;)V+2
j  javax.media.opengl.awt.GLCanvas$10.run()V+118
j  jogamp.opengl.GLDrawableHelper.invokeGLImpl(Ljavax/media/opengl/GLDrawable;Ljavax/media/opengl/GLContext;Ljava/lang/Runnable;Ljava/lang/Runnable;)V+206
j  jogamp.opengl.GLDrawableHelper.invokeGL(Ljavax/media/opengl/GLDrawable;Ljavax/media/opengl/GLContext;Ljava/lang/Runnable;Ljava/lang/Runnable;)V+80
j  javax.media.opengl.awt.GLCanvas$11.run()V+73
j  java.awt.event.InvocationEvent.dispatch()V+11
j  java.awt.EventQueue.dispatchEventImpl(Ljava/awt/AWTEvent;Ljava/lang/Object;)V+21
j  java.awt.EventQueue.access$200(Ljava/awt/EventQueue;Ljava/awt/AWTEvent;Ljava/lang/Object;)V+3
j  java.awt.EventQueue$3.run()Ljava/lang/Void;+12
j  java.awt.EventQueue$3.run()Ljava/lang/Object;+1
v  ~StubRoutines::call_stub
j  java.security.AccessController.doPrivileged(Ljava/security/PrivilegedAction;Ljava/security/AccessControlContext;)Ljava/lang/Object;+0
j  java.security.ProtectionDomain$1.doIntersectionPrivilege(Ljava/security/PrivilegedAction;Ljava/security/AccessControlContext;Ljava/security/AccessControlContext;)Ljava/lang/Object;+28
j  java.awt.EventQueue.dispatchEvent(Ljava/awt/AWTEvent;)V+46
j  java.awt.EventDispatchThread.pumpOneEventForFilters(I)V+245
j  java.awt.EventDispatchThread.pumpEventsForFilter(ILjava/awt/Conditional;Ljava/awt/EventFilter;)V+35
j  java.awt.EventDispatchThread.pumpEventsForHierarchy(ILjava/awt/Conditional;Ljava/awt/Component;)V+11
j  java.awt.EventDispatchThread.pumpEvents(ILjava/awt/Conditional;)V+4
j  java.awt.EventDispatchThread.pumpEvents(Ljava/awt/Conditional;)V+3
j  java.awt.EventDispatchThread.run()V+9
v  ~StubRoutines::call_stub

---------------  P R O C E S S  ---------------

Java Threads: ( => current thread )
  0x00007f099f19c000 JavaThread "Thread-2" [_thread_in_native, id=10747, stack(0x00007f09a17c4000,0x00007f09a18c5000)]
  0x00007f09c4258000 JavaThread "Animation Thread-SharedResourceRunner" daemon [_thread_blocked, id=10734, stack(0x00007f0a1b79c000,0x00007f0a1b89d000)]
  0x00007f09c410a000 JavaThread "process reaper" daemon [_thread_blocked, id=10729, stack(0x00007f0a1bcc4000,0x00007f0a1bcfd000)]
  0x00007f0a3800f000 JavaThread "DestroyJavaVM" [_thread_blocked, id=10689, stack(0x00007f0a3e1f1000,0x00007f0a3e2f2000)]
  0x00007f0a382e7000 JavaThread "Animation Thread" [_thread_blocked, id=10725, stack(0x00007f0a1bcfd000,0x00007f0a1bdfe000)]
=>0x00007f0a382db000 JavaThread "AWT-EventQueue-0" [_thread_in_native, id=10724, stack(0x00007f0a1bdfe000,0x00007f0a1beff000)]
  0x00007f0a382d9000 JavaThread "AWT-Shutdown" [_thread_blocked, id=10723, stack(0x00007f0a1beff000,0x00007f0a1c000000)]
  0x00007f0a382cd800 JavaThread "Image Fetcher 1" daemon [_thread_blocked, id=10722, stack(0x00007f0a200c2000,0x00007f0a201c3000)]
  0x00007f0a382c8000 JavaThread "Image Fetcher 0" daemon [_thread_blocked, id=10721, stack(0x00007f0a201c3000,0x00007f0a202c4000)]
  0x00007f0a3825e800 JavaThread "AWT-XAWT" daemon [_thread_blocked, id=10719, stack(0x00007f0a202c4000,0x00007f0a203c5000)]
  0x00007f0a38215000 JavaThread "Java2D Disposer" daemon [_thread_blocked, id=10718, stack(0x00007f0a207d5000,0x00007f0a208d6000)]
  0x00007f0a380b3000 JavaThread "Service Thread" daemon [_thread_blocked, id=10714, stack(0x00007f0a220f9000,0x00007f0a221fa000)]
  0x00007f0a380b0800 JavaThread "C2 CompilerThread1" daemon [_thread_in_native, id=10713, stack(0x00007f0a221fa000,0x00007f0a222fb000)]
  0x00007f0a380ad800 JavaThread "C2 CompilerThread0" daemon [_thread_in_native, id=10712, stack(0x00007f0a222fb000,0x00007f0a223fc000)]
  0x00007f09f0001000 JavaThread "JDWP Command Reader" daemon [_thread_in_native, id=10706, stack(0x00007f0a223fc000,0x00007f0a224fd000)]
  0x00007f0a380ab800 JavaThread "JDWP Event Helper Thread" daemon [_thread_blocked, id=10703, stack(0x00007f0a224fd000,0x00007f0a225fe000)]
  0x00007f0a380a8000 JavaThread "JDWP Transport Listener: dt_socket" daemon [_thread_blocked, id=10702, stack(0x00007f0a225fe000,0x00007f0a226ff000)]
  0x00007f0a38092000 JavaThread "Signal Dispatcher" daemon [_thread_blocked, id=10701, stack(0x00007f0a22903000,0x00007f0a22a04000)]
  0x00007f0a3807b800 JavaThread "Finalizer" daemon [_thread_blocked, id=10700, stack(0x00007f0a22a04000,0x00007f0a22b05000)]
  0x00007f0a3807a000 JavaThread "Reference Handler" daemon [_thread_blocked, id=10699, stack(0x00007f0a22b05000,0x00007f0a22c06000)]

Other Threads:
  0x00007f0a38077800 VMThread [stack: 0x00007f0a22c06000,0x00007f0a22d07000] [id=10698]
  0x00007f0a380be000 WatcherThread [stack: 0x00007f0a21ff8000,0x00007f0a220f9000] [id=10715]

VM state:not at safepoint (normal execution)

VM Mutex/Monitor currently owned by a thread: None

Heap
 PSYoungGen      total 34304K, used 11710K [0x00000000eb800000, 0x00000000efb00000, 0x0000000100000000)
  eden space 31744K, 36% used [0x00000000eb800000,0x00000000ec36fbb0,0x00000000ed700000)
  from space 2560K, 0% used [0x00000000ed700000,0x00000000ed700000,0x00000000ed980000)
  to   space 2560K, 0% used [0x00000000ef880000,0x00000000ef880000,0x00000000efb00000)
 ParOldGen       total 98304K, used 38745K [0x00000000c2800000, 0x00000000c8800000, 0x00000000eb800000)
  object space 98304K, 39% used [0x00000000c2800000,0x00000000c4dd6768,0x00000000c8800000)
 PSPermGen       total 34816K, used 18065K [0x00000000bd600000, 0x00000000bf800000, 0x00000000c2800000)
  object space 34816K, 51% used [0x00000000bd600000,0x00000000be7a4658,0x00000000bf800000)

Card table byte_map: [0x00007f0a337ba000,0x00007f0a339d0000] byte_map_base: 0x00007f0a331cf000

Polling page: 0x00007f0a3e318000

Code Cache  [0x00007f0a339d0000, 0x00007f0a33c40000, 0x00007f0a369d0000)
 total_blobs=1010 nmethods=86 adapters=885 free_code_cache=48220Kb largest_free_block=49350336

Compilation events (10 events):
Event: 4,388 Thread 0x00007f0a380ad800   83             java.util.regex.Pattern::isSupplementary (20 bytes)
Event: 4,388 Thread 0x00007f0a380b0800   84             java.lang.Character::isSurrogate (18 bytes)
Event: 4,388 Thread 0x00007f0a380b0800 nmethod 84 0x00007f0a33ab8750 code [0x00007f0a33ab8880, 0x00007f0a33ab88d8]
Event: 4,388 Thread 0x00007f0a380ad800 nmethod 83 0x00007f0a33ab6b10 code [0x00007f0a33ab6c40, 0x00007f0a33ab6c98]
Event: 4,390 Thread 0x00007f0a380b0800   85             java.util.regex.Pattern::has (15 bytes)
Event: 4,390 Thread 0x00007f0a380b0800 nmethod 85 0x00007f0a33ab4110 code [0x00007f0a33ab4240, 0x00007f0a33ab4298]
Event: 4,394 Thread 0x00007f0a380ad800   86             java.util.regex.Pattern::atom (378 bytes)
Event: 4,395 Thread 0x00007f0a380b0800   87             java.util.regex.Pattern::next (33 bytes)
Event: 4,396 Thread 0x00007f0a380b0800 nmethod 87 0x00007f0a33ab3dd0 code [0x00007f0a33ab3f20, 0x00007f0a33ab4028]
Event: 4,396 Thread 0x00007f0a380b0800   88             java.util.regex.Pattern::compile (406 bytes)

GC Heap History (8 events):
Event: 0,505 GC heap before
{Heap before GC invocations=1 (full 0):
 PSYoungGen      total 18432K, used 15872K [0x00000000eb800000, 0x00000000ecc80000, 0x0000000100000000)
  eden space 15872K, 100% used [0x00000000eb800000,0x00000000ec780000,0x00000000ec780000)
  from space 2560K, 0% used [0x00000000eca00000,0x00000000eca00000,0x00000000ecc80000)
  to   space 2560K, 0% used [0x00000000ec780000,0x00000000ec780000,0x00000000eca00000)
 ParOldGen       total 41984K, used 0K [0x00000000c2800000, 0x00000000c5100000, 0x00000000eb800000)
  object space 41984K, 0% used [0x00000000c2800000,0x00000000c2800000,0x00000000c5100000)
 PSPermGen       total 21504K, used 11645K [0x00000000bd600000, 0x00000000beb00000, 0x00000000c2800000)
  object space 21504K, 54% used [0x00000000bd600000,0x00000000be15f5a0,0x00000000beb00000)
Event: 0,516 GC heap after
Heap after GC invocations=1 (full 0):
 PSYoungGen      total 18432K, used 2534K [0x00000000eb800000, 0x00000000edc00000, 0x0000000100000000)
  eden space 15872K, 0% used [0x00000000eb800000,0x00000000eb800000,0x00000000ec780000)
  from space 2560K, 99% used [0x00000000ec780000,0x00000000ec9f99b8,0x00000000eca00000)
  to   space 2560K, 0% used [0x00000000ed980000,0x00000000ed980000,0x00000000edc00000)
 ParOldGen       total 41984K, used 10074K [0x00000000c2800000, 0x00000000c5100000, 0x00000000eb800000)
  object space 41984K, 23% used [0x00000000c2800000,0x00000000c31d6958,0x00000000c5100000)
 PSPermGen       total 21504K, used 11645K [0x00000000bd600000, 0x00000000beb00000, 0x00000000c2800000)
  object space 21504K, 54% used [0x00000000bd600000,0x00000000be15f5a0,0x00000000beb00000)
}
Event: 1,771 GC heap before
{Heap before GC invocations=2 (full 0):
 PSYoungGen      total 18432K, used 18406K [0x00000000eb800000, 0x00000000edc00000, 0x0000000100000000)
  eden space 15872K, 100% used [0x00000000eb800000,0x00000000ec780000,0x00000000ec780000)
  from space 2560K, 99% used [0x00000000ec780000,0x00000000ec9f99b8,0x00000000eca00000)
  to   space 2560K, 0% used [0x00000000ed980000,0x00000000ed980000,0x00000000edc00000)
 ParOldGen       total 41984K, used 10074K [0x00000000c2800000, 0x00000000c5100000, 0x00000000eb800000)
  object space 41984K, 23% used [0x00000000c2800000,0x00000000c31d6958,0x00000000c5100000)
 PSPermGen       total 21504K, used 17353K [0x00000000bd600000, 0x00000000beb00000, 0x00000000c2800000)
  object space 21504K, 80% used [0x00000000bd600000,0x00000000be6f2610,0x00000000beb00000)
Event: 1,784 GC heap after
Heap after GC invocations=2 (full 0):
 PSYoungGen      total 34304K, used 2546K [0x00000000eb800000, 0x00000000edc00000, 0x0000000100000000)
  eden space 31744K, 0% used [0x00000000eb800000,0x00000000eb800000,0x00000000ed700000)
  from space 2560K, 99% used [0x00000000ed980000,0x00000000edbfc860,0x00000000edc00000)
  to   space 2560K, 0% used [0x00000000ed700000,0x00000000ed700000,0x00000000ed980000)
 ParOldGen       total 41984K, used 13588K [0x00000000c2800000, 0x00000000c5100000, 0x00000000eb800000)
  object space 41984K, 32% used [0x00000000c2800000,0x00000000c35453e8,0x00000000c5100000)
 PSPermGen       total 21504K, used 17353K [0x00000000bd600000, 0x00000000beb00000, 0x00000000c2800000)
  object space 21504K, 80% used [0x00000000bd600000,0x00000000be6f2610,0x00000000beb00000)
}
Event: 1,987 GC heap before
{Heap before GC invocations=3 (full 0):
 PSYoungGen      total 34304K, used 34290K [0x00000000eb800000, 0x00000000edc00000, 0x0000000100000000)
  eden space 31744K, 100% used [0x00000000eb800000,0x00000000ed700000,0x00000000ed700000)
  from space 2560K, 99% used [0x00000000ed980000,0x00000000edbfc860,0x00000000edc00000)
  to   space 2560K, 0% used [0x00000000ed700000,0x00000000ed700000,0x00000000ed980000)
 ParOldGen       total 41984K, used 13588K [0x00000000c2800000, 0x00000000c5100000, 0x00000000eb800000)
  object space 41984K, 32% used [0x00000000c2800000,0x00000000c35453e8,0x00000000c5100000)
 PSPermGen       total 21504K, used 17363K [0x00000000bd600000, 0x00000000beb00000, 0x00000000c2800000)
  object space 21504K, 80% used [0x00000000bd600000,0x00000000be6f4ce8,0x00000000beb00000)
Event: 2,074 GC heap after
Heap after GC invocations=3 (full 0):
 PSYoungGen      total 34304K, used 2530K [0x00000000eb800000, 0x00000000efb00000, 0x0000000100000000)
  eden space 31744K, 0% used [0x00000000eb800000,0x00000000eb800000,0x00000000ed700000)
  from space 2560K, 98% used [0x00000000ed700000,0x00000000ed978850,0x00000000ed980000)
  to   space 2560K, 0% used [0x00000000ef880000,0x00000000ef880000,0x00000000efb00000)
 ParOldGen       total 45568K, used 45437K [0x00000000c2800000, 0x00000000c5480000, 0x00000000eb800000)
  object space 45568K, 99% used [0x00000000c2800000,0x00000000c545f428,0x00000000c5480000)
 PSPermGen       total 21504K, used 17363K [0x00000000bd600000, 0x00000000beb00000, 0x00000000c2800000)
  object space 21504K, 80% used [0x00000000bd600000,0x00000000be6f4ce8,0x00000000beb00000)
}
Event: 2,074 GC heap before
{Heap before GC invocations=4 (full 1):
 PSYoungGen      total 34304K, used 2530K [0x00000000eb800000, 0x00000000efb00000, 0x0000000100000000)
  eden space 31744K, 0% used [0x00000000eb800000,0x00000000eb800000,0x00000000ed700000)
  from space 2560K, 98% used [0x00000000ed700000,0x00000000ed978850,0x00000000ed980000)
  to   space 2560K, 0% used [0x00000000ef880000,0x00000000ef880000,0x00000000efb00000)
 ParOldGen       total 45568K, used 45437K [0x00000000c2800000, 0x00000000c5480000, 0x00000000eb800000)
  object space 45568K, 99% used [0x00000000c2800000,0x00000000c545f428,0x00000000c5480000)
 PSPermGen       total 21504K, used 17363K [0x00000000bd600000, 0x00000000beb00000, 0x00000000c2800000)
  object space 21504K, 80% used [0x00000000bd600000,0x00000000be6f4ce8,0x00000000beb00000)
Event: 2,384 GC heap after
Heap after GC invocations=4 (full 1):
 PSYoungGen      total 34304K, used 0K [0x00000000eb800000, 0x00000000efb00000, 0x0000000100000000)
  eden space 31744K, 0% used [0x00000000eb800000,0x00000000eb800000,0x00000000ed700000)
  from space 2560K, 0% used [0x00000000ed700000,0x00000000ed700000,0x00000000ed980000)
  to   space 2560K, 0% used [0x00000000ef880000,0x00000000ef880000,0x00000000efb00000)
 ParOldGen       total 98304K, used 38745K [0x00000000c2800000, 0x00000000c8800000, 0x00000000eb800000)
  object space 98304K, 39% used [0x00000000c2800000,0x00000000c4dd6768,0x00000000c8800000)
 PSPermGen       total 34816K, used 17358K [0x00000000bd600000, 0x00000000bf800000, 0x00000000c2800000)
  object space 34816K, 49% used [0x00000000bd600000,0x00000000be6f3be0,0x00000000bf800000)
}

Deoptimization events (3 events):
Event: 1,010 Thread 0x00007f09c4258000 Uncommon trap: reason=unreached action=reinterpret pc=0x00007f0a33a9d5d4 method=java.lang.Class.searchFields([Ljava/lang/reflect/Field;Ljava/lang/String;)Ljava/lang/reflect/Field; @ 23
Event: 1,450 Thread 0x00007f0a382db000 Uncommon trap: reason=unreached action=reinterpret pc=0x00007f0a33aa52f8 method=com.jogamp.common.util.IntIntHashMap.get(I)I @ 19
Event: 3,877 Thread 0x00007f0a382db000 Uncommon trap: reason=unreached action=reinterpret pc=0x00007f0a33aac2d0 method=com.jogamp.common.nio.Buffers.getDirectBufferByteOffset(Ljava/lang/Object;)I @ 25

Internal exceptions (10 events):
Event: 4,373 Thread 0x00007f0a382db000 Threw 0x00000000ebb96c80 at /HUDSON/workspace/jdk7u40-2-build-linux-amd64-product/jdk7u40/hotspot/src/share/vm/prims/jvm.cpp:1244
Event: 4,374 Thread 0x00007f0a382db000 Threw 0x00000000ebb9ad68 at /HUDSON/workspace/jdk7u40-2-build-linux-amd64-product/jdk7u40/hotspot/src/share/vm/prims/jvm.cpp:1244
Event: 4,374 Thread 0x00007f0a382db000 Threw 0x00000000ebb9dd50 at /HUDSON/workspace/jdk7u40-2-build-linux-amd64-product/jdk7u40/hotspot/src/share/vm/prims/jvm.cpp:1244
Event: 4,374 Thread 0x00007f0a382db000 Threw 0x00000000ebba8ae0 at /HUDSON/workspace/jdk7u40-2-build-linux-amd64-product/jdk7u40/hotspot/src/share/vm/prims/jvm.cpp:1244
Event: 4,375 Thread 0x00007f0a382db000 Threw 0x00000000ebbab578 at /HUDSON/workspace/jdk7u40-2-build-linux-amd64-product/jdk7u40/hotspot/src/share/vm/prims/jvm.cpp:1244
Event: 4,375 Thread 0x00007f0a382db000 Threw 0x00000000ebbaef28 at /HUDSON/workspace/jdk7u40-2-build-linux-amd64-product/jdk7u40/hotspot/src/share/vm/prims/jvm.cpp:1244
Event: 4,376 Thread 0x00007f0a382db000 Threw 0x00000000ebbb3670 at /HUDSON/workspace/jdk7u40-2-build-linux-amd64-product/jdk7u40/hotspot/src/share/vm/prims/jvm.cpp:1244
Event: 4,377 Thread 0x00007f0a382db000 Threw 0x00000000ebbb9330 at /HUDSON/workspace/jdk7u40-2-build-linux-amd64-product/jdk7u40/hotspot/src/share/vm/prims/jvm.cpp:1244
Event: 4,424 Thread 0x00007f0a382db000 Threw 0x00000000ec365440 at /HUDSON/workspace/jdk7u40-2-build-linux-amd64-product/jdk7u40/hotspot/src/share/vm/runtime/reflection.cpp:1030
Event: 4,424 Thread 0x00007f0a382db000 Threw 0x00000000ec365720 at /HUDSON/workspace/jdk7u40-2-build-linux-amd64-product/jdk7u40/hotspot/src/share/vm/runtime/reflection.cpp:1030

Events (10 events):
Event: 4,375 loading class 0x00007f099f44b1f0
Event: 4,375 loading class 0x00007f099f44b1f0 done
Event: 4,375 loading class 0x00007f099f44b1b0
Event: 4,375 loading class 0x00007f099f44b1b0 done
Event: 4,376 loading class 0x00007f099f441950
Event: 4,376 loading class 0x00007f099f441950 done
Event: 4,377 loading class 0x00007f09c4024460
Event: 4,377 loading class 0x00007f09c4024460 done
Event: 4,379 loading class 0x00007f09ec117d20
Event: 4,379 loading class 0x00007f09ec117d20 done


Dynamic libraries:
00400000-00401000 r-xp 00000000 08:06 5510409                            /home/mathilde/kinect/processing-2.2.1/java/bin/java
00600000-00601000 rw-p 00000000 08:06 5510409                            /home/mathilde/kinect/processing-2.2.1/java/bin/java
0206e000-0208f000 rw-p 00000000 00:00 0                                  [heap]
bd600000-bf800000 rw-p 00000000 00:00 0 
bf800000-c2800000 rw-p 00000000 00:00 0 
c2800000-c8800000 rw-p 00000000 00:00 0 
c8800000-eb800000 rw-p 00000000 00:00 0 
eb800000-efb00000 rw-p 00000000 00:00 0 
efb00000-100000000 rw-p 00000000 00:00 0 
7f0994000000-7f0994021000 rw-p 00000000 00:00 0 
7f0994021000-7f0998000000 ---p 00000000 00:00 0 
7f099c000000-7f099f660000 rw-p 00000000 00:00 0 
7f099f660000-7f09a0000000 ---p 00000000 00:00 0 
7f09a07c2000-7f09a0ac3000 rw-p 00000000 00:00 0 
7f09a0ac3000-7f09a14c3000 rwxp 00000000 00:00 0 
7f09a14c3000-7f09a17c4000 rw-p 00000000 00:00 0 
7f09a17c4000-7f09a17c7000 ---p 00000000 00:00 0 
7f09a17c7000-7f09a18c5000 rwxp 00000000 00:00 0                          [stack:10747]
7f09a18c5000-7f09a8000000 rw-p 00000000 00:00 0 
7f09a8000000-7f09a8109000 rw-p 00000000 00:00 0 
7f09a8109000-7f09ac000000 ---p 00000000 00:00 0 
7f09ac05d000-7f09ad807000 rw-p 00000000 00:00 0 
7f09ad807000-7f09adf0f000 r--s 00000000 00:14 2618877                    /run/shm/10739_1d27.0601@1.10_Depth
7f09adf0f000-7f09adf10000 ---p 00000000 00:00 0 
7f09adf10000-7f09ae710000 rwxp 00000000 00:00 0                          [stack:10745]
7f09ae710000-7f09aeb11000 rw-p 00000000 00:00 0 
7f09aeb11000-7f09aec05000 r-xp 00000000 08:06 3161990                    /usr/lib/libXnVHandGenerator_1_5_2.so
7f09aec05000-7f09aee04000 ---p 000f4000 08:06 3161990                    /usr/lib/libXnVHandGenerator_1_5_2.so
7f09aee04000-7f09aee09000 r--p 000f3000 08:06 3161990                    /usr/lib/libXnVHandGenerator_1_5_2.so
7f09aee09000-7f09aee0a000 rw-p 000f8000 08:06 3161990                    /usr/lib/libXnVHandGenerator_1_5_2.so
7f09aee0a000-7f09aee18000 rw-p 00000000 00:00 0 
7f09aee18000-7f09aeef0000 r-xp 00000000 08:06 3161989                    /usr/lib/libXnVHandGenerator_1_4_2.so
7f09aeef0000-7f09af0ef000 ---p 000d8000 08:06 3161989                    /usr/lib/libXnVHandGenerator_1_4_2.so
7f09af0ef000-7f09af0f4000 r--p 000d7000 08:06 3161989                    /usr/lib/libXnVHandGenerator_1_4_2.so
7f09af0f4000-7f09af0f5000 rw-p 000dc000 08:06 3161989                    /usr/lib/libXnVHandGenerator_1_4_2.so
7f09af0f5000-7f09af0f8000 rw-p 00000000 00:00 0 
7f09af0f8000-7f09af1d0000 r-xp 00000000 08:06 3161988                    /usr/lib/libXnVHandGenerator_1_4_1.so
7f09af1d0000-7f09af3cf000 ---p 000d8000 08:06 3161988                    /usr/lib/libXnVHandGenerator_1_4_1.so
7f09af3cf000-7f09af3d4000 r--p 000d7000 08:06 3161988                    /usr/lib/libXnVHandGenerator_1_4_1.so
7f09af3d4000-7f09af3d5000 rw-p 000dc000 08:06 3161988                    /usr/lib/libXnVHandGenerator_1_4_1.so
7f09af3d5000-7f09af3d8000 rw-p 00000000 00:00 0 
7f09af3d8000-7f09af4bb000 r-xp 00000000 08:06 3161987                    /usr/lib/libXnVHandGenerator_1_3_1.so
7f09af4bb000-7f09af6bb000 ---p 000e3000 08:06 3161987                    /usr/lib/libXnVHandGenerator_1_3_1.so
7f09af6bb000-7f09af6c0000 r--p 000e3000 08:06 3161987                    /usr/lib/libXnVHandGenerator_1_3_1.so
7f09af6c0000-7f09af6c1000 rw-p 000e8000 08:06 3161987                    /usr/lib/libXnVHandGenerator_1_3_1.so
7f09af6c1000-7f09af6c4000 rw-p 00000000 00:00 0 
7f09af6c4000-7f09afad9000 r-xp 00000000 08:06 3161984                    /usr/lib/libXnVFeatures_1_5_2.so
7f09afad9000-7f09afcd9000 ---p 00415000 08:06 3161984                    /usr/lib/libXnVFeatures_1_5_2.so
7f09afcd9000-7f09afcea000 r--p 00415000 08:06 3161984                    /usr/lib/libXnVFeatures_1_5_2.so
7f09afcea000-7f09afcec000 rw-p 00426000 08:06 3161984                    /usr/lib/libXnVFeatures_1_5_2.so
7f09afcec000-7f09afd01000 rw-p 00000000 00:00 0 
7f09afd01000-7f09afef8000 r-xp 00000000 08:06 3161983                    /usr/lib/libXnVFeatures_1_4_2.so
7f09afef8000-7f09b00f7000 ---p 001f7000 08:06 3161983                    /usr/lib/libXnVFeatures_1_4_2.so
7f09b00f7000-7f09b00fd000 r--p 001f6000 08:06 3161983                    /usr/lib/libXnVFeatures_1_4_2.so
7f09b00fd000-7f09b00fe000 rw-p 001fc000 08:06 3161983                    /usr/lib/libXnVFeatures_1_4_2.so
7f09b00fe000-7f09b0104000 rw-p 00000000 00:00 0 
7f09b0104000-7f09b02fb000 r-xp 00000000 08:06 3161982                    /usr/lib/libXnVFeatures_1_4_1.so
7f09b02fb000-7f09b04fa000 ---p 001f7000 08:06 3161982                    /usr/lib/libXnVFeatures_1_4_1.so
7f09b04fa000-7f09b0500000 r--p 001f6000 08:06 3161982                    /usr/lib/libXnVFeatures_1_4_1.so
7f09b0500000-7f09b0501000 rw-p 001fc000 08:06 3161982                    /usr/lib/libXnVFeatures_1_4_1.so
7f09b0501000-7f09b0507000 rw-p 00000000 00:00 0 
7f09b0507000-7f09b074c000 r-xp 00000000 08:06 3161981                    /usr/lib/libXnVFeatures_1_3_1.so
7f09b074c000-7f09b094c000 ---p 00245000 08:06 3161981                    /usr/lib/libXnVFeatures_1_3_1.so
7f09b094c000-7f09b0952000 r--p 00245000 08:06 3161981                    /usr/lib/libXnVFeatures_1_3_1.so
7f09b0952000-7f09b0953000 rw-p 0024b000 08:06 3161981                    /usr/lib/libXnVFeatures_1_3_1.so
7f09b0953000-7f09b095a000 rw-p 00000000 00:00 0 
7f09b095a000-7f09b0981000 r-xp 00000000 08:06 3161641                    /usr/lib/libXnDeviceFile.so
7f09b0981000-7f09b0b81000 ---p 00027000 08:06 3161641                    /usr/lib/libXnDeviceFile.so
7f09b0b81000-7f09b0b83000 r--p 00027000 08:06 3161641                    /usr/lib/libXnDeviceFile.so
7f09b0b83000-7f09b0b84000 rw-p 00029000 08:06 3161641                    /usr/lib/libXnDeviceFile.so
7f09b0b84000-7f09b0bcc000 r-xp 00000000 08:06 3161639                    /usr/lib/libXnDDK.so
7f09b0bcc000-7f09b0dcc000 ---p 00048000 08:06 3161639                    /usr/lib/libXnDDK.so
7f09b0dcc000-7f09b0dcf000 r--p 00048000 08:06 3161639                    /usr/lib/libXnDDK.so
7f09b0dcf000-7f09b0dd1000 rw-p 0004b000 08:06 3161639                    /usr/lib/libXnDDK.so
7f09b0dd1000-7f09b0df5000 r-xp 00000000 08:06 3161643                    /usr/lib/libXnFormats.so
7f09b0df5000-7f09b0ff5000 ---p 00024000 08:06 3161643                    /usr/lib/libXnFormats.so
7f09b0ff5000-7f09b0ff6000 r--p 00024000 08:06 3161643                    /usr/lib/libXnFormats.so
7f09b0ff6000-7f09b0ff7000 rw-p 00025000 08:06 3161643                    /usr/lib/libXnFormats.so
7f09b0ff7000-7f09b1017000 rw-p 00000000 00:00 0 
7f09b1017000-7f09b101a000 r-xp 00000000 08:06 3161638                    /usr/lib/libXnCore.so
7f09b101a000-7f09b1219000 ---p 00003000 08:06 3161638                    /usr/lib/libXnCore.so
7f09b1219000-7f09b121a000 r--p 00002000 08:06 3161638                    /usr/lib/libXnCore.so
7f09b121a000-7f09b121b000 rw-p 00003000 08:06 3161638                    /usr/lib/libXnCore.so
7f09b121b000-7f09b12ad000 r-xp 00000000 08:06 3161857                    /usr/lib/libXnDeviceSensorV2.so
7f09b12ad000-7f09b14ac000 ---p 00092000 08:06 3161857                    /usr/lib/libXnDeviceSensorV2.so
7f09b14ac000-7f09b14bc000 r--p 00091000 08:06 3161857                    /usr/lib/libXnDeviceSensorV2.so
7f09b14bc000-7f09b14bd000 rw-p 000a1000 08:06 3161857                    /usr/lib/libXnDeviceSensorV2.so
7f09b14bd000-7f09b14dd000 r-xp 00000000 08:06 3161630                    /usr/lib/libnimRecorder.so
7f09b14dd000-7f09b16dc000 ---p 00020000 08:06 3161630                    /usr/lib/libnimRecorder.so
7f09b16dc000-7f09b16de000 r--p 0001f000 08:06 3161630                    /usr/lib/libnimRecorder.so
7f09b16de000-7f09b16df000 rw-p 00021000 08:06 3161630                    /usr/lib/libnimRecorder.so
7f09b16df000-7f09b1715000 r-xp 00000000 08:06 3161628                    /usr/lib/libnimCodecs.so
7f09b1715000-7f09b1915000 ---p 00036000 08:06 3161628                    /usr/lib/libnimCodecs.so
7f09b1915000-7f09b1918000 r--p 00036000 08:06 3161628                    /usr/lib/libnimCodecs.so
7f09b1918000-7f09b1919000 rw-p 00039000 08:06 3161628                    /usr/lib/libnimCodecs.so
7f09b1919000-7f09b1939000 rw-p 00000000 00:00 0 
7f09b1939000-7f09b1974000 r-xp 00000000 08:06 3161629                    /usr/lib/libnimMockNodes.so
7f09b1974000-7f09b1b73000 ---p 0003b000 08:06 3161629                    /usr/lib/libnimMockNodes.so
7f09b1b73000-7f09b1b80000 r--p 0003a000 08:06 3161629                    /usr/lib/libnimMockNodes.so
7f09b1b80000-7f09b1b81000 rw-p 00047000 08:06 3161629                    /usr/lib/libnimMockNodes.so
7f09b1b81000-7f09b1b82000 ---p 00000000 00:00 0 
7f09b1b82000-7f09b2382000 rwxp 00000000 00:00 0                          [stack:10737]
7f09b2382000-7f09b2397000 r-xp 00000000 08:06 1840018                    /lib/x86_64-linux-gnu/libusb-1.0.so.0.1.0
7f09b2397000-7f09b2597000 ---p 00015000 08:06 1840018                    /lib/x86_64-linux-gnu/libusb-1.0.so.0.1.0
7f09b2597000-7f09b2598000 r--p 00015000 08:06 1840018                    /lib/x86_64-linux-gnu/libusb-1.0.so.0.1.0
7f09b2598000-7f09b2599000 rw-p 00016000 08:06 1840018                    /lib/x86_64-linux-gnu/libusb-1.0.so.0.1.0
7f09b2599000-7f09b267c000 r-xp 00000000 08:06 3161908                    /usr/lib/libXnVNite_1_5_2.so
7f09b267c000-7f09b287b000 ---p 000e3000 08:06 3161908                    /usr/lib/libXnVNite_1_5_2.so
7f09b287b000-7f09b2880000 r--p 000e2000 08:06 3161908                    /usr/lib/libXnVNite_1_5_2.so
7f09b2880000-7f09b2882000 rw-p 000e7000 08:06 3161908                    /usr/lib/libXnVNite_1_5_2.so
7f09b2882000-7f09b28ff000 r-xp 00000000 08:06 3161632                    /usr/lib/libOpenNI.so
7f09b28ff000-7f09b2afe000 ---p 0007d000 08:06 3161632                    /usr/lib/libOpenNI.so
7f09b2afe000-7f09b2b01000 r--p 0007c000 08:06 3161632                    /usr/lib/libOpenNI.so
7f09b2b01000-7f09b2b04000 rw-p 0007f000 08:06 3161632                    /usr/lib/libOpenNI.so
7f09b2b04000-7f09b2b05000 rw-p 00000000 00:00 0 
7f09b2b05000-7f09b2bbb000 r-xp 00000000 08:06 3168160                    /home/mathilde/sketchbook/libraries/SimpleOpenNI/library/libSimpleOpenNI64.so
7f09b2bbb000-7f09b2dbb000 ---p 000b6000 08:06 3168160                    /home/mathilde/sketchbook/libraries/SimpleOpenNI/library/libSimpleOpenNI64.so
7f09b2dbb000-7f09b2dbf000 r--p 000b6000 08:06 3168160                    /home/mathilde/sketchbook/libraries/SimpleOpenNI/library/libSimpleOpenNI64.so
7f09b2dbf000-7f09b2dc2000 rw-p 000ba000 08:06 3168160                    /home/mathilde/sketchbook/libraries/SimpleOpenNI/library/libSimpleOpenNI64.so
7f09b2dc2000-7f09b2dc3000 rw-p 00000000 00:00 0 
7f09b2dfb000-7f09b2f28000 rw-p 00000000 00:00 0 
7f09b2f59000-7f09b2fd9000 rw-s 135953000 00:05 9777                      /dev/dri/card0
7f09b2fd9000-7f09b3059000 rw-s 1359d3000 00:05 9777                      /dev/dri/card0
7f09b3059000-7f09b30d9000 rw-s 1358d3000 00:05 9777                      /dev/dri/card0
7f09b30d9000-7f09b3100000 r-xp 00000000 08:06 1838995                    /lib/x86_64-linux-gnu/libexpat.so.1.6.0
7f09b3100000-7f09b3300000 ---p 00027000 08:06 1838995                    /lib/x86_64-linux-gnu/libexpat.so.1.6.0
7f09b3300000-7f09b3302000 r--p 00027000 08:06 1838995                    /lib/x86_64-linux-gnu/libexpat.so.1.6.0
7f09b3302000-7f09b3303000 rw-p 00029000 08:06 1838995                    /lib/x86_64-linux-gnu/libexpat.so.1.6.0
7f09b3303000-7f09b36fd000 r-xp 00000000 08:06 3540322                    /usr/lib/x86_64-linux-gnu/dri/nouveau_dri.so
7f09b36fd000-7f09b38fc000 ---p 003fa000 08:06 3540322                    /usr/lib/x86_64-linux-gnu/dri/nouveau_dri.so
7f09b38fc000-7f09b390d000 r--p 003f9000 08:06 3540322                    /usr/lib/x86_64-linux-gnu/dri/nouveau_dri.so
7f09b390d000-7f09b3915000 rw-p 0040a000 08:06 3540322                    /usr/lib/x86_64-linux-gnu/dri/nouveau_dri.so
7f09b3915000-7f09b3931000 rw-p 00000000 00:00 0 
7f09b3931000-7f09b3975000 r-xp 00000000 08:06 1839015                    /lib/x86_64-linux-gnu/libdbus-1.so.3.7.6
7f09b3975000-7f09b3b74000 ---p 00044000 08:06 1839015                    /lib/x86_64-linux-gnu/libdbus-1.so.3.7.6
7f09b3b74000-7f09b3b75000 r--p 00043000 08:06 1839015                    /lib/x86_64-linux-gnu/libdbus-1.so.3.7.6
7f09b3b75000-7f09b3b76000 rw-p 00044000 08:06 1839015                    /lib/x86_64-linux-gnu/libdbus-1.so.3.7.6
7f09b3b76000-7f09b3b7e000 r-xp 00000000 08:06 1839029                    /lib/x86_64-linux-gnu/libnih-dbus.so.1.0.0
7f09b3b7e000-7f09b3d7e000 ---p 00008000 08:06 1839029                    /lib/x86_64-linux-gnu/libnih-dbus.so.1.0.0
7f09b3d7e000-7f09b3d7f000 r--p 00008000 08:06 1839029                    /lib/x86_64-linux-gnu/libnih-dbus.so.1.0.0
7f09b3d7f000-7f09b3d80000 rw-p 00009000 08:06 1839029                    /lib/x86_64-linux-gnu/libnih-dbus.so.1.0.0
7f09b3d80000-7f09b3d97000 r-xp 00000000 08:06 1838975                    /lib/x86_64-linux-gnu/libnih.so.1.0.0
7f09b3d97000-7f09b3f96000 ---p 00017000 08:06 1838975                    /lib/x86_64-linux-gnu/libnih.so.1.0.0
7f09b3f96000-7f09b3f97000 r--p 00016000 08:06 1838975                    /lib/x86_64-linux-gnu/libnih.so.1.0.0
7f09b3f97000-7f09b3f98000 rw-p 00017000 08:06 1838975                    /lib/x86_64-linux-gnu/libnih.so.1.0.0
7f09b3f98000-7f09b3fb0000 r-xp 00000000 08:06 1838977                    /lib/x86_64-linux-gnu/libcgmanager.so.0.0.0
7f09b3fb0000-7f09b41af000 ---p 00018000 08:06 1838977                    /lib/x86_64-linux-gnu/libcgmanager.so.0.0.0
7f09b41af000-7f09b41b1000 r--p 00017000 08:06 1838977                    /lib/x86_64-linux-gnu/libcgmanager.so.0.0.0
7f09b41b1000-7f09b41b2000 rw-p 00019000 08:06 1838977                    /lib/x86_64-linux-gnu/libcgmanager.so.0.0.0
7f09b41b2000-7f09b41c2000 r-xp 00000000 08:06 1835066                    /lib/x86_64-linux-gnu/libudev.so.1.3.5
7f09b41c2000-7f09b43c1000 ---p 00010000 08:06 1835066                    /lib/x86_64-linux-gnu/libudev.so.1.3.5
7f09b43c1000-7f09b43c2000 r--p 0000f000 08:06 1835066                    /lib/x86_64-linux-gnu/libudev.so.1.3.5
7f09b43c2000-7f09b43c3000 rw-p 00010000 08:06 1835066                    /lib/x86_64-linux-gnu/libudev.so.1.3.5
7f09b43c3000-7f09b43c5000 r-xp 00000000 08:06 3153639                    /usr/lib/x86_64-linux-gnu/libXinerama.so.1.0.0
7f09b43c5000-7f09b45c4000 ---p 00002000 08:06 3153639                    /usr/lib/x86_64-linux-gnu/libXinerama.so.1.0.0
7f09b45c4000-7f09b45c5000 r--p 00001000 08:06 3153639                    /usr/lib/x86_64-linux-gnu/libXinerama.so.1.0.0
7f09b45c5000-7f09b45c6000 rw-p 00002000 08:06 3153639                    /usr/lib/x86_64-linux-gnu/libXinerama.so.1.0.0
7f09b45c6000-7f09b4646000 rw-s 14841c000 00:05 9777                      /dev/dri/card0
7f09b4646000-7f09b467d000 r-xp 00000000 08:06 3152731                    /usr/lib/x86_64-linux-gnu/libtxc_dxtn_s2tc.so.0.0.0
7f09b467d000-7f09b487c000 ---p 00037000 08:06 3152731                    /usr/lib/x86_64-linux-gnu/libtxc_dxtn_s2tc.so.0.0.0
7f09b487c000-7f09b487d000 r--p 00036000 08:06 3152731                    /usr/lib/x86_64-linux-gnu/libtxc_dxtn_s2tc.so.0.0.0
7f09b487d000-7f09b487e000 rw-p 00037000 08:06 3152731                    /usr/lib/x86_64-linux-gnu/libtxc_dxtn_s2tc.so.0.0.0
7f09b487e000-7f09b48a3000 r-xp 00000000 08:06 1838971                    /lib/x86_64-linux-gnu/libtinfo.so.5.9
7f09b48a3000-7f09b4aa2000 ---p 00025000 08:06 1838971                    /lib/x86_64-linux-gnu/libtinfo.so.5.9
7f09b4aa2000-7f09b4aa6000 r--p 00024000 08:06 1838971                    /lib/x86_64-linux-gnu/libtinfo.so.5.9
7f09b4aa6000-7f09b4aa7000 rw-p 00028000 08:06 1838971                    /lib/x86_64-linux-gnu/libtinfo.so.5.9
7f09b4aa7000-7f09b4abd000 r-xp 00000000 08:06 1835022                    /lib/x86_64-linux-gnu/libgcc_s.so.1
7f09b4abd000-7f09b4cbc000 ---p 00016000 08:06 1835022                    /lib/x86_64-linux-gnu/libgcc_s.so.1
7f09b4cbc000-7f09b4cbd000 rw-p 00015000 08:06 1835022                    /lib/x86_64-linux-gnu/libgcc_s.so.1
7f09b4cbd000-7f09b4da3000 r-xp 00000000 08:06 3146370                    /usr/lib/x86_64-linux-gnu/libstdc++.so.6.0.19
7f09b4da3000-7f09b4fa2000 ---p 000e6000 08:06 3146370                    /usr/lib/x86_64-linux-gnu/libstdc++.so.6.0.19
7f09b4fa2000-7f09b4faa000 r--p 000e5000 08:06 3146370                    /usr/lib/x86_64-linux-gnu/libstdc++.so.6.0.19
7f09b4faa000-7f09b4fac000 rw-p 000ed000 08:06 3146370                    /usr/lib/x86_64-linux-gnu/libstdc++.so.6.0.19
7f09b4fac000-7f09b4fc1000 rw-p 00000000 00:00 0 
7f09b4fc1000-7f09b67bf000 r-xp 00000000 08:06 3147563                    /usr/lib/x86_64-linux-gnu/libLLVM-3.4.so.1
7f09b67bf000-7f09b694d000 r--p 017fd000 08:06 3147563                    /usr/lib/x86_64-linux-gnu/libLLVM-3.4.so.1
7f09b694d000-7f09b694f000 rw-p 0198b000 08:06 3147563                    /usr/lib/x86_64-linux-gnu/libLLVM-3.4.so.1
7f09b694f000-7f09b6962000 rw-p 00000000 00:00 0 
7f09b6962000-7f09b696e000 r-xp 00000000 08:06 3147559                    /usr/lib/x86_64-linux-gnu/libdrm_radeon.so.1.0.1
7f09b696e000-7f09b6b6d000 ---p 0000c000 08:06 3147559                    /usr/lib/x86_64-linux-gnu/libdrm_radeon.so.1.0.1
7f09b6b6d000-7f09b6b6e000 r--p 0000b000 08:06 3147559                    /usr/lib/x86_64-linux-gnu/libdrm_radeon.so.1.0.1
7f09b6b6e000-7f09b6b6f000 rw-p 0000c000 08:06 3147559                    /usr/lib/x86_64-linux-gnu/libdrm_radeon.so.1.0.1
7f09b6b6f000-7f09b6b84000 r-xp 00000000 08:06 3148657                    /usr/lib/x86_64-linux-gnu/libelf-0.158.so
7f09b6b84000-7f09b6d83000 ---p 00015000 08:06 3148657                    /usr/lib/x86_64-linux-gnu/libelf-0.158.so
7f09b6d83000-7f09b6d84000 r--p 00014000 08:06 3148657                    /usr/lib/x86_64-linux-gnu/libelf-0.158.so
7f09b6d84000-7f09b6d85000 rw-p 00015000 08:06 3148657                    /usr/lib/x86_64-linux-gnu/libelf-0.158.so
7f09b6d85000-7f09b6d8a000 r-xp 00000000 08:06 3147561                    /usr/lib/x86_64-linux-gnu/libdrm_nouveau.so.2.0.0
7f09b6d8a000-7f09b6f89000 ---p 00005000 08:06 3147561                    /usr/lib/x86_64-linux-gnu/libdrm_nouveau.so.2.0.0
7f09b6f89000-7f09b6f8a000 r--p 00004000 08:06 3147561                    /usr/lib/x86_64-linux-gnu/libdrm_nouveau.so.2.0.0
7f09b6f8a000-7f09b6f8b000 rw-p 00005000 08:06 3147561                    /usr/lib/x86_64-linux-gnu/libdrm_nouveau.so.2.0.0
7f09b6f8b000-7f09b6f92000 r-xp 00000000 08:06 3539530                    /usr/lib/x86_64-linux-gnu/mesa-egl/libOpenVG.so.1.0.0
7f09b6f92000-7f09b7191000 ---p 00007000 08:06 3539530                    /usr/lib/x86_64-linux-gnu/mesa-egl/libOpenVG.so.1.0.0
7f09b7191000-7f09b7192000 r--p 00006000 08:06 3539530                    /usr/lib/x86_64-linux-gnu/mesa-egl/libOpenVG.so.1.0.0
7f09b7192000-7f09b7193000 rw-p 00007000 08:06 3539530                    /usr/lib/x86_64-linux-gnu/mesa-egl/libOpenVG.so.1.0.0
7f09b7193000-7f09b7195000 rw-p 00000000 00:00 0 
7f09b7195000-7f09b7382000 r-xp 00000000 08:06 3147991                    /usr/lib/x86_64-linux-gnu/libgallium.so.0.0.0
7f09b7382000-7f09b7582000 ---p 001ed000 08:06 3147991                    /usr/lib/x86_64-linux-gnu/libgallium.so.0.0.0
7f09b7582000-7f09b7592000 r--p 001ed000 08:06 3147991                    /usr/lib/x86_64-linux-gnu/libgallium.so.0.0.0
7f09b7592000-7f09b7594000 rw-p 001fd000 08:06 3147991                    /usr/lib/x86_64-linux-gnu/libgallium.so.0.0.0
7f09b7594000-7f09b775c000 rw-p 00000000 00:00 0 
7f09b775c000-7f09b7d92000 r-xp 00000000 08:06 3540739                    /usr/lib/x86_64-linux-gnu/egl/egl_gallium.so
7f09b7d92000-7f09b7f91000 ---p 00636000 08:06 3540739                    /usr/lib/x86_64-linux-gnu/egl/egl_gallium.so
7f09b7f91000-7f09b7fd2000 r--p 00635000 08:06 3540739                    /usr/lib/x86_64-linux-gnu/egl/egl_gallium.so
7f09b7fd2000-7f09b7fe0000 rw-p 00676000 08:06 3540739                    /usr/lib/x86_64-linux-gnu/egl/egl_gallium.so
7f09b7fe0000-7f09b8000000 rw-p 00000000 00:00 0 
7f09b8000000-7f09b8021000 rw-p 00000000 00:00 0 
7f09b8021000-7f09bc000000 ---p 00000000 00:00 0 
7f09bc000000-7f09bc312000 rw-p 00000000 00:00 0 
7f09bc312000-7f09c0000000 ---p 00000000 00:00 0 
7f09c0000000-7f09c3fff000 rw-p 00000000 00:00 0 
7f09c3fff000-7f09c4000000 ---p 00000000 00:00 0 
7f09c4000000-7f09c47ec000 rw-p 00000000 00:00 0 
7f09c47ec000-7f09c8000000 ---p 00000000 00:00 0 
7f09c8000000-7f09c8021000 rw-p 00000000 00:00 0 
7f09c8021000-7f09cc000000 ---p 00000000 00:00 0 
7f09cc000000-7f09cc021000 rw-p 00000000 00:00 0 
7f09cc021000-7f09d0000000 ---p 00000000 00:00 0 
7f09d0000000-7f09d0021000 rw-p 00000000 00:00 0 
7f09d0021000-7f09d4000000 ---p 00000000 00:00 0 
7f09d4000000-7f09d403e000 rw-p 00000000 00:00 0 
7f09d403e000-7f09d8000000 ---p 00000000 00:00 0 
7f09d8000000-7f09d8021000 rw-p 00000000 00:00 0 
7f09d8021000-7f09dc000000 ---p 00000000 00:00 0 
7f09dc000000-7f09dc021000 rw-p 00000000 00:00 0 
7f09dc021000-7f09e0000000 ---p 00000000 00:00 0 
7f09e0000000-7f09e0309000 rw-p 00000000 00:00 0 
7f09e0309000-7f09e4000000 ---p 00000000 00:00 0 
7f09e4000000-7f09e4021000 rw-p 00000000 00:00 0 
7f09e4021000-7f09e8000000 ---p 00000000 00:00 0 
7f09e8000000-7f09e8021000 rw-p 00000000 00:00 0 
7f09e8021000-7f09ec000000 ---p 00000000 00:00 0 
7f09ec000000-7f09ec2c9000 rw-p 00000000 00:00 0 
7f09ec2c9000-7f09f0000000 ---p 00000000 00:00 0 
7f09f0000000-7f09f0021000 rw-p 00000000 00:00 0 
7f09f0021000-7f09f4000000 ---p 00000000 00:00 0 
7f09f4000000-7f09f4021000 rw-p 00000000 00:00 0 
7f09f4021000-7f09f8000000 ---p 00000000 00:00 0 
7f09f8000000-7f09f8021000 rw-p 00000000 00:00 0 
7f09f8021000-7f09fc000000 ---p 00000000 00:00 0 
7f09fc000000-7f09fc021000 rw-p 00000000 00:00 0 
7f09fc021000-7f0a00000000 ---p 00000000 00:00 0 
7f0a00000000-7f0a00021000 rw-p 00000000 00:00 0 
7f0a00021000-7f0a04000000 ---p 00000000 00:00 0 
7f0a04000000-7f0a04021000 rw-p 00000000 00:00 0 
7f0a04021000-7f0a08000000 ---p 00000000 00:00 0 
7f0a08000000-7f0a08021000 rw-p 00000000 00:00 0 
7f0a08021000-7f0a0c000000 ---p 00000000 00:00 0 
7f0a0c000000-7f0a0c021000 rw-p 00000000 00:00 0 
7f0a0c021000-7f0a10000000 ---p 00000000 00:00 0 
7f0a10000000-7f0a10021000 rw-p 00000000 00:00 0 
7f0a10021000-7f0a14000000 ---p 00000000 00:00 0 
7f0a14000000-7f0a14021000 rw-p 00000000 00:00 0 
7f0a14021000-7f0a18000000 ---p 00000000 00:00 0 
7f0a18070000-7f0a18076000 r-xp 00000000 08:06 3540317                    /usr/lib/x86_64-linux-gnu/mesa-egl/libGLESv2.so.2.0.0
7f0a18076000-7f0a18276000 ---p 00006000 08:06 3540317                    /usr/lib/x86_64-linux-gnu/mesa-egl/libGLESv2.so.2.0.0
7f0a18276000-7f0a18277000 r--p 00006000 08:06 3540317                    /usr/lib/x86_64-linux-gnu/mesa-egl/libGLESv2.so.2.0.0
7f0a18277000-7f0a18278000 rw-p 00007000 08:06 3540317                    /usr/lib/x86_64-linux-gnu/mesa-egl/libGLESv2.so.2.0.0
7f0a18278000-7f0a182be000 r-xp 00000000 08:06 7084413                    /tmp/jogamp_0000/file_cache/jln3603713416018968470/jln7234296106513696953/libjogl_mobile.so
7f0a182be000-7f0a184be000 ---p 00046000 08:06 7084413                    /tmp/jogamp_0000/file_cache/jln3603713416018968470/jln7234296106513696953/libjogl_mobile.so
7f0a184be000-7f0a184bf000 rw-p 00046000 08:06 7084413                    /tmp/jogamp_0000/file_cache/jln3603713416018968470/jln7234296106513696953/libjogl_mobile.so
7f0a184bf000-7f0a184c6000 r-xp 00000000 08:06 3145917                    /usr/lib/x86_64-linux-gnu/libffi.so.6.0.1
7f0a184c6000-7f0a186c5000 ---p 00007000 08:06 3145917                    /usr/lib/x86_64-linux-gnu/libffi.so.6.0.1
7f0a186c5000-7f0a186c6000 r--p 00006000 08:06 3145917                    /usr/lib/x86_64-linux-gnu/libffi.so.6.0.1
7f0a186c6000-7f0a186c7000 rw-p 00007000 08:06 3145917                    /usr/lib/x86_64-linux-gnu/libffi.so.6.0.1
7f0a186c7000-7f0a186cd000 r-xp 00000000 08:06 3150218                    /usr/lib/x86_64-linux-gnu/libgbm.so.1.0.0
7f0a186cd000-7f0a188cd000 ---p 00006000 08:06 3150218                    /usr/lib/x86_64-linux-gnu/libgbm.so.1.0.0
7f0a188cd000-7f0a188ce000 r--p 00006000 08:06 3150218                    /usr/lib/x86_64-linux-gnu/libgbm.so.1.0.0
7f0a188ce000-7f0a188cf000 rw-p 00007000 08:06 3150218                    /usr/lib/x86_64-linux-gnu/libgbm.so.1.0.0
7f0a188cf000-7f0a188de000 r-xp 00000000 08:06 3146707                    /usr/lib/x86_64-linux-gnu/libwayland-server.so.0.1.0
7f0a188de000-7f0a18add000 ---p 0000f000 08:06 3146707                    /usr/lib/x86_64-linux-gnu/libwayland-server.so.0.1.0
7f0a18add000-7f0a18adf000 r--p 0000e000 08:06 3146707                    /usr/lib/x86_64-linux-gnu/libwayland-server.so.0.1.0
7f0a18adf000-7f0a18ae0000 rw-p 00010000 08:06 3146707                    /usr/lib/x86_64-linux-gnu/libwayland-server.so.0.1.0
7f0a18ae0000-7f0a18aeb000 r-xp 00000000 08:06 3153819                    /usr/lib/x86_64-linux-gnu/libwayland-client.so.0.2.0
7f0a18aeb000-7f0a18cea000 ---p 0000b000 08:06 3153819                    /usr/lib/x86_64-linux-gnu/libwayland-client.so.0.2.0
7f0a18cea000-7f0a18cec000 r--p 0000a000 08:06 3153819                    /usr/lib/x86_64-linux-gnu/libwayland-client.so.0.2.0
7f0a18cec000-7f0a18ced000 rw-p 0000c000 08:06 3153819                    /usr/lib/x86_64-linux-gnu/libwayland-client.so.0.2.0
7f0a18ced000-7f0a18cf2000 r-xp 00000000 08:06 3150223                    /usr/lib/x86_64-linux-gnu/libxcb-xfixes.so.0.0.0
7f0a18cf2000-7f0a18ef2000 ---p 00005000 08:06 3150223                    /usr/lib/x86_64-linux-gnu/libxcb-xfixes.so.0.0.0
7f0a18ef2000-7f0a18ef3000 r--p 00005000 08:06 3150223                    /usr/lib/x86_64-linux-gnu/libxcb-xfixes.so.0.0.0
7f0a18ef3000-7f0a18ef4000 rw-p 00006000 08:06 3150223                    /usr/lib/x86_64-linux-gnu/libxcb-xfixes.so.0.0.0
7f0a18ef4000-7f0a18f17000 r-xp 00000000 08:06 3539528                    /usr/lib/x86_64-linux-gnu/mesa-egl/libEGL.so.1.0.0
7f0a18f17000-7f0a19117000 ---p 00023000 08:06 3539528                    /usr/lib/x86_64-linux-gnu/mesa-egl/libEGL.so.1.0.0
7f0a19117000-7f0a19118000 r--p 00023000 08:06 3539528                    /usr/lib/x86_64-linux-gnu/mesa-egl/libEGL.so.1.0.0
7f0a19118000-7f0a19119000 rw-p 00024000 08:06 3539528                    /usr/lib/x86_64-linux-gnu/mesa-egl/libEGL.so.1.0.0
7f0a19119000-7f0a191c1000 r-xp 00000000 08:06 7084412                    /tmp/jogamp_0000/file_cache/jln3603713416018968470/jln7234296106513696953/libjogl_desktop.so
7f0a191c1000-7f0a193c1000 ---p 000a8000 08:06 7084412                    /tmp/jogamp_0000/file_cache/jln3603713416018968470/jln7234296106513696953/libjogl_desktop.so
7f0a193c1000-7f0a193c2000 rw-p 000a8000 08:06 7084412                    /tmp/jogamp_0000/file_cache/jln3603713416018968470/jln7234296106513696953/libjogl_desktop.so
7f0a193c2000-7f0a193cd000 r-xp 00000000 08:06 3147552                    /usr/lib/x86_64-linux-gnu/libdrm.so.2.4.0
7f0a193cd000-7f0a195cc000 ---p 0000b000 08:06 3147552                    /usr/lib/x86_64-linux-gnu/libdrm.so.2.4.0
7f0a195cc000-7f0a195cd000 r--p 0000a000 08:06 3147552                    /usr/lib/x86_64-linux-gnu/libdrm.so.2.4.0
7f0a195cd000-7f0a195ce000 rw-p 0000b000 08:06 3147552                    /usr/lib/x86_64-linux-gnu/libdrm.so.2.4.0
7f0a195ce000-7f0a195cf000 r-xp 00000000 08:06 3147091                    /usr/lib/x86_64-linux-gnu/libxshmfence.so.1.0.0
7f0a195cf000-7f0a197ce000 ---p 00001000 08:06 3147091                    /usr/lib/x86_64-linux-gnu/libxshmfence.so.1.0.0
7f0a197ce000-7f0a197cf000 r--p 00000000 08:06 3147091                    /usr/lib/x86_64-linux-gnu/libxshmfence.so.1.0.0
7f0a197cf000-7f0a197d0000 rw-p 00001000 08:06 3147091                    /usr/lib/x86_64-linux-gnu/libxshmfence.so.1.0.0
7f0a197d0000-7f0a197d5000 r-xp 00000000 08:06 3152832                    /usr/lib/x86_64-linux-gnu/libxcb-sync.so.1.0.0
7f0a197d5000-7f0a199d4000 ---p 00005000 08:06 3152832                    /usr/lib/x86_64-linux-gnu/libxcb-sync.so.1.0.0
7f0a199d4000-7f0a199d5000 r--p 00004000 08:06 3152832                    /usr/lib/x86_64-linux-gnu/libxcb-sync.so.1.0.0
7f0a199d5000-7f0a199d6000 rw-p 00005000 08:06 3152832                    /usr/lib/x86_64-linux-gnu/libxcb-sync.so.1.0.0
7f0a199d6000-7f0a199d8000 r-xp 00000000 08:06 3152830                    /usr/lib/x86_64-linux-gnu/libxcb-present.so.0.0.0
7f0a199d8000-7f0a19bd7000 ---p 00002000 08:06 3152830                    /usr/lib/x86_64-linux-gnu/libxcb-present.so.0.0.0
7f0a19bd7000-7f0a19bd8000 r--p 00001000 08:06 3152830                    /usr/lib/x86_64-linux-gnu/libxcb-present.so.0.0.0
7f0a19bd8000-7f0a19bd9000 rw-p 00002000 08:06 3152830                    /usr/lib/x86_64-linux-gnu/libxcb-present.so.0.0.0
7f0a19bd9000-7f0a19bdb000 r-xp 00000000 08:06 3147719                    /usr/lib/x86_64-linux-gnu/libxcb-dri3.so.0.0.0
7f0a19bdb000-7f0a19dda000 ---p 00002000 08:06 3147719                    /usr/lib/x86_64-linux-gnu/libxcb-dri3.so.0.0.0
7f0a19dda000-7f0a19ddb000 r--p 00001000 08:06 3147719                    /usr/lib/x86_64-linux-gnu/libxcb-dri3.so.0.0.0
7f0a19ddb000-7f0a19ddc000 rw-p 00002000 08:06 3147719                    /usr/lib/x86_64-linux-gnu/libxcb-dri3.so.0.0.0
7f0a19ddc000-7f0a19ddf000 r-xp 00000000 08:06 3147579                    /usr/lib/x86_64-linux-gnu/libxcb-dri2.so.0.0.0
7f0a19ddf000-7f0a19fdf000 ---p 00003000 08:06 3147579                    /usr/lib/x86_64-linux-gnu/libxcb-dri2.so.0.0.0
7f0a19fdf000-7f0a19fe0000 r--p 00003000 08:06 3147579                    /usr/lib/x86_64-linux-gnu/libxcb-dri2.so.0.0.0
7f0a19fe0000-7f0a19fe1000 rw-p 00004000 08:06 3147579                    /usr/lib/x86_64-linux-gnu/libxcb-dri2.so.0.0.0
7f0a19fe1000-7f0a19ff6000 r-xp 00000000 08:06 3147628                    /usr/lib/x86_64-linux-gnu/libxcb-glx.so.0.0.0
7f0a19ff6000-7f0a1a1f5000 ---p 00015000 08:06 3147628                    /usr/lib/x86_64-linux-gnu/libxcb-glx.so.0.0.0
7f0a1a1f5000-7f0a1a1f7000 r--p 00014000 08:06 3147628                    /usr/lib/x86_64-linux-gnu/libxcb-glx.so.0.0.0
7f0a1a1f7000-7f0a1a1f8000 rw-p 00016000 08:06 3147628                    /usr/lib/x86_64-linux-gnu/libxcb-glx.so.0.0.0
7f0a1a1f8000-7f0a1a1f9000 r-xp 00000000 08:06 3147616                    /usr/lib/x86_64-linux-gnu/libX11-xcb.so.1.0.0
7f0a1a1f9000-7f0a1a3f8000 ---p 00001000 08:06 3147616                    /usr/lib/x86_64-linux-gnu/libX11-xcb.so.1.0.0
7f0a1a3f8000-7f0a1a3f9000 r--p 00000000 08:06 3147616                    /usr/lib/x86_64-linux-gnu/libX11-xcb.so.1.0.0
7f0a1a3f9000-7f0a1a3fa000 rw-p 00001000 08:06 3147616                    /usr/lib/x86_64-linux-gnu/libX11-xcb.so.1.0.0
7f0a1a3fa000-7f0a1a3fc000 r-xp 00000000 08:06 3153625                    /usr/lib/x86_64-linux-gnu/libXdamage.so.1.1.0
7f0a1a3fc000-7f0a1a5fb000 ---p 00002000 08:06 3153625                    /usr/lib/x86_64-linux-gnu/libXdamage.so.1.1.0
7f0a1a5fb000-7f0a1a5fc000 r--p 00001000 08:06 3153625                    /usr/lib/x86_64-linux-gnu/libXdamage.so.1.1.0
7f0a1a5fc000-7f0a1a5fd000 rw-p 00002000 08:06 3153625                    /usr/lib/x86_64-linux-gnu/libXdamage.so.1.1.0
7f0a1a5fd000-7f0a1a61f000 r-xp 00000000 08:06 3147717                    /usr/lib/x86_64-linux-gnu/libglapi.so.0.0.0
7f0a1a61f000-7f0a1a81f000 ---p 00022000 08:06 3147717                    /usr/lib/x86_64-linux-gnu/libglapi.so.0.0.0
7f0a1a81f000-7f0a1a822000 r--p 00022000 08:06 3147717                    /usr/lib/x86_64-linux-gnu/libglapi.so.0.0.0
7f0a1a822000-7f0a1a823000 rw-p 00025000 08:06 3147717                    /usr/lib/x86_64-linux-gnu/libglapi.so.0.0.0
7f0a1a823000-7f0a1a824000 rw-p 00000000 00:00 0 
7f0a1a824000-7f0a1a885000 r-xp 00000000 08:06 3541715                    /usr/lib/x86_64-linux-gnu/mesa/libGL.so.1.2.0
7f0a1a885000-7f0a1aa84000 ---p 00061000 08:06 3541715                    /usr/lib/x86_64-linux-gnu/mesa/libGL.so.1.2.0
7f0a1aa84000-7f0a1aa87000 r--p 00060000 08:06 3541715                    /usr/lib/x86_64-linux-gnu/mesa/libGL.so.1.2.0
7f0a1aa87000-7f0a1aa88000 rw-p 00063000 08:06 3541715                    /usr/lib/x86_64-linux-gnu/mesa/libGL.so.1.2.0
7f0a1aa88000-7f0a1aa89000 rw-p 00000000 00:00 0 
7f0a1aa89000-7f0a1aa90000 r-xp 00000000 08:06 7084415                    /tmp/jogamp_0000/file_cache/jln3603713416018968470/jln7234296106513696953/libnativewindow_x11.so
7f0a1aa90000-7f0a1ac8f000 ---p 00007000 08:06 7084415                    /tmp/jogamp_0000/file_cache/jln3603713416018968470/jln7234296106513696953/libnativewindow_x11.so
7f0a1ac8f000-7f0a1ac90000 rw-p 00006000 08:06 7084415                    /tmp/jogamp_0000/file_cache/jln3603713416018968470/jln7234296106513696953/libnativewindow_x11.so
7f0a1ac90000-7f0a1ac94000 r-xp 00000000 08:06 3153661                    /usr/lib/x86_64-linux-gnu/libXxf86vm.so.1.0.0
7f0a1ac94000-7f0a1ae94000 ---p 00004000 08:06 3153661                    /usr/lib/x86_64-linux-gnu/libXxf86vm.so.1.0.0
7f0a1ae94000-7f0a1ae95000 r--p 00004000 08:06 3153661                    /usr/lib/x86_64-linux-gnu/libXxf86vm.so.1.0.0
7f0a1ae95000-7f0a1ae96000 rw-p 00005000 08:06 3153661                    /usr/lib/x86_64-linux-gnu/libXxf86vm.so.1.0.0
7f0a1ae96000-7f0a1ae98000 r-xp 00000000 08:06 7084414                    /tmp/jogamp_0000/file_cache/jln3603713416018968470/jln7234296106513696953/libnativewindow_awt.so
7f0a1ae98000-7f0a1b097000 ---p 00002000 08:06 7084414                    /tmp/jogamp_0000/file_cache/jln3603713416018968470/jln7234296106513696953/libnativewindow_awt.so
7f0a1b097000-7f0a1b098000 rw-p 00001000 08:06 7084414                    /tmp/jogamp_0000/file_cache/jln3603713416018968470/jln7234296106513696953/libnativewindow_awt.so
7f0a1b098000-7f0a1b099000 r-xp 00000000 08:06 5906176                    /home/mathilde/kinect/processing-2.2.1/java/lib/amd64/libjawt.so
7f0a1b099000-7f0a1b298000 ---p 00001000 08:06 5906176                    /home/mathilde/kinect/processing-2.2.1/java/lib/amd64/libjawt.so
7f0a1b298000-7f0a1b299000 rw-p 00000000 08:06 5906176                    /home/mathilde/kinect/processing-2.2.1/java/lib/amd64/libjawt.so
7f0a1b299000-7f0a1b599000 rw-s 00000000 00:04 39518246                   /SYSV00000000 (deleted)
7f0a1b599000-7f0a1b59b000 r-xp 00000000 08:06 7084411                    /tmp/jogamp_0000/file_cache/jln3603713416018968470/jln7234296106513696953/libgluegen-rt.so
7f0a1b59b000-7f0a1b79b000 ---p 00002000 08:06 7084411                    /tmp/jogamp_0000/file_cache/jln3603713416018968470/jln7234296106513696953/libgluegen-rt.so
7f0a1b79b000-7f0a1b79c000 rw-p 00002000 08:06 7084411                    /tmp/jogamp_0000/file_cache/jln3603713416018968470/jln7234296106513696953/libgluegen-rt.so
7f0a1b79c000-7f0a1b89d000 rwxp 00000000 00:00 0                          [stack:10734]
7f0a1b89d000-7f0a1b8ad000 r-xp 00000000 08:06 5906211                    /home/mathilde/kinect/processing-2.2.1/java/lib/amd64/libnio.so
7f0a1b8ad000-7f0a1baad000 ---p 00010000 08:06 5906211                    /home/mathilde/kinect/processing-2.2.1/java/lib/amd64/libnio.so
7f0a1baad000-7f0a1baae000 rw-p 00010000 08:06 5906211                    /home/mathilde/kinect/processing-2.2.1/java/lib/amd64/libnio.so
7f0a1baae000-7f0a1bac3000 r-xp 00000000 08:06 5906173                    /home/mathilde/kinect/processing-2.2.1/java/lib/amd64/libnet.so
7f0a1bac3000-7f0a1bcc3000 ---p 00015000 08:06 5906173                    /home/mathilde/kinect/processing-2.2.1/java/lib/amd64/libnet.so
7f0a1bcc3000-7f0a1bcc4000 rw-p 00015000 08:06 5906173                    /home/mathilde/kinect/processing-2.2.1/java/lib/amd64/libnet.so
7f0a1bcc4000-7f0a1c000000 rwxp 00000000 00:00 0                          [stack:10724]
7f0a1c000000-7f0a1c021000 rw-p 00000000 00:00 0 
7f0a1c021000-7f0a20000000 ---p 00000000 00:00 0 
7f0a2002c000-7f0a2002d000 rw-p 00000000 00:00 0 
7f0a2002d000-7f0a2002e000 rw-s 00000000 00:14 2591436                    /run/shm/1d27.0601@1.10-SM
7f0a2002e000-7f0a2002f000 rw-s 147772000 00:05 9777                      /dev/dri/card0
7f0a2002f000-7f0a20031000 rw-s 14776f000 00:05 9777                      /dev/dri/card0
7f0a20031000-7f0a20035000 rw-s 147769000 00:05 9777                      /dev/dri/card0
7f0a20035000-7f0a20036000 rw-s 135ad3000 00:05 9777                      /dev/dri/card0
7f0a20036000-7f0a20037000 rwxp 00000000 00:00 0 
7f0a20037000-7f0a20038000 rw-s 14861c000 00:05 9777                      /dev/dri/card0
7f0a20038000-7f0a2003c000 r--s 0007d000 08:06 5643188                    /home/mathilde/kinect/processing-2.2.1/java/lib/jsse.jar
7f0a2003c000-7f0a20045000 r--s 0009f000 08:06 5510370                    /home/mathilde/kinect/processing-2.2.1/lib/pde.jar
7f0a20045000-7f0a20059000 r--s 00141000 08:06 5510399                    /home/mathilde/kinect/processing-2.2.1/lib/org.eclipse.osgi_3.8.1.v20120830-144521.jar
7f0a20059000-7f0a2005c000 r--s 00041000 08:06 5510373                    /home/mathilde/kinect/processing-2.2.1/lib/org-netbeans-swing-outline.jar
7f0a2005c000-7f0a20070000 r--s 00127000 08:06 5510374                    /home/mathilde/kinect/processing-2.2.1/lib/jna.jar
7f0a20070000-7f0a2007d000 r--s 000c6000 08:06 5510376                    /home/mathilde/kinect/processing-2.2.1/lib/jdimodel.jar
7f0a2007d000-7f0a20081000 r--s 0000e000 08:06 5510372                    /home/mathilde/kinect/processing-2.2.1/lib/jdi.jar
7f0a20081000-7f0a200bd000 r--s 00629000 08:06 5510371                    /home/mathilde/kinect/processing-2.2.1/lib/com.ibm.icu_4.4.2.v20110823.jar
7f0a200bd000-7f0a200c2000 r--s 00068000 08:06 5510397                    /home/mathilde/kinect/processing-2.2.1/lib/antlr.jar
7f0a200c2000-7f0a203c5000 rwxp 00000000 00:00 0                          [stack:10719]
7f0a203c5000-7f0a203ca000 r-xp 00000000 08:06 3153631                    /usr/lib/x86_64-linux-gnu/libXfixes.so.3.1.0
7f0a203ca000-7f0a205c9000 ---p 00005000 08:06 3153631                    /usr/lib/x86_64-linux-gnu/libXfixes.so.3.1.0
7f0a205c9000-7f0a205ca000 r--p 00004000 08:06 3153631                    /usr/lib/x86_64-linux-gnu/libXfixes.so.3.1.0
7f0a205ca000-7f0a205cb000 rw-p 00005000 08:06 3153631                    /usr/lib/x86_64-linux-gnu/libXfixes.so.3.1.0
7f0a205cb000-7f0a205d4000 r-xp 00000000 08:06 3153623                    /usr/lib/x86_64-linux-gnu/libXcursor.so.1.0.2
7f0a205d4000-7f0a207d3000 ---p 00009000 08:06 3153623                    /usr/lib/x86_64-linux-gnu/libXcursor.so.1.0.2
7f0a207d3000-7f0a207d4000 r--p 00008000 08:06 3153623                    /usr/lib/x86_64-linux-gnu/libXcursor.so.1.0.2
7f0a207d4000-7f0a207d5000 rw-p 00009000 08:06 3153623                    /usr/lib/x86_64-linux-gnu/libXcursor.so.1.0.2
7f0a207d5000-7f0a208d6000 rwxp 00000000 00:00 0                          [stack:10718]
7f0a208d6000-7f0a208fc000 r--p 00000000 08:06 3672815                    /usr/share/locale-langpack/fr/LC_MESSAGES/libc.mo
7f0a208fc000-7f0a20901000 r-xp 00000000 08:06 3153627                    /usr/lib/x86_64-linux-gnu/libXdmcp.so.6.0.0
7f0a20901000-7f0a20b00000 ---p 00005000 08:06 3153627                    /usr/lib/x86_64-linux-gnu/libXdmcp.so.6.0.0
7f0a20b00000-7f0a20b01000 r--p 00004000 08:06 3153627                    /usr/lib/x86_64-linux-gnu/libXdmcp.so.6.0.0
7f0a20b01000-7f0a20b02000 rw-p 00005000 08:06 3153627                    /usr/lib/x86_64-linux-gnu/libXdmcp.so.6.0.0
7f0a20b02000-7f0a20b04000 r-xp 00000000 08:06 3153616                    /usr/lib/x86_64-linux-gnu/libXau.so.6.0.0
7f0a20b04000-7f0a20d04000 ---p 00002000 08:06 3153616                    /usr/lib/x86_64-linux-gnu/libXau.so.6.0.0
7f0a20d04000-7f0a20d05000 r--p 00002000 08:06 3153616                    /usr/lib/x86_64-linux-gnu/libXau.so.6.0.0
7f0a20d05000-7f0a20d06000 rw-p 00003000 08:06 3153616                    /usr/lib/x86_64-linux-gnu/libXau.so.6.0.0
7f0a20d06000-7f0a20d23000 r-xp 00000000 08:06 3147529                    /usr/lib/x86_64-linux-gnu/libxcb.so.1.1.0
7f0a20d23000-7f0a20f23000 ---p 0001d000 08:06 3147529                    /usr/lib/x86_64-linux-gnu/libxcb.so.1.1.0
7f0a20f23000-7f0a20f24000 r--p 0001d000 08:06 3147529                    /usr/lib/x86_64-linux-gnu/libxcb.so.1.1.0
7f0a20f24000-7f0a20f25000 rw-p 0001e000 08:06 3147529                    /usr/lib/x86_64-linux-gnu/libxcb.so.1.1.0
7f0a20f25000-7f0a20f34000 r-xp 00000000 08:06 3153637                    /usr/lib/x86_64-linux-gnu/libXi.so.6.1.0
7f0a20f34000-7f0a21133000 ---p 0000f000 08:06 3153637                    /usr/lib/x86_64-linux-gnu/libXi.so.6.1.0
7f0a21133000-7f0a21134000 r--p 0000e000 08:06 3153637                    /usr/lib/x86_64-linux-gnu/libXi.so.6.1.0
7f0a21134000-7f0a21135000 rw-p 0000f000 08:06 3153637                    /usr/lib/x86_64-linux-gnu/libXi.so.6.1.0
7f0a21135000-7f0a2113a000 r-xp 00000000 08:06 3153655                    /usr/lib/x86_64-linux-gnu/libXtst.so.6.1.0
7f0a2113a000-7f0a21339000 ---p 00005000 08:06 3153655                    /usr/lib/x86_64-linux-gnu/libXtst.so.6.1.0
7f0a21339000-7f0a2133a000 r--p 00004000 08:06 3153655                    /usr/lib/x86_64-linux-gnu/libXtst.so.6.1.0
7f0a2133a000-7f0a2133b000 rw-p 00005000 08:06 3153655                    /usr/lib/x86_64-linux-gnu/libXtst.so.6.1.0
7f0a2133b000-7f0a21344000 r-xp 00000000 08:06 3153651                    /usr/lib/x86_64-linux-gnu/libXrender.so.1.3.0
7f0a21344000-7f0a21543000 ---p 00009000 08:06 3153651                    /usr/lib/x86_64-linux-gnu/libXrender.so.1.3.0
7f0a21543000-7f0a21544000 r--p 00008000 08:06 3153651                    /usr/lib/x86_64-linux-gnu/libXrender.so.1.3.0
7f0a21544000-7f0a21545000 rw-p 00009000 08:06 3153651                    /usr/lib/x86_64-linux-gnu/libXrender.so.1.3.0
7f0a21545000-7f0a21675000 r-xp 00000000 08:06 3147538                    /usr/lib/x86_64-linux-gnu/libX11.so.6.3.0
7f0a21675000-7f0a21875000 ---p 00130000 08:06 3147538                    /usr/lib/x86_64-linux-gnu/libX11.so.6.3.0
7f0a21875000-7f0a21876000 r--p 00130000 08:06 3147538                    /usr/lib/x86_64-linux-gnu/libX11.so.6.3.0
7f0a21876000-7f0a2187a000 rw-p 00131000 08:06 3147538                    /usr/lib/x86_64-linux-gnu/libX11.so.6.3.0
7f0a2187a000-7f0a2188b000 r-xp 00000000 08:06 3153629                    /usr/lib/x86_64-linux-gnu/libXext.so.6.4.0
7f0a2188b000-7f0a21a8a000 ---p 00011000 08:06 3153629                    /usr/lib/x86_64-linux-gnu/libXext.so.6.4.0
7f0a21a8a000-7f0a21a8b000 r--p 00010000 08:06 3153629                    /usr/lib/x86_64-linux-gnu/libXext.so.6.4.0
7f0a21a8b000-7f0a21a8c000 rw-p 00011000 08:06 3153629                    /usr/lib/x86_64-linux-gnu/libXext.so.6.4.0
7f0a21a8c000-7f0a21aaa000 r--s 001bb000 08:06 5510388                    /home/mathilde/kinect/processing-2.2.1/lib/ant.jar
7f0a21aaa000-7f0a21aac000 r--s 00002000 08:06 5510387                    /home/mathilde/kinect/processing-2.2.1/lib/ant-launcher.jar
7f0a21aac000-7f0a21aaf000 r--s 00022000 08:06 3168156                    /home/mathilde/sketchbook/libraries/SimpleOpenNI/library/SimpleOpenNI.jar
7f0a21aaf000-7f0a21aff000 r-xp 00000000 08:06 5906190                    /home/mathilde/kinect/processing-2.2.1/java/lib/amd64/xawt/libmawt.so
7f0a21aff000-7f0a21cff000 ---p 00050000 08:06 5906190                    /home/mathilde/kinect/processing-2.2.1/java/lib/amd64/xawt/libmawt.so
7f0a21cff000-7f0a21d03000 rw-p 00050000 08:06 5906190                    /home/mathilde/kinect/processing-2.2.1/java/lib/amd64/xawt/libmawt.so
7f0a21d03000-7f0a21d04000 rw-p 00000000 00:00 0 
7f0a21d04000-7f0a21da7000 r-xp 00000000 08:06 5906191                    /home/mathilde/kinect/processing-2.2.1/java/lib/amd64/libawt.so
7f0a21da7000-7f0a21fa7000 ---p 000a3000 08:06 5906191                    /home/mathilde/kinect/processing-2.2.1/java/lib/amd64/libawt.so
7f0a21fa7000-7f0a21fb3000 rw-p 000a3000 08:06 5906191                    /home/mathilde/kinect/processing-2.2.1/java/lib/amd64/libawt.so
7f0a21fb3000-7f0a21fd7000 rw-p 00000000 00:00 0 
7f0a21fd7000-7f0a21ff8000 r--s 002d0000 08:06 5510271                    /home/mathilde/kinect/processing-2.2.1/core/library/jogl-all.jar
7f0a21ff8000-7f0a21ff9000 ---p 00000000 00:00 0 
7f0a21ff9000-7f0a221fa000 rwxp 00000000 00:00 0                          [stack:10714]
7f0a221fa000-7f0a221fb000 ---p 00000000 00:00 0 
7f0a221fb000-7f0a222fb000 rwxp 00000000 00:00 0                          [stack:10713]
7f0a222fb000-7f0a222fc000 ---p 00000000 00:00 0 
7f0a222fc000-7f0a226ff000 rwxp 00000000 00:00 0                          [stack:10702]
7f0a226ff000-7f0a22703000 r-xp 00000000 08:06 5906192                    /home/mathilde/kinect/processing-2.2.1/java/lib/amd64/libdt_socket.so
7f0a22703000-7f0a22902000 ---p 00004000 08:06 5906192                    /home/mathilde/kinect/processing-2.2.1/java/lib/amd64/libdt_socket.so
7f0a22902000-7f0a22903000 rw-p 00003000 08:06 5906192                    /home/mathilde/kinect/processing-2.2.1/java/lib/amd64/libdt_socket.so
7f0a22903000-7f0a22c06000 rwxp 00000000 00:00 0                          [stack:10699]
7f0a22c06000-7f0a22c07000 ---p 00000000 00:00 0 
7f0a22c07000-7f0a22d07000 rwxp 00000000 00:00 0                          [stack:10698]
7f0a22d07000-7f0a24000000 rw-p 00000000 00:00 0 
7f0a24000000-7f0a24021000 rw-p 00000000 00:00 0 
7f0a24021000-7f0a28000000 ---p 00000000 00:00 0 
7f0a28000000-7f0a28021000 rw-p 00000000 00:00 0 
7f0a28021000-7f0a2c000000 ---p 00000000 00:00 0 
7f0a2c000000-7f0a2c021000 rw-p 00000000 00:00 0 
7f0a2c021000-7f0a30000000 ---p 00000000 00:00 0 
7f0a30000000-7f0a30001000 r--p 00000000 00:00 0 
7f0a30001000-7f0a30997000 rw-p 00000000 00:00 0 
7f0a30997000-7f0a30b54000 r--s 031b5000 08:06 5642422                    /home/mathilde/kinect/processing-2.2.1/java/lib/rt.jar
7f0a30b54000-7f0a32fb2000 rw-p 00000000 00:00 0 
7f0a32fb2000-7f0a32fb3000 ---p 00000000 00:00 0 
7f0a32fb3000-7f0a330b3000 rwxp 00000000 00:00 0                          [stack:10697]
7f0a330b3000-7f0a330b4000 ---p 00000000 00:00 0 
7f0a330b4000-7f0a331b4000 rwxp 00000000 00:00 0                          [stack:10696]
7f0a331b4000-7f0a331b5000 ---p 00000000 00:00 0 
7f0a331b5000-7f0a332b5000 rwxp 00000000 00:00 0                          [stack:10695]
7f0a332b5000-7f0a332b6000 ---p 00000000 00:00 0 
7f0a332b6000-7f0a333b6000 rwxp 00000000 00:00 0                          [stack:10694]
7f0a333b6000-7f0a333b7000 ---p 00000000 00:00 0 
7f0a333b7000-7f0a334b7000 rwxp 00000000 00:00 0                          [stack:10693]
7f0a334b7000-7f0a334b8000 ---p 00000000 00:00 0 
7f0a334b8000-7f0a335b8000 rwxp 00000000 00:00 0                          [stack:10692]
7f0a335b8000-7f0a335b9000 ---p 00000000 00:00 0 
7f0a335b9000-7f0a336b9000 rwxp 00000000 00:00 0                          [stack:10691]
7f0a336b9000-7f0a336ba000 ---p 00000000 00:00 0 
7f0a336ba000-7f0a337ba000 rwxp 00000000 00:00 0                          [stack:10690]
7f0a337ba000-7f0a337cb000 rw-p 00000000 00:00 0 
7f0a337cb000-7f0a337e3000 rw-p 00000000 00:00 0 
7f0a337e3000-7f0a33813000 rw-p 00000000 00:00 0 
7f0a33813000-7f0a3392b000 rw-p 00000000 00:00 0 
7f0a3392b000-7f0a3394d000 rw-p 00000000 00:00 0 
7f0a3394d000-7f0a339cf000 rw-p 00000000 00:00 0 
7f0a339cf000-7f0a339d0000 rw-p 00000000 00:00 0 
7f0a339d0000-7f0a33c40000 rwxp 00000000 00:00 0 
7f0a33c40000-7f0a369d0000 rw-p 00000000 00:00 0 
7f0a369d0000-7f0a369ea000 r-xp 00000000 08:06 5906201                    /home/mathilde/kinect/processing-2.2.1/java/lib/amd64/libzip.so
7f0a369ea000-7f0a36bea000 ---p 0001a000 08:06 5906201                    /home/mathilde/kinect/processing-2.2.1/java/lib/amd64/libzip.so
7f0a36bea000-7f0a36beb000 rw-p 0001a000 08:06 5906201                    /home/mathilde/kinect/processing-2.2.1/java/lib/amd64/libzip.so
7f0a36beb000-7f0a36bf6000 r-xp 00000000 08:06 1839048                    /lib/x86_64-linux-gnu/libnss_files-2.19.so
7f0a36bf6000-7f0a36df5000 ---p 0000b000 08:06 1839048                    /lib/x86_64-linux-gnu/libnss_files-2.19.so
7f0a36df5000-7f0a36df6000 r--p 0000a000 08:06 1839048                    /lib/x86_64-linux-gnu/libnss_files-2.19.so
7f0a36df6000-7f0a36df7000 rw-p 0000b000 08:06 1839048                    /lib/x86_64-linux-gnu/libnss_files-2.19.so
7f0a36df7000-7f0a36e02000 r-xp 00000000 08:06 1840051                    /lib/x86_64-linux-gnu/libnss_nis-2.19.so
7f0a36e02000-7f0a37001000 ---p 0000b000 08:06 1840051                    /lib/x86_64-linux-gnu/libnss_nis-2.19.so
7f0a37001000-7f0a37002000 r--p 0000a000 08:06 1840051                    /lib/x86_64-linux-gnu/libnss_nis-2.19.so
7f0a37002000-7f0a37003000 rw-p 0000b000 08:06 1840051                    /lib/x86_64-linux-gnu/libnss_nis-2.19.so
7f0a37003000-7f0a3701a000 r-xp 00000000 08:06 1840045                    /lib/x86_64-linux-gnu/libnsl-2.19.so
7f0a3701a000-7f0a37219000 ---p 00017000 08:06 1840045                    /lib/x86_64-linux-gnu/libnsl-2.19.so
7f0a37219000-7f0a3721a000 r--p 00016000 08:06 1840045                    /lib/x86_64-linux-gnu/libnsl-2.19.so
7f0a3721a000-7f0a3721b000 rw-p 00017000 08:06 1840045                    /lib/x86_64-linux-gnu/libnsl-2.19.so
7f0a3721b000-7f0a3721d000 rw-p 00000000 00:00 0 
7f0a3721d000-7f0a37226000 r-xp 00000000 08:06 1840053                    /lib/x86_64-linux-gnu/libnss_compat-2.19.so
7f0a37226000-7f0a37425000 ---p 00009000 08:06 1840053                    /lib/x86_64-linux-gnu/libnss_compat-2.19.so
7f0a37425000-7f0a37426000 r--p 00008000 08:06 1840053                    /lib/x86_64-linux-gnu/libnss_compat-2.19.so
7f0a37426000-7f0a37427000 rw-p 00009000 08:06 1840053                    /lib/x86_64-linux-gnu/libnss_compat-2.19.so
7f0a37427000-7f0a37997000 r--p 00000000 08:06 3147618                    /usr/lib/locale/locale-archive
7f0a37997000-7f0a3799a000 r-xp 00000000 08:06 5906186                    /home/mathilde/kinect/processing-2.2.1/java/lib/amd64/libnpt.so
7f0a3799a000-7f0a37b99000 ---p 00003000 08:06 5906186                    /home/mathilde/kinect/processing-2.2.1/java/lib/amd64/libnpt.so
7f0a37b99000-7f0a37b9a000 rw-p 00002000 08:06 5906186                    /home/mathilde/kinect/processing-2.2.1/java/lib/amd64/libnpt.so
7f0a37b9a000-7f0a37bd3000 r-xp 00000000 08:06 5906199                    /home/mathilde/kinect/processing-2.2.1/java/lib/amd64/libjdwp.so
7f0a37bd3000-7f0a37dd3000 ---p 00039000 08:06 5906199                    /home/mathilde/kinect/processing-2.2.1/java/lib/amd64/libjdwp.so
7f0a37dd3000-7f0a37dd4000 rw-p 00039000 08:06 5906199                    /home/mathilde/kinect/processing-2.2.1/java/lib/amd64/libjdwp.so
7f0a37dd4000-7f0a37dd5000 rw-p 00000000 00:00 0 
7f0a37dd5000-7f0a37dfe000 r-xp 00000000 08:06 5906212                    /home/mathilde/kinect/processing-2.2.1/java/lib/amd64/libjava.so
7f0a37dfe000-7f0a37ffe000 ---p 00029000 08:06 5906212                    /home/mathilde/kinect/processing-2.2.1/java/lib/amd64/libjava.so
7f0a37ffe000-7f0a38000000 rw-p 00029000 08:06 5906212                    /home/mathilde/kinect/processing-2.2.1/java/lib/amd64/libjava.so
7f0a38000000-7f0a382ee000 rw-p 00000000 00:00 0 
7f0a382ee000-7f0a3c000000 ---p 00000000 00:00 0 
7f0a3c000000-7f0a3c001000 r--s 0000c000 08:06 5380437                    /home/mathilde/sketchbook/libraries/oscP5-0.9.8/oscP5/library/oscP5.jar
7f0a3c001000-7f0a3c007000 r--s 00041000 08:06 5510260                    /home/mathilde/kinect/processing-2.2.1/core/library/gluegen-rt.jar
7f0a3c007000-7f0a3c018000 rw-p 00000000 00:00 0 
7f0a3c018000-7f0a3c030000 rw-p 00000000 00:00 0 
7f0a3c030000-7f0a3c060000 rw-p 00000000 00:00 0 
7f0a3c060000-7f0a3c178000 rw-p 00000000 00:00 0 
7f0a3c178000-7f0a3c185000 r-xp 00000000 08:06 5906171                    /home/mathilde/kinect/processing-2.2.1/java/lib/amd64/libverify.so
7f0a3c185000-7f0a3c384000 ---p 0000d000 08:06 5906171                    /home/mathilde/kinect/processing-2.2.1/java/lib/amd64/libverify.so
7f0a3c384000-7f0a3c386000 rw-p 0000c000 08:06 5906171                    /home/mathilde/kinect/processing-2.2.1/java/lib/amd64/libverify.so
7f0a3c386000-7f0a3c38d000 r-xp 00000000 08:06 1840067                    /lib/x86_64-linux-gnu/librt-2.19.so
7f0a3c38d000-7f0a3c58c000 ---p 00007000 08:06 1840067                    /lib/x86_64-linux-gnu/librt-2.19.so
7f0a3c58c000-7f0a3c58d000 r--p 00006000 08:06 1840067                    /lib/x86_64-linux-gnu/librt-2.19.so
7f0a3c58d000-7f0a3c58e000 rw-p 00007000 08:06 1840067                    /lib/x86_64-linux-gnu/librt-2.19.so
7f0a3c58e000-7f0a3c693000 r-xp 00000000 08:06 1839050                    /lib/x86_64-linux-gnu/libm-2.19.so
7f0a3c693000-7f0a3c892000 ---p 00105000 08:06 1839050                    /lib/x86_64-linux-gnu/libm-2.19.so
7f0a3c892000-7f0a3c893000 r--p 00104000 08:06 1839050                    /lib/x86_64-linux-gnu/libm-2.19.so
7f0a3c893000-7f0a3c894000 rw-p 00105000 08:06 1839050                    /lib/x86_64-linux-gnu/libm-2.19.so
7f0a3c894000-7f0a3d3f6000 r-xp 00000000 08:06 5906184                    /home/mathilde/kinect/processing-2.2.1/java/lib/amd64/server/libjvm.so
7f0a3d3f6000-7f0a3d5f6000 ---p 00b62000 08:06 5906184                    /home/mathilde/kinect/processing-2.2.1/java/lib/amd64/server/libjvm.so
7f0a3d5f6000-7f0a3d6b9000 rw-p 00b62000 08:06 5906184                    /home/mathilde/kinect/processing-2.2.1/java/lib/amd64/server/libjvm.so
7f0a3d6b9000-7f0a3d6fa000 rw-p 00000000 00:00 0 
7f0a3d6fa000-7f0a3d8b6000 r-xp 00000000 08:06 1839044                    /lib/x86_64-linux-gnu/libc-2.19.so
7f0a3d8b6000-7f0a3dab5000 ---p 001bc000 08:06 1839044                    /lib/x86_64-linux-gnu/libc-2.19.so
7f0a3dab5000-7f0a3dab9000 r--p 001bb000 08:06 1839044                    /lib/x86_64-linux-gnu/libc-2.19.so
7f0a3dab9000-7f0a3dabb000 rw-p 001bf000 08:06 1839044                    /lib/x86_64-linux-gnu/libc-2.19.so
7f0a3dabb000-7f0a3dac0000 rw-p 00000000 00:00 0 
7f0a3dac0000-7f0a3dac3000 r-xp 00000000 08:06 1840059                    /lib/x86_64-linux-gnu/libdl-2.19.so
7f0a3dac3000-7f0a3dcc2000 ---p 00003000 08:06 1840059                    /lib/x86_64-linux-gnu/libdl-2.19.so
7f0a3dcc2000-7f0a3dcc3000 r--p 00002000 08:06 1840059                    /lib/x86_64-linux-gnu/libdl-2.19.so
7f0a3dcc3000-7f0a3dcc4000 rw-p 00003000 08:06 1840059                    /lib/x86_64-linux-gnu/libdl-2.19.so
7f0a3dcc4000-7f0a3dcda000 r-xp 00000000 08:06 5906168                    /home/mathilde/kinect/processing-2.2.1/java/lib/amd64/jli/libjli.so
7f0a3dcda000-7f0a3deda000 ---p 00016000 08:06 5906168                    /home/mathilde/kinect/processing-2.2.1/java/lib/amd64/jli/libjli.so
7f0a3deda000-7f0a3dedb000 rw-p 00016000 08:06 5906168                    /home/mathilde/kinect/processing-2.2.1/java/lib/amd64/jli/libjli.so
7f0a3dedb000-7f0a3def4000 r-xp 00000000 08:06 1840065                    /lib/x86_64-linux-gnu/libpthread-2.19.so
7f0a3def4000-7f0a3e0f3000 ---p 00019000 08:06 1840065                    /lib/x86_64-linux-gnu/libpthread-2.19.so
7f0a3e0f3000-7f0a3e0f4000 r--p 00018000 08:06 1840065                    /lib/x86_64-linux-gnu/libpthread-2.19.so
7f0a3e0f4000-7f0a3e0f5000 rw-p 00019000 08:06 1840065                    /lib/x86_64-linux-gnu/libpthread-2.19.so
7f0a3e0f5000-7f0a3e0f9000 rw-p 00000000 00:00 0 
7f0a3e0f9000-7f0a3e11c000 r-xp 00000000 08:06 1838946                    /lib/x86_64-linux-gnu/ld-2.19.so
7f0a3e11c000-7f0a3e11d000 r--s 00034000 08:06 5510269                    /home/mathilde/kinect/processing-2.2.1/core/library/jogl-all-natives-windows-amd64.jar
7f0a3e11d000-7f0a3e11e000 r--s 00001000 08:06 5510261                    /home/mathilde/kinect/processing-2.2.1/core/library/gluegen-rt-natives-windows-amd64.jar
7f0a3e11e000-7f0a3e11f000 r--s 00000000 08:06 5510272                    /home/mathilde/kinect/processing-2.2.1/core/library/gluegen-rt-natives-linux-armv6hf.jar
7f0a3e11f000-7f0a3e120000 r--s 00001000 08:06 5510270                    /home/mathilde/kinect/processing-2.2.1/core/library/gluegen-rt-natives-macosx-universal.jar
7f0a3e120000-7f0a3e121000 r--s 0002d000 08:06 5510258                    /home/mathilde/kinect/processing-2.2.1/core/library/jogl-all-natives-windows-i586.jar
7f0a3e121000-7f0a3e122000 r--s 00000000 08:06 5510262                    /home/mathilde/kinect/processing-2.2.1/core/library/gluegen-rt-natives-linux-i586.jar
7f0a3e122000-7f0a3e123000 r--s 00001000 08:06 5510273                    /home/mathilde/kinect/processing-2.2.1/core/library/gluegen-rt-natives-windows-i586.jar
7f0a3e123000-7f0a3e125000 r--s 00030000 08:06 5510263                    /home/mathilde/kinect/processing-2.2.1/core/library/jogl-all-natives-linux-i586.jar
7f0a3e125000-7f0a3e126000 r--s 00022000 08:06 5510266                    /home/mathilde/kinect/processing-2.2.1/core/library/jogl-all-natives-linux-armv6hf.jar
7f0a3e126000-7f0a3e12d000 r--s 00000000 08:06 3550446                    /usr/lib/x86_64-linux-gnu/gconv/gconv-modules.cache
7f0a3e12d000-7f0a3e131000 r--s 00097000 08:06 5510265                    /home/mathilde/kinect/processing-2.2.1/core/library/core.jar
7f0a3e131000-7f0a3e13b000 rw-p 00000000 00:00 0 
7f0a3e13b000-7f0a3e1f1000 rw-p 00000000 00:00 0 
7f0a3e1f1000-7f0a3e1f2000 ---p 00000000 00:00 0 
7f0a3e1f2000-7f0a3e2f2000 rwxp 00000000 00:00 0                          [stack:10689]
7f0a3e2f2000-7f0a3e2f6000 rw-p 00000000 00:00 0 
7f0a3e2f6000-7f0a3e2f7000 r--s 00063000 08:06 5510259                    /home/mathilde/kinect/processing-2.2.1/core/library/jogl-all-natives-macosx-universal.jar
7f0a3e2f7000-7f0a3e2f8000 r--s 00000000 08:06 5510264                    /home/mathilde/kinect/processing-2.2.1/core/library/gluegen-rt-natives-linux-amd64.jar
7f0a3e2f8000-7f0a3e2f9000 r--s 00031000 08:06 5510268                    /home/mathilde/kinect/processing-2.2.1/core/library/jogl-all-natives-linux-amd64.jar
7f0a3e2f9000-7f0a3e30f000 rw-p 00000000 00:00 0 
7f0a3e30f000-7f0a3e317000 rw-s 00000000 08:06 5383529                    /tmp/hsperfdata_mathilde/10688
7f0a3e317000-7f0a3e318000 rw-p 00000000 00:00 0 
7f0a3e318000-7f0a3e319000 r--p 00000000 00:00 0 
7f0a3e319000-7f0a3e31b000 rw-p 00000000 00:00 0 
7f0a3e31b000-7f0a3e31c000 r--p 00022000 08:06 1838946                    /lib/x86_64-linux-gnu/ld-2.19.so
7f0a3e31c000-7f0a3e31d000 rw-p 00023000 08:06 1838946                    /lib/x86_64-linux-gnu/ld-2.19.so
7f0a3e31d000-7f0a3e31e000 rw-p 00000000 00:00 0 
7fffd09a4000-7fffd09c4000 rwxp 00000000 00:00 0                          [stack]
7fffd09c4000-7fffd09c7000 rw-p 00000000 00:00 0 
7fffd09fe000-7fffd0a00000 r-xp 00000000 00:00 0                          [vdso]
ffffffffff600000-ffffffffff601000 r-xp 00000000 00:00 0                  [vsyscall]

VM Arguments:
jvm_args: -agentlib:jdwp=transport=dt_socket,address=8606,server=y,suspend=y -Djava.library.path=:/home/mathilde/sketchbook/libraries/SimpleOpenNI/library:/home/mathilde/sketchbook/libraries/oscP5-0.9.8/oscP5/library:/usr/java/packages/lib/amd64:/usr/lib64:/lib64:/lib:/usr/lib -ea 
java_command: processing.core.PApplet --location=171,28 --external --display=0 pointsMain --sketch-path=/home/mathilde/pointsMain
Launcher Type: SUN_STANDARD

Environment Variables:
CLASSPATH=/home/mathilde/kinect/processing-2.2.1/java/lib/rt.jar:/home/mathilde/kinect/processing-2.2.1/lib/ant-launcher.jar:/home/mathilde/kinect/processing-2.2.1/lib/ant.jar:/home/mathilde/kinect/processing-2.2.1/lib/antlr.jar:/home/mathilde/kinect/processing-2.2.1/lib/com.ibm.icu_4.4.2.v20110823.jar:/home/mathilde/kinect/processing-2.2.1/lib/jdi.jar:/home/mathilde/kinect/processing-2.2.1/lib/jdimodel.jar:/home/mathilde/kinect/processing-2.2.1/lib/jna.jar:/home/mathilde/kinect/processing-2.2.1/lib/org-netbeans-swing-outline.jar:/home/mathilde/kinect/processing-2.2.1/lib/org.eclipse.osgi_3.8.1.v20120830-144521.jar:/home/mathilde/kinect/processing-2.2.1/lib/pde.jar:/home/mathilde/kinect/processing-2.2.1/core/library/core.jar:/home/mathilde/kinect/processing-2.2.1/core/library/gluegen-rt-natives-linux-amd64.jar:/home/mathilde/kinect/processing-2.2.1/core/library/gluegen-rt-natives-linux-armv6hf.jar:/home/mathilde/kinect/processing-2.2.1/core/library/gluegen-rt-natives-linux-i586.jar:/home/mathilde/kinect/processing-2.2.1/core/library/gluegen-rt-natives-macosx-universal.jar:/home/mathilde/kinect/processing-2.2.1/core/library/gluegen-rt-natives-windows-amd64.jar:/home/mathilde/kinect/processing-2.2.1/core/library/gluegen-rt-natives-windows-i586.jar:/home/mathilde/kinect/processing-2.2.1/core/library/gluegen-rt.jar:/home/mathilde/kinect/processing-2.2.1/core/library/jogl-all-natives-linux-amd64.jar:/home/mathilde/kinect/processing-2.2.1/core/library/jogl-all-natives-linux-armv6hf.jar:/home/mathilde/kinect/processing-2.2.1/core/library/jogl-all-natives-linux-i586.jar:/home/mathilde/kinect/processing-2.2.1/core/library/jogl-all-natives-macosx-universal.jar:/home/mathilde/kinect/processing-2.2.1/core/library/jogl-all-natives-windows-amd64.jar:/home/mathilde/kinect/processing-2.2.1/core/library/jogl-all-natives-windows-i586.jar:/home/mathilde/kinect/processing-2.2.1/core/library/jogl-all.jar
PATH=/home/mathilde/kinect/processing-2.2.1/java/bin:/usr/local/sbin:/usr/local/bin:/usr/sbin:/usr/bin:/sbin:/bin:/usr/games:/usr/local/games
SHELL=/bin/bash
DISPLAY=:0

Signal Handlers:
SIGSEGV: [libjvm.so+0x992d50], sa_mask[0]=0x7ffbfeff, sa_flags=0x10000004
SIGBUS: [libjvm.so+0x992d50], sa_mask[0]=0x7ffbfeff, sa_flags=0x10000004
SIGFPE: [libjvm.so+0x80fb00], sa_mask[0]=0x7ffbfeff, sa_flags=0x10000004
SIGPIPE: [libjvm.so+0x80fb00], sa_mask[0]=0x7ffbfeff, sa_flags=0x10000004
SIGXFSZ: [libjvm.so+0x80fb00], sa_mask[0]=0x7ffbfeff, sa_flags=0x10000004
SIGILL: [libjvm.so+0x80fb00], sa_mask[0]=0x7ffbfeff, sa_flags=0x10000004
SIGUSR1: SIG_DFL, sa_mask[0]=0x00000000, sa_flags=0x00000000
SIGUSR2: [libjvm.so+0x810ff0], sa_mask[0]=0x00000004, sa_flags=0x10000004
SIGHUP: [libjvm.so+0x811f60], sa_mask[0]=0x7ffbfeff, sa_flags=0x10000004
SIGINT: SIG_IGN, sa_mask[0]=0x00000000, sa_flags=0x00000000
SIGTERM: [libjvm.so+0x811f60], sa_mask[0]=0x7ffbfeff, sa_flags=0x10000004
SIGQUIT: [libjvm.so+0x811f60], sa_mask[0]=0x7ffbfeff, sa_flags=0x10000004


---------------  S Y S T E M  ---------------

OS:jessie/sid

uname:Linux 3.13.0-24-generic #46-Ubuntu SMP Thu Apr 10 19:11:08 UTC 2014 x86_64
libc:glibc 2.19 NPTL 2.19 
rlimit: STACK 8192k, CORE 0k, NPROC 31312, NOFILE 4096, AS infinity
load average:2,21 2,38 2,41

/proc/meminfo:
MemTotal:        4029488 kB
MemFree:          453032 kB
Buffers:           64524 kB
Cached:           738868 kB
SwapCached:        25788 kB
Active:          2435440 kB
Inactive:         889452 kB
Active(anon):    1987112 kB
Inactive(anon):   575644 kB
Active(file):     448328 kB
Inactive(file):   313808 kB
Unevictable:          32 kB
Mlocked:              32 kB
SwapTotal:       4173820 kB
SwapFree:        3917964 kB
Dirty:              1616 kB
Writeback:             0 kB
AnonPages:       2501140 kB
Mapped:           186984 kB
Shmem:             41252 kB
Slab:             118652 kB
SReclaimable:      76868 kB
SUnreclaim:        41784 kB
KernelStack:        5248 kB
PageTables:        36780 kB
NFS_Unstable:          0 kB
Bounce:                0 kB
WritebackTmp:          0 kB
CommitLimit:     6188564 kB
Committed_AS:    6660592 kB
VmallocTotal:   34359738367 kB
VmallocUsed:      330240 kB
VmallocChunk:   34359276352 kB
HardwareCorrupted:     0 kB
AnonHugePages:    790528 kB
HugePages_Total:       0
HugePages_Free:        0
HugePages_Rsvd:        0
HugePages_Surp:        0
Hugepagesize:       2048 kB
DirectMap4k:       96512 kB
DirectMap2M:     4079616 kB


CPU:total 8 (4 cores per cpu, 2 threads per core) family 6 model 42 stepping 7, cmov, cx8, fxsr, mmx, sse, sse2, sse3, ssse3, sse4.1, sse4.2, popcnt, avx, aes, ht, tsc, tscinvbit

/proc/cpuinfo:
processor	: 0
vendor_id	: GenuineIntel
cpu family	: 6
model		: 42
model name	: Intel(R) Core(TM) i7-2670QM CPU @ 2.20GHz
stepping	: 7
microcode	: 0x1b
cpu MHz		: 1200.000
cache size	: 6144 KB
physical id	: 0
siblings	: 8
core id		: 0
cpu cores	: 4
apicid		: 0
initial apicid	: 0
fpu		: yes
fpu_exception	: yes
cpuid level	: 13
wp		: yes
flags		: fpu vme de pse tsc msr pae mce cx8 apic sep mtrr pge mca cmov pat pse36 clflush dts acpi mmx fxsr sse sse2 ss ht tm pbe syscall nx rdtscp lm constant_tsc arch_perfmon pebs bts rep_good nopl xtopology nonstop_tsc aperfmperf eagerfpu pni pclmulqdq dtes64 monitor ds_cpl vmx est tm2 ssse3 cx16 xtpr pdcm pcid sse4_1 sse4_2 x2apic popcnt tsc_deadline_timer aes xsave avx lahf_lm ida arat epb xsaveopt pln pts dtherm tpr_shadow vnmi flexpriority ept vpid
bogomips	: 4390.38
clflush size	: 64
cache_alignment	: 64
address sizes	: 36 bits physical, 48 bits virtual
power management:

processor	: 1
vendor_id	: GenuineIntel
cpu family	: 6
model		: 42
model name	: Intel(R) Core(TM) i7-2670QM CPU @ 2.20GHz
stepping	: 7
microcode	: 0x1b
cpu MHz		: 800.000
cache size	: 6144 KB
physical id	: 0
siblings	: 8
core id		: 0
cpu cores	: 4
apicid		: 1
initial apicid	: 1
fpu		: yes
fpu_exception	: yes
cpuid level	: 13
wp		: yes
flags		: fpu vme de pse tsc msr pae mce cx8 apic sep mtrr pge mca cmov pat pse36 clflush dts acpi mmx fxsr sse sse2 ss ht tm pbe syscall nx rdtscp lm constant_tsc arch_perfmon pebs bts rep_good nopl xtopology nonstop_tsc aperfmperf eagerfpu pni pclmulqdq dtes64 monitor ds_cpl vmx est tm2 ssse3 cx16 xtpr pdcm pcid sse4_1 sse4_2 x2apic popcnt tsc_deadline_timer aes xsave avx lahf_lm ida arat epb xsaveopt pln pts dtherm tpr_shadow vnmi flexpriority ept vpid
bogomips	: 4390.38
clflush size	: 64
cache_alignment	: 64
address sizes	: 36 bits physical, 48 bits virtual
power management:

processor	: 2
vendor_id	: GenuineIntel
cpu family	: 6
model		: 42
model name	: Intel(R) Core(TM) i7-2670QM CPU @ 2.20GHz
stepping	: 7
microcode	: 0x1b
cpu MHz		: 2201.000
cache size	: 6144 KB
physical id	: 0
siblings	: 8
core id		: 1
cpu cores	: 4
apicid		: 2
initial apicid	: 2
fpu		: yes
fpu_exception	: yes
cpuid level	: 13
wp		: yes
flags		: fpu vme de pse tsc msr pae mce cx8 apic sep mtrr pge mca cmov pat pse36 clflush dts acpi mmx fxsr sse sse2 ss ht tm pbe syscall nx rdtscp lm constant_tsc arch_perfmon pebs bts rep_good nopl xtopology nonstop_tsc aperfmperf eagerfpu pni pclmulqdq dtes64 monitor ds_cpl vmx est tm2 ssse3 cx16 xtpr pdcm pcid sse4_1 sse4_2 x2apic popcnt tsc_deadline_timer aes xsave avx lahf_lm ida arat epb xsaveopt pln pts dtherm tpr_shadow vnmi flexpriority ept vpid
bogomips	: 4390.38
clflush size	: 64
cache_alignment	: 64
address sizes	: 36 bits physical, 48 bits virtual
power management:

processor	: 3
vendor_id	: GenuineIntel
cpu family	: 6
model		: 42
model name	: Intel(R) Core(TM) i7-2670QM CPU @ 2.20GHz
stepping	: 7
microcode	: 0x1b
cpu MHz		: 2201.000
cache size	: 6144 KB
physical id	: 0
siblings	: 8
core id		: 1
cpu cores	: 4
apicid		: 3
initial apicid	: 3
fpu		: yes
fpu_exception	: yes
cpuid level	: 13
wp		: yes
flags		: fpu vme de pse tsc msr pae mce cx8 apic sep mtrr pge mca cmov pat pse36 clflush dts acpi mmx fxsr sse sse2 ss ht tm pbe syscall nx rdtscp lm constant_tsc arch_perfmon pebs bts rep_good nopl xtopology nonstop_tsc aperfmperf eagerfpu pni pclmulqdq dtes64 monitor ds_cpl vmx est tm2 ssse3 cx16 xtpr pdcm pcid sse4_1 sse4_2 x2apic popcnt tsc_deadline_timer aes xsave avx lahf_lm ida arat epb xsaveopt pln pts dtherm tpr_shadow vnmi flexpriority ept vpid
bogomips	: 4390.38
clflush size	: 64
cache_alignment	: 64
address sizes	: 36 bits physical, 48 bits virtual
power management:

processor	: 4
vendor_id	: GenuineIntel
cpu family	: 6
model		: 42
model name	: Intel(R) Core(TM) i7-2670QM CPU @ 2.20GHz
stepping	: 7
microcode	: 0x1b
cpu MHz		: 2201.000
cache size	: 6144 KB
physical id	: 0
siblings	: 8
core id		: 2
cpu cores	: 4
apicid		: 4
initial apicid	: 4
fpu		: yes
fpu_exception	: yes
cpuid level	: 13
wp		: yes
flags		: fpu vme de pse tsc msr pae mce cx8 apic sep mtrr pge mca cmov pat pse36 clflush dts acpi mmx fxsr sse sse2 ss ht tm pbe syscall nx rdtscp lm constant_tsc arch_perfmon pebs bts rep_good nopl xtopology nonstop_tsc aperfmperf eagerfpu pni pclmulqdq dtes64 monitor ds_cpl vmx est tm2 ssse3 cx16 xtpr pdcm pcid sse4_1 sse4_2 x2apic popcnt tsc_deadline_timer aes xsave avx lahf_lm ida arat epb xsaveopt pln pts dtherm tpr_shadow vnmi flexpriority ept vpid
bogomips	: 4390.38
clflush size	: 64
cache_alignment	: 64
address sizes	: 36 bits physical, 48 bits virtual
power management:

processor	: 5
vendor_id	: GenuineIntel
cpu family	: 6
model		: 42
model name	: Intel(R) Core(TM) i7-2670QM CPU @ 2.20GHz
stepping	: 7
microcode	: 0x1b
cpu MHz		: 800.000
cache size	: 6144 KB
physical id	: 0
siblings	: 8
core id		: 2
cpu cores	: 4
apicid		: 5
initial apicid	: 5
fpu		: yes
fpu_exception	: yes
cpuid level	: 13
wp		: yes
flags		: fpu vme de pse tsc msr pae mce cx8 apic sep mtrr pge mca cmov pat pse36 clflush dts acpi mmx fxsr sse sse2 ss ht tm pbe syscall nx rdtscp lm constant_tsc arch_perfmon pebs bts rep_good nopl xtopology nonstop_tsc aperfmperf eagerfpu pni pclmulqdq dtes64 monitor ds_cpl vmx est tm2 ssse3 cx16 xtpr pdcm pcid sse4_1 sse4_2 x2apic popcnt tsc_deadline_timer aes xsave avx lahf_lm ida arat epb xsaveopt pln pts dtherm tpr_shadow vnmi flexpriority ept vpid
bogomips	: 4390.38
clflush size	: 64
cache_alignment	: 64
address sizes	: 36 bits physical, 48 bits virtual
power management:

processor	: 6
vendor_id	: GenuineIntel
cpu family	: 6
model		: 42
model name	: Intel(R) Core(TM) i7-2670QM CPU @ 2.20GHz
stepping	: 7
microcode	: 0x1b
cpu MHz		: 2201.000
cache size	: 6144 KB
physical id	: 0
siblings	: 8
core id		: 3
cpu cores	: 4
apicid		: 6
initial apicid	: 6
fpu		: yes
fpu_exception	: yes
cpuid level	: 13
wp		: yes
flags		: fpu vme de pse tsc msr pae mce cx8 apic sep mtrr pge mca cmov pat pse36 clflush dts acpi mmx fxsr sse sse2 ss ht tm pbe syscall nx rdtscp lm constant_tsc arch_perfmon pebs bts rep_good nopl xtopology nonstop_tsc aperfmperf eagerfpu pni pclmulqdq dtes64 monitor ds_cpl vmx est tm2 ssse3 cx16 xtpr pdcm pcid sse4_1 sse4_2 x2apic popcnt tsc_deadline_timer aes xsave avx lahf_lm ida arat epb xsaveopt pln pts dtherm tpr_shadow vnmi flexpriority ept vpid
bogomips	: 4390.38
clflush size	: 64
cache_alignment	: 64
address sizes	: 36 bits physical, 48 bits virtual
power management:

processor	: 7
vendor_id	: GenuineIntel
cpu family	: 6
model		: 42
model name	: Intel(R) Core(TM) i7-2670QM CPU @ 2.20GHz
stepping	: 7
microcode	: 0x1b
cpu MHz		: 2201.000
cache size	: 6144 KB
physical id	: 0
siblings	: 8
core id		: 3
cpu cores	: 4
apicid		: 7
initial apicid	: 7
fpu		: yes
fpu_exception	: yes
cpuid level	: 13
wp		: yes
flags		: fpu vme de pse tsc msr pae mce cx8 apic sep mtrr pge mca cmov pat pse36 clflush dts acpi mmx fxsr sse sse2 ss ht tm pbe syscall nx rdtscp lm constant_tsc arch_perfmon pebs bts rep_good nopl xtopology nonstop_tsc aperfmperf eagerfpu pni pclmulqdq dtes64 monitor ds_cpl vmx est tm2 ssse3 cx16 xtpr pdcm pcid sse4_1 sse4_2 x2apic popcnt tsc_deadline_timer aes xsave avx lahf_lm ida arat epb xsaveopt pln pts dtherm tpr_shadow vnmi flexpriority ept vpid
bogomips	: 4390.38
clflush size	: 64
cache_alignment	: 64
address sizes	: 36 bits physical, 48 bits virtual
power management:



Memory: 4k page, physical 4029488k(453032k free), swap 4173820k(3917964k free)

vm_info: Java HotSpot(TM) 64-Bit Server VM (24.0-b56) for linux-amd64 JRE (1.7.0_40-b43), built on Aug 26 2013 23:53:33 by "java_re" with gcc 4.3.0 20080428 (Red Hat 4.3.0-8)

time: Mon Jun  2 20:56:00 2014
elapsed time: 4 seconds

