#
# A fatal error has been detected by the Java Runtime Environment:
#
#  SIGSEGV (0xb) at pc=0x00007fdf810fa615, pid=10460, tid=140599538915072
#
# JRE version: Java(TM) SE Runtime Environment (7.0_40-b43) (build 1.7.0_40-b43)
# Java VM: Java HotSpot(TM) 64-Bit Server VM (24.0-b56 mixed mode linux-amd64 compressed oops)
# Problematic frame:
# C  [libXnVFeatures_1_5_2.so+0x8b615]  Segmentation::detectionByPoint(bool, std::vector<Vector2D<int>, std::allocator<Vector2D<int> > > const*)+0x105
#
# Failed to write core dump. Core dumps have been disabled. To enable core dumping, try "ulimit -c unlimited" before starting Java again
#
# If you would like to submit a bug report, please visit:
#   http://bugreport.sun.com/bugreport/crash.jsp
# The crash happened outside the Java Virtual Machine in native code.
# See problematic frame for where to report the bug.
#

---------------  T H R E A D  ---------------

Current thread (0x00007fe0042d9000):  JavaThread "AWT-EventQueue-0" [_thread_in_native, id=10494, stack(0x00007fdfe1829000,0x00007fdfe192a000)]

siginfo:si_signo=SIGSEGV: si_errno=0, si_code=1 (SEGV_MAPERR), si_addr=0x00007fdd9d8b7740

Registers:
RAX=0x00007fdf9d8b7740, RBX=0x00007fdf6f8d4030, RCX=0x000000000000000a, RDX=0xffffffff80000000
RSP=0x00007fdfe1926f60, RBP=0x00007fdf7eb2ce60, RSI=0x00007fdf6f97bc60, RDI=0x0000000080000000
R8 =0x0000000000000000, R9 =0x0000000080000000, R10=0x00007fdf7ebeba21, R11=0x0000000000000000
R12=0x00007fdf8169cd88, R13=0x00007fdfe19270c0, R14=0x00007fdf7eb88060, R15=0x0000000000000000
RIP=0x00007fdf810fa615, EFLAGS=0x0000000000010a12, CSGSFS=0x0000000000000033, ERR=0x0000000000000004
  TRAPNO=0x000000000000000e

Top of Stack: (sp=0x00007fdfe1926f60)
0x00007fdfe1926f60:   00007fdf6f43aae0 7fffffff00000001
0x00007fdfe1926f70:   00007fdf6f43aae0 00007fdf7eb2cfe0
0x00007fdfe1926f80:   00007fdf7eb2e2e0 00007fdf7eb2ce60
0x00007fdfe1926f90:   00007fdf7eb2cfe0 00007fdf7eb27d80
0x00007fdfe1926fa0:   00007fdfe19270c0 00007fdf7db9c050
0x00007fdfe1926fb0:   0000000000000000 00007fdf81101bc0
0x00007fdfe1926fc0:   00000000002b8f61 00000000002b8f61
0x00007fdfe1926fd0:   0000000000000000 3ff0000000000000
0x00007fdfe1926fe0:   00007fdf8169d5a8 0000000000000001
0x00007fdfe1926ff0:   0000000000000040 00007fdf7db9c010
0x00007fdfe1927000:   00007fdf7eb27d80 00007fdf7eb06f88
0x00007fdfe1927010:   00007fdf7db9c050 00007fdf7db9c028
0x00007fdfe1927020:   00007fdfe19270c0 00007fdf810ea99b
0x00007fdfe1927030:   00007fdf7ec1d190 0000000000000008
0x00007fdfe1927040:   00000000002b8057 00000000002b8057
0x00007fdfe1927050:   0000000000000000 3ff0000000000000
0x00007fdfe1927060:   0000000000000000 00007fdf810c48bd
0x00007fdfe1927070:   00007fdfe19270e0 00007fdfe140601c
0x00007fdfe1927080:   0000000000000001 00007fdfe1406000
0x00007fdfe1927090:   00007fdf9d837320 00007fdf9c1af500
0x00007fdfe19270a0:   00007fe0042d9000 00007fdf810c003f
0x00007fdfe19270b0:   00000000000000f2 00007fe00b794429
0x00007fdfe19270c0:   00007fdf6f8d4030 00007fdf6f8d4038
0x00007fdfe19270d0:   00007fdf6f8d4038 000000009d8378e8
0x00007fdfe19270e0:   0000007900000025 00007fdf9d837320
0x00007fdfe19270f0:   00007fdf9d837320 00007fdf9d837320
0x00007fdfe1927100:   00007fdf9cc6d4e0 0000000000000051
0x00007fdfe1927110:   00007fdf6f19e1f0 00007fdf810c05bf
0x00007fdfe1927120:   0001000200000007 00007fdf78015740
0x00007fdfe1927130:   00007fdf81686d10 0000000000000000
0x00007fdfe1927140:   0000000000039070 0009600000000002
0x00007fdfe1927150:   ffffffff00000001 00007fdfe1927194 

Instructions: (pc=0x00007fdf810fa615)
0x00007fdf810fa5f5:   e6 05 49 01 ee 41 8b 46 18 41 2b 46 0c 49 63 56
0x00007fdf810fa605:   1c f3 0f 2a c0 48 8b 85 50 a3 0e 00 48 8b 40 60
0x00007fdf810fa615:   f3 0f 59 04 90 f3 0f 2c c0 3d 1f 03 00 00 0f 8e
0x00007fdf810fa625:   4f ff ff ff 44 89 fe 48 89 ef 89 44 24 08 4c 89 

Register to memory mapping:

RAX=0x00007fdf9d8b7740 is an unknown value
RBX=0x00007fdf6f8d4030 is an unknown value
RCX=0x000000000000000a is an unknown value
RDX=0xffffffff80000000 is an unknown value
RSP=0x00007fdfe1926f60 is pointing into the stack for thread: 0x00007fe0042d9000
RBP=0x00007fdf7eb2ce60 is an unknown value
RSI=0x00007fdf6f97bc60 is an unknown value
RDI=0x0000000080000000 is an unknown value
R8 =0x0000000000000000 is an unknown value
R9 =0x0000000080000000 is an unknown value
R10=0x00007fdf7ebeba21 is an unknown value
R11=0x0000000000000000 is an unknown value
R12=0x00007fdf8169cd88: <offset 0x62dd88> in /usr/lib/libXnVFeatures_1_5_2.so at 0x00007fdf8106f000
R13=0x00007fdfe19270c0 is pointing into the stack for thread: 0x00007fe0042d9000
R14=0x00007fdf7eb88060 is an unknown value
R15=0x0000000000000000 is an unknown value


Stack: [0x00007fdfe1829000,0x00007fdfe192a000],  sp=0x00007fdfe1926f60,  free space=1015k
Native frames: (J=compiled Java code, j=interpreted, Vv=VM code, C=native code)
C  [libXnVFeatures_1_5_2.so+0x8b615]  Segmentation::detectionByPoint(bool, std::vector<Vector2D<int>, std::allocator<Vector2D<int> > > const*)+0x105

Java frames: (J=compiled Java code, j=interpreted, Vv=VM code)
j  SimpleOpenNI.SimpleOpenNIJNI.ContextWrapper_updateSwigExplicitContextWrapper__SWIG_0(JLSimpleOpenNI/ContextWrapper;)V+0
j  SimpleOpenNI.ContextWrapper.update()V+26
j  SimpleOpenNI.SimpleOpenNI.update()V+1
j  pointsMain.draw()V+4
j  processing.core.PApplet.handleDraw()V+231
j  processing.opengl.PJOGL$PGLListener.display(Ljavax/media/opengl/GLAutoDrawable;)V+476
j  jogamp.opengl.GLDrawableHelper.displayImpl(Ljavax/media/opengl/GLAutoDrawable;)V+81
j  jogamp.opengl.GLDrawableHelper.display(Ljavax/media/opengl/GLAutoDrawable;)V+2
j  javax.media.opengl.awt.GLCanvas$10.run()V+118
j  jogamp.opengl.GLDrawableHelper.invokeGLImpl(Ljavax/media/opengl/GLDrawable;Ljavax/media/opengl/GLContext;Ljava/lang/Runnable;Ljava/lang/Runnable;)V+206
j  jogamp.opengl.GLDrawableHelper.invokeGL(Ljavax/media/opengl/GLDrawable;Ljavax/media/opengl/GLContext;Ljava/lang/Runnable;Ljava/lang/Runnable;)V+80
j  javax.media.opengl.awt.GLCanvas$11.run()V+73
j  java.awt.event.InvocationEvent.dispatch()V+11
j  java.awt.EventQueue.dispatchEventImpl(Ljava/awt/AWTEvent;Ljava/lang/Object;)V+21
j  java.awt.EventQueue.access$200(Ljava/awt/EventQueue;Ljava/awt/AWTEvent;Ljava/lang/Object;)V+3
j  java.awt.EventQueue$3.run()Ljava/lang/Void;+12
j  java.awt.EventQueue$3.run()Ljava/lang/Object;+1
v  ~StubRoutines::call_stub
j  java.security.AccessController.doPrivileged(Ljava/security/PrivilegedAction;Ljava/security/AccessControlContext;)Ljava/lang/Object;+0
j  java.security.ProtectionDomain$1.doIntersectionPrivilege(Ljava/security/PrivilegedAction;Ljava/security/AccessControlContext;Ljava/security/AccessControlContext;)Ljava/lang/Object;+28
j  java.awt.EventQueue.dispatchEvent(Ljava/awt/AWTEvent;)V+46
j  java.awt.EventDispatchThread.pumpOneEventForFilters(I)V+245
j  java.awt.EventDispatchThread.pumpEventsForFilter(ILjava/awt/Conditional;Ljava/awt/EventFilter;)V+35
j  java.awt.EventDispatchThread.pumpEventsForHierarchy(ILjava/awt/Conditional;Ljava/awt/Component;)V+11
j  java.awt.EventDispatchThread.pumpEvents(ILjava/awt/Conditional;)V+4
j  java.awt.EventDispatchThread.pumpEvents(Ljava/awt/Conditional;)V+3
j  java.awt.EventDispatchThread.run()V+9
v  ~StubRoutines::call_stub

---------------  P R O C E S S  ---------------

Java Threads: ( => current thread )
  0x00007fdf6f1a6000 JavaThread "Thread-2" [_thread_in_native, id=10517, stack(0x00007fdf7c04c000,0x00007fdf7c14d000)]
  0x00007fdf9026a000 JavaThread "Animation Thread-SharedResourceRunner" daemon [_thread_blocked, id=10504, stack(0x00007fdfe0ded000,0x00007fdfe0eee000)]
  0x00007fdf90120000 JavaThread "process reaper" daemon [_thread_blocked, id=10499, stack(0x00007fdfe16a6000,0x00007fdfe16df000)]
  0x00007fe00400f000 JavaThread "DestroyJavaVM" [_thread_blocked, id=10461, stack(0x00007fe00ba9b000,0x00007fe00bb9c000)]
  0x00007fe0042e4000 JavaThread "Animation Thread" [_thread_blocked, id=10495, stack(0x00007fdfe1728000,0x00007fdfe1829000)]
=>0x00007fe0042d9000 JavaThread "AWT-EventQueue-0" [_thread_in_native, id=10494, stack(0x00007fdfe1829000,0x00007fdfe192a000)]
  0x00007fe0042d7000 JavaThread "AWT-Shutdown" [_thread_blocked, id=10493, stack(0x00007fdfe192a000,0x00007fdfe1a2b000)]
  0x00007fe0042ce000 JavaThread "Image Fetcher 0" daemon [_thread_blocked, id=10491, stack(0x00007fdfe1a2b000,0x00007fdfe1b2c000)]
  0x00007fe004266800 JavaThread "AWT-XAWT" daemon [_thread_blocked, id=10489, stack(0x00007fdfe1b2c000,0x00007fdfe1c2d000)]
  0x00007fe00422d000 JavaThread "Java2D Disposer" daemon [_thread_blocked, id=10488, stack(0x00007fdfe203d000,0x00007fdfe213e000)]
  0x00007fe0040b3000 JavaThread "Service Thread" daemon [_thread_blocked, id=10486, stack(0x00007fdfe38f7000,0x00007fdfe39f8000)]
  0x00007fe0040b0800 JavaThread "C2 CompilerThread1" daemon [_thread_in_native, id=10485, stack(0x00007fdfe39f8000,0x00007fdfe3af9000)]
  0x00007fe0040ad800 JavaThread "C2 CompilerThread0" daemon [_thread_blocked, id=10484, stack(0x00007fdfe3af9000,0x00007fdfe3bfa000)]
  0x00007fdfc0001000 JavaThread "JDWP Command Reader" daemon [_thread_in_native, id=10480, stack(0x00007fdfe3bfa000,0x00007fdfe3cfb000)]
  0x00007fe0040ab800 JavaThread "JDWP Event Helper Thread" daemon [_thread_blocked, id=10475, stack(0x00007fdfe3cfb000,0x00007fdfe3dfc000)]
  0x00007fe0040a8000 JavaThread "JDWP Transport Listener: dt_socket" daemon [_thread_blocked, id=10474, stack(0x00007fdfe80ac000,0x00007fdfe81ad000)]
  0x00007fe004092000 JavaThread "Signal Dispatcher" daemon [_thread_blocked, id=10473, stack(0x00007fdfe81ad000,0x00007fdfe82ae000)]
  0x00007fe00407b800 JavaThread "Finalizer" daemon [_thread_blocked, id=10472, stack(0x00007fdfe82ae000,0x00007fdfe83af000)]
  0x00007fe00407a000 JavaThread "Reference Handler" daemon [_thread_blocked, id=10471, stack(0x00007fdfe83af000,0x00007fdfe84b0000)]

Other Threads:
  0x00007fe004077800 VMThread [stack: 0x00007fdfe84b0000,0x00007fdfe85b1000] [id=10470]
  0x00007fe0040be000 WatcherThread [stack: 0x00007fdfe37f6000,0x00007fdfe38f7000] [id=10487]

VM state:not at safepoint (normal execution)

VM Mutex/Monitor currently owned by a thread: None

Heap
 PSYoungGen      total 34304K, used 19367K [0x00000000eb800000, 0x00000000efb00000, 0x0000000100000000)
  eden space 31744K, 61% used [0x00000000eb800000,0x00000000ecae9c88,0x00000000ed700000)
  from space 2560K, 0% used [0x00000000ed700000,0x00000000ed700000,0x00000000ed980000)
  to   space 2560K, 0% used [0x00000000ef880000,0x00000000ef880000,0x00000000efb00000)
 ParOldGen       total 97792K, used 38745K [0x00000000c2800000, 0x00000000c8780000, 0x00000000eb800000)
  object space 97792K, 39% used [0x00000000c2800000,0x00000000c4dd6790,0x00000000c8780000)
 PSPermGen       total 34816K, used 18072K [0x00000000bd600000, 0x00000000bf800000, 0x00000000c2800000)
  object space 34816K, 51% used [0x00000000bd600000,0x00000000be7a6370,0x00000000bf800000)

Card table byte_map: [0x00007fe0081dc000,0x00007fe0083f2000] byte_map_base: 0x00007fe007bf1000

Polling page: 0x00007fe00bbc2000

Code Cache  [0x00007fe001000000, 0x00007fe001270000, 0x00007fe004000000)
 total_blobs=1040 nmethods=116 adapters=885 free_code_cache=48130Kb largest_free_block=49252480

Compilation events (10 events):
Event: 4,382 Thread 0x00007fe0040b0800  113             java.util.regex.Matcher::search (109 bytes)
Event: 4,386 Thread 0x00007fe0040ad800 nmethod 112 0x00007fe0010fee90 code [0x00007fe0010ff020, 0x00007fe0010ff738]
Event: 4,386 Thread 0x00007fe0040ad800  114             processing.opengl.PGL::javaToNativeARGB (54 bytes)
Event: 4,386 Thread 0x00007fe0040ad800 nmethod 114 0x00007fe0010e6710 code [0x00007fe0010e6840, 0x00007fe0010e68d8]
Event: 4,386 Thread 0x00007fe0040ad800  115             java.util.regex.Pattern::peek (26 bytes)
Event: 4,387 Thread 0x00007fe0040ad800 nmethod 115 0x00007fe0010f4750 code [0x00007fe0010f48a0, 0x00007fe0010f49a8]
Event: 4,400 Thread 0x00007fe0040ad800  116             sun.util.logging.PlatformLogger$DefaultLoggerProxy::isLoggable (29 bytes)
Event: 4,400 Thread 0x00007fe0040b0800 nmethod 113 0x00007fe0010f4e50 code [0x00007fe0010f5020, 0x00007fe0010f5968]
Event: 4,401 Thread 0x00007fe0040ad800 nmethod 116 0x00007fe0010ffbd0 code [0x00007fe0010ffd20, 0x00007fe0010ffe98]
Event: 4,403 Thread 0x00007fe0040b0800  117             pointsMain::draw (237 bytes)

GC Heap History (8 events):
Event: 0,540 GC heap before
{Heap before GC invocations=1 (full 0):
 PSYoungGen      total 18432K, used 15872K [0x00000000eb800000, 0x00000000ecc80000, 0x0000000100000000)
  eden space 15872K, 100% used [0x00000000eb800000,0x00000000ec780000,0x00000000ec780000)
  from space 2560K, 0% used [0x00000000eca00000,0x00000000eca00000,0x00000000ecc80000)
  to   space 2560K, 0% used [0x00000000ec780000,0x00000000ec780000,0x00000000eca00000)
 ParOldGen       total 41984K, used 0K [0x00000000c2800000, 0x00000000c5100000, 0x00000000eb800000)
  object space 41984K, 0% used [0x00000000c2800000,0x00000000c2800000,0x00000000c5100000)
 PSPermGen       total 21504K, used 11647K [0x00000000bd600000, 0x00000000beb00000, 0x00000000c2800000)
  object space 21504K, 54% used [0x00000000bd600000,0x00000000be15fc98,0x00000000beb00000)
Event: 0,551 GC heap after
Heap after GC invocations=1 (full 0):
 PSYoungGen      total 18432K, used 2556K [0x00000000eb800000, 0x00000000edc00000, 0x0000000100000000)
  eden space 15872K, 0% used [0x00000000eb800000,0x00000000eb800000,0x00000000ec780000)
  from space 2560K, 99% used [0x00000000ec780000,0x00000000ec9ff058,0x00000000eca00000)
  to   space 2560K, 0% used [0x00000000ed980000,0x00000000ed980000,0x00000000edc00000)
 ParOldGen       total 41984K, used 10115K [0x00000000c2800000, 0x00000000c5100000, 0x00000000eb800000)
  object space 41984K, 24% used [0x00000000c2800000,0x00000000c31e0e68,0x00000000c5100000)
 PSPermGen       total 21504K, used 11647K [0x00000000bd600000, 0x00000000beb00000, 0x00000000c2800000)
  object space 21504K, 54% used [0x00000000bd600000,0x00000000be15fc98,0x00000000beb00000)
}
Event: 1,857 GC heap before
{Heap before GC invocations=2 (full 0):
 PSYoungGen      total 18432K, used 18121K [0x00000000eb800000, 0x00000000edc00000, 0x0000000100000000)
  eden space 15872K, 98% used [0x00000000eb800000,0x00000000ec7334b8,0x00000000ec780000)
  from space 2560K, 99% used [0x00000000ec780000,0x00000000ec9ff058,0x00000000eca00000)
  to   space 2560K, 0% used [0x00000000ed980000,0x00000000ed980000,0x00000000edc00000)
 ParOldGen       total 41984K, used 10115K [0x00000000c2800000, 0x00000000c5100000, 0x00000000eb800000)
  object space 41984K, 24% used [0x00000000c2800000,0x00000000c31e0e68,0x00000000c5100000)
 PSPermGen       total 21504K, used 17353K [0x00000000bd600000, 0x00000000beb00000, 0x00000000c2800000)
  object space 21504K, 80% used [0x00000000bd600000,0x00000000be6f2610,0x00000000beb00000)
Event: 1,872 GC heap after
Heap after GC invocations=2 (full 0):
 PSYoungGen      total 34304K, used 2530K [0x00000000eb800000, 0x00000000edc00000, 0x0000000100000000)
  eden space 31744K, 0% used [0x00000000eb800000,0x00000000eb800000,0x00000000ed700000)
  from space 2560K, 98% used [0x00000000ed980000,0x00000000edbf8850,0x00000000edc00000)
  to   space 2560K, 0% used [0x00000000ed700000,0x00000000ed700000,0x00000000ed980000)
 ParOldGen       total 41984K, used 13513K [0x00000000c2800000, 0x00000000c5100000, 0x00000000eb800000)
  object space 41984K, 32% used [0x00000000c2800000,0x00000000c35325a8,0x00000000c5100000)
 PSPermGen       total 21504K, used 17353K [0x00000000bd600000, 0x00000000beb00000, 0x00000000c2800000)
  object space 21504K, 80% used [0x00000000bd600000,0x00000000be6f2610,0x00000000beb00000)
}
Event: 1,979 GC heap before
{Heap before GC invocations=3 (full 0):
 PSYoungGen      total 34304K, used 34274K [0x00000000eb800000, 0x00000000edc00000, 0x0000000100000000)
  eden space 31744K, 100% used [0x00000000eb800000,0x00000000ed700000,0x00000000ed700000)
  from space 2560K, 98% used [0x00000000ed980000,0x00000000edbf8850,0x00000000edc00000)
  to   space 2560K, 0% used [0x00000000ed700000,0x00000000ed700000,0x00000000ed980000)
 ParOldGen       total 41984K, used 13513K [0x00000000c2800000, 0x00000000c5100000, 0x00000000eb800000)
  object space 41984K, 32% used [0x00000000c2800000,0x00000000c35325a8,0x00000000c5100000)
 PSPermGen       total 21504K, used 17363K [0x00000000bd600000, 0x00000000beb00000, 0x00000000c2800000)
  object space 21504K, 80% used [0x00000000bd600000,0x00000000be6f4ce8,0x00000000beb00000)
Event: 2,054 GC heap after
Heap after GC invocations=3 (full 0):
 PSYoungGen      total 34304K, used 2530K [0x00000000eb800000, 0x00000000efb00000, 0x0000000100000000)
  eden space 31744K, 0% used [0x00000000eb800000,0x00000000eb800000,0x00000000ed700000)
  from space 2560K, 98% used [0x00000000ed700000,0x00000000ed978870,0x00000000ed980000)
  to   space 2560K, 0% used [0x00000000ef880000,0x00000000ef880000,0x00000000efb00000)
 ParOldGen       total 45568K, used 45318K [0x00000000c2800000, 0x00000000c5480000, 0x00000000eb800000)
  object space 45568K, 99% used [0x00000000c2800000,0x00000000c54419f0,0x00000000c5480000)
 PSPermGen       total 21504K, used 17363K [0x00000000bd600000, 0x00000000beb00000, 0x00000000c2800000)
  object space 21504K, 80% used [0x00000000bd600000,0x00000000be6f4ce8,0x00000000beb00000)
}
Event: 2,054 GC heap before
{Heap before GC invocations=4 (full 1):
 PSYoungGen      total 34304K, used 2530K [0x00000000eb800000, 0x00000000efb00000, 0x0000000100000000)
  eden space 31744K, 0% used [0x00000000eb800000,0x00000000eb800000,0x00000000ed700000)
  from space 2560K, 98% used [0x00000000ed700000,0x00000000ed978870,0x00000000ed980000)
  to   space 2560K, 0% used [0x00000000ef880000,0x00000000ef880000,0x00000000efb00000)
 ParOldGen       total 45568K, used 45318K [0x00000000c2800000, 0x00000000c5480000, 0x00000000eb800000)
  object space 45568K, 99% used [0x00000000c2800000,0x00000000c54419f0,0x00000000c5480000)
 PSPermGen       total 21504K, used 17363K [0x00000000bd600000, 0x00000000beb00000, 0x00000000c2800000)
  object space 21504K, 80% used [0x00000000bd600000,0x00000000be6f4ce8,0x00000000beb00000)
Event: 2,376 GC heap after
Heap after GC invocations=4 (full 1):
 PSYoungGen      total 34304K, used 0K [0x00000000eb800000, 0x00000000efb00000, 0x0000000100000000)
  eden space 31744K, 0% used [0x00000000eb800000,0x00000000eb800000,0x00000000ed700000)
  from space 2560K, 0% used [0x00000000ed700000,0x00000000ed700000,0x00000000ed980000)
  to   space 2560K, 0% used [0x00000000ef880000,0x00000000ef880000,0x00000000efb00000)
 ParOldGen       total 97792K, used 38745K [0x00000000c2800000, 0x00000000c8780000, 0x00000000eb800000)
  object space 97792K, 39% used [0x00000000c2800000,0x00000000c4dd6790,0x00000000c8780000)
 PSPermGen       total 34816K, used 17358K [0x00000000bd600000, 0x00000000bf800000, 0x00000000c2800000)
  object space 34816K, 49% used [0x00000000bd600000,0x00000000be6f3be0,0x00000000bf800000)
}

Deoptimization events (4 events):
Event: 1,086 Thread 0x00007fdf9026a000 Uncommon trap: reason=unreached action=reinterpret pc=0x00007fe0010d0d54 method=java.lang.Class.searchFields([Ljava/lang/reflect/Field;Ljava/lang/String;)Ljava/lang/reflect/Field; @ 23
Event: 1,537 Thread 0x00007fe0042d9000 Uncommon trap: reason=unreached action=reinterpret pc=0x00007fe0010d4b78 method=com.jogamp.common.util.IntIntHashMap.get(I)I @ 19
Event: 3,711 Thread 0x00007fe0042d9000 Uncommon trap: reason=unreached action=reinterpret pc=0x00007fe0010d7cd0 method=com.jogamp.common.nio.Buffers.getDirectBufferByteOffset(Ljava/lang/Object;)I @ 25
Event: 4,351 Thread 0x00007fe0042d9000 Uncommon trap: reason=unreached action=reinterpret pc=0x00007fe0010f2090 method=pointsMain.draw()V @ 226

Internal exceptions (10 events):
Event: 4,352 Thread 0x00007fe0042d9000 Threw 0x00000000ec8fb728 at /HUDSON/workspace/jdk7u40-2-build-linux-amd64-product/jdk7u40/hotspot/src/share/vm/prims/jvm.cpp:1244
Event: 4,353 Thread 0x00007fe0042d9000 Threw 0x00000000ec902308 at /HUDSON/workspace/jdk7u40-2-build-linux-amd64-product/jdk7u40/hotspot/src/share/vm/prims/jvm.cpp:1244
Event: 4,354 Thread 0x00007fe0042d9000 Threw 0x00000000ec9063f0 at /HUDSON/workspace/jdk7u40-2-build-linux-amd64-product/jdk7u40/hotspot/src/share/vm/prims/jvm.cpp:1244
Event: 4,354 Thread 0x00007fe0042d9000 Threw 0x00000000ec9093d8 at /HUDSON/workspace/jdk7u40-2-build-linux-amd64-product/jdk7u40/hotspot/src/share/vm/prims/jvm.cpp:1244
Event: 4,355 Thread 0x00007fe0042d9000 Threw 0x00000000ec9141d8 at /HUDSON/workspace/jdk7u40-2-build-linux-amd64-product/jdk7u40/hotspot/src/share/vm/prims/jvm.cpp:1244
Event: 4,356 Thread 0x00007fe0042d9000 Threw 0x00000000ec916c70 at /HUDSON/workspace/jdk7u40-2-build-linux-amd64-product/jdk7u40/hotspot/src/share/vm/prims/jvm.cpp:1244
Event: 4,356 Thread 0x00007fe0042d9000 Threw 0x00000000ec91a620 at /HUDSON/workspace/jdk7u40-2-build-linux-amd64-product/jdk7u40/hotspot/src/share/vm/prims/jvm.cpp:1244
Event: 4,357 Thread 0x00007fe0042d9000 Threw 0x00000000ec91ed68 at /HUDSON/workspace/jdk7u40-2-build-linux-amd64-product/jdk7u40/hotspot/src/share/vm/prims/jvm.cpp:1244
Event: 4,391 Thread 0x00007fe0042d9000 Threw 0x00000000eca0ab28 at /HUDSON/workspace/jdk7u40-2-build-linux-amd64-product/jdk7u40/hotspot/src/share/vm/runtime/reflection.cpp:1030
Event: 4,392 Thread 0x00007fe0042d9000 Threw 0x00000000eca0afb0 at /HUDSON/workspace/jdk7u40-2-build-linux-amd64-product/jdk7u40/hotspot/src/share/vm/runtime/reflection.cpp:1030

Events (10 events):
Event: 4,354 loading class 0x00007fdf900773f0
Event: 4,354 loading class 0x00007fdf900773f0 done
Event: 4,355 loading class 0x00007fdf6f8706e0
Event: 4,355 loading class 0x00007fdf6f8706e0 done
Event: 4,356 loading class 0x00007fdf6f856000
Event: 4,356 loading class 0x00007fdf6f856000 done
Event: 4,356 loading class 0x00007fdf6f855fc0
Event: 4,356 loading class 0x00007fdf6f855fc0 done
Event: 4,357 loading class 0x00007fdf6f896590
Event: 4,357 loading class 0x00007fdf6f896590 done


Dynamic libraries:
00400000-00401000 r-xp 00000000 08:06 5510409                            /home/mathilde/kinect/processing-2.2.1/java/bin/java
00600000-00601000 rw-p 00000000 08:06 5510409                            /home/mathilde/kinect/processing-2.2.1/java/bin/java
00eeb000-00f0c000 rw-p 00000000 00:00 0                                  [heap]
bd600000-bf800000 rw-p 00000000 00:00 0 
bf800000-c2800000 rw-p 00000000 00:00 0 
c2800000-c8780000 rw-p 00000000 00:00 0 
c8780000-eb800000 rw-p 00000000 00:00 0 
eb800000-efb00000 rw-p 00000000 00:00 0 
efb00000-100000000 rw-p 00000000 00:00 0 
7fdf64000000-7fdf64021000 rw-p 00000000 00:00 0 
7fdf64021000-7fdf68000000 ---p 00000000 00:00 0 
7fdf6c000000-7fdf6fa9b000 rw-p 00000000 00:00 0 
7fdf6fa9b000-7fdf70000000 ---p 00000000 00:00 0 
7fdf7169d000-7fdf7171d000 rw-s 14a82b000 00:05 9777                      /dev/dri/card0
7fdf7171d000-7fdf7191d000 rw-s 14747b000 00:05 9777                      /dev/dri/card0
7fdf7191d000-7fdf71a1d000 rw-s 10eb8f000 00:05 9777                      /dev/dri/card0
7fdf71a1d000-7fdf71e1d000 rw-s 10e68f000 00:05 9777                      /dev/dri/card0
7fdf7211d000-7fdf7241e000 rw-p 00000000 00:00 0 
7fdf7241e000-7fdf72e1e000 rwxp 00000000 00:00 0 
7fdf72e1e000-7fdf78000000 rw-p 00000000 00:00 0 
7fdf78000000-7fdf78109000 rw-p 00000000 00:00 0 
7fdf78109000-7fdf7c000000 ---p 00000000 00:00 0 
7fdf7c04c000-7fdf7c04f000 ---p 00000000 00:00 0 
7fdf7c04f000-7fdf7c14d000 rwxp 00000000 00:00 0                          [stack:10517]
7fdf7c14d000-7fdf7f1b2000 rw-p 00000000 00:00 0 
7fdf7f1b2000-7fdf7f8ba000 r--s 00000000 00:14 2611720                    /run/shm/10507_1d27.0601@1.10_Depth
7fdf7f8ba000-7fdf7f8bb000 ---p 00000000 00:00 0 
7fdf7f8bb000-7fdf800bb000 rwxp 00000000 00:00 0                          [stack:10515]
7fdf800bb000-7fdf804bc000 rw-p 00000000 00:00 0 
7fdf804bc000-7fdf805b0000 r-xp 00000000 08:06 3161990                    /usr/lib/libXnVHandGenerator_1_5_2.so
7fdf805b0000-7fdf807af000 ---p 000f4000 08:06 3161990                    /usr/lib/libXnVHandGenerator_1_5_2.so
7fdf807af000-7fdf807b4000 r--p 000f3000 08:06 3161990                    /usr/lib/libXnVHandGenerator_1_5_2.so
7fdf807b4000-7fdf807b5000 rw-p 000f8000 08:06 3161990                    /usr/lib/libXnVHandGenerator_1_5_2.so
7fdf807b5000-7fdf807c3000 rw-p 00000000 00:00 0 
7fdf807c3000-7fdf8089b000 r-xp 00000000 08:06 3161989                    /usr/lib/libXnVHandGenerator_1_4_2.so
7fdf8089b000-7fdf80a9a000 ---p 000d8000 08:06 3161989                    /usr/lib/libXnVHandGenerator_1_4_2.so
7fdf80a9a000-7fdf80a9f000 r--p 000d7000 08:06 3161989                    /usr/lib/libXnVHandGenerator_1_4_2.so
7fdf80a9f000-7fdf80aa0000 rw-p 000dc000 08:06 3161989                    /usr/lib/libXnVHandGenerator_1_4_2.so
7fdf80aa0000-7fdf80aa3000 rw-p 00000000 00:00 0 
7fdf80aa3000-7fdf80b7b000 r-xp 00000000 08:06 3161988                    /usr/lib/libXnVHandGenerator_1_4_1.so
7fdf80b7b000-7fdf80d7a000 ---p 000d8000 08:06 3161988                    /usr/lib/libXnVHandGenerator_1_4_1.so
7fdf80d7a000-7fdf80d7f000 r--p 000d7000 08:06 3161988                    /usr/lib/libXnVHandGenerator_1_4_1.so
7fdf80d7f000-7fdf80d80000 rw-p 000dc000 08:06 3161988                    /usr/lib/libXnVHandGenerator_1_4_1.so
7fdf80d80000-7fdf80d83000 rw-p 00000000 00:00 0 
7fdf80d83000-7fdf80e66000 r-xp 00000000 08:06 3161987                    /usr/lib/libXnVHandGenerator_1_3_1.so
7fdf80e66000-7fdf81066000 ---p 000e3000 08:06 3161987                    /usr/lib/libXnVHandGenerator_1_3_1.so
7fdf81066000-7fdf8106b000 r--p 000e3000 08:06 3161987                    /usr/lib/libXnVHandGenerator_1_3_1.so
7fdf8106b000-7fdf8106c000 rw-p 000e8000 08:06 3161987                    /usr/lib/libXnVHandGenerator_1_3_1.so
7fdf8106c000-7fdf8106f000 rw-p 00000000 00:00 0 
7fdf8106f000-7fdf81484000 r-xp 00000000 08:06 3161984                    /usr/lib/libXnVFeatures_1_5_2.so
7fdf81484000-7fdf81684000 ---p 00415000 08:06 3161984                    /usr/lib/libXnVFeatures_1_5_2.so
7fdf81684000-7fdf81695000 r--p 00415000 08:06 3161984                    /usr/lib/libXnVFeatures_1_5_2.so
7fdf81695000-7fdf81697000 rw-p 00426000 08:06 3161984                    /usr/lib/libXnVFeatures_1_5_2.so
7fdf81697000-7fdf816ac000 rw-p 00000000 00:00 0 
7fdf816ac000-7fdf818a3000 r-xp 00000000 08:06 3161983                    /usr/lib/libXnVFeatures_1_4_2.so
7fdf818a3000-7fdf81aa2000 ---p 001f7000 08:06 3161983                    /usr/lib/libXnVFeatures_1_4_2.so
7fdf81aa2000-7fdf81aa8000 r--p 001f6000 08:06 3161983                    /usr/lib/libXnVFeatures_1_4_2.so
7fdf81aa8000-7fdf81aa9000 rw-p 001fc000 08:06 3161983                    /usr/lib/libXnVFeatures_1_4_2.so
7fdf81aa9000-7fdf81aaf000 rw-p 00000000 00:00 0 
7fdf81aaf000-7fdf81ca6000 r-xp 00000000 08:06 3161982                    /usr/lib/libXnVFeatures_1_4_1.so
7fdf81ca6000-7fdf81ea5000 ---p 001f7000 08:06 3161982                    /usr/lib/libXnVFeatures_1_4_1.so
7fdf81ea5000-7fdf81eab000 r--p 001f6000 08:06 3161982                    /usr/lib/libXnVFeatures_1_4_1.so
7fdf81eab000-7fdf81eac000 rw-p 001fc000 08:06 3161982                    /usr/lib/libXnVFeatures_1_4_1.so
7fdf81eac000-7fdf81eb2000 rw-p 00000000 00:00 0 
7fdf81eb2000-7fdf820f7000 r-xp 00000000 08:06 3161981                    /usr/lib/libXnVFeatures_1_3_1.so
7fdf820f7000-7fdf822f7000 ---p 00245000 08:06 3161981                    /usr/lib/libXnVFeatures_1_3_1.so
7fdf822f7000-7fdf822fd000 r--p 00245000 08:06 3161981                    /usr/lib/libXnVFeatures_1_3_1.so
7fdf822fd000-7fdf822fe000 rw-p 0024b000 08:06 3161981                    /usr/lib/libXnVFeatures_1_3_1.so
7fdf822fe000-7fdf82305000 rw-p 00000000 00:00 0 
7fdf82305000-7fdf8232c000 r-xp 00000000 08:06 3161641                    /usr/lib/libXnDeviceFile.so
7fdf8232c000-7fdf8252c000 ---p 00027000 08:06 3161641                    /usr/lib/libXnDeviceFile.so
7fdf8252c000-7fdf8252e000 r--p 00027000 08:06 3161641                    /usr/lib/libXnDeviceFile.so
7fdf8252e000-7fdf8252f000 rw-p 00029000 08:06 3161641                    /usr/lib/libXnDeviceFile.so
7fdf8252f000-7fdf82577000 r-xp 00000000 08:06 3161639                    /usr/lib/libXnDDK.so
7fdf82577000-7fdf82777000 ---p 00048000 08:06 3161639                    /usr/lib/libXnDDK.so
7fdf82777000-7fdf8277a000 r--p 00048000 08:06 3161639                    /usr/lib/libXnDDK.so
7fdf8277a000-7fdf8277c000 rw-p 0004b000 08:06 3161639                    /usr/lib/libXnDDK.so
7fdf8277c000-7fdf827a0000 r-xp 00000000 08:06 3161643                    /usr/lib/libXnFormats.so
7fdf827a0000-7fdf829a0000 ---p 00024000 08:06 3161643                    /usr/lib/libXnFormats.so
7fdf829a0000-7fdf829a1000 r--p 00024000 08:06 3161643                    /usr/lib/libXnFormats.so
7fdf829a1000-7fdf829a2000 rw-p 00025000 08:06 3161643                    /usr/lib/libXnFormats.so
7fdf829a2000-7fdf829c2000 rw-p 00000000 00:00 0 
7fdf829c2000-7fdf829c5000 r-xp 00000000 08:06 3161638                    /usr/lib/libXnCore.so
7fdf829c5000-7fdf82bc4000 ---p 00003000 08:06 3161638                    /usr/lib/libXnCore.so
7fdf82bc4000-7fdf82bc5000 r--p 00002000 08:06 3161638                    /usr/lib/libXnCore.so
7fdf82bc5000-7fdf82bc6000 rw-p 00003000 08:06 3161638                    /usr/lib/libXnCore.so
7fdf82bc6000-7fdf82c58000 r-xp 00000000 08:06 3161857                    /usr/lib/libXnDeviceSensorV2.so
7fdf82c58000-7fdf82e57000 ---p 00092000 08:06 3161857                    /usr/lib/libXnDeviceSensorV2.so
7fdf82e57000-7fdf82e67000 r--p 00091000 08:06 3161857                    /usr/lib/libXnDeviceSensorV2.so
7fdf82e67000-7fdf82e68000 rw-p 000a1000 08:06 3161857                    /usr/lib/libXnDeviceSensorV2.so
7fdf82e68000-7fdf82e88000 r-xp 00000000 08:06 3161630                    /usr/lib/libnimRecorder.so
7fdf82e88000-7fdf83087000 ---p 00020000 08:06 3161630                    /usr/lib/libnimRecorder.so
7fdf83087000-7fdf83089000 r--p 0001f000 08:06 3161630                    /usr/lib/libnimRecorder.so
7fdf83089000-7fdf8308a000 rw-p 00021000 08:06 3161630                    /usr/lib/libnimRecorder.so
7fdf8308a000-7fdf830c0000 r-xp 00000000 08:06 3161628                    /usr/lib/libnimCodecs.so
7fdf830c0000-7fdf832c0000 ---p 00036000 08:06 3161628                    /usr/lib/libnimCodecs.so
7fdf832c0000-7fdf832c3000 r--p 00036000 08:06 3161628                    /usr/lib/libnimCodecs.so
7fdf832c3000-7fdf832c4000 rw-p 00039000 08:06 3161628                    /usr/lib/libnimCodecs.so
7fdf832c4000-7fdf832e4000 rw-p 00000000 00:00 0 
7fdf832e4000-7fdf8331f000 r-xp 00000000 08:06 3161629                    /usr/lib/libnimMockNodes.so
7fdf8331f000-7fdf8351e000 ---p 0003b000 08:06 3161629                    /usr/lib/libnimMockNodes.so
7fdf8351e000-7fdf8352b000 r--p 0003a000 08:06 3161629                    /usr/lib/libnimMockNodes.so
7fdf8352b000-7fdf8352c000 rw-p 00047000 08:06 3161629                    /usr/lib/libnimMockNodes.so
7fdf8352c000-7fdf8352d000 ---p 00000000 00:00 0 
7fdf8352d000-7fdf83d2d000 rwxp 00000000 00:00 0                          [stack:10505]
7fdf83d2d000-7fdf83d42000 r-xp 00000000 08:06 1840018                    /lib/x86_64-linux-gnu/libusb-1.0.so.0.1.0
7fdf83d42000-7fdf83f42000 ---p 00015000 08:06 1840018                    /lib/x86_64-linux-gnu/libusb-1.0.so.0.1.0
7fdf83f42000-7fdf83f43000 r--p 00015000 08:06 1840018                    /lib/x86_64-linux-gnu/libusb-1.0.so.0.1.0
7fdf83f43000-7fdf83f44000 rw-p 00016000 08:06 1840018                    /lib/x86_64-linux-gnu/libusb-1.0.so.0.1.0
7fdf83f44000-7fdf84027000 r-xp 00000000 08:06 3161908                    /usr/lib/libXnVNite_1_5_2.so
7fdf84027000-7fdf84226000 ---p 000e3000 08:06 3161908                    /usr/lib/libXnVNite_1_5_2.so
7fdf84226000-7fdf8422b000 r--p 000e2000 08:06 3161908                    /usr/lib/libXnVNite_1_5_2.so
7fdf8422b000-7fdf8422d000 rw-p 000e7000 08:06 3161908                    /usr/lib/libXnVNite_1_5_2.so
7fdf8422d000-7fdf842aa000 r-xp 00000000 08:06 3161632                    /usr/lib/libOpenNI.so
7fdf842aa000-7fdf844a9000 ---p 0007d000 08:06 3161632                    /usr/lib/libOpenNI.so
7fdf844a9000-7fdf844ac000 r--p 0007c000 08:06 3161632                    /usr/lib/libOpenNI.so
7fdf844ac000-7fdf844af000 rw-p 0007f000 08:06 3161632                    /usr/lib/libOpenNI.so
7fdf844af000-7fdf844b0000 rw-p 00000000 00:00 0 
7fdf844b0000-7fdf84566000 r-xp 00000000 08:06 3168160                    /home/mathilde/sketchbook/libraries/SimpleOpenNI/library/libSimpleOpenNI64.so
7fdf84566000-7fdf84766000 ---p 000b6000 08:06 3168160                    /home/mathilde/sketchbook/libraries/SimpleOpenNI/library/libSimpleOpenNI64.so
7fdf84766000-7fdf8476a000 r--p 000b6000 08:06 3168160                    /home/mathilde/sketchbook/libraries/SimpleOpenNI/library/libSimpleOpenNI64.so
7fdf8476a000-7fdf8476d000 rw-p 000ba000 08:06 3168160                    /home/mathilde/sketchbook/libraries/SimpleOpenNI/library/libSimpleOpenNI64.so
7fdf8476d000-7fdf8476e000 rw-p 00000000 00:00 0 
7fdf84777000-7fdf847f7000 rw-s 149015000 00:05 9777                      /dev/dri/card0
7fdf847f7000-7fdf8481e000 r-xp 00000000 08:06 1838995                    /lib/x86_64-linux-gnu/libexpat.so.1.6.0
7fdf8481e000-7fdf84a1e000 ---p 00027000 08:06 1838995                    /lib/x86_64-linux-gnu/libexpat.so.1.6.0
7fdf84a1e000-7fdf84a20000 r--p 00027000 08:06 1838995                    /lib/x86_64-linux-gnu/libexpat.so.1.6.0
7fdf84a20000-7fdf84a21000 rw-p 00029000 08:06 1838995                    /lib/x86_64-linux-gnu/libexpat.so.1.6.0
7fdf84a21000-7fdf84e1b000 r-xp 00000000 08:06 3540322                    /usr/lib/x86_64-linux-gnu/dri/nouveau_dri.so
7fdf84e1b000-7fdf8501a000 ---p 003fa000 08:06 3540322                    /usr/lib/x86_64-linux-gnu/dri/nouveau_dri.so
7fdf8501a000-7fdf8502b000 r--p 003f9000 08:06 3540322                    /usr/lib/x86_64-linux-gnu/dri/nouveau_dri.so
7fdf8502b000-7fdf85033000 rw-p 0040a000 08:06 3540322                    /usr/lib/x86_64-linux-gnu/dri/nouveau_dri.so
7fdf85033000-7fdf8504f000 rw-p 00000000 00:00 0 
7fdf8504f000-7fdf85093000 r-xp 00000000 08:06 1839015                    /lib/x86_64-linux-gnu/libdbus-1.so.3.7.6
7fdf85093000-7fdf85292000 ---p 00044000 08:06 1839015                    /lib/x86_64-linux-gnu/libdbus-1.so.3.7.6
7fdf85292000-7fdf85293000 r--p 00043000 08:06 1839015                    /lib/x86_64-linux-gnu/libdbus-1.so.3.7.6
7fdf85293000-7fdf85294000 rw-p 00044000 08:06 1839015                    /lib/x86_64-linux-gnu/libdbus-1.so.3.7.6
7fdf85294000-7fdf8529c000 r-xp 00000000 08:06 1839029                    /lib/x86_64-linux-gnu/libnih-dbus.so.1.0.0
7fdf8529c000-7fdf8549c000 ---p 00008000 08:06 1839029                    /lib/x86_64-linux-gnu/libnih-dbus.so.1.0.0
7fdf8549c000-7fdf8549d000 r--p 00008000 08:06 1839029                    /lib/x86_64-linux-gnu/libnih-dbus.so.1.0.0
7fdf8549d000-7fdf8549e000 rw-p 00009000 08:06 1839029                    /lib/x86_64-linux-gnu/libnih-dbus.so.1.0.0
7fdf8549e000-7fdf854b5000 r-xp 00000000 08:06 1838975                    /lib/x86_64-linux-gnu/libnih.so.1.0.0
7fdf854b5000-7fdf856b4000 ---p 00017000 08:06 1838975                    /lib/x86_64-linux-gnu/libnih.so.1.0.0
7fdf856b4000-7fdf856b5000 r--p 00016000 08:06 1838975                    /lib/x86_64-linux-gnu/libnih.so.1.0.0
7fdf856b5000-7fdf856b6000 rw-p 00017000 08:06 1838975                    /lib/x86_64-linux-gnu/libnih.so.1.0.0
7fdf856b6000-7fdf856ce000 r-xp 00000000 08:06 1838977                    /lib/x86_64-linux-gnu/libcgmanager.so.0.0.0
7fdf856ce000-7fdf858cd000 ---p 00018000 08:06 1838977                    /lib/x86_64-linux-gnu/libcgmanager.so.0.0.0
7fdf858cd000-7fdf858cf000 r--p 00017000 08:06 1838977                    /lib/x86_64-linux-gnu/libcgmanager.so.0.0.0
7fdf858cf000-7fdf858d0000 rw-p 00019000 08:06 1838977                    /lib/x86_64-linux-gnu/libcgmanager.so.0.0.0
7fdf858d0000-7fdf858e0000 r-xp 00000000 08:06 1835066                    /lib/x86_64-linux-gnu/libudev.so.1.3.5
7fdf858e0000-7fdf85adf000 ---p 00010000 08:06 1835066                    /lib/x86_64-linux-gnu/libudev.so.1.3.5
7fdf85adf000-7fdf85ae0000 r--p 0000f000 08:06 1835066                    /lib/x86_64-linux-gnu/libudev.so.1.3.5
7fdf85ae0000-7fdf85ae1000 rw-p 00010000 08:06 1835066                    /lib/x86_64-linux-gnu/libudev.so.1.3.5
7fdf85ae1000-7fdf85ae3000 r-xp 00000000 08:06 3153639                    /usr/lib/x86_64-linux-gnu/libXinerama.so.1.0.0
7fdf85ae3000-7fdf85ce2000 ---p 00002000 08:06 3153639                    /usr/lib/x86_64-linux-gnu/libXinerama.so.1.0.0
7fdf85ce2000-7fdf85ce3000 r--p 00001000 08:06 3153639                    /usr/lib/x86_64-linux-gnu/libXinerama.so.1.0.0
7fdf85ce3000-7fdf85ce4000 rw-p 00002000 08:06 3153639                    /usr/lib/x86_64-linux-gnu/libXinerama.so.1.0.0
7fdf85ce4000-7fdf85d1b000 r-xp 00000000 08:06 3152731                    /usr/lib/x86_64-linux-gnu/libtxc_dxtn_s2tc.so.0.0.0
7fdf85d1b000-7fdf85f1a000 ---p 00037000 08:06 3152731                    /usr/lib/x86_64-linux-gnu/libtxc_dxtn_s2tc.so.0.0.0
7fdf85f1a000-7fdf85f1b000 r--p 00036000 08:06 3152731                    /usr/lib/x86_64-linux-gnu/libtxc_dxtn_s2tc.so.0.0.0
7fdf85f1b000-7fdf85f1c000 rw-p 00037000 08:06 3152731                    /usr/lib/x86_64-linux-gnu/libtxc_dxtn_s2tc.so.0.0.0
7fdf85f1c000-7fdf85f41000 r-xp 00000000 08:06 1838971                    /lib/x86_64-linux-gnu/libtinfo.so.5.9
7fdf85f41000-7fdf86140000 ---p 00025000 08:06 1838971                    /lib/x86_64-linux-gnu/libtinfo.so.5.9
7fdf86140000-7fdf86144000 r--p 00024000 08:06 1838971                    /lib/x86_64-linux-gnu/libtinfo.so.5.9
7fdf86144000-7fdf86145000 rw-p 00028000 08:06 1838971                    /lib/x86_64-linux-gnu/libtinfo.so.5.9
7fdf86145000-7fdf8615b000 r-xp 00000000 08:06 1835022                    /lib/x86_64-linux-gnu/libgcc_s.so.1
7fdf8615b000-7fdf8635a000 ---p 00016000 08:06 1835022                    /lib/x86_64-linux-gnu/libgcc_s.so.1
7fdf8635a000-7fdf8635b000 rw-p 00015000 08:06 1835022                    /lib/x86_64-linux-gnu/libgcc_s.so.1
7fdf8635b000-7fdf86441000 r-xp 00000000 08:06 3146370                    /usr/lib/x86_64-linux-gnu/libstdc++.so.6.0.19
7fdf86441000-7fdf86640000 ---p 000e6000 08:06 3146370                    /usr/lib/x86_64-linux-gnu/libstdc++.so.6.0.19
7fdf86640000-7fdf86648000 r--p 000e5000 08:06 3146370                    /usr/lib/x86_64-linux-gnu/libstdc++.so.6.0.19
7fdf86648000-7fdf8664a000 rw-p 000ed000 08:06 3146370                    /usr/lib/x86_64-linux-gnu/libstdc++.so.6.0.19
7fdf8664a000-7fdf8665f000 rw-p 00000000 00:00 0 
7fdf8665f000-7fdf87e5d000 r-xp 00000000 08:06 3147563                    /usr/lib/x86_64-linux-gnu/libLLVM-3.4.so.1
7fdf87e5d000-7fdf87feb000 r--p 017fd000 08:06 3147563                    /usr/lib/x86_64-linux-gnu/libLLVM-3.4.so.1
7fdf87feb000-7fdf87fed000 rw-p 0198b000 08:06 3147563                    /usr/lib/x86_64-linux-gnu/libLLVM-3.4.so.1
7fdf87fed000-7fdf88000000 rw-p 00000000 00:00 0 
7fdf88000000-7fdf88314000 rw-p 00000000 00:00 0 
7fdf88314000-7fdf8c000000 ---p 00000000 00:00 0 
7fdf8c010000-7fdf8c0dc000 rw-p 00000000 00:00 0 
7fdf8c12e000-7fdf8c1ae000 rw-s 135b5e000 00:05 9777                      /dev/dri/card0
7fdf8c1ae000-7fdf8c1ba000 r-xp 00000000 08:06 3147559                    /usr/lib/x86_64-linux-gnu/libdrm_radeon.so.1.0.1
7fdf8c1ba000-7fdf8c3b9000 ---p 0000c000 08:06 3147559                    /usr/lib/x86_64-linux-gnu/libdrm_radeon.so.1.0.1
7fdf8c3b9000-7fdf8c3ba000 r--p 0000b000 08:06 3147559                    /usr/lib/x86_64-linux-gnu/libdrm_radeon.so.1.0.1
7fdf8c3ba000-7fdf8c3bb000 rw-p 0000c000 08:06 3147559                    /usr/lib/x86_64-linux-gnu/libdrm_radeon.so.1.0.1
7fdf8c3bb000-7fdf8c3d0000 r-xp 00000000 08:06 3148657                    /usr/lib/x86_64-linux-gnu/libelf-0.158.so
7fdf8c3d0000-7fdf8c5cf000 ---p 00015000 08:06 3148657                    /usr/lib/x86_64-linux-gnu/libelf-0.158.so
7fdf8c5cf000-7fdf8c5d0000 r--p 00014000 08:06 3148657                    /usr/lib/x86_64-linux-gnu/libelf-0.158.so
7fdf8c5d0000-7fdf8c5d1000 rw-p 00015000 08:06 3148657                    /usr/lib/x86_64-linux-gnu/libelf-0.158.so
7fdf8c5d1000-7fdf8c5d6000 r-xp 00000000 08:06 3147561                    /usr/lib/x86_64-linux-gnu/libdrm_nouveau.so.2.0.0
7fdf8c5d6000-7fdf8c7d5000 ---p 00005000 08:06 3147561                    /usr/lib/x86_64-linux-gnu/libdrm_nouveau.so.2.0.0
7fdf8c7d5000-7fdf8c7d6000 r--p 00004000 08:06 3147561                    /usr/lib/x86_64-linux-gnu/libdrm_nouveau.so.2.0.0
7fdf8c7d6000-7fdf8c7d7000 rw-p 00005000 08:06 3147561                    /usr/lib/x86_64-linux-gnu/libdrm_nouveau.so.2.0.0
7fdf8c7d7000-7fdf8c7de000 r-xp 00000000 08:06 3539530                    /usr/lib/x86_64-linux-gnu/mesa-egl/libOpenVG.so.1.0.0
7fdf8c7de000-7fdf8c9dd000 ---p 00007000 08:06 3539530                    /usr/lib/x86_64-linux-gnu/mesa-egl/libOpenVG.so.1.0.0
7fdf8c9dd000-7fdf8c9de000 r--p 00006000 08:06 3539530                    /usr/lib/x86_64-linux-gnu/mesa-egl/libOpenVG.so.1.0.0
7fdf8c9de000-7fdf8c9df000 rw-p 00007000 08:06 3539530                    /usr/lib/x86_64-linux-gnu/mesa-egl/libOpenVG.so.1.0.0
7fdf8c9df000-7fdf8c9e1000 rw-p 00000000 00:00 0 
7fdf8c9e1000-7fdf8cbce000 r-xp 00000000 08:06 3147991                    /usr/lib/x86_64-linux-gnu/libgallium.so.0.0.0
7fdf8cbce000-7fdf8cdce000 ---p 001ed000 08:06 3147991                    /usr/lib/x86_64-linux-gnu/libgallium.so.0.0.0
7fdf8cdce000-7fdf8cdde000 r--p 001ed000 08:06 3147991                    /usr/lib/x86_64-linux-gnu/libgallium.so.0.0.0
7fdf8cdde000-7fdf8cde0000 rw-p 001fd000 08:06 3147991                    /usr/lib/x86_64-linux-gnu/libgallium.so.0.0.0
7fdf8cde0000-7fdf8cfa8000 rw-p 00000000 00:00 0 
7fdf8cfa8000-7fdf8d5de000 r-xp 00000000 08:06 3540739                    /usr/lib/x86_64-linux-gnu/egl/egl_gallium.so
7fdf8d5de000-7fdf8d7dd000 ---p 00636000 08:06 3540739                    /usr/lib/x86_64-linux-gnu/egl/egl_gallium.so
7fdf8d7dd000-7fdf8d81e000 r--p 00635000 08:06 3540739                    /usr/lib/x86_64-linux-gnu/egl/egl_gallium.so
7fdf8d81e000-7fdf8d82c000 rw-p 00676000 08:06 3540739                    /usr/lib/x86_64-linux-gnu/egl/egl_gallium.so
7fdf8d82c000-7fdf8d84c000 rw-p 00000000 00:00 0 
7fdf8d84c000-7fdf8d852000 r-xp 00000000 08:06 3540317                    /usr/lib/x86_64-linux-gnu/mesa-egl/libGLESv2.so.2.0.0
7fdf8d852000-7fdf8da52000 ---p 00006000 08:06 3540317                    /usr/lib/x86_64-linux-gnu/mesa-egl/libGLESv2.so.2.0.0
7fdf8da52000-7fdf8da53000 r--p 00006000 08:06 3540317                    /usr/lib/x86_64-linux-gnu/mesa-egl/libGLESv2.so.2.0.0
7fdf8da53000-7fdf8da54000 rw-p 00007000 08:06 3540317                    /usr/lib/x86_64-linux-gnu/mesa-egl/libGLESv2.so.2.0.0
7fdf8da54000-7fdf8da9a000 r-xp 00000000 08:06 7084413                    /tmp/jogamp_0000/file_cache/jln8259897804673511091/jln5029345042009291250/libjogl_mobile.so
7fdf8da9a000-7fdf8dc9a000 ---p 00046000 08:06 7084413                    /tmp/jogamp_0000/file_cache/jln8259897804673511091/jln5029345042009291250/libjogl_mobile.so
7fdf8dc9a000-7fdf8dc9b000 rw-p 00046000 08:06 7084413                    /tmp/jogamp_0000/file_cache/jln8259897804673511091/jln5029345042009291250/libjogl_mobile.so
7fdf8dc9b000-7fdf8dca2000 r-xp 00000000 08:06 3145917                    /usr/lib/x86_64-linux-gnu/libffi.so.6.0.1
7fdf8dca2000-7fdf8dea1000 ---p 00007000 08:06 3145917                    /usr/lib/x86_64-linux-gnu/libffi.so.6.0.1
7fdf8dea1000-7fdf8dea2000 r--p 00006000 08:06 3145917                    /usr/lib/x86_64-linux-gnu/libffi.so.6.0.1
7fdf8dea2000-7fdf8dea3000 rw-p 00007000 08:06 3145917                    /usr/lib/x86_64-linux-gnu/libffi.so.6.0.1
7fdf8dea3000-7fdf8dea9000 r-xp 00000000 08:06 3150218                    /usr/lib/x86_64-linux-gnu/libgbm.so.1.0.0
7fdf8dea9000-7fdf8e0a9000 ---p 00006000 08:06 3150218                    /usr/lib/x86_64-linux-gnu/libgbm.so.1.0.0
7fdf8e0a9000-7fdf8e0aa000 r--p 00006000 08:06 3150218                    /usr/lib/x86_64-linux-gnu/libgbm.so.1.0.0
7fdf8e0aa000-7fdf8e0ab000 rw-p 00007000 08:06 3150218                    /usr/lib/x86_64-linux-gnu/libgbm.so.1.0.0
7fdf8e0ab000-7fdf8e0ba000 r-xp 00000000 08:06 3146707                    /usr/lib/x86_64-linux-gnu/libwayland-server.so.0.1.0
7fdf8e0ba000-7fdf8e2b9000 ---p 0000f000 08:06 3146707                    /usr/lib/x86_64-linux-gnu/libwayland-server.so.0.1.0
7fdf8e2b9000-7fdf8e2bb000 r--p 0000e000 08:06 3146707                    /usr/lib/x86_64-linux-gnu/libwayland-server.so.0.1.0
7fdf8e2bb000-7fdf8e2bc000 rw-p 00010000 08:06 3146707                    /usr/lib/x86_64-linux-gnu/libwayland-server.so.0.1.0
7fdf8e2bc000-7fdf8e2c7000 r-xp 00000000 08:06 3153819                    /usr/lib/x86_64-linux-gnu/libwayland-client.so.0.2.0
7fdf8e2c7000-7fdf8e4c6000 ---p 0000b000 08:06 3153819                    /usr/lib/x86_64-linux-gnu/libwayland-client.so.0.2.0
7fdf8e4c6000-7fdf8e4c8000 r--p 0000a000 08:06 3153819                    /usr/lib/x86_64-linux-gnu/libwayland-client.so.0.2.0
7fdf8e4c8000-7fdf8e4c9000 rw-p 0000c000 08:06 3153819                    /usr/lib/x86_64-linux-gnu/libwayland-client.so.0.2.0
7fdf8e4c9000-7fdf8e4ce000 r-xp 00000000 08:06 3150223                    /usr/lib/x86_64-linux-gnu/libxcb-xfixes.so.0.0.0
7fdf8e4ce000-7fdf8e6ce000 ---p 00005000 08:06 3150223                    /usr/lib/x86_64-linux-gnu/libxcb-xfixes.so.0.0.0
7fdf8e6ce000-7fdf8e6cf000 r--p 00005000 08:06 3150223                    /usr/lib/x86_64-linux-gnu/libxcb-xfixes.so.0.0.0
7fdf8e6cf000-7fdf8e6d0000 rw-p 00006000 08:06 3150223                    /usr/lib/x86_64-linux-gnu/libxcb-xfixes.so.0.0.0
7fdf8e6d0000-7fdf8e6f3000 r-xp 00000000 08:06 3539528                    /usr/lib/x86_64-linux-gnu/mesa-egl/libEGL.so.1.0.0
7fdf8e6f3000-7fdf8e8f3000 ---p 00023000 08:06 3539528                    /usr/lib/x86_64-linux-gnu/mesa-egl/libEGL.so.1.0.0
7fdf8e8f3000-7fdf8e8f4000 r--p 00023000 08:06 3539528                    /usr/lib/x86_64-linux-gnu/mesa-egl/libEGL.so.1.0.0
7fdf8e8f4000-7fdf8e8f5000 rw-p 00024000 08:06 3539528                    /usr/lib/x86_64-linux-gnu/mesa-egl/libEGL.so.1.0.0
7fdf8e8f5000-7fdf8e99d000 r-xp 00000000 08:06 7084412                    /tmp/jogamp_0000/file_cache/jln8259897804673511091/jln5029345042009291250/libjogl_desktop.so
7fdf8e99d000-7fdf8eb9d000 ---p 000a8000 08:06 7084412                    /tmp/jogamp_0000/file_cache/jln8259897804673511091/jln5029345042009291250/libjogl_desktop.so
7fdf8eb9d000-7fdf8eb9e000 rw-p 000a8000 08:06 7084412                    /tmp/jogamp_0000/file_cache/jln8259897804673511091/jln5029345042009291250/libjogl_desktop.so
7fdf8eb9e000-7fdf8eba9000 r-xp 00000000 08:06 3147552                    /usr/lib/x86_64-linux-gnu/libdrm.so.2.4.0
7fdf8eba9000-7fdf8eda8000 ---p 0000b000 08:06 3147552                    /usr/lib/x86_64-linux-gnu/libdrm.so.2.4.0
7fdf8eda8000-7fdf8eda9000 r--p 0000a000 08:06 3147552                    /usr/lib/x86_64-linux-gnu/libdrm.so.2.4.0
7fdf8eda9000-7fdf8edaa000 rw-p 0000b000 08:06 3147552                    /usr/lib/x86_64-linux-gnu/libdrm.so.2.4.0
7fdf8edaa000-7fdf8edab000 r-xp 00000000 08:06 3147091                    /usr/lib/x86_64-linux-gnu/libxshmfence.so.1.0.0
7fdf8edab000-7fdf8efaa000 ---p 00001000 08:06 3147091                    /usr/lib/x86_64-linux-gnu/libxshmfence.so.1.0.0
7fdf8efaa000-7fdf8efab000 r--p 00000000 08:06 3147091                    /usr/lib/x86_64-linux-gnu/libxshmfence.so.1.0.0
7fdf8efab000-7fdf8efac000 rw-p 00001000 08:06 3147091                    /usr/lib/x86_64-linux-gnu/libxshmfence.so.1.0.0
7fdf8efac000-7fdf8efb1000 r-xp 00000000 08:06 3152832                    /usr/lib/x86_64-linux-gnu/libxcb-sync.so.1.0.0
7fdf8efb1000-7fdf8f1b0000 ---p 00005000 08:06 3152832                    /usr/lib/x86_64-linux-gnu/libxcb-sync.so.1.0.0
7fdf8f1b0000-7fdf8f1b1000 r--p 00004000 08:06 3152832                    /usr/lib/x86_64-linux-gnu/libxcb-sync.so.1.0.0
7fdf8f1b1000-7fdf8f1b2000 rw-p 00005000 08:06 3152832                    /usr/lib/x86_64-linux-gnu/libxcb-sync.so.1.0.0
7fdf8f1b2000-7fdf8f1b4000 r-xp 00000000 08:06 3152830                    /usr/lib/x86_64-linux-gnu/libxcb-present.so.0.0.0
7fdf8f1b4000-7fdf8f3b3000 ---p 00002000 08:06 3152830                    /usr/lib/x86_64-linux-gnu/libxcb-present.so.0.0.0
7fdf8f3b3000-7fdf8f3b4000 r--p 00001000 08:06 3152830                    /usr/lib/x86_64-linux-gnu/libxcb-present.so.0.0.0
7fdf8f3b4000-7fdf8f3b5000 rw-p 00002000 08:06 3152830                    /usr/lib/x86_64-linux-gnu/libxcb-present.so.0.0.0
7fdf8f3b5000-7fdf8f3b7000 r-xp 00000000 08:06 3147719                    /usr/lib/x86_64-linux-gnu/libxcb-dri3.so.0.0.0
7fdf8f3b7000-7fdf8f5b6000 ---p 00002000 08:06 3147719                    /usr/lib/x86_64-linux-gnu/libxcb-dri3.so.0.0.0
7fdf8f5b6000-7fdf8f5b7000 r--p 00001000 08:06 3147719                    /usr/lib/x86_64-linux-gnu/libxcb-dri3.so.0.0.0
7fdf8f5b7000-7fdf8f5b8000 rw-p 00002000 08:06 3147719                    /usr/lib/x86_64-linux-gnu/libxcb-dri3.so.0.0.0
7fdf8f5b8000-7fdf8f5bb000 r-xp 00000000 08:06 3147579                    /usr/lib/x86_64-linux-gnu/libxcb-dri2.so.0.0.0
7fdf8f5bb000-7fdf8f7bb000 ---p 00003000 08:06 3147579                    /usr/lib/x86_64-linux-gnu/libxcb-dri2.so.0.0.0
7fdf8f7bb000-7fdf8f7bc000 r--p 00003000 08:06 3147579                    /usr/lib/x86_64-linux-gnu/libxcb-dri2.so.0.0.0
7fdf8f7bc000-7fdf8f7bd000 rw-p 00004000 08:06 3147579                    /usr/lib/x86_64-linux-gnu/libxcb-dri2.so.0.0.0
7fdf8f7bd000-7fdf8f7d2000 r-xp 00000000 08:06 3147628                    /usr/lib/x86_64-linux-gnu/libxcb-glx.so.0.0.0
7fdf8f7d2000-7fdf8f9d1000 ---p 00015000 08:06 3147628                    /usr/lib/x86_64-linux-gnu/libxcb-glx.so.0.0.0
7fdf8f9d1000-7fdf8f9d3000 r--p 00014000 08:06 3147628                    /usr/lib/x86_64-linux-gnu/libxcb-glx.so.0.0.0
7fdf8f9d3000-7fdf8f9d4000 rw-p 00016000 08:06 3147628                    /usr/lib/x86_64-linux-gnu/libxcb-glx.so.0.0.0
7fdf8f9d4000-7fdf8f9d5000 r-xp 00000000 08:06 3147616                    /usr/lib/x86_64-linux-gnu/libX11-xcb.so.1.0.0
7fdf8f9d5000-7fdf8fbd4000 ---p 00001000 08:06 3147616                    /usr/lib/x86_64-linux-gnu/libX11-xcb.so.1.0.0
7fdf8fbd4000-7fdf8fbd5000 r--p 00000000 08:06 3147616                    /usr/lib/x86_64-linux-gnu/libX11-xcb.so.1.0.0
7fdf8fbd5000-7fdf8fbd6000 rw-p 00001000 08:06 3147616                    /usr/lib/x86_64-linux-gnu/libX11-xcb.so.1.0.0
7fdf8fbd6000-7fdf8fbd8000 r-xp 00000000 08:06 3153625                    /usr/lib/x86_64-linux-gnu/libXdamage.so.1.1.0
7fdf8fbd8000-7fdf8fdd7000 ---p 00002000 08:06 3153625                    /usr/lib/x86_64-linux-gnu/libXdamage.so.1.1.0
7fdf8fdd7000-7fdf8fdd8000 r--p 00001000 08:06 3153625                    /usr/lib/x86_64-linux-gnu/libXdamage.so.1.1.0
7fdf8fdd8000-7fdf8fdd9000 rw-p 00002000 08:06 3153625                    /usr/lib/x86_64-linux-gnu/libXdamage.so.1.1.0
7fdf8fdd9000-7fdf8fdfb000 r-xp 00000000 08:06 3147717                    /usr/lib/x86_64-linux-gnu/libglapi.so.0.0.0
7fdf8fdfb000-7fdf8fffb000 ---p 00022000 08:06 3147717                    /usr/lib/x86_64-linux-gnu/libglapi.so.0.0.0
7fdf8fffb000-7fdf8fffe000 r--p 00022000 08:06 3147717                    /usr/lib/x86_64-linux-gnu/libglapi.so.0.0.0
7fdf8fffe000-7fdf8ffff000 rw-p 00025000 08:06 3147717                    /usr/lib/x86_64-linux-gnu/libglapi.so.0.0.0
7fdf8ffff000-7fdf90000000 rw-p 00000000 00:00 0 
7fdf90000000-7fdf90848000 rw-p 00000000 00:00 0 
7fdf90848000-7fdf94000000 ---p 00000000 00:00 0 
7fdf94000000-7fdf94021000 rw-p 00000000 00:00 0 
7fdf94021000-7fdf98000000 ---p 00000000 00:00 0 
7fdf98000000-7fdf98021000 rw-p 00000000 00:00 0 
7fdf98021000-7fdf9c000000 ---p 00000000 00:00 0 
7fdf9c000000-7fdf9ffff000 rw-p 00000000 00:00 0 
7fdf9ffff000-7fdfa0000000 ---p 00000000 00:00 0 
7fdfa0000000-7fdfa0021000 rw-p 00000000 00:00 0 
7fdfa0021000-7fdfa4000000 ---p 00000000 00:00 0 
7fdfa4000000-7fdfa4049000 rw-p 00000000 00:00 0 
7fdfa4049000-7fdfa8000000 ---p 00000000 00:00 0 
7fdfa8000000-7fdfa8021000 rw-p 00000000 00:00 0 
7fdfa8021000-7fdfac000000 ---p 00000000 00:00 0 
7fdfac000000-7fdfac021000 rw-p 00000000 00:00 0 
7fdfac021000-7fdfb0000000 ---p 00000000 00:00 0 
7fdfb0000000-7fdfb01f5000 rw-p 00000000 00:00 0 
7fdfb01f5000-7fdfb4000000 ---p 00000000 00:00 0 
7fdfb4000000-7fdfb4021000 rw-p 00000000 00:00 0 
7fdfb4021000-7fdfb8000000 ---p 00000000 00:00 0 
7fdfb8000000-7fdfb8021000 rw-p 00000000 00:00 0 
7fdfb8021000-7fdfbc000000 ---p 00000000 00:00 0 
7fdfbc000000-7fdfbc40f000 rw-p 00000000 00:00 0 
7fdfbc40f000-7fdfc0000000 ---p 00000000 00:00 0 
7fdfc0000000-7fdfc0021000 rw-p 00000000 00:00 0 
7fdfc0021000-7fdfc4000000 ---p 00000000 00:00 0 
7fdfc4000000-7fdfc4021000 rw-p 00000000 00:00 0 
7fdfc4021000-7fdfc8000000 ---p 00000000 00:00 0 
7fdfc8000000-7fdfc8021000 rw-p 00000000 00:00 0 
7fdfc8021000-7fdfcc000000 ---p 00000000 00:00 0 
7fdfcc000000-7fdfcc021000 rw-p 00000000 00:00 0 
7fdfcc021000-7fdfd0000000 ---p 00000000 00:00 0 
7fdfd0000000-7fdfd0021000 rw-p 00000000 00:00 0 
7fdfd0021000-7fdfd4000000 ---p 00000000 00:00 0 
7fdfd4000000-7fdfd4021000 rw-p 00000000 00:00 0 
7fdfd4021000-7fdfd8000000 ---p 00000000 00:00 0 
7fdfd8000000-7fdfd8021000 rw-p 00000000 00:00 0 
7fdfd8021000-7fdfdc000000 ---p 00000000 00:00 0 
7fdfdc000000-7fdfdc021000 rw-p 00000000 00:00 0 
7fdfdc021000-7fdfe0000000 ---p 00000000 00:00 0 
7fdfe0075000-7fdfe00f5000 rw-s 135bde000 00:05 9777                      /dev/dri/card0
7fdfe00f5000-7fdfe0175000 rw-s 135ade000 00:05 9777                      /dev/dri/card0
7fdfe0175000-7fdfe01d6000 r-xp 00000000 08:06 3541715                    /usr/lib/x86_64-linux-gnu/mesa/libGL.so.1.2.0
7fdfe01d6000-7fdfe03d5000 ---p 00061000 08:06 3541715                    /usr/lib/x86_64-linux-gnu/mesa/libGL.so.1.2.0
7fdfe03d5000-7fdfe03d8000 r--p 00060000 08:06 3541715                    /usr/lib/x86_64-linux-gnu/mesa/libGL.so.1.2.0
7fdfe03d8000-7fdfe03d9000 rw-p 00063000 08:06 3541715                    /usr/lib/x86_64-linux-gnu/mesa/libGL.so.1.2.0
7fdfe03d9000-7fdfe03da000 rw-p 00000000 00:00 0 
7fdfe03da000-7fdfe03e1000 r-xp 00000000 08:06 7084415                    /tmp/jogamp_0000/file_cache/jln8259897804673511091/jln5029345042009291250/libnativewindow_x11.so
7fdfe03e1000-7fdfe05e0000 ---p 00007000 08:06 7084415                    /tmp/jogamp_0000/file_cache/jln8259897804673511091/jln5029345042009291250/libnativewindow_x11.so
7fdfe05e0000-7fdfe05e1000 rw-p 00006000 08:06 7084415                    /tmp/jogamp_0000/file_cache/jln8259897804673511091/jln5029345042009291250/libnativewindow_x11.so
7fdfe05e1000-7fdfe05e5000 r-xp 00000000 08:06 3153661                    /usr/lib/x86_64-linux-gnu/libXxf86vm.so.1.0.0
7fdfe05e5000-7fdfe07e5000 ---p 00004000 08:06 3153661                    /usr/lib/x86_64-linux-gnu/libXxf86vm.so.1.0.0
7fdfe07e5000-7fdfe07e6000 r--p 00004000 08:06 3153661                    /usr/lib/x86_64-linux-gnu/libXxf86vm.so.1.0.0
7fdfe07e6000-7fdfe07e7000 rw-p 00005000 08:06 3153661                    /usr/lib/x86_64-linux-gnu/libXxf86vm.so.1.0.0
7fdfe07e7000-7fdfe07e9000 r-xp 00000000 08:06 7084414                    /tmp/jogamp_0000/file_cache/jln8259897804673511091/jln5029345042009291250/libnativewindow_awt.so
7fdfe07e9000-7fdfe09e8000 ---p 00002000 08:06 7084414                    /tmp/jogamp_0000/file_cache/jln8259897804673511091/jln5029345042009291250/libnativewindow_awt.so
7fdfe09e8000-7fdfe09e9000 rw-p 00001000 08:06 7084414                    /tmp/jogamp_0000/file_cache/jln8259897804673511091/jln5029345042009291250/libnativewindow_awt.so
7fdfe09e9000-7fdfe09ea000 r-xp 00000000 08:06 5906176                    /home/mathilde/kinect/processing-2.2.1/java/lib/amd64/libjawt.so
7fdfe09ea000-7fdfe0be9000 ---p 00001000 08:06 5906176                    /home/mathilde/kinect/processing-2.2.1/java/lib/amd64/libjawt.so
7fdfe0be9000-7fdfe0bea000 rw-p 00000000 08:06 5906176                    /home/mathilde/kinect/processing-2.2.1/java/lib/amd64/libjawt.so
7fdfe0bea000-7fdfe0bec000 r-xp 00000000 08:06 7084411                    /tmp/jogamp_0000/file_cache/jln8259897804673511091/jln5029345042009291250/libgluegen-rt.so
7fdfe0bec000-7fdfe0dec000 ---p 00002000 08:06 7084411                    /tmp/jogamp_0000/file_cache/jln8259897804673511091/jln5029345042009291250/libgluegen-rt.so
7fdfe0dec000-7fdfe0ded000 rw-p 00002000 08:06 7084411                    /tmp/jogamp_0000/file_cache/jln8259897804673511091/jln5029345042009291250/libgluegen-rt.so
7fdfe0ded000-7fdfe0eee000 rwxp 00000000 00:00 0                          [stack:10504]
7fdfe0eee000-7fdfe0efe000 r-xp 00000000 08:06 5906211                    /home/mathilde/kinect/processing-2.2.1/java/lib/amd64/libnio.so
7fdfe0efe000-7fdfe10fe000 ---p 00010000 08:06 5906211                    /home/mathilde/kinect/processing-2.2.1/java/lib/amd64/libnio.so
7fdfe10fe000-7fdfe10ff000 rw-p 00010000 08:06 5906211                    /home/mathilde/kinect/processing-2.2.1/java/lib/amd64/libnio.so
7fdfe10ff000-7fdfe13ff000 rw-s 00000000 00:04 38961193                   /SYSV00000000 (deleted)
7fdfe1405000-7fdfe1406000 rw-p 00000000 00:00 0 
7fdfe1406000-7fdfe1407000 rw-s 00000000 00:14 2591436                    /run/shm/1d27.0601@1.10-SM
7fdfe1407000-7fdfe1408000 rw-s 147684000 00:05 9777                      /dev/dri/card0
7fdfe1408000-7fdfe140a000 rw-s 147681000 00:05 9777                      /dev/dri/card0
7fdfe140a000-7fdfe140e000 rw-s 14767b000 00:05 9777                      /dev/dri/card0
7fdfe140e000-7fdfe140f000 rw-s 135cde000 00:05 9777                      /dev/dri/card0
7fdfe140f000-7fdfe1410000 rwxp 00000000 00:00 0 
7fdfe1410000-7fdfe1490000 rw-s 1356ea000 00:05 9777                      /dev/dri/card0
7fdfe1490000-7fdfe14a5000 r-xp 00000000 08:06 5906173                    /home/mathilde/kinect/processing-2.2.1/java/lib/amd64/libnet.so
7fdfe14a5000-7fdfe16a5000 ---p 00015000 08:06 5906173                    /home/mathilde/kinect/processing-2.2.1/java/lib/amd64/libnet.so
7fdfe16a5000-7fdfe16a6000 rw-p 00015000 08:06 5906173                    /home/mathilde/kinect/processing-2.2.1/java/lib/amd64/libnet.so
7fdfe16a6000-7fdfe16df000 rwxp 00000000 00:00 0                          [stack:10499]
7fdfe16df000-7fdfe16e3000 r--s 0007d000 08:06 5643188                    /home/mathilde/kinect/processing-2.2.1/java/lib/jsse.jar
7fdfe16e3000-7fdfe16ec000 r--s 0009f000 08:06 5510370                    /home/mathilde/kinect/processing-2.2.1/lib/pde.jar
7fdfe16ec000-7fdfe1700000 r--s 00141000 08:06 5510399                    /home/mathilde/kinect/processing-2.2.1/lib/org.eclipse.osgi_3.8.1.v20120830-144521.jar
7fdfe1700000-7fdfe1703000 r--s 00041000 08:06 5510373                    /home/mathilde/kinect/processing-2.2.1/lib/org-netbeans-swing-outline.jar
7fdfe1703000-7fdfe1717000 r--s 00127000 08:06 5510374                    /home/mathilde/kinect/processing-2.2.1/lib/jna.jar
7fdfe1717000-7fdfe1724000 r--s 000c6000 08:06 5510376                    /home/mathilde/kinect/processing-2.2.1/lib/jdimodel.jar
7fdfe1724000-7fdfe1728000 r--s 0000e000 08:06 5510372                    /home/mathilde/kinect/processing-2.2.1/lib/jdi.jar
7fdfe1728000-7fdfe1c2d000 rwxp 00000000 00:00 0                          [stack:10494]
7fdfe1c2d000-7fdfe1c32000 r-xp 00000000 08:06 3153631                    /usr/lib/x86_64-linux-gnu/libXfixes.so.3.1.0
7fdfe1c32000-7fdfe1e31000 ---p 00005000 08:06 3153631                    /usr/lib/x86_64-linux-gnu/libXfixes.so.3.1.0
7fdfe1e31000-7fdfe1e32000 r--p 00004000 08:06 3153631                    /usr/lib/x86_64-linux-gnu/libXfixes.so.3.1.0
7fdfe1e32000-7fdfe1e33000 rw-p 00005000 08:06 3153631                    /usr/lib/x86_64-linux-gnu/libXfixes.so.3.1.0
7fdfe1e33000-7fdfe1e3c000 r-xp 00000000 08:06 3153623                    /usr/lib/x86_64-linux-gnu/libXcursor.so.1.0.2
7fdfe1e3c000-7fdfe203b000 ---p 00009000 08:06 3153623                    /usr/lib/x86_64-linux-gnu/libXcursor.so.1.0.2
7fdfe203b000-7fdfe203c000 r--p 00008000 08:06 3153623                    /usr/lib/x86_64-linux-gnu/libXcursor.so.1.0.2
7fdfe203c000-7fdfe203d000 rw-p 00009000 08:06 3153623                    /usr/lib/x86_64-linux-gnu/libXcursor.so.1.0.2
7fdfe203d000-7fdfe213e000 rwxp 00000000 00:00 0                          [stack:10488]
7fdfe213e000-7fdfe2143000 r-xp 00000000 08:06 3153627                    /usr/lib/x86_64-linux-gnu/libXdmcp.so.6.0.0
7fdfe2143000-7fdfe2342000 ---p 00005000 08:06 3153627                    /usr/lib/x86_64-linux-gnu/libXdmcp.so.6.0.0
7fdfe2342000-7fdfe2343000 r--p 00004000 08:06 3153627                    /usr/lib/x86_64-linux-gnu/libXdmcp.so.6.0.0
7fdfe2343000-7fdfe2344000 rw-p 00005000 08:06 3153627                    /usr/lib/x86_64-linux-gnu/libXdmcp.so.6.0.0
7fdfe2344000-7fdfe2346000 r-xp 00000000 08:06 3153616                    /usr/lib/x86_64-linux-gnu/libXau.so.6.0.0
7fdfe2346000-7fdfe2546000 ---p 00002000 08:06 3153616                    /usr/lib/x86_64-linux-gnu/libXau.so.6.0.0
7fdfe2546000-7fdfe2547000 r--p 00002000 08:06 3153616                    /usr/lib/x86_64-linux-gnu/libXau.so.6.0.0
7fdfe2547000-7fdfe2548000 rw-p 00003000 08:06 3153616                    /usr/lib/x86_64-linux-gnu/libXau.so.6.0.0
7fdfe2548000-7fdfe2565000 r-xp 00000000 08:06 3147529                    /usr/lib/x86_64-linux-gnu/libxcb.so.1.1.0
7fdfe2565000-7fdfe2765000 ---p 0001d000 08:06 3147529                    /usr/lib/x86_64-linux-gnu/libxcb.so.1.1.0
7fdfe2765000-7fdfe2766000 r--p 0001d000 08:06 3147529                    /usr/lib/x86_64-linux-gnu/libxcb.so.1.1.0
7fdfe2766000-7fdfe2767000 rw-p 0001e000 08:06 3147529                    /usr/lib/x86_64-linux-gnu/libxcb.so.1.1.0
7fdfe2767000-7fdfe2776000 r-xp 00000000 08:06 3153637                    /usr/lib/x86_64-linux-gnu/libXi.so.6.1.0
7fdfe2776000-7fdfe2975000 ---p 0000f000 08:06 3153637                    /usr/lib/x86_64-linux-gnu/libXi.so.6.1.0
7fdfe2975000-7fdfe2976000 r--p 0000e000 08:06 3153637                    /usr/lib/x86_64-linux-gnu/libXi.so.6.1.0
7fdfe2976000-7fdfe2977000 rw-p 0000f000 08:06 3153637                    /usr/lib/x86_64-linux-gnu/libXi.so.6.1.0
7fdfe2977000-7fdfe297c000 r-xp 00000000 08:06 3153655                    /usr/lib/x86_64-linux-gnu/libXtst.so.6.1.0
7fdfe297c000-7fdfe2b7b000 ---p 00005000 08:06 3153655                    /usr/lib/x86_64-linux-gnu/libXtst.so.6.1.0
7fdfe2b7b000-7fdfe2b7c000 r--p 00004000 08:06 3153655                    /usr/lib/x86_64-linux-gnu/libXtst.so.6.1.0
7fdfe2b7c000-7fdfe2b7d000 rw-p 00005000 08:06 3153655                    /usr/lib/x86_64-linux-gnu/libXtst.so.6.1.0
7fdfe2b7d000-7fdfe2b86000 r-xp 00000000 08:06 3153651                    /usr/lib/x86_64-linux-gnu/libXrender.so.1.3.0
7fdfe2b86000-7fdfe2d85000 ---p 00009000 08:06 3153651                    /usr/lib/x86_64-linux-gnu/libXrender.so.1.3.0
7fdfe2d85000-7fdfe2d86000 r--p 00008000 08:06 3153651                    /usr/lib/x86_64-linux-gnu/libXrender.so.1.3.0
7fdfe2d86000-7fdfe2d87000 rw-p 00009000 08:06 3153651                    /usr/lib/x86_64-linux-gnu/libXrender.so.1.3.0
7fdfe2d87000-7fdfe2eb7000 r-xp 00000000 08:06 3147538                    /usr/lib/x86_64-linux-gnu/libX11.so.6.3.0
7fdfe2eb7000-7fdfe30b7000 ---p 00130000 08:06 3147538                    /usr/lib/x86_64-linux-gnu/libX11.so.6.3.0
7fdfe30b7000-7fdfe30b8000 r--p 00130000 08:06 3147538                    /usr/lib/x86_64-linux-gnu/libX11.so.6.3.0
7fdfe30b8000-7fdfe30bc000 rw-p 00131000 08:06 3147538                    /usr/lib/x86_64-linux-gnu/libX11.so.6.3.0
7fdfe30bc000-7fdfe30cd000 r-xp 00000000 08:06 3153629                    /usr/lib/x86_64-linux-gnu/libXext.so.6.4.0
7fdfe30cd000-7fdfe32cc000 ---p 00011000 08:06 3153629                    /usr/lib/x86_64-linux-gnu/libXext.so.6.4.0
7fdfe32cc000-7fdfe32cd000 r--p 00010000 08:06 3153629                    /usr/lib/x86_64-linux-gnu/libXext.so.6.4.0
7fdfe32cd000-7fdfe32ce000 rw-p 00011000 08:06 3153629                    /usr/lib/x86_64-linux-gnu/libXext.so.6.4.0
7fdfe32ce000-7fdfe331e000 r-xp 00000000 08:06 5906190                    /home/mathilde/kinect/processing-2.2.1/java/lib/amd64/xawt/libmawt.so
7fdfe331e000-7fdfe351e000 ---p 00050000 08:06 5906190                    /home/mathilde/kinect/processing-2.2.1/java/lib/amd64/xawt/libmawt.so
7fdfe351e000-7fdfe3522000 rw-p 00050000 08:06 5906190                    /home/mathilde/kinect/processing-2.2.1/java/lib/amd64/xawt/libmawt.so
7fdfe3522000-7fdfe3523000 rw-p 00000000 00:00 0 
7fdfe3523000-7fdfe35c6000 r-xp 00000000 08:06 5906191                    /home/mathilde/kinect/processing-2.2.1/java/lib/amd64/libawt.so
7fdfe35c6000-7fdfe37c6000 ---p 000a3000 08:06 5906191                    /home/mathilde/kinect/processing-2.2.1/java/lib/amd64/libawt.so
7fdfe37c6000-7fdfe37d2000 rw-p 000a3000 08:06 5906191                    /home/mathilde/kinect/processing-2.2.1/java/lib/amd64/libawt.so
7fdfe37d2000-7fdfe37f6000 rw-p 00000000 00:00 0 
7fdfe37f6000-7fdfe37f7000 ---p 00000000 00:00 0 
7fdfe37f7000-7fdfe39f8000 rwxp 00000000 00:00 0                          [stack:10486]
7fdfe39f8000-7fdfe39f9000 ---p 00000000 00:00 0 
7fdfe39f9000-7fdfe3af9000 rwxp 00000000 00:00 0                          [stack:10485]
7fdfe3af9000-7fdfe3afa000 ---p 00000000 00:00 0 
7fdfe3afa000-7fdfe3dfc000 rwxp 00000000 00:00 0                          [stack:10475]
7fdfe3dfc000-7fdfe3e00000 r-xp 00000000 08:06 5906192                    /home/mathilde/kinect/processing-2.2.1/java/lib/amd64/libdt_socket.so
7fdfe3e00000-7fdfe3fff000 ---p 00004000 08:06 5906192                    /home/mathilde/kinect/processing-2.2.1/java/lib/amd64/libdt_socket.so
7fdfe3fff000-7fdfe4000000 rw-p 00003000 08:06 5906192                    /home/mathilde/kinect/processing-2.2.1/java/lib/amd64/libdt_socket.so
7fdfe4000000-7fdfe4021000 rw-p 00000000 00:00 0 
7fdfe4021000-7fdfe8000000 ---p 00000000 00:00 0 
7fdfe8000000-7fdfe8001000 rw-s 1358ea000 00:05 9777                      /dev/dri/card0
7fdfe8001000-7fdfe803d000 r--s 00629000 08:06 5510371                    /home/mathilde/kinect/processing-2.2.1/lib/com.ibm.icu_4.4.2.v20110823.jar
7fdfe803d000-7fdfe8042000 r--s 00068000 08:06 5510397                    /home/mathilde/kinect/processing-2.2.1/lib/antlr.jar
7fdfe8042000-7fdfe8060000 r--s 001bb000 08:06 5510388                    /home/mathilde/kinect/processing-2.2.1/lib/ant.jar
7fdfe8060000-7fdfe8062000 r--s 00002000 08:06 5510387                    /home/mathilde/kinect/processing-2.2.1/lib/ant-launcher.jar
7fdfe8062000-7fdfe8065000 r--s 00022000 08:06 3168156                    /home/mathilde/sketchbook/libraries/SimpleOpenNI/library/SimpleOpenNI.jar
7fdfe8065000-7fdfe808b000 r--p 00000000 08:06 3672815                    /usr/share/locale-langpack/fr/LC_MESSAGES/libc.mo
7fdfe808b000-7fdfe80ac000 r--s 002d0000 08:06 5510271                    /home/mathilde/kinect/processing-2.2.1/core/library/jogl-all.jar
7fdfe80ac000-7fdfe84b0000 rwxp 00000000 00:00 0                          [stack:10471]
7fdfe84b0000-7fdfe84b1000 ---p 00000000 00:00 0 
7fdfe84b1000-7fdfe85b1000 rwxp 00000000 00:00 0                          [stack:10470]
7fdfe85b1000-7fdfec000000 rw-p 00000000 00:00 0 
7fdfec000000-7fdfec021000 rw-p 00000000 00:00 0 
7fdfec021000-7fdff0000000 ---p 00000000 00:00 0 
7fdff0000000-7fdff0021000 rw-p 00000000 00:00 0 
7fdff0021000-7fdff4000000 ---p 00000000 00:00 0 
7fdff4000000-7fdff4021000 rw-p 00000000 00:00 0 
7fdff4021000-7fdff8000000 ---p 00000000 00:00 0 
7fdff8000000-7fdff8021000 rw-p 00000000 00:00 0 
7fdff8021000-7fdffc000000 ---p 00000000 00:00 0 
7fdffc000000-7fdffc021000 rw-p 00000000 00:00 0 
7fdffc021000-7fe000000000 ---p 00000000 00:00 0 
7fe000000000-7fe000001000 r--p 00000000 00:00 0 
7fe000001000-7fe000007000 r--s 00041000 08:06 5510260                    /home/mathilde/kinect/processing-2.2.1/core/library/gluegen-rt.jar
7fe000007000-7fe000355000 rw-p 00000000 00:00 0 
7fe000355000-7fe000512000 r--s 031b5000 08:06 5642422                    /home/mathilde/kinect/processing-2.2.1/java/lib/rt.jar
7fe000512000-7fe0007f8000 rw-p 00000000 00:00 0 
7fe0007f8000-7fe0007f9000 ---p 00000000 00:00 0 
7fe0007f9000-7fe0008f9000 rwxp 00000000 00:00 0                          [stack:10469]
7fe0008f9000-7fe0008fa000 ---p 00000000 00:00 0 
7fe0008fa000-7fe0009fa000 rwxp 00000000 00:00 0                          [stack:10468]
7fe0009fa000-7fe0009fb000 ---p 00000000 00:00 0 
7fe0009fb000-7fe000afb000 rwxp 00000000 00:00 0                          [stack:10467]
7fe000afb000-7fe000afc000 ---p 00000000 00:00 0 
7fe000afc000-7fe000bfc000 rwxp 00000000 00:00 0                          [stack:10466]
7fe000bfc000-7fe000bfd000 ---p 00000000 00:00 0 
7fe000bfd000-7fe000cfd000 rwxp 00000000 00:00 0                          [stack:10465]
7fe000cfd000-7fe000cfe000 ---p 00000000 00:00 0 
7fe000cfe000-7fe000dfe000 rwxp 00000000 00:00 0                          [stack:10464]
7fe000dfe000-7fe000dff000 ---p 00000000 00:00 0 
7fe000dff000-7fe000eff000 rwxp 00000000 00:00 0                          [stack:10463]
7fe000eff000-7fe000f00000 ---p 00000000 00:00 0 
7fe000f00000-7fe001270000 rwxp 00000000 00:00 0                          [stack:10462]
7fe001270000-7fe0042ec000 rw-p 00000000 00:00 0 
7fe0042ec000-7fe008000000 ---p 00000000 00:00 0 
7fe008000000-7fe008001000 r--s 0000c000 08:06 5380437                    /home/mathilde/sketchbook/libraries/oscP5-0.9.8/oscP5/library/oscP5.jar
7fe008001000-7fe00807c000 rw-p 00000000 00:00 0 
7fe00807c000-7fe008094000 rw-p 00000000 00:00 0 
7fe008094000-7fe0080c4000 rw-p 00000000 00:00 0 
7fe0080c4000-7fe0081dc000 rw-p 00000000 00:00 0 
7fe0081dc000-7fe0081ed000 rw-p 00000000 00:00 0 
7fe0081ed000-7fe008205000 rw-p 00000000 00:00 0 
7fe008205000-7fe008235000 rw-p 00000000 00:00 0 
7fe008235000-7fe00834d000 rw-p 00000000 00:00 0 
7fe00834d000-7fe00836f000 rw-p 00000000 00:00 0 
7fe00836f000-7fe0083f1000 rw-p 00000000 00:00 0 
7fe0083f1000-7fe0083f2000 rw-p 00000000 00:00 0 
7fe0083f2000-7fe00840c000 r-xp 00000000 08:06 5906201                    /home/mathilde/kinect/processing-2.2.1/java/lib/amd64/libzip.so
7fe00840c000-7fe00860c000 ---p 0001a000 08:06 5906201                    /home/mathilde/kinect/processing-2.2.1/java/lib/amd64/libzip.so
7fe00860c000-7fe00860d000 rw-p 0001a000 08:06 5906201                    /home/mathilde/kinect/processing-2.2.1/java/lib/amd64/libzip.so
7fe00860d000-7fe008618000 r-xp 00000000 08:06 1839048                    /lib/x86_64-linux-gnu/libnss_files-2.19.so
7fe008618000-7fe008817000 ---p 0000b000 08:06 1839048                    /lib/x86_64-linux-gnu/libnss_files-2.19.so
7fe008817000-7fe008818000 r--p 0000a000 08:06 1839048                    /lib/x86_64-linux-gnu/libnss_files-2.19.so
7fe008818000-7fe008819000 rw-p 0000b000 08:06 1839048                    /lib/x86_64-linux-gnu/libnss_files-2.19.so
7fe008819000-7fe008824000 r-xp 00000000 08:06 1840051                    /lib/x86_64-linux-gnu/libnss_nis-2.19.so
7fe008824000-7fe008a23000 ---p 0000b000 08:06 1840051                    /lib/x86_64-linux-gnu/libnss_nis-2.19.so
7fe008a23000-7fe008a24000 r--p 0000a000 08:06 1840051                    /lib/x86_64-linux-gnu/libnss_nis-2.19.so
7fe008a24000-7fe008a25000 rw-p 0000b000 08:06 1840051                    /lib/x86_64-linux-gnu/libnss_nis-2.19.so
7fe008a25000-7fe008a3c000 r-xp 00000000 08:06 1840045                    /lib/x86_64-linux-gnu/libnsl-2.19.so
7fe008a3c000-7fe008c3b000 ---p 00017000 08:06 1840045                    /lib/x86_64-linux-gnu/libnsl-2.19.so
7fe008c3b000-7fe008c3c000 r--p 00016000 08:06 1840045                    /lib/x86_64-linux-gnu/libnsl-2.19.so
7fe008c3c000-7fe008c3d000 rw-p 00017000 08:06 1840045                    /lib/x86_64-linux-gnu/libnsl-2.19.so
7fe008c3d000-7fe008c3f000 rw-p 00000000 00:00 0 
7fe008c3f000-7fe008c48000 r-xp 00000000 08:06 1840053                    /lib/x86_64-linux-gnu/libnss_compat-2.19.so
7fe008c48000-7fe008e47000 ---p 00009000 08:06 1840053                    /lib/x86_64-linux-gnu/libnss_compat-2.19.so
7fe008e47000-7fe008e48000 r--p 00008000 08:06 1840053                    /lib/x86_64-linux-gnu/libnss_compat-2.19.so
7fe008e48000-7fe008e49000 rw-p 00009000 08:06 1840053                    /lib/x86_64-linux-gnu/libnss_compat-2.19.so
7fe008e49000-7fe0093b9000 r--p 00000000 08:06 3147618                    /usr/lib/locale/locale-archive
7fe0093b9000-7fe0093bc000 r-xp 00000000 08:06 5906186                    /home/mathilde/kinect/processing-2.2.1/java/lib/amd64/libnpt.so
7fe0093bc000-7fe0095bb000 ---p 00003000 08:06 5906186                    /home/mathilde/kinect/processing-2.2.1/java/lib/amd64/libnpt.so
7fe0095bb000-7fe0095bc000 rw-p 00002000 08:06 5906186                    /home/mathilde/kinect/processing-2.2.1/java/lib/amd64/libnpt.so
7fe0095bc000-7fe0095f5000 r-xp 00000000 08:06 5906199                    /home/mathilde/kinect/processing-2.2.1/java/lib/amd64/libjdwp.so
7fe0095f5000-7fe0097f5000 ---p 00039000 08:06 5906199                    /home/mathilde/kinect/processing-2.2.1/java/lib/amd64/libjdwp.so
7fe0097f5000-7fe0097f6000 rw-p 00039000 08:06 5906199                    /home/mathilde/kinect/processing-2.2.1/java/lib/amd64/libjdwp.so
7fe0097f6000-7fe0097f7000 rw-p 00000000 00:00 0 
7fe0097f7000-7fe009820000 r-xp 00000000 08:06 5906212                    /home/mathilde/kinect/processing-2.2.1/java/lib/amd64/libjava.so
7fe009820000-7fe009a20000 ---p 00029000 08:06 5906212                    /home/mathilde/kinect/processing-2.2.1/java/lib/amd64/libjava.so
7fe009a20000-7fe009a22000 rw-p 00029000 08:06 5906212                    /home/mathilde/kinect/processing-2.2.1/java/lib/amd64/libjava.so
7fe009a22000-7fe009a2f000 r-xp 00000000 08:06 5906171                    /home/mathilde/kinect/processing-2.2.1/java/lib/amd64/libverify.so
7fe009a2f000-7fe009c2e000 ---p 0000d000 08:06 5906171                    /home/mathilde/kinect/processing-2.2.1/java/lib/amd64/libverify.so
7fe009c2e000-7fe009c30000 rw-p 0000c000 08:06 5906171                    /home/mathilde/kinect/processing-2.2.1/java/lib/amd64/libverify.so
7fe009c30000-7fe009c37000 r-xp 00000000 08:06 1840067                    /lib/x86_64-linux-gnu/librt-2.19.so
7fe009c37000-7fe009e36000 ---p 00007000 08:06 1840067                    /lib/x86_64-linux-gnu/librt-2.19.so
7fe009e36000-7fe009e37000 r--p 00006000 08:06 1840067                    /lib/x86_64-linux-gnu/librt-2.19.so
7fe009e37000-7fe009e38000 rw-p 00007000 08:06 1840067                    /lib/x86_64-linux-gnu/librt-2.19.so
7fe009e38000-7fe009f3d000 r-xp 00000000 08:06 1839050                    /lib/x86_64-linux-gnu/libm-2.19.so
7fe009f3d000-7fe00a13c000 ---p 00105000 08:06 1839050                    /lib/x86_64-linux-gnu/libm-2.19.so
7fe00a13c000-7fe00a13d000 r--p 00104000 08:06 1839050                    /lib/x86_64-linux-gnu/libm-2.19.so
7fe00a13d000-7fe00a13e000 rw-p 00105000 08:06 1839050                    /lib/x86_64-linux-gnu/libm-2.19.so
7fe00a13e000-7fe00aca0000 r-xp 00000000 08:06 5906184                    /home/mathilde/kinect/processing-2.2.1/java/lib/amd64/server/libjvm.so
7fe00aca0000-7fe00aea0000 ---p 00b62000 08:06 5906184                    /home/mathilde/kinect/processing-2.2.1/java/lib/amd64/server/libjvm.so
7fe00aea0000-7fe00af63000 rw-p 00b62000 08:06 5906184                    /home/mathilde/kinect/processing-2.2.1/java/lib/amd64/server/libjvm.so
7fe00af63000-7fe00afa4000 rw-p 00000000 00:00 0 
7fe00afa4000-7fe00b160000 r-xp 00000000 08:06 1839044                    /lib/x86_64-linux-gnu/libc-2.19.so
7fe00b160000-7fe00b35f000 ---p 001bc000 08:06 1839044                    /lib/x86_64-linux-gnu/libc-2.19.so
7fe00b35f000-7fe00b363000 r--p 001bb000 08:06 1839044                    /lib/x86_64-linux-gnu/libc-2.19.so
7fe00b363000-7fe00b365000 rw-p 001bf000 08:06 1839044                    /lib/x86_64-linux-gnu/libc-2.19.so
7fe00b365000-7fe00b36a000 rw-p 00000000 00:00 0 
7fe00b36a000-7fe00b36d000 r-xp 00000000 08:06 1840059                    /lib/x86_64-linux-gnu/libdl-2.19.so
7fe00b36d000-7fe00b56c000 ---p 00003000 08:06 1840059                    /lib/x86_64-linux-gnu/libdl-2.19.so
7fe00b56c000-7fe00b56d000 r--p 00002000 08:06 1840059                    /lib/x86_64-linux-gnu/libdl-2.19.so
7fe00b56d000-7fe00b56e000 rw-p 00003000 08:06 1840059                    /lib/x86_64-linux-gnu/libdl-2.19.so
7fe00b56e000-7fe00b584000 r-xp 00000000 08:06 5906168                    /home/mathilde/kinect/processing-2.2.1/java/lib/amd64/jli/libjli.so
7fe00b584000-7fe00b784000 ---p 00016000 08:06 5906168                    /home/mathilde/kinect/processing-2.2.1/java/lib/amd64/jli/libjli.so
7fe00b784000-7fe00b785000 rw-p 00016000 08:06 5906168                    /home/mathilde/kinect/processing-2.2.1/java/lib/amd64/jli/libjli.so
7fe00b785000-7fe00b79e000 r-xp 00000000 08:06 1840065                    /lib/x86_64-linux-gnu/libpthread-2.19.so
7fe00b79e000-7fe00b99d000 ---p 00019000 08:06 1840065                    /lib/x86_64-linux-gnu/libpthread-2.19.so
7fe00b99d000-7fe00b99e000 r--p 00018000 08:06 1840065                    /lib/x86_64-linux-gnu/libpthread-2.19.so
7fe00b99e000-7fe00b99f000 rw-p 00019000 08:06 1840065                    /lib/x86_64-linux-gnu/libpthread-2.19.so
7fe00b99f000-7fe00b9a3000 rw-p 00000000 00:00 0 
7fe00b9a3000-7fe00b9c6000 r-xp 00000000 08:06 1838946                    /lib/x86_64-linux-gnu/ld-2.19.so
7fe00b9c6000-7fe00b9c7000 r--s 00034000 08:06 5510269                    /home/mathilde/kinect/processing-2.2.1/core/library/jogl-all-natives-windows-amd64.jar
7fe00b9c7000-7fe00b9c8000 r--s 00001000 08:06 5510261                    /home/mathilde/kinect/processing-2.2.1/core/library/gluegen-rt-natives-windows-amd64.jar
7fe00b9c8000-7fe00b9c9000 r--s 00000000 08:06 5510272                    /home/mathilde/kinect/processing-2.2.1/core/library/gluegen-rt-natives-linux-armv6hf.jar
7fe00b9c9000-7fe00b9ca000 r--s 00001000 08:06 5510270                    /home/mathilde/kinect/processing-2.2.1/core/library/gluegen-rt-natives-macosx-universal.jar
7fe00b9ca000-7fe00b9cb000 r--s 0002d000 08:06 5510258                    /home/mathilde/kinect/processing-2.2.1/core/library/jogl-all-natives-windows-i586.jar
7fe00b9cb000-7fe00b9cc000 r--s 00000000 08:06 5510262                    /home/mathilde/kinect/processing-2.2.1/core/library/gluegen-rt-natives-linux-i586.jar
7fe00b9cc000-7fe00b9cd000 r--s 00001000 08:06 5510273                    /home/mathilde/kinect/processing-2.2.1/core/library/gluegen-rt-natives-windows-i586.jar
7fe00b9cd000-7fe00b9cf000 r--s 00030000 08:06 5510263                    /home/mathilde/kinect/processing-2.2.1/core/library/jogl-all-natives-linux-i586.jar
7fe00b9cf000-7fe00b9d0000 r--s 00022000 08:06 5510266                    /home/mathilde/kinect/processing-2.2.1/core/library/jogl-all-natives-linux-armv6hf.jar
7fe00b9d0000-7fe00b9d7000 r--s 00000000 08:06 3550446                    /usr/lib/x86_64-linux-gnu/gconv/gconv-modules.cache
7fe00b9d7000-7fe00b9db000 r--s 00097000 08:06 5510265                    /home/mathilde/kinect/processing-2.2.1/core/library/core.jar
7fe00b9db000-7fe00b9e5000 rw-p 00000000 00:00 0 
7fe00b9e5000-7fe00ba9b000 rw-p 00000000 00:00 0 
7fe00ba9b000-7fe00ba9c000 ---p 00000000 00:00 0 
7fe00ba9c000-7fe00bb9c000 rwxp 00000000 00:00 0                          [stack:10461]
7fe00bb9c000-7fe00bba0000 rw-p 00000000 00:00 0 
7fe00bba0000-7fe00bba1000 r--s 00063000 08:06 5510259                    /home/mathilde/kinect/processing-2.2.1/core/library/jogl-all-natives-macosx-universal.jar
7fe00bba1000-7fe00bba2000 r--s 00000000 08:06 5510264                    /home/mathilde/kinect/processing-2.2.1/core/library/gluegen-rt-natives-linux-amd64.jar
7fe00bba2000-7fe00bba3000 r--s 00031000 08:06 5510268                    /home/mathilde/kinect/processing-2.2.1/core/library/jogl-all-natives-linux-amd64.jar
7fe00bba3000-7fe00bbb9000 rw-p 00000000 00:00 0 
7fe00bbb9000-7fe00bbc1000 rw-s 00000000 08:06 5383529                    /tmp/hsperfdata_mathilde/10460
7fe00bbc1000-7fe00bbc2000 rw-p 00000000 00:00 0 
7fe00bbc2000-7fe00bbc3000 r--p 00000000 00:00 0 
7fe00bbc3000-7fe00bbc5000 rw-p 00000000 00:00 0 
7fe00bbc5000-7fe00bbc6000 r--p 00022000 08:06 1838946                    /lib/x86_64-linux-gnu/ld-2.19.so
7fe00bbc6000-7fe00bbc7000 rw-p 00023000 08:06 1838946                    /lib/x86_64-linux-gnu/ld-2.19.so
7fe00bbc7000-7fe00bbc8000 rw-p 00000000 00:00 0 
7fff93b52000-7fff93b72000 rwxp 00000000 00:00 0                          [stack]
7fff93b72000-7fff93b75000 rw-p 00000000 00:00 0 
7fff93bea000-7fff93bec000 r-xp 00000000 00:00 0                          [vdso]
ffffffffff600000-ffffffffff601000 r-xp 00000000 00:00 0                  [vsyscall]

VM Arguments:
jvm_args: -agentlib:jdwp=transport=dt_socket,address=8471,server=y,suspend=y -Djava.library.path=:/home/mathilde/sketchbook/libraries/SimpleOpenNI/library:/home/mathilde/sketchbook/libraries/oscP5-0.9.8/oscP5/library:/usr/java/packages/lib/amd64:/usr/lib64:/lib64:/lib:/usr/lib -ea 
java_command: processing.core.PApplet --editor-location=483,168 --external --display=0 pointsMain --sketch-path=/home/mathilde/pointsMain
Launcher Type: SUN_STANDARD

Environment Variables:
CLASSPATH=/home/mathilde/kinect/processing-2.2.1/java/lib/rt.jar:/home/mathilde/kinect/processing-2.2.1/lib/ant-launcher.jar:/home/mathilde/kinect/processing-2.2.1/lib/ant.jar:/home/mathilde/kinect/processing-2.2.1/lib/antlr.jar:/home/mathilde/kinect/processing-2.2.1/lib/com.ibm.icu_4.4.2.v20110823.jar:/home/mathilde/kinect/processing-2.2.1/lib/jdi.jar:/home/mathilde/kinect/processing-2.2.1/lib/jdimodel.jar:/home/mathilde/kinect/processing-2.2.1/lib/jna.jar:/home/mathilde/kinect/processing-2.2.1/lib/org-netbeans-swing-outline.jar:/home/mathilde/kinect/processing-2.2.1/lib/org.eclipse.osgi_3.8.1.v20120830-144521.jar:/home/mathilde/kinect/processing-2.2.1/lib/pde.jar:/home/mathilde/kinect/processing-2.2.1/core/library/core.jar:/home/mathilde/kinect/processing-2.2.1/core/library/gluegen-rt-natives-linux-amd64.jar:/home/mathilde/kinect/processing-2.2.1/core/library/gluegen-rt-natives-linux-armv6hf.jar:/home/mathilde/kinect/processing-2.2.1/core/library/gluegen-rt-natives-linux-i586.jar:/home/mathilde/kinect/processing-2.2.1/core/library/gluegen-rt-natives-macosx-universal.jar:/home/mathilde/kinect/processing-2.2.1/core/library/gluegen-rt-natives-windows-amd64.jar:/home/mathilde/kinect/processing-2.2.1/core/library/gluegen-rt-natives-windows-i586.jar:/home/mathilde/kinect/processing-2.2.1/core/library/gluegen-rt.jar:/home/mathilde/kinect/processing-2.2.1/core/library/jogl-all-natives-linux-amd64.jar:/home/mathilde/kinect/processing-2.2.1/core/library/jogl-all-natives-linux-armv6hf.jar:/home/mathilde/kinect/processing-2.2.1/core/library/jogl-all-natives-linux-i586.jar:/home/mathilde/kinect/processing-2.2.1/core/library/jogl-all-natives-macosx-universal.jar:/home/mathilde/kinect/processing-2.2.1/core/library/jogl-all-natives-windows-amd64.jar:/home/mathilde/kinect/processing-2.2.1/core/library/jogl-all-natives-windows-i586.jar:/home/mathilde/kinect/processing-2.2.1/core/library/jogl-all.jar
PATH=/home/mathilde/kinect/processing-2.2.1/java/bin:/usr/local/sbin:/usr/local/bin:/usr/sbin:/usr/bin:/sbin:/bin:/usr/games:/usr/local/games
SHELL=/bin/bash
DISPLAY=:0

Signal Handlers:
SIGSEGV: [libjvm.so+0x992d50], sa_mask[0]=0x7ffbfeff, sa_flags=0x10000004
SIGBUS: [libjvm.so+0x992d50], sa_mask[0]=0x7ffbfeff, sa_flags=0x10000004
SIGFPE: [libjvm.so+0x80fb00], sa_mask[0]=0x7ffbfeff, sa_flags=0x10000004
SIGPIPE: [libjvm.so+0x80fb00], sa_mask[0]=0x7ffbfeff, sa_flags=0x10000004
SIGXFSZ: [libjvm.so+0x80fb00], sa_mask[0]=0x7ffbfeff, sa_flags=0x10000004
SIGILL: [libjvm.so+0x80fb00], sa_mask[0]=0x7ffbfeff, sa_flags=0x10000004
SIGUSR1: SIG_DFL, sa_mask[0]=0x00000000, sa_flags=0x00000000
SIGUSR2: [libjvm.so+0x810ff0], sa_mask[0]=0x00000004, sa_flags=0x10000004
SIGHUP: [libjvm.so+0x811f60], sa_mask[0]=0x7ffbfeff, sa_flags=0x10000004
SIGINT: SIG_IGN, sa_mask[0]=0x00000000, sa_flags=0x00000000
SIGTERM: [libjvm.so+0x811f60], sa_mask[0]=0x7ffbfeff, sa_flags=0x10000004
SIGQUIT: [libjvm.so+0x811f60], sa_mask[0]=0x7ffbfeff, sa_flags=0x10000004


---------------  S Y S T E M  ---------------

OS:jessie/sid

uname:Linux 3.13.0-24-generic #46-Ubuntu SMP Thu Apr 10 19:11:08 UTC 2014 x86_64
libc:glibc 2.19 NPTL 2.19 
rlimit: STACK 8192k, CORE 0k, NPROC 31312, NOFILE 4096, AS infinity
load average:2,63 2,48 2,45

/proc/meminfo:
MemTotal:        4029488 kB
MemFree:          462568 kB
Buffers:           64124 kB
Cached:           741960 kB
SwapCached:        25548 kB
Active:          2414768 kB
Inactive:         892704 kB
Active(anon):    1967708 kB
Inactive(anon):   578532 kB
Active(file):     447060 kB
Inactive(file):   314172 kB
Unevictable:          32 kB
Mlocked:              32 kB
SwapTotal:       4173820 kB
SwapFree:        3917788 kB
Dirty:              1552 kB
Writeback:             0 kB
AnonPages:       2480924 kB
Mapped:           190604 kB
Shmem:             44852 kB
Slab:             118480 kB
SReclaimable:      76868 kB
SUnreclaim:        41612 kB
KernelStack:        5208 kB
PageTables:        36776 kB
NFS_Unstable:          0 kB
Bounce:                0 kB
WritebackTmp:          0 kB
CommitLimit:     6188564 kB
Committed_AS:    6654016 kB
VmallocTotal:   34359738367 kB
VmallocUsed:      330264 kB
VmallocChunk:   34359276352 kB
HardwareCorrupted:     0 kB
AnonHugePages:    794624 kB
HugePages_Total:       0
HugePages_Free:        0
HugePages_Rsvd:        0
HugePages_Surp:        0
Hugepagesize:       2048 kB
DirectMap4k:       96512 kB
DirectMap2M:     4079616 kB


CPU:total 8 (4 cores per cpu, 2 threads per core) family 6 model 42 stepping 7, cmov, cx8, fxsr, mmx, sse, sse2, sse3, ssse3, sse4.1, sse4.2, popcnt, avx, aes, ht, tsc, tscinvbit

/proc/cpuinfo:
processor	: 0
vendor_id	: GenuineIntel
cpu family	: 6
model		: 42
model name	: Intel(R) Core(TM) i7-2670QM CPU @ 2.20GHz
stepping	: 7
microcode	: 0x1b
cpu MHz		: 1800.000
cache size	: 6144 KB
physical id	: 0
siblings	: 8
core id		: 0
cpu cores	: 4
apicid		: 0
initial apicid	: 0
fpu		: yes
fpu_exception	: yes
cpuid level	: 13
wp		: yes
flags		: fpu vme de pse tsc msr pae mce cx8 apic sep mtrr pge mca cmov pat pse36 clflush dts acpi mmx fxsr sse sse2 ss ht tm pbe syscall nx rdtscp lm constant_tsc arch_perfmon pebs bts rep_good nopl xtopology nonstop_tsc aperfmperf eagerfpu pni pclmulqdq dtes64 monitor ds_cpl vmx est tm2 ssse3 cx16 xtpr pdcm pcid sse4_1 sse4_2 x2apic popcnt tsc_deadline_timer aes xsave avx lahf_lm ida arat epb xsaveopt pln pts dtherm tpr_shadow vnmi flexpriority ept vpid
bogomips	: 4390.38
clflush size	: 64
cache_alignment	: 64
address sizes	: 36 bits physical, 48 bits virtual
power management:

processor	: 1
vendor_id	: GenuineIntel
cpu family	: 6
model		: 42
model name	: Intel(R) Core(TM) i7-2670QM CPU @ 2.20GHz
stepping	: 7
microcode	: 0x1b
cpu MHz		: 2201.000
cache size	: 6144 KB
physical id	: 0
siblings	: 8
core id		: 0
cpu cores	: 4
apicid		: 1
initial apicid	: 1
fpu		: yes
fpu_exception	: yes
cpuid level	: 13
wp		: yes
flags		: fpu vme de pse tsc msr pae mce cx8 apic sep mtrr pge mca cmov pat pse36 clflush dts acpi mmx fxsr sse sse2 ss ht tm pbe syscall nx rdtscp lm constant_tsc arch_perfmon pebs bts rep_good nopl xtopology nonstop_tsc aperfmperf eagerfpu pni pclmulqdq dtes64 monitor ds_cpl vmx est tm2 ssse3 cx16 xtpr pdcm pcid sse4_1 sse4_2 x2apic popcnt tsc_deadline_timer aes xsave avx lahf_lm ida arat epb xsaveopt pln pts dtherm tpr_shadow vnmi flexpriority ept vpid
bogomips	: 4390.38
clflush size	: 64
cache_alignment	: 64
address sizes	: 36 bits physical, 48 bits virtual
power management:

processor	: 2
vendor_id	: GenuineIntel
cpu family	: 6
model		: 42
model name	: Intel(R) Core(TM) i7-2670QM CPU @ 2.20GHz
stepping	: 7
microcode	: 0x1b
cpu MHz		: 2201.000
cache size	: 6144 KB
physical id	: 0
siblings	: 8
core id		: 1
cpu cores	: 4
apicid		: 2
initial apicid	: 2
fpu		: yes
fpu_exception	: yes
cpuid level	: 13
wp		: yes
flags		: fpu vme de pse tsc msr pae mce cx8 apic sep mtrr pge mca cmov pat pse36 clflush dts acpi mmx fxsr sse sse2 ss ht tm pbe syscall nx rdtscp lm constant_tsc arch_perfmon pebs bts rep_good nopl xtopology nonstop_tsc aperfmperf eagerfpu pni pclmulqdq dtes64 monitor ds_cpl vmx est tm2 ssse3 cx16 xtpr pdcm pcid sse4_1 sse4_2 x2apic popcnt tsc_deadline_timer aes xsave avx lahf_lm ida arat epb xsaveopt pln pts dtherm tpr_shadow vnmi flexpriority ept vpid
bogomips	: 4390.38
clflush size	: 64
cache_alignment	: 64
address sizes	: 36 bits physical, 48 bits virtual
power management:

processor	: 3
vendor_id	: GenuineIntel
cpu family	: 6
model		: 42
model name	: Intel(R) Core(TM) i7-2670QM CPU @ 2.20GHz
stepping	: 7
microcode	: 0x1b
cpu MHz		: 900.000
cache size	: 6144 KB
physical id	: 0
siblings	: 8
core id		: 1
cpu cores	: 4
apicid		: 3
initial apicid	: 3
fpu		: yes
fpu_exception	: yes
cpuid level	: 13
wp		: yes
flags		: fpu vme de pse tsc msr pae mce cx8 apic sep mtrr pge mca cmov pat pse36 clflush dts acpi mmx fxsr sse sse2 ss ht tm pbe syscall nx rdtscp lm constant_tsc arch_perfmon pebs bts rep_good nopl xtopology nonstop_tsc aperfmperf eagerfpu pni pclmulqdq dtes64 monitor ds_cpl vmx est tm2 ssse3 cx16 xtpr pdcm pcid sse4_1 sse4_2 x2apic popcnt tsc_deadline_timer aes xsave avx lahf_lm ida arat epb xsaveopt pln pts dtherm tpr_shadow vnmi flexpriority ept vpid
bogomips	: 4390.38
clflush size	: 64
cache_alignment	: 64
address sizes	: 36 bits physical, 48 bits virtual
power management:

processor	: 4
vendor_id	: GenuineIntel
cpu family	: 6
model		: 42
model name	: Intel(R) Core(TM) i7-2670QM CPU @ 2.20GHz
stepping	: 7
microcode	: 0x1b
cpu MHz		: 1700.000
cache size	: 6144 KB
physical id	: 0
siblings	: 8
core id		: 2
cpu cores	: 4
apicid		: 4
initial apicid	: 4
fpu		: yes
fpu_exception	: yes
cpuid level	: 13
wp		: yes
flags		: fpu vme de pse tsc msr pae mce cx8 apic sep mtrr pge mca cmov pat pse36 clflush dts acpi mmx fxsr sse sse2 ss ht tm pbe syscall nx rdtscp lm constant_tsc arch_perfmon pebs bts rep_good nopl xtopology nonstop_tsc aperfmperf eagerfpu pni pclmulqdq dtes64 monitor ds_cpl vmx est tm2 ssse3 cx16 xtpr pdcm pcid sse4_1 sse4_2 x2apic popcnt tsc_deadline_timer aes xsave avx lahf_lm ida arat epb xsaveopt pln pts dtherm tpr_shadow vnmi flexpriority ept vpid
bogomips	: 4390.38
clflush size	: 64
cache_alignment	: 64
address sizes	: 36 bits physical, 48 bits virtual
power management:

processor	: 5
vendor_id	: GenuineIntel
cpu family	: 6
model		: 42
model name	: Intel(R) Core(TM) i7-2670QM CPU @ 2.20GHz
stepping	: 7
microcode	: 0x1b
cpu MHz		: 1900.000
cache size	: 6144 KB
physical id	: 0
siblings	: 8
core id		: 2
cpu cores	: 4
apicid		: 5
initial apicid	: 5
fpu		: yes
fpu_exception	: yes
cpuid level	: 13
wp		: yes
flags		: fpu vme de pse tsc msr pae mce cx8 apic sep mtrr pge mca cmov pat pse36 clflush dts acpi mmx fxsr sse sse2 ss ht tm pbe syscall nx rdtscp lm constant_tsc arch_perfmon pebs bts rep_good nopl xtopology nonstop_tsc aperfmperf eagerfpu pni pclmulqdq dtes64 monitor ds_cpl vmx est tm2 ssse3 cx16 xtpr pdcm pcid sse4_1 sse4_2 x2apic popcnt tsc_deadline_timer aes xsave avx lahf_lm ida arat epb xsaveopt pln pts dtherm tpr_shadow vnmi flexpriority ept vpid
bogomips	: 4390.38
clflush size	: 64
cache_alignment	: 64
address sizes	: 36 bits physical, 48 bits virtual
power management:

processor	: 6
vendor_id	: GenuineIntel
cpu family	: 6
model		: 42
model name	: Intel(R) Core(TM) i7-2670QM CPU @ 2.20GHz
stepping	: 7
microcode	: 0x1b
cpu MHz		: 2000.000
cache size	: 6144 KB
physical id	: 0
siblings	: 8
core id		: 3
cpu cores	: 4
apicid		: 6
initial apicid	: 6
fpu		: yes
fpu_exception	: yes
cpuid level	: 13
wp		: yes
flags		: fpu vme de pse tsc msr pae mce cx8 apic sep mtrr pge mca cmov pat pse36 clflush dts acpi mmx fxsr sse sse2 ss ht tm pbe syscall nx rdtscp lm constant_tsc arch_perfmon pebs bts rep_good nopl xtopology nonstop_tsc aperfmperf eagerfpu pni pclmulqdq dtes64 monitor ds_cpl vmx est tm2 ssse3 cx16 xtpr pdcm pcid sse4_1 sse4_2 x2apic popcnt tsc_deadline_timer aes xsave avx lahf_lm ida arat epb xsaveopt pln pts dtherm tpr_shadow vnmi flexpriority ept vpid
bogomips	: 4390.38
clflush size	: 64
cache_alignment	: 64
address sizes	: 36 bits physical, 48 bits virtual
power management:

processor	: 7
vendor_id	: GenuineIntel
cpu family	: 6
model		: 42
model name	: Intel(R) Core(TM) i7-2670QM CPU @ 2.20GHz
stepping	: 7
microcode	: 0x1b
cpu MHz		: 800.000
cache size	: 6144 KB
physical id	: 0
siblings	: 8
core id		: 3
cpu cores	: 4
apicid		: 7
initial apicid	: 7
fpu		: yes
fpu_exception	: yes
cpuid level	: 13
wp		: yes
flags		: fpu vme de pse tsc msr pae mce cx8 apic sep mtrr pge mca cmov pat pse36 clflush dts acpi mmx fxsr sse sse2 ss ht tm pbe syscall nx rdtscp lm constant_tsc arch_perfmon pebs bts rep_good nopl xtopology nonstop_tsc aperfmperf eagerfpu pni pclmulqdq dtes64 monitor ds_cpl vmx est tm2 ssse3 cx16 xtpr pdcm pcid sse4_1 sse4_2 x2apic popcnt tsc_deadline_timer aes xsave avx lahf_lm ida arat epb xsaveopt pln pts dtherm tpr_shadow vnmi flexpriority ept vpid
bogomips	: 4390.38
clflush size	: 64
cache_alignment	: 64
address sizes	: 36 bits physical, 48 bits virtual
power management:



Memory: 4k page, physical 4029488k(462568k free), swap 4173820k(3917788k free)

vm_info: Java HotSpot(TM) 64-Bit Server VM (24.0-b56) for linux-amd64 JRE (1.7.0_40-b43), built on Aug 26 2013 23:53:33 by "java_re" with gcc 4.3.0 20080428 (Red Hat 4.3.0-8)

time: Mon Jun  2 20:54:54 2014
elapsed time: 4 seconds

