#
# A fatal error has been detected by the Java Runtime Environment:
#
#  SIGSEGV (0xb) at pc=0x00007fa32cf90615, pid=10602, tid=140340228912896
#
# JRE version: Java(TM) SE Runtime Environment (7.0_40-b43) (build 1.7.0_40-b43)
# Java VM: Java HotSpot(TM) 64-Bit Server VM (24.0-b56 mixed mode linux-amd64 compressed oops)
# Problematic frame:
# C  [libXnVFeatures_1_5_2.so+0x8b615]  Segmentation::detectionByPoint(bool, std::vector<Vector2D<int>, std::allocator<Vector2D<int> > > const*)+0x105
#
# Failed to write core dump. Core dumps have been disabled. To enable core dumping, try "ulimit -c unlimited" before starting Java again
#
# If you would like to submit a bug report, please visit:
#   http://bugreport.sun.com/bugreport/crash.jsp
# The crash happened outside the Java Virtual Machine in native code.
# See problematic frame for where to report the bug.
#

---------------  T H R E A D  ---------------

Current thread (0x00007fa3b42e3800):  JavaThread "AWT-EventQueue-0" [_thread_in_native, id=10636, stack(0x00007fa3816df000,0x00007fa3817e0000)]

siginfo:si_signo=SIGSEGV: si_errno=0, si_code=1 (SEGV_MAPERR), si_addr=0x00007fa1418acaf0

Registers:
RAX=0x00007fa3418acaf0, RBX=0x00007fa31b49f960, RCX=0x000000000000000a, RDX=0xffffffff80000000
RSP=0x00007fa3817dcfe0, RBP=0x00007fa32aaefe60, RSI=0x00007fa31b4aad90, RDI=0x0000000080000000
R8 =0x0000000000000000, R9 =0x0000000080000000, R10=0x00007fa32abaea21, R11=0x0000000000000000
R12=0x00007fa32d532d88, R13=0x00007fa3817dd140, R14=0x00007fa32ab4b060, R15=0x0000000000000000
RIP=0x00007fa32cf90615, EFLAGS=0x0000000000010a12, CSGSFS=0x0000000000000033, ERR=0x0000000000000004
  TRAPNO=0x000000000000000e

Top of Stack: (sp=0x00007fa3817dcfe0)
0x00007fa3817dcfe0:   00007fa31b447090 7fffffff00000000
0x00007fa3817dcff0:   00007fa31b447090 00007fa32aaeffe0
0x00007fa3817dd000:   00007fa32aaf12e0 00007fa32aaefe60
0x00007fa3817dd010:   00007fa32aaeffe0 00007fa32aaead80
0x00007fa3817dd020:   00007fa3817dd140 00007fa329b5f050
0x00007fa3817dd030:   0000000000000000 00007fa32cf97bc0
0x00007fa3817dd040:   0000000000290f6b 0000000000290f6b
0x00007fa3817dd050:   0000000000000000 3ff0000000000000
0x00007fa3817dd060:   00007fa32d5335a8 0000000000000001
0x00007fa3817dd070:   0000000000000040 00007fa329b5f010
0x00007fa3817dd080:   00007fa32aaead80 00007fa32aac9f88
0x00007fa3817dd090:   00007fa329b5f050 00007fa329b5f028
0x00007fa3817dd0a0:   00007fa3817dd140 00007fa32cf8099b
0x00007fa3817dd0b0:   00007fa32abe0190 0000000000000008
0x00007fa3817dd0c0:   00000000002903aa 00000000002903aa
0x00007fa3817dd0d0:   0000000000000000 3ff0000000000000
0x00007fa3817dd0e0:   0000000000000000 00007fa32cf5a8bd
0x00007fa3817dd0f0:   00007fa3817dd160 00007fa3832ab01c
0x00007fa3817dd100:   0000000000000001 00007fa3832ab000
0x00007fa3817dd110:   00007fa34182c6d0 00007fa3401aa2b0
0x00007fa3817dd120:   00007fa3b42e3800 00007fa32cf5603f
0x00007fa3817dd130:   00000000000000f2 00007fa3bb72b429
0x00007fa3817dd140:   00007fa31b49f960 00007fa31b49f968
0x00007fa3817dd150:   00007fa31b49f968 000000004182cc98
0x00007fa3817dd160:   0000007900000025 00007fa34182c6d0
0x00007fa3817dd170:   00007fa34182c6d0 00007fa34182c6d0
0x00007fa3817dd180:   00007fa340c62880 0000000000000051
0x00007fa3817dd190:   00007fa31b1935d0 00007fa32cf565bf
0x00007fa3817dd1a0:   0001000200000007 00007fa324015740
0x00007fa3817dd1b0:   00007fa32d51cd10 0000000000000000
0x00007fa3817dd1c0:   0000000000008259 0009600000000002
0x00007fa3817dd1d0:   ffffffff00000001 00007fa3817dd214 

Instructions: (pc=0x00007fa32cf90615)
0x00007fa32cf905f5:   e6 05 49 01 ee 41 8b 46 18 41 2b 46 0c 49 63 56
0x00007fa32cf90605:   1c f3 0f 2a c0 48 8b 85 50 a3 0e 00 48 8b 40 60
0x00007fa32cf90615:   f3 0f 59 04 90 f3 0f 2c c0 3d 1f 03 00 00 0f 8e
0x00007fa32cf90625:   4f ff ff ff 44 89 fe 48 89 ef 89 44 24 08 4c 89 

Register to memory mapping:

RAX=0x00007fa3418acaf0 is an unknown value
RBX=0x00007fa31b49f960 is an unknown value
RCX=0x000000000000000a is an unknown value
RDX=0xffffffff80000000 is an unknown value
RSP=0x00007fa3817dcfe0 is pointing into the stack for thread: 0x00007fa3b42e3800
RBP=0x00007fa32aaefe60 is an unknown value
RSI=0x00007fa31b4aad90 is an unknown value
RDI=0x0000000080000000 is an unknown value
R8 =0x0000000000000000 is an unknown value
R9 =0x0000000080000000 is an unknown value
R10=0x00007fa32abaea21 is an unknown value
R11=0x0000000000000000 is an unknown value
R12=0x00007fa32d532d88: <offset 0x62dd88> in /usr/lib/libXnVFeatures_1_5_2.so at 0x00007fa32cf05000
R13=0x00007fa3817dd140 is pointing into the stack for thread: 0x00007fa3b42e3800
R14=0x00007fa32ab4b060 is an unknown value
R15=0x0000000000000000 is an unknown value


Stack: [0x00007fa3816df000,0x00007fa3817e0000],  sp=0x00007fa3817dcfe0,  free space=1015k
Native frames: (J=compiled Java code, j=interpreted, Vv=VM code, C=native code)
C  [libXnVFeatures_1_5_2.so+0x8b615]  Segmentation::detectionByPoint(bool, std::vector<Vector2D<int>, std::allocator<Vector2D<int> > > const*)+0x105

Java frames: (J=compiled Java code, j=interpreted, Vv=VM code)
j  SimpleOpenNI.SimpleOpenNIJNI.ContextWrapper_updateSwigExplicitContextWrapper__SWIG_0(JLSimpleOpenNI/ContextWrapper;)V+0
j  SimpleOpenNI.ContextWrapper.update()V+26
j  SimpleOpenNI.SimpleOpenNI.update()V+1
j  pointsMain.draw()V+4
j  processing.core.PApplet.handleDraw()V+231
j  processing.opengl.PJOGL$PGLListener.display(Ljavax/media/opengl/GLAutoDrawable;)V+476
j  jogamp.opengl.GLDrawableHelper.displayImpl(Ljavax/media/opengl/GLAutoDrawable;)V+81
j  jogamp.opengl.GLDrawableHelper.display(Ljavax/media/opengl/GLAutoDrawable;)V+2
j  javax.media.opengl.awt.GLCanvas$10.run()V+118
j  jogamp.opengl.GLDrawableHelper.invokeGLImpl(Ljavax/media/opengl/GLDrawable;Ljavax/media/opengl/GLContext;Ljava/lang/Runnable;Ljava/lang/Runnable;)V+206
j  jogamp.opengl.GLDrawableHelper.invokeGL(Ljavax/media/opengl/GLDrawable;Ljavax/media/opengl/GLContext;Ljava/lang/Runnable;Ljava/lang/Runnable;)V+80
j  javax.media.opengl.awt.GLCanvas$11.run()V+73
j  java.awt.event.InvocationEvent.dispatch()V+11
j  java.awt.EventQueue.dispatchEventImpl(Ljava/awt/AWTEvent;Ljava/lang/Object;)V+21
j  java.awt.EventQueue.access$200(Ljava/awt/EventQueue;Ljava/awt/AWTEvent;Ljava/lang/Object;)V+3
j  java.awt.EventQueue$3.run()Ljava/lang/Void;+12
j  java.awt.EventQueue$3.run()Ljava/lang/Object;+1
v  ~StubRoutines::call_stub
j  java.security.AccessController.doPrivileged(Ljava/security/PrivilegedAction;Ljava/security/AccessControlContext;)Ljava/lang/Object;+0
j  java.security.ProtectionDomain$1.doIntersectionPrivilege(Ljava/security/PrivilegedAction;Ljava/security/AccessControlContext;Ljava/security/AccessControlContext;)Ljava/lang/Object;+28
j  java.awt.EventQueue.dispatchEvent(Ljava/awt/AWTEvent;)V+46
j  java.awt.EventDispatchThread.pumpOneEventForFilters(I)V+245
j  java.awt.EventDispatchThread.pumpEventsForFilter(ILjava/awt/Conditional;Ljava/awt/EventFilter;)V+35
j  java.awt.EventDispatchThread.pumpEventsForHierarchy(ILjava/awt/Conditional;Ljava/awt/Component;)V+11
j  java.awt.EventDispatchThread.pumpEvents(ILjava/awt/Conditional;)V+4
j  java.awt.EventDispatchThread.pumpEvents(Ljava/awt/Conditional;)V+3
j  java.awt.EventDispatchThread.run()V+9
v  ~StubRoutines::call_stub

---------------  P R O C E S S  ---------------

Java Threads: ( => current thread )
  0x00007fa31b1aa000 JavaThread "Thread-2" [_thread_in_native, id=10657, stack(0x00007fa31f01e000,0x00007fa31f11f000)]
  0x00007fa344238000 JavaThread "Animation Thread-SharedResourceRunner" daemon [_thread_blocked, id=10646, stack(0x00007fa381010000,0x00007fa381111000)]
  0x00007fa3440ef800 JavaThread "process reaper" daemon [_thread_blocked, id=10641, stack(0x00007fa381538000,0x00007fa381571000)]
  0x00007fa3b400f000 JavaThread "DestroyJavaVM" [_thread_blocked, id=10603, stack(0x00007fa3bba32000,0x00007fa3bbb33000)]
  0x00007fa3b42ef000 JavaThread "Animation Thread" [_thread_blocked, id=10637, stack(0x00007fa3815de000,0x00007fa3816df000)]
=>0x00007fa3b42e3800 JavaThread "AWT-EventQueue-0" [_thread_in_native, id=10636, stack(0x00007fa3816df000,0x00007fa3817e0000)]
  0x00007fa3b42e1800 JavaThread "AWT-Shutdown" [_thread_blocked, id=10635, stack(0x00007fa3817e0000,0x00007fa3818e1000)]
  0x00007fa3b42d5800 JavaThread "Image Fetcher 1" daemon [_thread_blocked, id=10634, stack(0x00007fa3818e1000,0x00007fa3819e2000)]
  0x00007fa3b42d0000 JavaThread "Image Fetcher 0" daemon [_thread_blocked, id=10633, stack(0x00007fa3819e2000,0x00007fa381ae3000)]
  0x00007fa3b4266800 JavaThread "AWT-XAWT" daemon [_thread_in_native, id=10632, stack(0x00007fa381ae3000,0x00007fa381be4000)]
  0x00007fa3b422d000 JavaThread "Java2D Disposer" daemon [_thread_blocked, id=10631, stack(0x00007fa381ff4000,0x00007fa3820f5000)]
  0x00007fa3b40b3000 JavaThread "Service Thread" daemon [_thread_blocked, id=10629, stack(0x00007fa3838f7000,0x00007fa3839f8000)]
  0x00007fa3b40b0800 JavaThread "C2 CompilerThread1" daemon [_thread_in_native, id=10628, stack(0x00007fa3839f8000,0x00007fa383af9000)]
  0x00007fa3b40ad800 JavaThread "C2 CompilerThread0" daemon [_thread_in_native, id=10627, stack(0x00007fa383af9000,0x00007fa383bfa000)]
  0x00007fa370001000 JavaThread "JDWP Command Reader" daemon [_thread_in_native, id=10621, stack(0x00007fa383bfa000,0x00007fa383cfb000)]
  0x00007fa3b40ab800 JavaThread "JDWP Event Helper Thread" daemon [_thread_blocked, id=10618, stack(0x00007fa383cfb000,0x00007fa383dfc000)]
  0x00007fa3b40a8000 JavaThread "JDWP Transport Listener: dt_socket" daemon [_thread_blocked, id=10617, stack(0x00007fa39002f000,0x00007fa390130000)]
  0x00007fa3b4092000 JavaThread "Signal Dispatcher" daemon [_thread_blocked, id=10616, stack(0x00007fa390130000,0x00007fa390231000)]
  0x00007fa3b407b800 JavaThread "Finalizer" daemon [_thread_blocked, id=10615, stack(0x00007fa390231000,0x00007fa390332000)]
  0x00007fa3b407a000 JavaThread "Reference Handler" daemon [_thread_blocked, id=10614, stack(0x00007fa390332000,0x00007fa390433000)]

Other Threads:
  0x00007fa3b4077800 VMThread [stack: 0x00007fa390433000,0x00007fa390534000] [id=10613]
  0x00007fa3b40c6000 WatcherThread [stack: 0x00007fa3837f6000,0x00007fa3838f7000] [id=10630]

VM state:not at safepoint (normal execution)

VM Mutex/Monitor currently owned by a thread: None

Heap
 PSYoungGen      total 34304K, used 8166K [0x00000000eb800000, 0x00000000efb00000, 0x0000000100000000)
  eden space 31744K, 25% used [0x00000000eb800000,0x00000000ebff9a68,0x00000000ed700000)
  from space 2560K, 0% used [0x00000000ed700000,0x00000000ed700000,0x00000000ed980000)
  to   space 2560K, 0% used [0x00000000ef880000,0x00000000ef880000,0x00000000efb00000)
 ParOldGen       total 101888K, used 41952K [0x00000000c2800000, 0x00000000c8b80000, 0x00000000eb800000)
  object space 101888K, 41% used [0x00000000c2800000,0x00000000c50f82c0,0x00000000c8b80000)
 PSPermGen       total 36352K, used 18051K [0x00000000bd600000, 0x00000000bf980000, 0x00000000c2800000)
  object space 36352K, 49% used [0x00000000bd600000,0x00000000be7a0d60,0x00000000bf980000)

Card table byte_map: [0x00007fa3b8173000,0x00007fa3b8389000] byte_map_base: 0x00007fa3b7b88000

Polling page: 0x00007fa3bbb59000

Code Cache  [0x00007fa3b1000000, 0x00007fa3b1270000, 0x00007fa3b4000000)
 total_blobs=1009 nmethods=85 adapters=885 free_code_cache=48220Kb largest_free_block=49338624

Compilation events (10 events):
Event: 4,755 Thread 0x00007fa3b40b0800   82             java.util.regex.Pattern::isSupplementary (20 bytes)
Event: 4,755 Thread 0x00007fa3b40ad800   83             java.lang.Character::isSurrogate (18 bytes)
Event: 4,756 Thread 0x00007fa3b40ad800 nmethod 83 0x00007fa3b10e8890 code [0x00007fa3b10e89c0, 0x00007fa3b10e8a18]
Event: 4,756 Thread 0x00007fa3b40b0800 nmethod 82 0x00007fa3b10e6c50 code [0x00007fa3b10e6d80, 0x00007fa3b10e6dd8]
Event: 4,757 Thread 0x00007fa3b40b0800   84             java.util.regex.Pattern::has (15 bytes)
Event: 4,757 Thread 0x00007fa3b40b0800 nmethod 84 0x00007fa3b10ec4d0 code [0x00007fa3b10ec600, 0x00007fa3b10ec658]
Event: 4,761 Thread 0x00007fa3b40ad800   85             java.util.regex.Pattern::atom (378 bytes)
Event: 4,762 Thread 0x00007fa3b40b0800   86             java.util.regex.Pattern::next (33 bytes)
Event: 4,763 Thread 0x00007fa3b40b0800 nmethod 86 0x00007fa3b10ec190 code [0x00007fa3b10ec2e0, 0x00007fa3b10ec3e8]
Event: 4,763 Thread 0x00007fa3b40b0800   87             java.util.regex.Pattern::compile (406 bytes)

GC Heap History (8 events):
Event: 1,060 GC heap before
{Heap before GC invocations=1 (full 0):
 PSYoungGen      total 18432K, used 12961K [0x00000000eb800000, 0x00000000ecc80000, 0x0000000100000000)
  eden space 15872K, 81% used [0x00000000eb800000,0x00000000ec4a8688,0x00000000ec780000)
  from space 2560K, 0% used [0x00000000eca00000,0x00000000eca00000,0x00000000ecc80000)
  to   space 2560K, 0% used [0x00000000ec780000,0x00000000ec780000,0x00000000eca00000)
 ParOldGen       total 41984K, used 3072K [0x00000000c2800000, 0x00000000c5100000, 0x00000000eb800000)
  object space 41984K, 7% used [0x00000000c2800000,0x00000000c2b00010,0x00000000c5100000)
 PSPermGen       total 21504K, used 11645K [0x00000000bd600000, 0x00000000beb00000, 0x00000000c2800000)
  object space 21504K, 54% used [0x00000000bd600000,0x00000000be15f598,0x00000000beb00000)
Event: 1,071 GC heap after
Heap after GC invocations=1 (full 0):
 PSYoungGen      total 18432K, used 2557K [0x00000000eb800000, 0x00000000edc00000, 0x0000000100000000)
  eden space 15872K, 0% used [0x00000000eb800000,0x00000000eb800000,0x00000000ec780000)
  from space 2560K, 99% used [0x00000000ec780000,0x00000000ec9ff4c0,0x00000000eca00000)
  to   space 2560K, 0% used [0x00000000ed980000,0x00000000ed980000,0x00000000edc00000)
 ParOldGen       total 41984K, used 3896K [0x00000000c2800000, 0x00000000c5100000, 0x00000000eb800000)
  object space 41984K, 9% used [0x00000000c2800000,0x00000000c2bce140,0x00000000c5100000)
 PSPermGen       total 21504K, used 11645K [0x00000000bd600000, 0x00000000beb00000, 0x00000000c2800000)
  object space 21504K, 54% used [0x00000000bd600000,0x00000000be15f598,0x00000000beb00000)
}
Event: 2,402 GC heap before
{Heap before GC invocations=2 (full 0):
 PSYoungGen      total 18432K, used 18429K [0x00000000eb800000, 0x00000000edc00000, 0x0000000100000000)
  eden space 15872K, 100% used [0x00000000eb800000,0x00000000ec780000,0x00000000ec780000)
  from space 2560K, 99% used [0x00000000ec780000,0x00000000ec9ff4c0,0x00000000eca00000)
  to   space 2560K, 0% used [0x00000000ed980000,0x00000000ed980000,0x00000000edc00000)
 ParOldGen       total 41984K, used 8698K [0x00000000c2800000, 0x00000000c5100000, 0x00000000eb800000)
  object space 41984K, 20% used [0x00000000c2800000,0x00000000c307e8d8,0x00000000c5100000)
 PSPermGen       total 21504K, used 17343K [0x00000000bd600000, 0x00000000beb00000, 0x00000000c2800000)
  object space 21504K, 80% used [0x00000000bd600000,0x00000000be6efdc8,0x00000000beb00000)
Event: 2,417 GC heap after
Heap after GC invocations=2 (full 0):
 PSYoungGen      total 34304K, used 2546K [0x00000000eb800000, 0x00000000edc00000, 0x0000000100000000)
  eden space 31744K, 0% used [0x00000000eb800000,0x00000000eb800000,0x00000000ed700000)
  from space 2560K, 99% used [0x00000000ed980000,0x00000000edbfc880,0x00000000edc00000)
  to   space 2560K, 0% used [0x00000000ed700000,0x00000000ed700000,0x00000000ed980000)
 ParOldGen       total 41984K, used 12248K [0x00000000c2800000, 0x00000000c5100000, 0x00000000eb800000)
  object space 41984K, 29% used [0x00000000c2800000,0x00000000c33f61a8,0x00000000c5100000)
 PSPermGen       total 21504K, used 17343K [0x00000000bd600000, 0x00000000beb00000, 0x00000000c2800000)
  object space 21504K, 80% used [0x00000000bd600000,0x00000000be6efdc8,0x00000000beb00000)
}
Event: 3,804 GC heap before
{Heap before GC invocations=3 (full 0):
 PSYoungGen      total 34304K, used 33247K [0x00000000eb800000, 0x00000000edc00000, 0x0000000100000000)
  eden space 31744K, 96% used [0x00000000eb800000,0x00000000ed5fb3e8,0x00000000ed700000)
  from space 2560K, 99% used [0x00000000ed980000,0x00000000edbfc880,0x00000000edc00000)
  to   space 2560K, 0% used [0x00000000ed700000,0x00000000ed700000,0x00000000ed980000)
 ParOldGen       total 41984K, used 12248K [0x00000000c2800000, 0x00000000c5100000, 0x00000000eb800000)
  object space 41984K, 29% used [0x00000000c2800000,0x00000000c33f61a8,0x00000000c5100000)
 PSPermGen       total 21504K, used 17979K [0x00000000bd600000, 0x00000000beb00000, 0x00000000c2800000)
  object space 21504K, 83% used [0x00000000bd600000,0x00000000be78ecd8,0x00000000beb00000)
Event: 3,881 GC heap after
Heap after GC invocations=3 (full 0):
 PSYoungGen      total 34304K, used 2546K [0x00000000eb800000, 0x00000000efb00000, 0x0000000100000000)
  eden space 31744K, 0% used [0x00000000eb800000,0x00000000eb800000,0x00000000ed700000)
  from space 2560K, 99% used [0x00000000ed700000,0x00000000ed97c8a0,0x00000000ed980000)
  to   space 2560K, 0% used [0x00000000ef880000,0x00000000ef880000,0x00000000efb00000)
 ParOldGen       total 43008K, used 42493K [0x00000000c2800000, 0x00000000c5200000, 0x00000000eb800000)
  object space 43008K, 98% used [0x00000000c2800000,0x00000000c517f4b0,0x00000000c5200000)
 PSPermGen       total 21504K, used 17979K [0x00000000bd600000, 0x00000000beb00000, 0x00000000c2800000)
  object space 21504K, 83% used [0x00000000bd600000,0x00000000be78ecd8,0x00000000beb00000)
}
Event: 3,881 GC heap before
{Heap before GC invocations=4 (full 1):
 PSYoungGen      total 34304K, used 2546K [0x00000000eb800000, 0x00000000efb00000, 0x0000000100000000)
  eden space 31744K, 0% used [0x00000000eb800000,0x00000000eb800000,0x00000000ed700000)
  from space 2560K, 99% used [0x00000000ed700000,0x00000000ed97c8a0,0x00000000ed980000)
  to   space 2560K, 0% used [0x00000000ef880000,0x00000000ef880000,0x00000000efb00000)
 ParOldGen       total 43008K, used 42493K [0x00000000c2800000, 0x00000000c5200000, 0x00000000eb800000)
  object space 43008K, 98% used [0x00000000c2800000,0x00000000c517f4b0,0x00000000c5200000)
 PSPermGen       total 21504K, used 17979K [0x00000000bd600000, 0x00000000beb00000, 0x00000000c2800000)
  object space 21504K, 83% used [0x00000000bd600000,0x00000000be78ecd8,0x00000000beb00000)
Event: 4,261 GC heap after
Heap after GC invocations=4 (full 1):
 PSYoungGen      total 34304K, used 0K [0x00000000eb800000, 0x00000000efb00000, 0x0000000100000000)
  eden space 31744K, 0% used [0x00000000eb800000,0x00000000eb800000,0x00000000ed700000)
  from space 2560K, 0% used [0x00000000ed700000,0x00000000ed700000,0x00000000ed980000)
  to   space 2560K, 0% used [0x00000000ef880000,0x00000000ef880000,0x00000000efb00000)
 ParOldGen       total 101888K, used 41952K [0x00000000c2800000, 0x00000000c8b80000, 0x00000000eb800000)
  object space 101888K, 41% used [0x00000000c2800000,0x00000000c50f82c0,0x00000000c8b80000)
 PSPermGen       total 36352K, used 17974K [0x00000000bd600000, 0x00000000bf980000, 0x00000000c2800000)
  object space 36352K, 49% used [0x00000000bd600000,0x00000000be78dbd0,0x00000000bf980000)
}

Deoptimization events (3 events):
Event: 1,619 Thread 0x00007fa344238000 Uncommon trap: reason=unreached action=reinterpret pc=0x00007fa3b10c7f14 method=java.lang.Class.searchFields([Ljava/lang/reflect/Field;Ljava/lang/String;)Ljava/lang/reflect/Field; @ 23
Event: 2,078 Thread 0x00007fa3b42e3800 Uncommon trap: reason=unreached action=reinterpret pc=0x00007fa3b10d5b78 method=com.jogamp.common.util.IntIntHashMap.get(I)I @ 19
Event: 4,297 Thread 0x00007fa3b42e3800 Uncommon trap: reason=unreached action=reinterpret pc=0x00007fa3b10dc850 method=com.jogamp.common.nio.Buffers.getDirectBufferByteOffset(Ljava/lang/Object;)I @ 25

Internal exceptions (10 events):
Event: 4,740 Thread 0x00007fa3b42e3800 Threw 0x00000000ebb116b8 at /HUDSON/workspace/jdk7u40-2-build-linux-amd64-product/jdk7u40/hotspot/src/share/vm/prims/jvm.cpp:1244
Event: 4,740 Thread 0x00007fa3b42e3800 Threw 0x00000000ebb157a0 at /HUDSON/workspace/jdk7u40-2-build-linux-amd64-product/jdk7u40/hotspot/src/share/vm/prims/jvm.cpp:1244
Event: 4,740 Thread 0x00007fa3b42e3800 Threw 0x00000000ebb18788 at /HUDSON/workspace/jdk7u40-2-build-linux-amd64-product/jdk7u40/hotspot/src/share/vm/prims/jvm.cpp:1244
Event: 4,741 Thread 0x00007fa3b42e3800 Threw 0x00000000ebb23518 at /HUDSON/workspace/jdk7u40-2-build-linux-amd64-product/jdk7u40/hotspot/src/share/vm/prims/jvm.cpp:1244
Event: 4,742 Thread 0x00007fa3b42e3800 Threw 0x00000000ebb25fb0 at /HUDSON/workspace/jdk7u40-2-build-linux-amd64-product/jdk7u40/hotspot/src/share/vm/prims/jvm.cpp:1244
Event: 4,742 Thread 0x00007fa3b42e3800 Threw 0x00000000ebb29960 at /HUDSON/workspace/jdk7u40-2-build-linux-amd64-product/jdk7u40/hotspot/src/share/vm/prims/jvm.cpp:1244
Event: 4,742 Thread 0x00007fa3b42e3800 Threw 0x00000000ebb2e0a8 at /HUDSON/workspace/jdk7u40-2-build-linux-amd64-product/jdk7u40/hotspot/src/share/vm/prims/jvm.cpp:1244
Event: 4,743 Thread 0x00007fa3b42e3800 Threw 0x00000000ebb33d08 at /HUDSON/workspace/jdk7u40-2-build-linux-amd64-product/jdk7u40/hotspot/src/share/vm/prims/jvm.cpp:1244
Event: 4,782 Thread 0x00007fa3b42e3800 Threw 0x00000000ebfbc2d8 at /HUDSON/workspace/jdk7u40-2-build-linux-amd64-product/jdk7u40/hotspot/src/share/vm/runtime/reflection.cpp:1030
Event: 4,782 Thread 0x00007fa3b42e3800 Threw 0x00000000ebfbc5b8 at /HUDSON/workspace/jdk7u40-2-build-linux-amd64-product/jdk7u40/hotspot/src/share/vm/runtime/reflection.cpp:1030

Events (10 events):
Event: 4,741 loading class 0x00007fa31b452e20
Event: 4,742 loading class 0x00007fa31b452e20 done
Event: 4,742 loading class 0x00007fa31b452de0
Event: 4,742 loading class 0x00007fa31b452de0 done
Event: 4,742 loading class 0x00007fa31b4412e0
Event: 4,742 loading class 0x00007fa31b4412e0 done
Event: 4,743 loading class 0x00007fa344024460
Event: 4,743 loading class 0x00007fa344024460 done
Event: 4,747 loading class 0x00007fa360156810
Event: 4,747 loading class 0x00007fa360156810 done


Dynamic libraries:
00400000-00401000 r-xp 00000000 08:06 5510409                            /home/mathilde/kinect/processing-2.2.1/java/bin/java
00600000-00601000 rw-p 00000000 08:06 5510409                            /home/mathilde/kinect/processing-2.2.1/java/bin/java
011c9000-011ea000 rw-p 00000000 00:00 0                                  [heap]
bd600000-bf980000 rw-p 00000000 00:00 0 
bf980000-c2800000 rw-p 00000000 00:00 0 
c2800000-c8b80000 rw-p 00000000 00:00 0 
c8b80000-eb800000 rw-p 00000000 00:00 0 
eb800000-efb00000 rw-p 00000000 00:00 0 
efb00000-100000000 rw-p 00000000 00:00 0 
7fa310000000-7fa310021000 rw-p 00000000 00:00 0 
7fa310021000-7fa314000000 ---p 00000000 00:00 0 
7fa318000000-7fa31b660000 rw-p 00000000 00:00 0 
7fa31b660000-7fa31c000000 ---p 00000000 00:00 0 
7fa31e01c000-7fa31e31d000 rw-p 00000000 00:00 0 
7fa31e31d000-7fa31ed1d000 rwxp 00000000 00:00 0 
7fa31ed1d000-7fa31f01e000 rw-p 00000000 00:00 0 
7fa31f01e000-7fa31f021000 ---p 00000000 00:00 0 
7fa31f021000-7fa31f11f000 rwxp 00000000 00:00 0                          [stack:10657]
7fa31f11f000-7fa324000000 rw-p 00000000 00:00 0 
7fa324000000-7fa324109000 rw-p 00000000 00:00 0 
7fa324109000-7fa328000000 ---p 00000000 00:00 0 
7fa328044000-7fa32b048000 rw-p 00000000 00:00 0 
7fa32b048000-7fa32b750000 r--s 00000000 00:14 2621958                    /run/shm/10649_1d27.0601@1.10_Depth
7fa32b750000-7fa32b751000 ---p 00000000 00:00 0 
7fa32b751000-7fa32bf51000 rwxp 00000000 00:00 0                          [stack:10655]
7fa32bf51000-7fa32c352000 rw-p 00000000 00:00 0 
7fa32c352000-7fa32c446000 r-xp 00000000 08:06 3161990                    /usr/lib/libXnVHandGenerator_1_5_2.so
7fa32c446000-7fa32c645000 ---p 000f4000 08:06 3161990                    /usr/lib/libXnVHandGenerator_1_5_2.so
7fa32c645000-7fa32c64a000 r--p 000f3000 08:06 3161990                    /usr/lib/libXnVHandGenerator_1_5_2.so
7fa32c64a000-7fa32c64b000 rw-p 000f8000 08:06 3161990                    /usr/lib/libXnVHandGenerator_1_5_2.so
7fa32c64b000-7fa32c659000 rw-p 00000000 00:00 0 
7fa32c659000-7fa32c731000 r-xp 00000000 08:06 3161989                    /usr/lib/libXnVHandGenerator_1_4_2.so
7fa32c731000-7fa32c930000 ---p 000d8000 08:06 3161989                    /usr/lib/libXnVHandGenerator_1_4_2.so
7fa32c930000-7fa32c935000 r--p 000d7000 08:06 3161989                    /usr/lib/libXnVHandGenerator_1_4_2.so
7fa32c935000-7fa32c936000 rw-p 000dc000 08:06 3161989                    /usr/lib/libXnVHandGenerator_1_4_2.so
7fa32c936000-7fa32c939000 rw-p 00000000 00:00 0 
7fa32c939000-7fa32ca11000 r-xp 00000000 08:06 3161988                    /usr/lib/libXnVHandGenerator_1_4_1.so
7fa32ca11000-7fa32cc10000 ---p 000d8000 08:06 3161988                    /usr/lib/libXnVHandGenerator_1_4_1.so
7fa32cc10000-7fa32cc15000 r--p 000d7000 08:06 3161988                    /usr/lib/libXnVHandGenerator_1_4_1.so
7fa32cc15000-7fa32cc16000 rw-p 000dc000 08:06 3161988                    /usr/lib/libXnVHandGenerator_1_4_1.so
7fa32cc16000-7fa32cc19000 rw-p 00000000 00:00 0 
7fa32cc19000-7fa32ccfc000 r-xp 00000000 08:06 3161987                    /usr/lib/libXnVHandGenerator_1_3_1.so
7fa32ccfc000-7fa32cefc000 ---p 000e3000 08:06 3161987                    /usr/lib/libXnVHandGenerator_1_3_1.so
7fa32cefc000-7fa32cf01000 r--p 000e3000 08:06 3161987                    /usr/lib/libXnVHandGenerator_1_3_1.so
7fa32cf01000-7fa32cf02000 rw-p 000e8000 08:06 3161987                    /usr/lib/libXnVHandGenerator_1_3_1.so
7fa32cf02000-7fa32cf05000 rw-p 00000000 00:00 0 
7fa32cf05000-7fa32d31a000 r-xp 00000000 08:06 3161984                    /usr/lib/libXnVFeatures_1_5_2.so
7fa32d31a000-7fa32d51a000 ---p 00415000 08:06 3161984                    /usr/lib/libXnVFeatures_1_5_2.so
7fa32d51a000-7fa32d52b000 r--p 00415000 08:06 3161984                    /usr/lib/libXnVFeatures_1_5_2.so
7fa32d52b000-7fa32d52d000 rw-p 00426000 08:06 3161984                    /usr/lib/libXnVFeatures_1_5_2.so
7fa32d52d000-7fa32d542000 rw-p 00000000 00:00 0 
7fa32d542000-7fa32d739000 r-xp 00000000 08:06 3161983                    /usr/lib/libXnVFeatures_1_4_2.so
7fa32d739000-7fa32d938000 ---p 001f7000 08:06 3161983                    /usr/lib/libXnVFeatures_1_4_2.so
7fa32d938000-7fa32d93e000 r--p 001f6000 08:06 3161983                    /usr/lib/libXnVFeatures_1_4_2.so
7fa32d93e000-7fa32d93f000 rw-p 001fc000 08:06 3161983                    /usr/lib/libXnVFeatures_1_4_2.so
7fa32d93f000-7fa32d945000 rw-p 00000000 00:00 0 
7fa32d945000-7fa32db3c000 r-xp 00000000 08:06 3161982                    /usr/lib/libXnVFeatures_1_4_1.so
7fa32db3c000-7fa32dd3b000 ---p 001f7000 08:06 3161982                    /usr/lib/libXnVFeatures_1_4_1.so
7fa32dd3b000-7fa32dd41000 r--p 001f6000 08:06 3161982                    /usr/lib/libXnVFeatures_1_4_1.so
7fa32dd41000-7fa32dd42000 rw-p 001fc000 08:06 3161982                    /usr/lib/libXnVFeatures_1_4_1.so
7fa32dd42000-7fa32dd48000 rw-p 00000000 00:00 0 
7fa32dd48000-7fa32df8d000 r-xp 00000000 08:06 3161981                    /usr/lib/libXnVFeatures_1_3_1.so
7fa32df8d000-7fa32e18d000 ---p 00245000 08:06 3161981                    /usr/lib/libXnVFeatures_1_3_1.so
7fa32e18d000-7fa32e193000 r--p 00245000 08:06 3161981                    /usr/lib/libXnVFeatures_1_3_1.so
7fa32e193000-7fa32e194000 rw-p 0024b000 08:06 3161981                    /usr/lib/libXnVFeatures_1_3_1.so
7fa32e194000-7fa32e19b000 rw-p 00000000 00:00 0 
7fa32e19b000-7fa32e1c2000 r-xp 00000000 08:06 3161641                    /usr/lib/libXnDeviceFile.so
7fa32e1c2000-7fa32e3c2000 ---p 00027000 08:06 3161641                    /usr/lib/libXnDeviceFile.so
7fa32e3c2000-7fa32e3c4000 r--p 00027000 08:06 3161641                    /usr/lib/libXnDeviceFile.so
7fa32e3c4000-7fa32e3c5000 rw-p 00029000 08:06 3161641                    /usr/lib/libXnDeviceFile.so
7fa32e3c5000-7fa32e40d000 r-xp 00000000 08:06 3161639                    /usr/lib/libXnDDK.so
7fa32e40d000-7fa32e60d000 ---p 00048000 08:06 3161639                    /usr/lib/libXnDDK.so
7fa32e60d000-7fa32e610000 r--p 00048000 08:06 3161639                    /usr/lib/libXnDDK.so
7fa32e610000-7fa32e612000 rw-p 0004b000 08:06 3161639                    /usr/lib/libXnDDK.so
7fa32e612000-7fa32e636000 r-xp 00000000 08:06 3161643                    /usr/lib/libXnFormats.so
7fa32e636000-7fa32e836000 ---p 00024000 08:06 3161643                    /usr/lib/libXnFormats.so
7fa32e836000-7fa32e837000 r--p 00024000 08:06 3161643                    /usr/lib/libXnFormats.so
7fa32e837000-7fa32e838000 rw-p 00025000 08:06 3161643                    /usr/lib/libXnFormats.so
7fa32e838000-7fa32e858000 rw-p 00000000 00:00 0 
7fa32e858000-7fa32e85b000 r-xp 00000000 08:06 3161638                    /usr/lib/libXnCore.so
7fa32e85b000-7fa32ea5a000 ---p 00003000 08:06 3161638                    /usr/lib/libXnCore.so
7fa32ea5a000-7fa32ea5b000 r--p 00002000 08:06 3161638                    /usr/lib/libXnCore.so
7fa32ea5b000-7fa32ea5c000 rw-p 00003000 08:06 3161638                    /usr/lib/libXnCore.so
7fa32ea5c000-7fa32eaee000 r-xp 00000000 08:06 3161857                    /usr/lib/libXnDeviceSensorV2.so
7fa32eaee000-7fa32eced000 ---p 00092000 08:06 3161857                    /usr/lib/libXnDeviceSensorV2.so
7fa32eced000-7fa32ecfd000 r--p 00091000 08:06 3161857                    /usr/lib/libXnDeviceSensorV2.so
7fa32ecfd000-7fa32ecfe000 rw-p 000a1000 08:06 3161857                    /usr/lib/libXnDeviceSensorV2.so
7fa32ecfe000-7fa32ed1e000 r-xp 00000000 08:06 3161630                    /usr/lib/libnimRecorder.so
7fa32ed1e000-7fa32ef1d000 ---p 00020000 08:06 3161630                    /usr/lib/libnimRecorder.so
7fa32ef1d000-7fa32ef1f000 r--p 0001f000 08:06 3161630                    /usr/lib/libnimRecorder.so
7fa32ef1f000-7fa32ef20000 rw-p 00021000 08:06 3161630                    /usr/lib/libnimRecorder.so
7fa32ef20000-7fa32ef56000 r-xp 00000000 08:06 3161628                    /usr/lib/libnimCodecs.so
7fa32ef56000-7fa32f156000 ---p 00036000 08:06 3161628                    /usr/lib/libnimCodecs.so
7fa32f156000-7fa32f159000 r--p 00036000 08:06 3161628                    /usr/lib/libnimCodecs.so
7fa32f159000-7fa32f15a000 rw-p 00039000 08:06 3161628                    /usr/lib/libnimCodecs.so
7fa32f15a000-7fa32f17a000 rw-p 00000000 00:00 0 
7fa32f17a000-7fa32f1b5000 r-xp 00000000 08:06 3161629                    /usr/lib/libnimMockNodes.so
7fa32f1b5000-7fa32f3b4000 ---p 0003b000 08:06 3161629                    /usr/lib/libnimMockNodes.so
7fa32f3b4000-7fa32f3c1000 r--p 0003a000 08:06 3161629                    /usr/lib/libnimMockNodes.so
7fa32f3c1000-7fa32f3c2000 rw-p 00047000 08:06 3161629                    /usr/lib/libnimMockNodes.so
7fa32f3c2000-7fa32f3c3000 ---p 00000000 00:00 0 
7fa32f3c3000-7fa32fbc3000 rwxp 00000000 00:00 0                          [stack:10647]
7fa32fbc3000-7fa32fbd8000 r-xp 00000000 08:06 1840018                    /lib/x86_64-linux-gnu/libusb-1.0.so.0.1.0
7fa32fbd8000-7fa32fdd8000 ---p 00015000 08:06 1840018                    /lib/x86_64-linux-gnu/libusb-1.0.so.0.1.0
7fa32fdd8000-7fa32fdd9000 r--p 00015000 08:06 1840018                    /lib/x86_64-linux-gnu/libusb-1.0.so.0.1.0
7fa32fdd9000-7fa32fdda000 rw-p 00016000 08:06 1840018                    /lib/x86_64-linux-gnu/libusb-1.0.so.0.1.0
7fa32fdda000-7fa32febd000 r-xp 00000000 08:06 3161908                    /usr/lib/libXnVNite_1_5_2.so
7fa32febd000-7fa3300bc000 ---p 000e3000 08:06 3161908                    /usr/lib/libXnVNite_1_5_2.so
7fa3300bc000-7fa3300c1000 r--p 000e2000 08:06 3161908                    /usr/lib/libXnVNite_1_5_2.so
7fa3300c1000-7fa3300c3000 rw-p 000e7000 08:06 3161908                    /usr/lib/libXnVNite_1_5_2.so
7fa3300c3000-7fa330140000 r-xp 00000000 08:06 3161632                    /usr/lib/libOpenNI.so
7fa330140000-7fa33033f000 ---p 0007d000 08:06 3161632                    /usr/lib/libOpenNI.so
7fa33033f000-7fa330342000 r--p 0007c000 08:06 3161632                    /usr/lib/libOpenNI.so
7fa330342000-7fa330345000 rw-p 0007f000 08:06 3161632                    /usr/lib/libOpenNI.so
7fa330345000-7fa330346000 rw-p 00000000 00:00 0 
7fa330346000-7fa3303fc000 r-xp 00000000 08:06 3168160                    /home/mathilde/sketchbook/libraries/SimpleOpenNI/library/libSimpleOpenNI64.so
7fa3303fc000-7fa3305fc000 ---p 000b6000 08:06 3168160                    /home/mathilde/sketchbook/libraries/SimpleOpenNI/library/libSimpleOpenNI64.so
7fa3305fc000-7fa330600000 r--p 000b6000 08:06 3168160                    /home/mathilde/sketchbook/libraries/SimpleOpenNI/library/libSimpleOpenNI64.so
7fa330600000-7fa330603000 rw-p 000ba000 08:06 3168160                    /home/mathilde/sketchbook/libraries/SimpleOpenNI/library/libSimpleOpenNI64.so
7fa330603000-7fa330604000 rw-p 00000000 00:00 0 
7fa33063c000-7fa330769000 rw-p 00000000 00:00 0 
7fa3307a5000-7fa330825000 rw-s 149aae000 00:05 9777                      /dev/dri/card0
7fa330825000-7fa3308a5000 rw-s 149b2e000 00:05 9777                      /dev/dri/card0
7fa3308a5000-7fa330925000 rw-s 149a2e000 00:05 9777                      /dev/dri/card0
7fa330925000-7fa33094c000 r-xp 00000000 08:06 1838995                    /lib/x86_64-linux-gnu/libexpat.so.1.6.0
7fa33094c000-7fa330b4c000 ---p 00027000 08:06 1838995                    /lib/x86_64-linux-gnu/libexpat.so.1.6.0
7fa330b4c000-7fa330b4e000 r--p 00027000 08:06 1838995                    /lib/x86_64-linux-gnu/libexpat.so.1.6.0
7fa330b4e000-7fa330b4f000 rw-p 00029000 08:06 1838995                    /lib/x86_64-linux-gnu/libexpat.so.1.6.0
7fa330b4f000-7fa330f49000 r-xp 00000000 08:06 3540322                    /usr/lib/x86_64-linux-gnu/dri/nouveau_dri.so
7fa330f49000-7fa331148000 ---p 003fa000 08:06 3540322                    /usr/lib/x86_64-linux-gnu/dri/nouveau_dri.so
7fa331148000-7fa331159000 r--p 003f9000 08:06 3540322                    /usr/lib/x86_64-linux-gnu/dri/nouveau_dri.so
7fa331159000-7fa331161000 rw-p 0040a000 08:06 3540322                    /usr/lib/x86_64-linux-gnu/dri/nouveau_dri.so
7fa331161000-7fa33117d000 rw-p 00000000 00:00 0 
7fa33117d000-7fa3311c1000 r-xp 00000000 08:06 1839015                    /lib/x86_64-linux-gnu/libdbus-1.so.3.7.6
7fa3311c1000-7fa3313c0000 ---p 00044000 08:06 1839015                    /lib/x86_64-linux-gnu/libdbus-1.so.3.7.6
7fa3313c0000-7fa3313c1000 r--p 00043000 08:06 1839015                    /lib/x86_64-linux-gnu/libdbus-1.so.3.7.6
7fa3313c1000-7fa3313c2000 rw-p 00044000 08:06 1839015                    /lib/x86_64-linux-gnu/libdbus-1.so.3.7.6
7fa3313c2000-7fa3313ca000 r-xp 00000000 08:06 1839029                    /lib/x86_64-linux-gnu/libnih-dbus.so.1.0.0
7fa3313ca000-7fa3315ca000 ---p 00008000 08:06 1839029                    /lib/x86_64-linux-gnu/libnih-dbus.so.1.0.0
7fa3315ca000-7fa3315cb000 r--p 00008000 08:06 1839029                    /lib/x86_64-linux-gnu/libnih-dbus.so.1.0.0
7fa3315cb000-7fa3315cc000 rw-p 00009000 08:06 1839029                    /lib/x86_64-linux-gnu/libnih-dbus.so.1.0.0
7fa3315cc000-7fa3315e3000 r-xp 00000000 08:06 1838975                    /lib/x86_64-linux-gnu/libnih.so.1.0.0
7fa3315e3000-7fa3317e2000 ---p 00017000 08:06 1838975                    /lib/x86_64-linux-gnu/libnih.so.1.0.0
7fa3317e2000-7fa3317e3000 r--p 00016000 08:06 1838975                    /lib/x86_64-linux-gnu/libnih.so.1.0.0
7fa3317e3000-7fa3317e4000 rw-p 00017000 08:06 1838975                    /lib/x86_64-linux-gnu/libnih.so.1.0.0
7fa3317e4000-7fa3317fc000 r-xp 00000000 08:06 1838977                    /lib/x86_64-linux-gnu/libcgmanager.so.0.0.0
7fa3317fc000-7fa3319fb000 ---p 00018000 08:06 1838977                    /lib/x86_64-linux-gnu/libcgmanager.so.0.0.0
7fa3319fb000-7fa3319fd000 r--p 00017000 08:06 1838977                    /lib/x86_64-linux-gnu/libcgmanager.so.0.0.0
7fa3319fd000-7fa3319fe000 rw-p 00019000 08:06 1838977                    /lib/x86_64-linux-gnu/libcgmanager.so.0.0.0
7fa3319fe000-7fa331a0e000 r-xp 00000000 08:06 1835066                    /lib/x86_64-linux-gnu/libudev.so.1.3.5
7fa331a0e000-7fa331c0d000 ---p 00010000 08:06 1835066                    /lib/x86_64-linux-gnu/libudev.so.1.3.5
7fa331c0d000-7fa331c0e000 r--p 0000f000 08:06 1835066                    /lib/x86_64-linux-gnu/libudev.so.1.3.5
7fa331c0e000-7fa331c0f000 rw-p 00010000 08:06 1835066                    /lib/x86_64-linux-gnu/libudev.so.1.3.5
7fa331c0f000-7fa331c11000 r-xp 00000000 08:06 3153639                    /usr/lib/x86_64-linux-gnu/libXinerama.so.1.0.0
7fa331c11000-7fa331e10000 ---p 00002000 08:06 3153639                    /usr/lib/x86_64-linux-gnu/libXinerama.so.1.0.0
7fa331e10000-7fa331e11000 r--p 00001000 08:06 3153639                    /usr/lib/x86_64-linux-gnu/libXinerama.so.1.0.0
7fa331e11000-7fa331e12000 rw-p 00002000 08:06 3153639                    /usr/lib/x86_64-linux-gnu/libXinerama.so.1.0.0
7fa331e12000-7fa331e92000 rw-s 148419000 00:05 9777                      /dev/dri/card0
7fa331e92000-7fa331ec9000 r-xp 00000000 08:06 3152731                    /usr/lib/x86_64-linux-gnu/libtxc_dxtn_s2tc.so.0.0.0
7fa331ec9000-7fa3320c8000 ---p 00037000 08:06 3152731                    /usr/lib/x86_64-linux-gnu/libtxc_dxtn_s2tc.so.0.0.0
7fa3320c8000-7fa3320c9000 r--p 00036000 08:06 3152731                    /usr/lib/x86_64-linux-gnu/libtxc_dxtn_s2tc.so.0.0.0
7fa3320c9000-7fa3320ca000 rw-p 00037000 08:06 3152731                    /usr/lib/x86_64-linux-gnu/libtxc_dxtn_s2tc.so.0.0.0
7fa3320ca000-7fa3320ef000 r-xp 00000000 08:06 1838971                    /lib/x86_64-linux-gnu/libtinfo.so.5.9
7fa3320ef000-7fa3322ee000 ---p 00025000 08:06 1838971                    /lib/x86_64-linux-gnu/libtinfo.so.5.9
7fa3322ee000-7fa3322f2000 r--p 00024000 08:06 1838971                    /lib/x86_64-linux-gnu/libtinfo.so.5.9
7fa3322f2000-7fa3322f3000 rw-p 00028000 08:06 1838971                    /lib/x86_64-linux-gnu/libtinfo.so.5.9
7fa3322f3000-7fa332309000 r-xp 00000000 08:06 1835022                    /lib/x86_64-linux-gnu/libgcc_s.so.1
7fa332309000-7fa332508000 ---p 00016000 08:06 1835022                    /lib/x86_64-linux-gnu/libgcc_s.so.1
7fa332508000-7fa332509000 rw-p 00015000 08:06 1835022                    /lib/x86_64-linux-gnu/libgcc_s.so.1
7fa332509000-7fa3325ef000 r-xp 00000000 08:06 3146370                    /usr/lib/x86_64-linux-gnu/libstdc++.so.6.0.19
7fa3325ef000-7fa3327ee000 ---p 000e6000 08:06 3146370                    /usr/lib/x86_64-linux-gnu/libstdc++.so.6.0.19
7fa3327ee000-7fa3327f6000 r--p 000e5000 08:06 3146370                    /usr/lib/x86_64-linux-gnu/libstdc++.so.6.0.19
7fa3327f6000-7fa3327f8000 rw-p 000ed000 08:06 3146370                    /usr/lib/x86_64-linux-gnu/libstdc++.so.6.0.19
7fa3327f8000-7fa33280d000 rw-p 00000000 00:00 0 
7fa33280d000-7fa33400b000 r-xp 00000000 08:06 3147563                    /usr/lib/x86_64-linux-gnu/libLLVM-3.4.so.1
7fa33400b000-7fa334199000 r--p 017fd000 08:06 3147563                    /usr/lib/x86_64-linux-gnu/libLLVM-3.4.so.1
7fa334199000-7fa33419b000 rw-p 0198b000 08:06 3147563                    /usr/lib/x86_64-linux-gnu/libLLVM-3.4.so.1
7fa33419b000-7fa3341ae000 rw-p 00000000 00:00 0 
7fa3341ae000-7fa3341ba000 r-xp 00000000 08:06 3147559                    /usr/lib/x86_64-linux-gnu/libdrm_radeon.so.1.0.1
7fa3341ba000-7fa3343b9000 ---p 0000c000 08:06 3147559                    /usr/lib/x86_64-linux-gnu/libdrm_radeon.so.1.0.1
7fa3343b9000-7fa3343ba000 r--p 0000b000 08:06 3147559                    /usr/lib/x86_64-linux-gnu/libdrm_radeon.so.1.0.1
7fa3343ba000-7fa3343bb000 rw-p 0000c000 08:06 3147559                    /usr/lib/x86_64-linux-gnu/libdrm_radeon.so.1.0.1
7fa3343bb000-7fa3343d0000 r-xp 00000000 08:06 3148657                    /usr/lib/x86_64-linux-gnu/libelf-0.158.so
7fa3343d0000-7fa3345cf000 ---p 00015000 08:06 3148657                    /usr/lib/x86_64-linux-gnu/libelf-0.158.so
7fa3345cf000-7fa3345d0000 r--p 00014000 08:06 3148657                    /usr/lib/x86_64-linux-gnu/libelf-0.158.so
7fa3345d0000-7fa3345d1000 rw-p 00015000 08:06 3148657                    /usr/lib/x86_64-linux-gnu/libelf-0.158.so
7fa3345d1000-7fa3345d6000 r-xp 00000000 08:06 3147561                    /usr/lib/x86_64-linux-gnu/libdrm_nouveau.so.2.0.0
7fa3345d6000-7fa3347d5000 ---p 00005000 08:06 3147561                    /usr/lib/x86_64-linux-gnu/libdrm_nouveau.so.2.0.0
7fa3347d5000-7fa3347d6000 r--p 00004000 08:06 3147561                    /usr/lib/x86_64-linux-gnu/libdrm_nouveau.so.2.0.0
7fa3347d6000-7fa3347d7000 rw-p 00005000 08:06 3147561                    /usr/lib/x86_64-linux-gnu/libdrm_nouveau.so.2.0.0
7fa3347d7000-7fa3347de000 r-xp 00000000 08:06 3539530                    /usr/lib/x86_64-linux-gnu/mesa-egl/libOpenVG.so.1.0.0
7fa3347de000-7fa3349dd000 ---p 00007000 08:06 3539530                    /usr/lib/x86_64-linux-gnu/mesa-egl/libOpenVG.so.1.0.0
7fa3349dd000-7fa3349de000 r--p 00006000 08:06 3539530                    /usr/lib/x86_64-linux-gnu/mesa-egl/libOpenVG.so.1.0.0
7fa3349de000-7fa3349df000 rw-p 00007000 08:06 3539530                    /usr/lib/x86_64-linux-gnu/mesa-egl/libOpenVG.so.1.0.0
7fa3349df000-7fa3349e1000 rw-p 00000000 00:00 0 
7fa3349e1000-7fa334bce000 r-xp 00000000 08:06 3147991                    /usr/lib/x86_64-linux-gnu/libgallium.so.0.0.0
7fa334bce000-7fa334dce000 ---p 001ed000 08:06 3147991                    /usr/lib/x86_64-linux-gnu/libgallium.so.0.0.0
7fa334dce000-7fa334dde000 r--p 001ed000 08:06 3147991                    /usr/lib/x86_64-linux-gnu/libgallium.so.0.0.0
7fa334dde000-7fa334de0000 rw-p 001fd000 08:06 3147991                    /usr/lib/x86_64-linux-gnu/libgallium.so.0.0.0
7fa334de0000-7fa334fa8000 rw-p 00000000 00:00 0 
7fa334fa8000-7fa3355de000 r-xp 00000000 08:06 3540739                    /usr/lib/x86_64-linux-gnu/egl/egl_gallium.so
7fa3355de000-7fa3357dd000 ---p 00636000 08:06 3540739                    /usr/lib/x86_64-linux-gnu/egl/egl_gallium.so
7fa3357dd000-7fa33581e000 r--p 00635000 08:06 3540739                    /usr/lib/x86_64-linux-gnu/egl/egl_gallium.so
7fa33581e000-7fa33582c000 rw-p 00676000 08:06 3540739                    /usr/lib/x86_64-linux-gnu/egl/egl_gallium.so
7fa33582c000-7fa33584c000 rw-p 00000000 00:00 0 
7fa33584c000-7fa335852000 r-xp 00000000 08:06 3540317                    /usr/lib/x86_64-linux-gnu/mesa-egl/libGLESv2.so.2.0.0
7fa335852000-7fa335a52000 ---p 00006000 08:06 3540317                    /usr/lib/x86_64-linux-gnu/mesa-egl/libGLESv2.so.2.0.0
7fa335a52000-7fa335a53000 r--p 00006000 08:06 3540317                    /usr/lib/x86_64-linux-gnu/mesa-egl/libGLESv2.so.2.0.0
7fa335a53000-7fa335a54000 rw-p 00007000 08:06 3540317                    /usr/lib/x86_64-linux-gnu/mesa-egl/libGLESv2.so.2.0.0
7fa335a54000-7fa335a9a000 r-xp 00000000 08:06 7084413                    /tmp/jogamp_0000/file_cache/jln525145669848935915/jln3280703810005436870/libjogl_mobile.so
7fa335a9a000-7fa335c9a000 ---p 00046000 08:06 7084413                    /tmp/jogamp_0000/file_cache/jln525145669848935915/jln3280703810005436870/libjogl_mobile.so
7fa335c9a000-7fa335c9b000 rw-p 00046000 08:06 7084413                    /tmp/jogamp_0000/file_cache/jln525145669848935915/jln3280703810005436870/libjogl_mobile.so
7fa335c9b000-7fa335ca2000 r-xp 00000000 08:06 3145917                    /usr/lib/x86_64-linux-gnu/libffi.so.6.0.1
7fa335ca2000-7fa335ea1000 ---p 00007000 08:06 3145917                    /usr/lib/x86_64-linux-gnu/libffi.so.6.0.1
7fa335ea1000-7fa335ea2000 r--p 00006000 08:06 3145917                    /usr/lib/x86_64-linux-gnu/libffi.so.6.0.1
7fa335ea2000-7fa335ea3000 rw-p 00007000 08:06 3145917                    /usr/lib/x86_64-linux-gnu/libffi.so.6.0.1
7fa335ea3000-7fa335ea9000 r-xp 00000000 08:06 3150218                    /usr/lib/x86_64-linux-gnu/libgbm.so.1.0.0
7fa335ea9000-7fa3360a9000 ---p 00006000 08:06 3150218                    /usr/lib/x86_64-linux-gnu/libgbm.so.1.0.0
7fa3360a9000-7fa3360aa000 r--p 00006000 08:06 3150218                    /usr/lib/x86_64-linux-gnu/libgbm.so.1.0.0
7fa3360aa000-7fa3360ab000 rw-p 00007000 08:06 3150218                    /usr/lib/x86_64-linux-gnu/libgbm.so.1.0.0
7fa3360ab000-7fa3360ba000 r-xp 00000000 08:06 3146707                    /usr/lib/x86_64-linux-gnu/libwayland-server.so.0.1.0
7fa3360ba000-7fa3362b9000 ---p 0000f000 08:06 3146707                    /usr/lib/x86_64-linux-gnu/libwayland-server.so.0.1.0
7fa3362b9000-7fa3362bb000 r--p 0000e000 08:06 3146707                    /usr/lib/x86_64-linux-gnu/libwayland-server.so.0.1.0
7fa3362bb000-7fa3362bc000 rw-p 00010000 08:06 3146707                    /usr/lib/x86_64-linux-gnu/libwayland-server.so.0.1.0
7fa3362bc000-7fa3362c7000 r-xp 00000000 08:06 3153819                    /usr/lib/x86_64-linux-gnu/libwayland-client.so.0.2.0
7fa3362c7000-7fa3364c6000 ---p 0000b000 08:06 3153819                    /usr/lib/x86_64-linux-gnu/libwayland-client.so.0.2.0
7fa3364c6000-7fa3364c8000 r--p 0000a000 08:06 3153819                    /usr/lib/x86_64-linux-gnu/libwayland-client.so.0.2.0
7fa3364c8000-7fa3364c9000 rw-p 0000c000 08:06 3153819                    /usr/lib/x86_64-linux-gnu/libwayland-client.so.0.2.0
7fa3364c9000-7fa3364ce000 r-xp 00000000 08:06 3150223                    /usr/lib/x86_64-linux-gnu/libxcb-xfixes.so.0.0.0
7fa3364ce000-7fa3366ce000 ---p 00005000 08:06 3150223                    /usr/lib/x86_64-linux-gnu/libxcb-xfixes.so.0.0.0
7fa3366ce000-7fa3366cf000 r--p 00005000 08:06 3150223                    /usr/lib/x86_64-linux-gnu/libxcb-xfixes.so.0.0.0
7fa3366cf000-7fa3366d0000 rw-p 00006000 08:06 3150223                    /usr/lib/x86_64-linux-gnu/libxcb-xfixes.so.0.0.0
7fa3366d0000-7fa3366f3000 r-xp 00000000 08:06 3539528                    /usr/lib/x86_64-linux-gnu/mesa-egl/libEGL.so.1.0.0
7fa3366f3000-7fa3368f3000 ---p 00023000 08:06 3539528                    /usr/lib/x86_64-linux-gnu/mesa-egl/libEGL.so.1.0.0
7fa3368f3000-7fa3368f4000 r--p 00023000 08:06 3539528                    /usr/lib/x86_64-linux-gnu/mesa-egl/libEGL.so.1.0.0
7fa3368f4000-7fa3368f5000 rw-p 00024000 08:06 3539528                    /usr/lib/x86_64-linux-gnu/mesa-egl/libEGL.so.1.0.0
7fa3368f5000-7fa33699d000 r-xp 00000000 08:06 7084412                    /tmp/jogamp_0000/file_cache/jln525145669848935915/jln3280703810005436870/libjogl_desktop.so
7fa33699d000-7fa336b9d000 ---p 000a8000 08:06 7084412                    /tmp/jogamp_0000/file_cache/jln525145669848935915/jln3280703810005436870/libjogl_desktop.so
7fa336b9d000-7fa336b9e000 rw-p 000a8000 08:06 7084412                    /tmp/jogamp_0000/file_cache/jln525145669848935915/jln3280703810005436870/libjogl_desktop.so
7fa336b9e000-7fa336ba9000 r-xp 00000000 08:06 3147552                    /usr/lib/x86_64-linux-gnu/libdrm.so.2.4.0
7fa336ba9000-7fa336da8000 ---p 0000b000 08:06 3147552                    /usr/lib/x86_64-linux-gnu/libdrm.so.2.4.0
7fa336da8000-7fa336da9000 r--p 0000a000 08:06 3147552                    /usr/lib/x86_64-linux-gnu/libdrm.so.2.4.0
7fa336da9000-7fa336daa000 rw-p 0000b000 08:06 3147552                    /usr/lib/x86_64-linux-gnu/libdrm.so.2.4.0
7fa336daa000-7fa336dab000 r-xp 00000000 08:06 3147091                    /usr/lib/x86_64-linux-gnu/libxshmfence.so.1.0.0
7fa336dab000-7fa336faa000 ---p 00001000 08:06 3147091                    /usr/lib/x86_64-linux-gnu/libxshmfence.so.1.0.0
7fa336faa000-7fa336fab000 r--p 00000000 08:06 3147091                    /usr/lib/x86_64-linux-gnu/libxshmfence.so.1.0.0
7fa336fab000-7fa336fac000 rw-p 00001000 08:06 3147091                    /usr/lib/x86_64-linux-gnu/libxshmfence.so.1.0.0
7fa336fac000-7fa336fb1000 r-xp 00000000 08:06 3152832                    /usr/lib/x86_64-linux-gnu/libxcb-sync.so.1.0.0
7fa336fb1000-7fa3371b0000 ---p 00005000 08:06 3152832                    /usr/lib/x86_64-linux-gnu/libxcb-sync.so.1.0.0
7fa3371b0000-7fa3371b1000 r--p 00004000 08:06 3152832                    /usr/lib/x86_64-linux-gnu/libxcb-sync.so.1.0.0
7fa3371b1000-7fa3371b2000 rw-p 00005000 08:06 3152832                    /usr/lib/x86_64-linux-gnu/libxcb-sync.so.1.0.0
7fa3371b2000-7fa3371b4000 r-xp 00000000 08:06 3152830                    /usr/lib/x86_64-linux-gnu/libxcb-present.so.0.0.0
7fa3371b4000-7fa3373b3000 ---p 00002000 08:06 3152830                    /usr/lib/x86_64-linux-gnu/libxcb-present.so.0.0.0
7fa3373b3000-7fa3373b4000 r--p 00001000 08:06 3152830                    /usr/lib/x86_64-linux-gnu/libxcb-present.so.0.0.0
7fa3373b4000-7fa3373b5000 rw-p 00002000 08:06 3152830                    /usr/lib/x86_64-linux-gnu/libxcb-present.so.0.0.0
7fa3373b5000-7fa3373b7000 r-xp 00000000 08:06 3147719                    /usr/lib/x86_64-linux-gnu/libxcb-dri3.so.0.0.0
7fa3373b7000-7fa3375b6000 ---p 00002000 08:06 3147719                    /usr/lib/x86_64-linux-gnu/libxcb-dri3.so.0.0.0
7fa3375b6000-7fa3375b7000 r--p 00001000 08:06 3147719                    /usr/lib/x86_64-linux-gnu/libxcb-dri3.so.0.0.0
7fa3375b7000-7fa3375b8000 rw-p 00002000 08:06 3147719                    /usr/lib/x86_64-linux-gnu/libxcb-dri3.so.0.0.0
7fa3375b8000-7fa3375bb000 r-xp 00000000 08:06 3147579                    /usr/lib/x86_64-linux-gnu/libxcb-dri2.so.0.0.0
7fa3375bb000-7fa3377bb000 ---p 00003000 08:06 3147579                    /usr/lib/x86_64-linux-gnu/libxcb-dri2.so.0.0.0
7fa3377bb000-7fa3377bc000 r--p 00003000 08:06 3147579                    /usr/lib/x86_64-linux-gnu/libxcb-dri2.so.0.0.0
7fa3377bc000-7fa3377bd000 rw-p 00004000 08:06 3147579                    /usr/lib/x86_64-linux-gnu/libxcb-dri2.so.0.0.0
7fa3377bd000-7fa3377d2000 r-xp 00000000 08:06 3147628                    /usr/lib/x86_64-linux-gnu/libxcb-glx.so.0.0.0
7fa3377d2000-7fa3379d1000 ---p 00015000 08:06 3147628                    /usr/lib/x86_64-linux-gnu/libxcb-glx.so.0.0.0
7fa3379d1000-7fa3379d3000 r--p 00014000 08:06 3147628                    /usr/lib/x86_64-linux-gnu/libxcb-glx.so.0.0.0
7fa3379d3000-7fa3379d4000 rw-p 00016000 08:06 3147628                    /usr/lib/x86_64-linux-gnu/libxcb-glx.so.0.0.0
7fa3379d4000-7fa3379d5000 r-xp 00000000 08:06 3147616                    /usr/lib/x86_64-linux-gnu/libX11-xcb.so.1.0.0
7fa3379d5000-7fa337bd4000 ---p 00001000 08:06 3147616                    /usr/lib/x86_64-linux-gnu/libX11-xcb.so.1.0.0
7fa337bd4000-7fa337bd5000 r--p 00000000 08:06 3147616                    /usr/lib/x86_64-linux-gnu/libX11-xcb.so.1.0.0
7fa337bd5000-7fa337bd6000 rw-p 00001000 08:06 3147616                    /usr/lib/x86_64-linux-gnu/libX11-xcb.so.1.0.0
7fa337bd6000-7fa337bd8000 r-xp 00000000 08:06 3153625                    /usr/lib/x86_64-linux-gnu/libXdamage.so.1.1.0
7fa337bd8000-7fa337dd7000 ---p 00002000 08:06 3153625                    /usr/lib/x86_64-linux-gnu/libXdamage.so.1.1.0
7fa337dd7000-7fa337dd8000 r--p 00001000 08:06 3153625                    /usr/lib/x86_64-linux-gnu/libXdamage.so.1.1.0
7fa337dd8000-7fa337dd9000 rw-p 00002000 08:06 3153625                    /usr/lib/x86_64-linux-gnu/libXdamage.so.1.1.0
7fa337dd9000-7fa337dfb000 r-xp 00000000 08:06 3147717                    /usr/lib/x86_64-linux-gnu/libglapi.so.0.0.0
7fa337dfb000-7fa337ffb000 ---p 00022000 08:06 3147717                    /usr/lib/x86_64-linux-gnu/libglapi.so.0.0.0
7fa337ffb000-7fa337ffe000 r--p 00022000 08:06 3147717                    /usr/lib/x86_64-linux-gnu/libglapi.so.0.0.0
7fa337ffe000-7fa337fff000 rw-p 00025000 08:06 3147717                    /usr/lib/x86_64-linux-gnu/libglapi.so.0.0.0
7fa337fff000-7fa338000000 rw-p 00000000 00:00 0 
7fa338000000-7fa338021000 rw-p 00000000 00:00 0 
7fa338021000-7fa33c000000 ---p 00000000 00:00 0 
7fa33c000000-7fa33c316000 rw-p 00000000 00:00 0 
7fa33c316000-7fa340000000 ---p 00000000 00:00 0 
7fa340000000-7fa343fff000 rw-p 00000000 00:00 0 
7fa343fff000-7fa344000000 ---p 00000000 00:00 0 
7fa344000000-7fa34484e000 rw-p 00000000 00:00 0 
7fa34484e000-7fa348000000 ---p 00000000 00:00 0 
7fa348000000-7fa348021000 rw-p 00000000 00:00 0 
7fa348021000-7fa34c000000 ---p 00000000 00:00 0 
7fa34c000000-7fa34c021000 rw-p 00000000 00:00 0 
7fa34c021000-7fa350000000 ---p 00000000 00:00 0 
7fa350000000-7fa350021000 rw-p 00000000 00:00 0 
7fa350021000-7fa354000000 ---p 00000000 00:00 0 
7fa354000000-7fa354039000 rw-p 00000000 00:00 0 
7fa354039000-7fa358000000 ---p 00000000 00:00 0 
7fa358000000-7fa358021000 rw-p 00000000 00:00 0 
7fa358021000-7fa35c000000 ---p 00000000 00:00 0 
7fa35c000000-7fa35c021000 rw-p 00000000 00:00 0 
7fa35c021000-7fa360000000 ---p 00000000 00:00 0 
7fa360000000-7fa36029a000 rw-p 00000000 00:00 0 
7fa36029a000-7fa364000000 ---p 00000000 00:00 0 
7fa364000000-7fa364021000 rw-p 00000000 00:00 0 
7fa364021000-7fa368000000 ---p 00000000 00:00 0 
7fa368000000-7fa368021000 rw-p 00000000 00:00 0 
7fa368021000-7fa36c000000 ---p 00000000 00:00 0 
7fa36c000000-7fa36c25e000 rw-p 00000000 00:00 0 
7fa36c25e000-7fa370000000 ---p 00000000 00:00 0 
7fa370000000-7fa370021000 rw-p 00000000 00:00 0 
7fa370021000-7fa374000000 ---p 00000000 00:00 0 
7fa374000000-7fa374021000 rw-p 00000000 00:00 0 
7fa374021000-7fa378000000 ---p 00000000 00:00 0 
7fa378000000-7fa378021000 rw-p 00000000 00:00 0 
7fa378021000-7fa37c000000 ---p 00000000 00:00 0 
7fa37c000000-7fa37c021000 rw-p 00000000 00:00 0 
7fa37c021000-7fa380000000 ---p 00000000 00:00 0 
7fa380075000-7fa3800d6000 r-xp 00000000 08:06 3541715                    /usr/lib/x86_64-linux-gnu/mesa/libGL.so.1.2.0
7fa3800d6000-7fa3802d5000 ---p 00061000 08:06 3541715                    /usr/lib/x86_64-linux-gnu/mesa/libGL.so.1.2.0
7fa3802d5000-7fa3802d8000 r--p 00060000 08:06 3541715                    /usr/lib/x86_64-linux-gnu/mesa/libGL.so.1.2.0
7fa3802d8000-7fa3802d9000 rw-p 00063000 08:06 3541715                    /usr/lib/x86_64-linux-gnu/mesa/libGL.so.1.2.0
7fa3802d9000-7fa3802da000 rw-p 00000000 00:00 0 
7fa3802da000-7fa3802e1000 r-xp 00000000 08:06 7084415                    /tmp/jogamp_0000/file_cache/jln525145669848935915/jln3280703810005436870/libnativewindow_x11.so
7fa3802e1000-7fa3804e0000 ---p 00007000 08:06 7084415                    /tmp/jogamp_0000/file_cache/jln525145669848935915/jln3280703810005436870/libnativewindow_x11.so
7fa3804e0000-7fa3804e1000 rw-p 00006000 08:06 7084415                    /tmp/jogamp_0000/file_cache/jln525145669848935915/jln3280703810005436870/libnativewindow_x11.so
7fa3804e1000-7fa3804e5000 r-xp 00000000 08:06 3153661                    /usr/lib/x86_64-linux-gnu/libXxf86vm.so.1.0.0
7fa3804e5000-7fa3806e5000 ---p 00004000 08:06 3153661                    /usr/lib/x86_64-linux-gnu/libXxf86vm.so.1.0.0
7fa3806e5000-7fa3806e6000 r--p 00004000 08:06 3153661                    /usr/lib/x86_64-linux-gnu/libXxf86vm.so.1.0.0
7fa3806e6000-7fa3806e7000 rw-p 00005000 08:06 3153661                    /usr/lib/x86_64-linux-gnu/libXxf86vm.so.1.0.0
7fa380703000-7fa380704000 rw-p 00000000 00:00 0 
7fa380704000-7fa380706000 rw-s 1366ad000 00:05 9777                      /dev/dri/card0
7fa380706000-7fa38070a000 rw-s 1366a7000 00:05 9777                      /dev/dri/card0
7fa38070a000-7fa38070c000 r-xp 00000000 08:06 7084414                    /tmp/jogamp_0000/file_cache/jln525145669848935915/jln3280703810005436870/libnativewindow_awt.so
7fa38070c000-7fa38090b000 ---p 00002000 08:06 7084414                    /tmp/jogamp_0000/file_cache/jln525145669848935915/jln3280703810005436870/libnativewindow_awt.so
7fa38090b000-7fa38090c000 rw-p 00001000 08:06 7084414                    /tmp/jogamp_0000/file_cache/jln525145669848935915/jln3280703810005436870/libnativewindow_awt.so
7fa38090c000-7fa38090d000 r-xp 00000000 08:06 5906176                    /home/mathilde/kinect/processing-2.2.1/java/lib/amd64/libjawt.so
7fa38090d000-7fa380b0c000 ---p 00001000 08:06 5906176                    /home/mathilde/kinect/processing-2.2.1/java/lib/amd64/libjawt.so
7fa380b0c000-7fa380b0d000 rw-p 00000000 08:06 5906176                    /home/mathilde/kinect/processing-2.2.1/java/lib/amd64/libjawt.so
7fa380b0d000-7fa380e0d000 rw-s 00000000 00:04 39452710                   /SYSV00000000 (deleted)
7fa380e0d000-7fa380e0f000 r-xp 00000000 08:06 7084411                    /tmp/jogamp_0000/file_cache/jln525145669848935915/jln3280703810005436870/libgluegen-rt.so
7fa380e0f000-7fa38100f000 ---p 00002000 08:06 7084411                    /tmp/jogamp_0000/file_cache/jln525145669848935915/jln3280703810005436870/libgluegen-rt.so
7fa38100f000-7fa381010000 rw-p 00002000 08:06 7084411                    /tmp/jogamp_0000/file_cache/jln525145669848935915/jln3280703810005436870/libgluegen-rt.so
7fa381010000-7fa381111000 rwxp 00000000 00:00 0                          [stack:10646]
7fa381111000-7fa381121000 r-xp 00000000 08:06 5906211                    /home/mathilde/kinect/processing-2.2.1/java/lib/amd64/libnio.so
7fa381121000-7fa381321000 ---p 00010000 08:06 5906211                    /home/mathilde/kinect/processing-2.2.1/java/lib/amd64/libnio.so
7fa381321000-7fa381322000 rw-p 00010000 08:06 5906211                    /home/mathilde/kinect/processing-2.2.1/java/lib/amd64/libnio.so
7fa381322000-7fa381337000 r-xp 00000000 08:06 5906173                    /home/mathilde/kinect/processing-2.2.1/java/lib/amd64/libnet.so
7fa381337000-7fa381537000 ---p 00015000 08:06 5906173                    /home/mathilde/kinect/processing-2.2.1/java/lib/amd64/libnet.so
7fa381537000-7fa381538000 rw-p 00015000 08:06 5906173                    /home/mathilde/kinect/processing-2.2.1/java/lib/amd64/libnet.so
7fa381538000-7fa381571000 rwxp 00000000 00:00 0                          [stack:10641]
7fa381571000-7fa38157a000 r--s 0009f000 08:06 5510370                    /home/mathilde/kinect/processing-2.2.1/lib/pde.jar
7fa38157a000-7fa38158e000 r--s 00141000 08:06 5510399                    /home/mathilde/kinect/processing-2.2.1/lib/org.eclipse.osgi_3.8.1.v20120830-144521.jar
7fa38158e000-7fa3815a2000 r--s 00127000 08:06 5510374                    /home/mathilde/kinect/processing-2.2.1/lib/jna.jar
7fa3815a2000-7fa3815de000 r--s 00629000 08:06 5510371                    /home/mathilde/kinect/processing-2.2.1/lib/com.ibm.icu_4.4.2.v20110823.jar
7fa3815de000-7fa381be4000 rwxp 00000000 00:00 0                          [stack:10636]
7fa381be4000-7fa381be9000 r-xp 00000000 08:06 3153631                    /usr/lib/x86_64-linux-gnu/libXfixes.so.3.1.0
7fa381be9000-7fa381de8000 ---p 00005000 08:06 3153631                    /usr/lib/x86_64-linux-gnu/libXfixes.so.3.1.0
7fa381de8000-7fa381de9000 r--p 00004000 08:06 3153631                    /usr/lib/x86_64-linux-gnu/libXfixes.so.3.1.0
7fa381de9000-7fa381dea000 rw-p 00005000 08:06 3153631                    /usr/lib/x86_64-linux-gnu/libXfixes.so.3.1.0
7fa381dea000-7fa381df3000 r-xp 00000000 08:06 3153623                    /usr/lib/x86_64-linux-gnu/libXcursor.so.1.0.2
7fa381df3000-7fa381ff2000 ---p 00009000 08:06 3153623                    /usr/lib/x86_64-linux-gnu/libXcursor.so.1.0.2
7fa381ff2000-7fa381ff3000 r--p 00008000 08:06 3153623                    /usr/lib/x86_64-linux-gnu/libXcursor.so.1.0.2
7fa381ff3000-7fa381ff4000 rw-p 00009000 08:06 3153623                    /usr/lib/x86_64-linux-gnu/libXcursor.so.1.0.2
7fa381ff4000-7fa3820f5000 rwxp 00000000 00:00 0                          [stack:10631]
7fa3820f5000-7fa38211b000 r--p 00000000 08:06 3672815                    /usr/share/locale-langpack/fr/LC_MESSAGES/libc.mo
7fa38211b000-7fa382120000 r-xp 00000000 08:06 3153627                    /usr/lib/x86_64-linux-gnu/libXdmcp.so.6.0.0
7fa382120000-7fa38231f000 ---p 00005000 08:06 3153627                    /usr/lib/x86_64-linux-gnu/libXdmcp.so.6.0.0
7fa38231f000-7fa382320000 r--p 00004000 08:06 3153627                    /usr/lib/x86_64-linux-gnu/libXdmcp.so.6.0.0
7fa382320000-7fa382321000 rw-p 00005000 08:06 3153627                    /usr/lib/x86_64-linux-gnu/libXdmcp.so.6.0.0
7fa382321000-7fa382323000 r-xp 00000000 08:06 3153616                    /usr/lib/x86_64-linux-gnu/libXau.so.6.0.0
7fa382323000-7fa382523000 ---p 00002000 08:06 3153616                    /usr/lib/x86_64-linux-gnu/libXau.so.6.0.0
7fa382523000-7fa382524000 r--p 00002000 08:06 3153616                    /usr/lib/x86_64-linux-gnu/libXau.so.6.0.0
7fa382524000-7fa382525000 rw-p 00003000 08:06 3153616                    /usr/lib/x86_64-linux-gnu/libXau.so.6.0.0
7fa382525000-7fa382542000 r-xp 00000000 08:06 3147529                    /usr/lib/x86_64-linux-gnu/libxcb.so.1.1.0
7fa382542000-7fa382742000 ---p 0001d000 08:06 3147529                    /usr/lib/x86_64-linux-gnu/libxcb.so.1.1.0
7fa382742000-7fa382743000 r--p 0001d000 08:06 3147529                    /usr/lib/x86_64-linux-gnu/libxcb.so.1.1.0
7fa382743000-7fa382744000 rw-p 0001e000 08:06 3147529                    /usr/lib/x86_64-linux-gnu/libxcb.so.1.1.0
7fa382744000-7fa382753000 r-xp 00000000 08:06 3153637                    /usr/lib/x86_64-linux-gnu/libXi.so.6.1.0
7fa382753000-7fa382952000 ---p 0000f000 08:06 3153637                    /usr/lib/x86_64-linux-gnu/libXi.so.6.1.0
7fa382952000-7fa382953000 r--p 0000e000 08:06 3153637                    /usr/lib/x86_64-linux-gnu/libXi.so.6.1.0
7fa382953000-7fa382954000 rw-p 0000f000 08:06 3153637                    /usr/lib/x86_64-linux-gnu/libXi.so.6.1.0
7fa382954000-7fa382959000 r-xp 00000000 08:06 3153655                    /usr/lib/x86_64-linux-gnu/libXtst.so.6.1.0
7fa382959000-7fa382b58000 ---p 00005000 08:06 3153655                    /usr/lib/x86_64-linux-gnu/libXtst.so.6.1.0
7fa382b58000-7fa382b59000 r--p 00004000 08:06 3153655                    /usr/lib/x86_64-linux-gnu/libXtst.so.6.1.0
7fa382b59000-7fa382b5a000 rw-p 00005000 08:06 3153655                    /usr/lib/x86_64-linux-gnu/libXtst.so.6.1.0
7fa382b5a000-7fa382b63000 r-xp 00000000 08:06 3153651                    /usr/lib/x86_64-linux-gnu/libXrender.so.1.3.0
7fa382b63000-7fa382d62000 ---p 00009000 08:06 3153651                    /usr/lib/x86_64-linux-gnu/libXrender.so.1.3.0
7fa382d62000-7fa382d63000 r--p 00008000 08:06 3153651                    /usr/lib/x86_64-linux-gnu/libXrender.so.1.3.0
7fa382d63000-7fa382d64000 rw-p 00009000 08:06 3153651                    /usr/lib/x86_64-linux-gnu/libXrender.so.1.3.0
7fa382d64000-7fa382e94000 r-xp 00000000 08:06 3147538                    /usr/lib/x86_64-linux-gnu/libX11.so.6.3.0
7fa382e94000-7fa383094000 ---p 00130000 08:06 3147538                    /usr/lib/x86_64-linux-gnu/libX11.so.6.3.0
7fa383094000-7fa383095000 r--p 00130000 08:06 3147538                    /usr/lib/x86_64-linux-gnu/libX11.so.6.3.0
7fa383095000-7fa383099000 rw-p 00131000 08:06 3147538                    /usr/lib/x86_64-linux-gnu/libX11.so.6.3.0
7fa383099000-7fa3830aa000 r-xp 00000000 08:06 3153629                    /usr/lib/x86_64-linux-gnu/libXext.so.6.4.0
7fa3830aa000-7fa3832a9000 ---p 00011000 08:06 3153629                    /usr/lib/x86_64-linux-gnu/libXext.so.6.4.0
7fa3832a9000-7fa3832aa000 r--p 00010000 08:06 3153629                    /usr/lib/x86_64-linux-gnu/libXext.so.6.4.0
7fa3832aa000-7fa3832ab000 rw-p 00011000 08:06 3153629                    /usr/lib/x86_64-linux-gnu/libXext.so.6.4.0
7fa3832ab000-7fa3832ac000 rw-s 00000000 00:14 2591436                    /run/shm/1d27.0601@1.10-SM
7fa3832ac000-7fa3832b0000 r--s 0007d000 08:06 5643188                    /home/mathilde/kinect/processing-2.2.1/java/lib/jsse.jar
7fa3832b0000-7fa3832ce000 r--s 001bb000 08:06 5510388                    /home/mathilde/kinect/processing-2.2.1/lib/ant.jar
7fa3832ce000-7fa38331e000 r-xp 00000000 08:06 5906190                    /home/mathilde/kinect/processing-2.2.1/java/lib/amd64/xawt/libmawt.so
7fa38331e000-7fa38351e000 ---p 00050000 08:06 5906190                    /home/mathilde/kinect/processing-2.2.1/java/lib/amd64/xawt/libmawt.so
7fa38351e000-7fa383522000 rw-p 00050000 08:06 5906190                    /home/mathilde/kinect/processing-2.2.1/java/lib/amd64/xawt/libmawt.so
7fa383522000-7fa383523000 rw-p 00000000 00:00 0 
7fa383523000-7fa3835c6000 r-xp 00000000 08:06 5906191                    /home/mathilde/kinect/processing-2.2.1/java/lib/amd64/libawt.so
7fa3835c6000-7fa3837c6000 ---p 000a3000 08:06 5906191                    /home/mathilde/kinect/processing-2.2.1/java/lib/amd64/libawt.so
7fa3837c6000-7fa3837d2000 rw-p 000a3000 08:06 5906191                    /home/mathilde/kinect/processing-2.2.1/java/lib/amd64/libawt.so
7fa3837d2000-7fa3837f6000 rw-p 00000000 00:00 0 
7fa3837f6000-7fa3837f7000 ---p 00000000 00:00 0 
7fa3837f7000-7fa3839f8000 rwxp 00000000 00:00 0                          [stack:10629]
7fa3839f8000-7fa3839f9000 ---p 00000000 00:00 0 
7fa3839f9000-7fa383af9000 rwxp 00000000 00:00 0                          [stack:10628]
7fa383af9000-7fa383afa000 ---p 00000000 00:00 0 
7fa383afa000-7fa383dfc000 rwxp 00000000 00:00 0                          [stack:10618]
7fa383dfc000-7fa383e00000 r-xp 00000000 08:06 5906192                    /home/mathilde/kinect/processing-2.2.1/java/lib/amd64/libdt_socket.so
7fa383e00000-7fa383fff000 ---p 00004000 08:06 5906192                    /home/mathilde/kinect/processing-2.2.1/java/lib/amd64/libdt_socket.so
7fa383fff000-7fa384000000 rw-p 00003000 08:06 5906192                    /home/mathilde/kinect/processing-2.2.1/java/lib/amd64/libdt_socket.so
7fa384000000-7fa384021000 rw-p 00000000 00:00 0 
7fa384021000-7fa388000000 ---p 00000000 00:00 0 
7fa388000000-7fa388021000 rw-p 00000000 00:00 0 
7fa388021000-7fa38c000000 ---p 00000000 00:00 0 
7fa38c000000-7fa38c021000 rw-p 00000000 00:00 0 
7fa38c021000-7fa390000000 ---p 00000000 00:00 0 
7fa390000000-7fa390001000 rw-s 1366b0000 00:05 9777                      /dev/dri/card0
7fa390001000-7fa39000e000 r--s 000c6000 08:06 5510376                    /home/mathilde/kinect/processing-2.2.1/lib/jdimodel.jar
7fa39000e000-7fa39002f000 r--s 002d0000 08:06 5510271                    /home/mathilde/kinect/processing-2.2.1/core/library/jogl-all.jar
7fa39002f000-7fa390433000 rwxp 00000000 00:00 0                          [stack:10614]
7fa390433000-7fa390434000 ---p 00000000 00:00 0 
7fa390434000-7fa390534000 rwxp 00000000 00:00 0                          [stack:10613]
7fa390534000-7fa394000000 rw-p 00000000 00:00 0 
7fa394000000-7fa3940ba000 rw-p 00000000 00:00 0 
7fa3940ba000-7fa398000000 ---p 00000000 00:00 0 
7fa398000000-7fa398021000 rw-p 00000000 00:00 0 
7fa398021000-7fa39c000000 ---p 00000000 00:00 0 
7fa39c000000-7fa39c021000 rw-p 00000000 00:00 0 
7fa39c021000-7fa3a0000000 ---p 00000000 00:00 0 
7fa3a0000000-7fa3a00c4000 rw-p 00000000 00:00 0 
7fa3a00c4000-7fa3a4000000 ---p 00000000 00:00 0 
7fa3a4000000-7fa3a4021000 rw-p 00000000 00:00 0 
7fa3a4021000-7fa3a8000000 ---p 00000000 00:00 0 
7fa3a8000000-7fa3a8021000 rw-p 00000000 00:00 0 
7fa3a8021000-7fa3ac000000 ---p 00000000 00:00 0 
7fa3ac000000-7fa3ac021000 rw-p 00000000 00:00 0 
7fa3ac021000-7fa3b0000000 ---p 00000000 00:00 0 
7fa3b0000000-7fa3b0001000 rw-s 149c2e000 00:05 9777                      /dev/dri/card0
7fa3b0001000-7fa3b0002000 rwxp 00000000 00:00 0 
7fa3b0002000-7fa3b0003000 rw-s 148619000 00:05 9777                      /dev/dri/card0
7fa3b0003000-7fa3b0006000 r--s 00041000 08:06 5510373                    /home/mathilde/kinect/processing-2.2.1/lib/org-netbeans-swing-outline.jar
7fa3b0006000-7fa3b000a000 r--s 0000e000 08:06 5510372                    /home/mathilde/kinect/processing-2.2.1/lib/jdi.jar
7fa3b000a000-7fa3b000f000 r--s 00068000 08:06 5510397                    /home/mathilde/kinect/processing-2.2.1/lib/antlr.jar
7fa3b000f000-7fa3b0011000 r--s 00002000 08:06 5510387                    /home/mathilde/kinect/processing-2.2.1/lib/ant-launcher.jar
7fa3b0011000-7fa3b0014000 r--s 00022000 08:06 3168156                    /home/mathilde/sketchbook/libraries/SimpleOpenNI/library/SimpleOpenNI.jar
7fa3b0014000-7fa3b001a000 r--s 00041000 08:06 5510260                    /home/mathilde/kinect/processing-2.2.1/core/library/gluegen-rt.jar
7fa3b001a000-7fa3b032d000 rw-p 00000000 00:00 0 
7fa3b032d000-7fa3b04ea000 r--s 031b5000 08:06 5642422                    /home/mathilde/kinect/processing-2.2.1/java/lib/rt.jar
7fa3b04ea000-7fa3b07f8000 rw-p 00000000 00:00 0 
7fa3b07f8000-7fa3b07f9000 ---p 00000000 00:00 0 
7fa3b07f9000-7fa3b08f9000 rwxp 00000000 00:00 0                          [stack:10611]
7fa3b08f9000-7fa3b08fa000 ---p 00000000 00:00 0 
7fa3b08fa000-7fa3b09fa000 rwxp 00000000 00:00 0                          [stack:10610]
7fa3b09fa000-7fa3b09fb000 ---p 00000000 00:00 0 
7fa3b09fb000-7fa3b0afb000 rwxp 00000000 00:00 0                          [stack:10609]
7fa3b0afb000-7fa3b0afc000 ---p 00000000 00:00 0 
7fa3b0afc000-7fa3b0bfc000 rwxp 00000000 00:00 0                          [stack:10608]
7fa3b0bfc000-7fa3b0bfd000 ---p 00000000 00:00 0 
7fa3b0bfd000-7fa3b0cfd000 rwxp 00000000 00:00 0                          [stack:10607]
7fa3b0cfd000-7fa3b0cfe000 ---p 00000000 00:00 0 
7fa3b0cfe000-7fa3b0dfe000 rwxp 00000000 00:00 0                          [stack:10606]
7fa3b0dfe000-7fa3b0dff000 ---p 00000000 00:00 0 
7fa3b0dff000-7fa3b0eff000 rwxp 00000000 00:00 0                          [stack:10605]
7fa3b0eff000-7fa3b0f00000 ---p 00000000 00:00 0 
7fa3b0f00000-7fa3b1270000 rwxp 00000000 00:00 0                          [stack:10604]
7fa3b1270000-7fa3b42f8000 rw-p 00000000 00:00 0 
7fa3b42f8000-7fa3b8000000 ---p 00000000 00:00 0 
7fa3b8000000-7fa3b8001000 r--p 00000000 00:00 0 
7fa3b8001000-7fa3b8002000 r--s 0000c000 08:06 5380437                    /home/mathilde/sketchbook/libraries/oscP5-0.9.8/oscP5/library/oscP5.jar
7fa3b8002000-7fa3b8014000 rw-p 00000000 00:00 0 
7fa3b8014000-7fa3b802b000 rw-p 00000000 00:00 0 
7fa3b802b000-7fa3b805d000 rw-p 00000000 00:00 0 
7fa3b805d000-7fa3b8173000 rw-p 00000000 00:00 0 
7fa3b8173000-7fa3b8185000 rw-p 00000000 00:00 0 
7fa3b8185000-7fa3b819c000 rw-p 00000000 00:00 0 
7fa3b819c000-7fa3b81ce000 rw-p 00000000 00:00 0 
7fa3b81ce000-7fa3b82e4000 rw-p 00000000 00:00 0 
7fa3b82e4000-7fa3b8306000 rw-p 00000000 00:00 0 
7fa3b8306000-7fa3b8388000 rw-p 00000000 00:00 0 
7fa3b8388000-7fa3b8389000 rw-p 00000000 00:00 0 
7fa3b8389000-7fa3b83a3000 r-xp 00000000 08:06 5906201                    /home/mathilde/kinect/processing-2.2.1/java/lib/amd64/libzip.so
7fa3b83a3000-7fa3b85a3000 ---p 0001a000 08:06 5906201                    /home/mathilde/kinect/processing-2.2.1/java/lib/amd64/libzip.so
7fa3b85a3000-7fa3b85a4000 rw-p 0001a000 08:06 5906201                    /home/mathilde/kinect/processing-2.2.1/java/lib/amd64/libzip.so
7fa3b85a4000-7fa3b85af000 r-xp 00000000 08:06 1839048                    /lib/x86_64-linux-gnu/libnss_files-2.19.so
7fa3b85af000-7fa3b87ae000 ---p 0000b000 08:06 1839048                    /lib/x86_64-linux-gnu/libnss_files-2.19.so
7fa3b87ae000-7fa3b87af000 r--p 0000a000 08:06 1839048                    /lib/x86_64-linux-gnu/libnss_files-2.19.so
7fa3b87af000-7fa3b87b0000 rw-p 0000b000 08:06 1839048                    /lib/x86_64-linux-gnu/libnss_files-2.19.so
7fa3b87b0000-7fa3b87bb000 r-xp 00000000 08:06 1840051                    /lib/x86_64-linux-gnu/libnss_nis-2.19.so
7fa3b87bb000-7fa3b89ba000 ---p 0000b000 08:06 1840051                    /lib/x86_64-linux-gnu/libnss_nis-2.19.so
7fa3b89ba000-7fa3b89bb000 r--p 0000a000 08:06 1840051                    /lib/x86_64-linux-gnu/libnss_nis-2.19.so
7fa3b89bb000-7fa3b89bc000 rw-p 0000b000 08:06 1840051                    /lib/x86_64-linux-gnu/libnss_nis-2.19.so
7fa3b89bc000-7fa3b89d3000 r-xp 00000000 08:06 1840045                    /lib/x86_64-linux-gnu/libnsl-2.19.so
7fa3b89d3000-7fa3b8bd2000 ---p 00017000 08:06 1840045                    /lib/x86_64-linux-gnu/libnsl-2.19.so
7fa3b8bd2000-7fa3b8bd3000 r--p 00016000 08:06 1840045                    /lib/x86_64-linux-gnu/libnsl-2.19.so
7fa3b8bd3000-7fa3b8bd4000 rw-p 00017000 08:06 1840045                    /lib/x86_64-linux-gnu/libnsl-2.19.so
7fa3b8bd4000-7fa3b8bd6000 rw-p 00000000 00:00 0 
7fa3b8bd6000-7fa3b8bdf000 r-xp 00000000 08:06 1840053                    /lib/x86_64-linux-gnu/libnss_compat-2.19.so
7fa3b8bdf000-7fa3b8dde000 ---p 00009000 08:06 1840053                    /lib/x86_64-linux-gnu/libnss_compat-2.19.so
7fa3b8dde000-7fa3b8ddf000 r--p 00008000 08:06 1840053                    /lib/x86_64-linux-gnu/libnss_compat-2.19.so
7fa3b8ddf000-7fa3b8de0000 rw-p 00009000 08:06 1840053                    /lib/x86_64-linux-gnu/libnss_compat-2.19.so
7fa3b8de0000-7fa3b9350000 r--p 00000000 08:06 3147618                    /usr/lib/locale/locale-archive
7fa3b9350000-7fa3b9353000 r-xp 00000000 08:06 5906186                    /home/mathilde/kinect/processing-2.2.1/java/lib/amd64/libnpt.so
7fa3b9353000-7fa3b9552000 ---p 00003000 08:06 5906186                    /home/mathilde/kinect/processing-2.2.1/java/lib/amd64/libnpt.so
7fa3b9552000-7fa3b9553000 rw-p 00002000 08:06 5906186                    /home/mathilde/kinect/processing-2.2.1/java/lib/amd64/libnpt.so
7fa3b9553000-7fa3b958c000 r-xp 00000000 08:06 5906199                    /home/mathilde/kinect/processing-2.2.1/java/lib/amd64/libjdwp.so
7fa3b958c000-7fa3b978c000 ---p 00039000 08:06 5906199                    /home/mathilde/kinect/processing-2.2.1/java/lib/amd64/libjdwp.so
7fa3b978c000-7fa3b978d000 rw-p 00039000 08:06 5906199                    /home/mathilde/kinect/processing-2.2.1/java/lib/amd64/libjdwp.so
7fa3b978d000-7fa3b978e000 rw-p 00000000 00:00 0 
7fa3b978e000-7fa3b97b7000 r-xp 00000000 08:06 5906212                    /home/mathilde/kinect/processing-2.2.1/java/lib/amd64/libjava.so
7fa3b97b7000-7fa3b99b7000 ---p 00029000 08:06 5906212                    /home/mathilde/kinect/processing-2.2.1/java/lib/amd64/libjava.so
7fa3b99b7000-7fa3b99b9000 rw-p 00029000 08:06 5906212                    /home/mathilde/kinect/processing-2.2.1/java/lib/amd64/libjava.so
7fa3b99b9000-7fa3b99c6000 r-xp 00000000 08:06 5906171                    /home/mathilde/kinect/processing-2.2.1/java/lib/amd64/libverify.so
7fa3b99c6000-7fa3b9bc5000 ---p 0000d000 08:06 5906171                    /home/mathilde/kinect/processing-2.2.1/java/lib/amd64/libverify.so
7fa3b9bc5000-7fa3b9bc7000 rw-p 0000c000 08:06 5906171                    /home/mathilde/kinect/processing-2.2.1/java/lib/amd64/libverify.so
7fa3b9bc7000-7fa3b9bce000 r-xp 00000000 08:06 1840067                    /lib/x86_64-linux-gnu/librt-2.19.so
7fa3b9bce000-7fa3b9dcd000 ---p 00007000 08:06 1840067                    /lib/x86_64-linux-gnu/librt-2.19.so
7fa3b9dcd000-7fa3b9dce000 r--p 00006000 08:06 1840067                    /lib/x86_64-linux-gnu/librt-2.19.so
7fa3b9dce000-7fa3b9dcf000 rw-p 00007000 08:06 1840067                    /lib/x86_64-linux-gnu/librt-2.19.so
7fa3b9dcf000-7fa3b9ed4000 r-xp 00000000 08:06 1839050                    /lib/x86_64-linux-gnu/libm-2.19.so
7fa3b9ed4000-7fa3ba0d3000 ---p 00105000 08:06 1839050                    /lib/x86_64-linux-gnu/libm-2.19.so
7fa3ba0d3000-7fa3ba0d4000 r--p 00104000 08:06 1839050                    /lib/x86_64-linux-gnu/libm-2.19.so
7fa3ba0d4000-7fa3ba0d5000 rw-p 00105000 08:06 1839050                    /lib/x86_64-linux-gnu/libm-2.19.so
7fa3ba0d5000-7fa3bac37000 r-xp 00000000 08:06 5906184                    /home/mathilde/kinect/processing-2.2.1/java/lib/amd64/server/libjvm.so
7fa3bac37000-7fa3bae37000 ---p 00b62000 08:06 5906184                    /home/mathilde/kinect/processing-2.2.1/java/lib/amd64/server/libjvm.so
7fa3bae37000-7fa3baefa000 rw-p 00b62000 08:06 5906184                    /home/mathilde/kinect/processing-2.2.1/java/lib/amd64/server/libjvm.so
7fa3baefa000-7fa3baf3b000 rw-p 00000000 00:00 0 
7fa3baf3b000-7fa3bb0f7000 r-xp 00000000 08:06 1839044                    /lib/x86_64-linux-gnu/libc-2.19.so
7fa3bb0f7000-7fa3bb2f6000 ---p 001bc000 08:06 1839044                    /lib/x86_64-linux-gnu/libc-2.19.so
7fa3bb2f6000-7fa3bb2fa000 r--p 001bb000 08:06 1839044                    /lib/x86_64-linux-gnu/libc-2.19.so
7fa3bb2fa000-7fa3bb2fc000 rw-p 001bf000 08:06 1839044                    /lib/x86_64-linux-gnu/libc-2.19.so
7fa3bb2fc000-7fa3bb301000 rw-p 00000000 00:00 0 
7fa3bb301000-7fa3bb304000 r-xp 00000000 08:06 1840059                    /lib/x86_64-linux-gnu/libdl-2.19.so
7fa3bb304000-7fa3bb503000 ---p 00003000 08:06 1840059                    /lib/x86_64-linux-gnu/libdl-2.19.so
7fa3bb503000-7fa3bb504000 r--p 00002000 08:06 1840059                    /lib/x86_64-linux-gnu/libdl-2.19.so
7fa3bb504000-7fa3bb505000 rw-p 00003000 08:06 1840059                    /lib/x86_64-linux-gnu/libdl-2.19.so
7fa3bb505000-7fa3bb51b000 r-xp 00000000 08:06 5906168                    /home/mathilde/kinect/processing-2.2.1/java/lib/amd64/jli/libjli.so
7fa3bb51b000-7fa3bb71b000 ---p 00016000 08:06 5906168                    /home/mathilde/kinect/processing-2.2.1/java/lib/amd64/jli/libjli.so
7fa3bb71b000-7fa3bb71c000 rw-p 00016000 08:06 5906168                    /home/mathilde/kinect/processing-2.2.1/java/lib/amd64/jli/libjli.so
7fa3bb71c000-7fa3bb735000 r-xp 00000000 08:06 1840065                    /lib/x86_64-linux-gnu/libpthread-2.19.so
7fa3bb735000-7fa3bb934000 ---p 00019000 08:06 1840065                    /lib/x86_64-linux-gnu/libpthread-2.19.so
7fa3bb934000-7fa3bb935000 r--p 00018000 08:06 1840065                    /lib/x86_64-linux-gnu/libpthread-2.19.so
7fa3bb935000-7fa3bb936000 rw-p 00019000 08:06 1840065                    /lib/x86_64-linux-gnu/libpthread-2.19.so
7fa3bb936000-7fa3bb93a000 rw-p 00000000 00:00 0 
7fa3bb93a000-7fa3bb95d000 r-xp 00000000 08:06 1838946                    /lib/x86_64-linux-gnu/ld-2.19.so
7fa3bb95d000-7fa3bb95e000 r--s 00034000 08:06 5510269                    /home/mathilde/kinect/processing-2.2.1/core/library/jogl-all-natives-windows-amd64.jar
7fa3bb95e000-7fa3bb95f000 r--s 00001000 08:06 5510261                    /home/mathilde/kinect/processing-2.2.1/core/library/gluegen-rt-natives-windows-amd64.jar
7fa3bb95f000-7fa3bb960000 r--s 00000000 08:06 5510272                    /home/mathilde/kinect/processing-2.2.1/core/library/gluegen-rt-natives-linux-armv6hf.jar
7fa3bb960000-7fa3bb961000 r--s 00001000 08:06 5510270                    /home/mathilde/kinect/processing-2.2.1/core/library/gluegen-rt-natives-macosx-universal.jar
7fa3bb961000-7fa3bb962000 r--s 0002d000 08:06 5510258                    /home/mathilde/kinect/processing-2.2.1/core/library/jogl-all-natives-windows-i586.jar
7fa3bb962000-7fa3bb963000 r--s 00000000 08:06 5510262                    /home/mathilde/kinect/processing-2.2.1/core/library/gluegen-rt-natives-linux-i586.jar
7fa3bb963000-7fa3bb964000 r--s 00001000 08:06 5510273                    /home/mathilde/kinect/processing-2.2.1/core/library/gluegen-rt-natives-windows-i586.jar
7fa3bb964000-7fa3bb966000 r--s 00030000 08:06 5510263                    /home/mathilde/kinect/processing-2.2.1/core/library/jogl-all-natives-linux-i586.jar
7fa3bb966000-7fa3bb967000 r--s 00022000 08:06 5510266                    /home/mathilde/kinect/processing-2.2.1/core/library/jogl-all-natives-linux-armv6hf.jar
7fa3bb967000-7fa3bb96e000 r--s 00000000 08:06 3550446                    /usr/lib/x86_64-linux-gnu/gconv/gconv-modules.cache
7fa3bb96e000-7fa3bb972000 r--s 00097000 08:06 5510265                    /home/mathilde/kinect/processing-2.2.1/core/library/core.jar
7fa3bb972000-7fa3bb97c000 rw-p 00000000 00:00 0 
7fa3bb97c000-7fa3bba32000 rw-p 00000000 00:00 0 
7fa3bba32000-7fa3bba33000 ---p 00000000 00:00 0 
7fa3bba33000-7fa3bbb33000 rwxp 00000000 00:00 0                          [stack:10603]
7fa3bbb33000-7fa3bbb37000 rw-p 00000000 00:00 0 
7fa3bbb37000-7fa3bbb38000 r--s 00063000 08:06 5510259                    /home/mathilde/kinect/processing-2.2.1/core/library/jogl-all-natives-macosx-universal.jar
7fa3bbb38000-7fa3bbb39000 r--s 00000000 08:06 5510264                    /home/mathilde/kinect/processing-2.2.1/core/library/gluegen-rt-natives-linux-amd64.jar
7fa3bbb39000-7fa3bbb3a000 r--s 00031000 08:06 5510268                    /home/mathilde/kinect/processing-2.2.1/core/library/jogl-all-natives-linux-amd64.jar
7fa3bbb3a000-7fa3bbb50000 rw-p 00000000 00:00 0 
7fa3bbb50000-7fa3bbb58000 rw-s 00000000 08:06 5383572                    /tmp/hsperfdata_mathilde/10602
7fa3bbb58000-7fa3bbb59000 rw-p 00000000 00:00 0 
7fa3bbb59000-7fa3bbb5a000 r--p 00000000 00:00 0 
7fa3bbb5a000-7fa3bbb5c000 rw-p 00000000 00:00 0 
7fa3bbb5c000-7fa3bbb5d000 r--p 00022000 08:06 1838946                    /lib/x86_64-linux-gnu/ld-2.19.so
7fa3bbb5d000-7fa3bbb5e000 rw-p 00023000 08:06 1838946                    /lib/x86_64-linux-gnu/ld-2.19.so
7fa3bbb5e000-7fa3bbb5f000 rw-p 00000000 00:00 0 
7fffe8af6000-7fffe8b15000 rwxp 00000000 00:00 0                          [stack]
7fffe8b15000-7fffe8b19000 rw-p 00000000 00:00 0 
7fffe8b23000-7fffe8b25000 r-xp 00000000 00:00 0                          [vdso]
ffffffffff600000-ffffffffff601000 r-xp 00000000 00:00 0                  [vsyscall]

VM Arguments:
jvm_args: -agentlib:jdwp=transport=dt_socket,address=8740,server=y,suspend=y -Djava.library.path=:/home/mathilde/sketchbook/libraries/SimpleOpenNI/library:/home/mathilde/sketchbook/libraries/oscP5-0.9.8/oscP5/library:/usr/java/packages/lib/amd64:/usr/lib64:/lib64:/lib:/usr/lib -ea 
java_command: processing.core.PApplet --editor-location=483,190 --external --display=0 pointsMain --sketch-path=/home/mathilde/pointsMain
Launcher Type: SUN_STANDARD

Environment Variables:
CLASSPATH=/home/mathilde/kinect/processing-2.2.1/java/lib/rt.jar:/home/mathilde/kinect/processing-2.2.1/lib/ant-launcher.jar:/home/mathilde/kinect/processing-2.2.1/lib/ant.jar:/home/mathilde/kinect/processing-2.2.1/lib/antlr.jar:/home/mathilde/kinect/processing-2.2.1/lib/com.ibm.icu_4.4.2.v20110823.jar:/home/mathilde/kinect/processing-2.2.1/lib/jdi.jar:/home/mathilde/kinect/processing-2.2.1/lib/jdimodel.jar:/home/mathilde/kinect/processing-2.2.1/lib/jna.jar:/home/mathilde/kinect/processing-2.2.1/lib/org-netbeans-swing-outline.jar:/home/mathilde/kinect/processing-2.2.1/lib/org.eclipse.osgi_3.8.1.v20120830-144521.jar:/home/mathilde/kinect/processing-2.2.1/lib/pde.jar:/home/mathilde/kinect/processing-2.2.1/core/library/core.jar:/home/mathilde/kinect/processing-2.2.1/core/library/gluegen-rt-natives-linux-amd64.jar:/home/mathilde/kinect/processing-2.2.1/core/library/gluegen-rt-natives-linux-armv6hf.jar:/home/mathilde/kinect/processing-2.2.1/core/library/gluegen-rt-natives-linux-i586.jar:/home/mathilde/kinect/processing-2.2.1/core/library/gluegen-rt-natives-macosx-universal.jar:/home/mathilde/kinect/processing-2.2.1/core/library/gluegen-rt-natives-windows-amd64.jar:/home/mathilde/kinect/processing-2.2.1/core/library/gluegen-rt-natives-windows-i586.jar:/home/mathilde/kinect/processing-2.2.1/core/library/gluegen-rt.jar:/home/mathilde/kinect/processing-2.2.1/core/library/jogl-all-natives-linux-amd64.jar:/home/mathilde/kinect/processing-2.2.1/core/library/jogl-all-natives-linux-armv6hf.jar:/home/mathilde/kinect/processing-2.2.1/core/library/jogl-all-natives-linux-i586.jar:/home/mathilde/kinect/processing-2.2.1/core/library/jogl-all-natives-macosx-universal.jar:/home/mathilde/kinect/processing-2.2.1/core/library/jogl-all-natives-windows-amd64.jar:/home/mathilde/kinect/processing-2.2.1/core/library/jogl-all-natives-windows-i586.jar:/home/mathilde/kinect/processing-2.2.1/core/library/jogl-all.jar
PATH=/home/mathilde/kinect/processing-2.2.1/java/bin:/usr/local/sbin:/usr/local/bin:/usr/sbin:/usr/bin:/sbin:/bin:/usr/games:/usr/local/games
SHELL=/bin/bash
DISPLAY=:0

Signal Handlers:
SIGSEGV: [libjvm.so+0x992d50], sa_mask[0]=0x7ffbfeff, sa_flags=0x10000004
SIGBUS: [libjvm.so+0x992d50], sa_mask[0]=0x7ffbfeff, sa_flags=0x10000004
SIGFPE: [libjvm.so+0x80fb00], sa_mask[0]=0x7ffbfeff, sa_flags=0x10000004
SIGPIPE: [libjvm.so+0x80fb00], sa_mask[0]=0x7ffbfeff, sa_flags=0x10000004
SIGXFSZ: [libjvm.so+0x80fb00], sa_mask[0]=0x7ffbfeff, sa_flags=0x10000004
SIGILL: [libjvm.so+0x80fb00], sa_mask[0]=0x7ffbfeff, sa_flags=0x10000004
SIGUSR1: SIG_DFL, sa_mask[0]=0x00000000, sa_flags=0x00000000
SIGUSR2: [libjvm.so+0x810ff0], sa_mask[0]=0x00000004, sa_flags=0x10000004
SIGHUP: [libjvm.so+0x811f60], sa_mask[0]=0x7ffbfeff, sa_flags=0x10000004
SIGINT: SIG_IGN, sa_mask[0]=0x00000000, sa_flags=0x00000000
SIGTERM: [libjvm.so+0x811f60], sa_mask[0]=0x7ffbfeff, sa_flags=0x10000004
SIGQUIT: [libjvm.so+0x811f60], sa_mask[0]=0x7ffbfeff, sa_flags=0x10000004


---------------  S Y S T E M  ---------------

OS:jessie/sid

uname:Linux 3.13.0-24-generic #46-Ubuntu SMP Thu Apr 10 19:11:08 UTC 2014 x86_64
libc:glibc 2.19 NPTL 2.19 
rlimit: STACK 8192k, CORE 0k, NPROC 31312, NOFILE 4096, AS infinity
load average:2,37 2,42 2,43

/proc/meminfo:
MemTotal:        4029488 kB
MemFree:          465172 kB
Buffers:           64476 kB
Cached:           738640 kB
SwapCached:        25744 kB
Active:          2422440 kB
Inactive:         888764 kB
Active(anon):    1974288 kB
Inactive(anon):   574980 kB
Active(file):     448152 kB
Inactive(file):   313784 kB
Unevictable:          32 kB
Mlocked:              32 kB
SwapTotal:       4173820 kB
SwapFree:        3917956 kB
Dirty:              1408 kB
Writeback:             0 kB
AnonPages:       2487932 kB
Mapped:           186784 kB
Shmem:             41180 kB
Slab:             118704 kB
SReclaimable:      76868 kB
SUnreclaim:        41836 kB
KernelStack:        5208 kB
PageTables:        36688 kB
NFS_Unstable:          0 kB
Bounce:                0 kB
WritebackTmp:          0 kB
CommitLimit:     6188564 kB
Committed_AS:    6661244 kB
VmallocTotal:   34359738367 kB
VmallocUsed:      330240 kB
VmallocChunk:   34359276352 kB
HardwareCorrupted:     0 kB
AnonHugePages:    778240 kB
HugePages_Total:       0
HugePages_Free:        0
HugePages_Rsvd:        0
HugePages_Surp:        0
Hugepagesize:       2048 kB
DirectMap4k:       96512 kB
DirectMap2M:     4079616 kB


CPU:total 8 (4 cores per cpu, 2 threads per core) family 6 model 42 stepping 7, cmov, cx8, fxsr, mmx, sse, sse2, sse3, ssse3, sse4.1, sse4.2, popcnt, avx, aes, ht, tsc, tscinvbit

/proc/cpuinfo:
processor	: 0
vendor_id	: GenuineIntel
cpu family	: 6
model		: 42
model name	: Intel(R) Core(TM) i7-2670QM CPU @ 2.20GHz
stepping	: 7
microcode	: 0x1b
cpu MHz		: 1800.000
cache size	: 6144 KB
physical id	: 0
siblings	: 8
core id		: 0
cpu cores	: 4
apicid		: 0
initial apicid	: 0
fpu		: yes
fpu_exception	: yes
cpuid level	: 13
wp		: yes
flags		: fpu vme de pse tsc msr pae mce cx8 apic sep mtrr pge mca cmov pat pse36 clflush dts acpi mmx fxsr sse sse2 ss ht tm pbe syscall nx rdtscp lm constant_tsc arch_perfmon pebs bts rep_good nopl xtopology nonstop_tsc aperfmperf eagerfpu pni pclmulqdq dtes64 monitor ds_cpl vmx est tm2 ssse3 cx16 xtpr pdcm pcid sse4_1 sse4_2 x2apic popcnt tsc_deadline_timer aes xsave avx lahf_lm ida arat epb xsaveopt pln pts dtherm tpr_shadow vnmi flexpriority ept vpid
bogomips	: 4390.38
clflush size	: 64
cache_alignment	: 64
address sizes	: 36 bits physical, 48 bits virtual
power management:

processor	: 1
vendor_id	: GenuineIntel
cpu family	: 6
model		: 42
model name	: Intel(R) Core(TM) i7-2670QM CPU @ 2.20GHz
stepping	: 7
microcode	: 0x1b
cpu MHz		: 800.000
cache size	: 6144 KB
physical id	: 0
siblings	: 8
core id		: 0
cpu cores	: 4
apicid		: 1
initial apicid	: 1
fpu		: yes
fpu_exception	: yes
cpuid level	: 13
wp		: yes
flags		: fpu vme de pse tsc msr pae mce cx8 apic sep mtrr pge mca cmov pat pse36 clflush dts acpi mmx fxsr sse sse2 ss ht tm pbe syscall nx rdtscp lm constant_tsc arch_perfmon pebs bts rep_good nopl xtopology nonstop_tsc aperfmperf eagerfpu pni pclmulqdq dtes64 monitor ds_cpl vmx est tm2 ssse3 cx16 xtpr pdcm pcid sse4_1 sse4_2 x2apic popcnt tsc_deadline_timer aes xsave avx lahf_lm ida arat epb xsaveopt pln pts dtherm tpr_shadow vnmi flexpriority ept vpid
bogomips	: 4390.38
clflush size	: 64
cache_alignment	: 64
address sizes	: 36 bits physical, 48 bits virtual
power management:

processor	: 2
vendor_id	: GenuineIntel
cpu family	: 6
model		: 42
model name	: Intel(R) Core(TM) i7-2670QM CPU @ 2.20GHz
stepping	: 7
microcode	: 0x1b
cpu MHz		: 800.000
cache size	: 6144 KB
physical id	: 0
siblings	: 8
core id		: 1
cpu cores	: 4
apicid		: 2
initial apicid	: 2
fpu		: yes
fpu_exception	: yes
cpuid level	: 13
wp		: yes
flags		: fpu vme de pse tsc msr pae mce cx8 apic sep mtrr pge mca cmov pat pse36 clflush dts acpi mmx fxsr sse sse2 ss ht tm pbe syscall nx rdtscp lm constant_tsc arch_perfmon pebs bts rep_good nopl xtopology nonstop_tsc aperfmperf eagerfpu pni pclmulqdq dtes64 monitor ds_cpl vmx est tm2 ssse3 cx16 xtpr pdcm pcid sse4_1 sse4_2 x2apic popcnt tsc_deadline_timer aes xsave avx lahf_lm ida arat epb xsaveopt pln pts dtherm tpr_shadow vnmi flexpriority ept vpid
bogomips	: 4390.38
clflush size	: 64
cache_alignment	: 64
address sizes	: 36 bits physical, 48 bits virtual
power management:

processor	: 3
vendor_id	: GenuineIntel
cpu family	: 6
model		: 42
model name	: Intel(R) Core(TM) i7-2670QM CPU @ 2.20GHz
stepping	: 7
microcode	: 0x1b
cpu MHz		: 2201.000
cache size	: 6144 KB
physical id	: 0
siblings	: 8
core id		: 1
cpu cores	: 4
apicid		: 3
initial apicid	: 3
fpu		: yes
fpu_exception	: yes
cpuid level	: 13
wp		: yes
flags		: fpu vme de pse tsc msr pae mce cx8 apic sep mtrr pge mca cmov pat pse36 clflush dts acpi mmx fxsr sse sse2 ss ht tm pbe syscall nx rdtscp lm constant_tsc arch_perfmon pebs bts rep_good nopl xtopology nonstop_tsc aperfmperf eagerfpu pni pclmulqdq dtes64 monitor ds_cpl vmx est tm2 ssse3 cx16 xtpr pdcm pcid sse4_1 sse4_2 x2apic popcnt tsc_deadline_timer aes xsave avx lahf_lm ida arat epb xsaveopt pln pts dtherm tpr_shadow vnmi flexpriority ept vpid
bogomips	: 4390.38
clflush size	: 64
cache_alignment	: 64
address sizes	: 36 bits physical, 48 bits virtual
power management:

processor	: 4
vendor_id	: GenuineIntel
cpu family	: 6
model		: 42
model name	: Intel(R) Core(TM) i7-2670QM CPU @ 2.20GHz
stepping	: 7
microcode	: 0x1b
cpu MHz		: 1100.000
cache size	: 6144 KB
physical id	: 0
siblings	: 8
core id		: 2
cpu cores	: 4
apicid		: 4
initial apicid	: 4
fpu		: yes
fpu_exception	: yes
cpuid level	: 13
wp		: yes
flags		: fpu vme de pse tsc msr pae mce cx8 apic sep mtrr pge mca cmov pat pse36 clflush dts acpi mmx fxsr sse sse2 ss ht tm pbe syscall nx rdtscp lm constant_tsc arch_perfmon pebs bts rep_good nopl xtopology nonstop_tsc aperfmperf eagerfpu pni pclmulqdq dtes64 monitor ds_cpl vmx est tm2 ssse3 cx16 xtpr pdcm pcid sse4_1 sse4_2 x2apic popcnt tsc_deadline_timer aes xsave avx lahf_lm ida arat epb xsaveopt pln pts dtherm tpr_shadow vnmi flexpriority ept vpid
bogomips	: 4390.38
clflush size	: 64
cache_alignment	: 64
address sizes	: 36 bits physical, 48 bits virtual
power management:

processor	: 5
vendor_id	: GenuineIntel
cpu family	: 6
model		: 42
model name	: Intel(R) Core(TM) i7-2670QM CPU @ 2.20GHz
stepping	: 7
microcode	: 0x1b
cpu MHz		: 800.000
cache size	: 6144 KB
physical id	: 0
siblings	: 8
core id		: 2
cpu cores	: 4
apicid		: 5
initial apicid	: 5
fpu		: yes
fpu_exception	: yes
cpuid level	: 13
wp		: yes
flags		: fpu vme de pse tsc msr pae mce cx8 apic sep mtrr pge mca cmov pat pse36 clflush dts acpi mmx fxsr sse sse2 ss ht tm pbe syscall nx rdtscp lm constant_tsc arch_perfmon pebs bts rep_good nopl xtopology nonstop_tsc aperfmperf eagerfpu pni pclmulqdq dtes64 monitor ds_cpl vmx est tm2 ssse3 cx16 xtpr pdcm pcid sse4_1 sse4_2 x2apic popcnt tsc_deadline_timer aes xsave avx lahf_lm ida arat epb xsaveopt pln pts dtherm tpr_shadow vnmi flexpriority ept vpid
bogomips	: 4390.38
clflush size	: 64
cache_alignment	: 64
address sizes	: 36 bits physical, 48 bits virtual
power management:

processor	: 6
vendor_id	: GenuineIntel
cpu family	: 6
model		: 42
model name	: Intel(R) Core(TM) i7-2670QM CPU @ 2.20GHz
stepping	: 7
microcode	: 0x1b
cpu MHz		: 800.000
cache size	: 6144 KB
physical id	: 0
siblings	: 8
core id		: 3
cpu cores	: 4
apicid		: 6
initial apicid	: 6
fpu		: yes
fpu_exception	: yes
cpuid level	: 13
wp		: yes
flags		: fpu vme de pse tsc msr pae mce cx8 apic sep mtrr pge mca cmov pat pse36 clflush dts acpi mmx fxsr sse sse2 ss ht tm pbe syscall nx rdtscp lm constant_tsc arch_perfmon pebs bts rep_good nopl xtopology nonstop_tsc aperfmperf eagerfpu pni pclmulqdq dtes64 monitor ds_cpl vmx est tm2 ssse3 cx16 xtpr pdcm pcid sse4_1 sse4_2 x2apic popcnt tsc_deadline_timer aes xsave avx lahf_lm ida arat epb xsaveopt pln pts dtherm tpr_shadow vnmi flexpriority ept vpid
bogomips	: 4390.38
clflush size	: 64
cache_alignment	: 64
address sizes	: 36 bits physical, 48 bits virtual
power management:

processor	: 7
vendor_id	: GenuineIntel
cpu family	: 6
model		: 42
model name	: Intel(R) Core(TM) i7-2670QM CPU @ 2.20GHz
stepping	: 7
microcode	: 0x1b
cpu MHz		: 2201.000
cache size	: 6144 KB
physical id	: 0
siblings	: 8
core id		: 3
cpu cores	: 4
apicid		: 7
initial apicid	: 7
fpu		: yes
fpu_exception	: yes
cpuid level	: 13
wp		: yes
flags		: fpu vme de pse tsc msr pae mce cx8 apic sep mtrr pge mca cmov pat pse36 clflush dts acpi mmx fxsr sse sse2 ss ht tm pbe syscall nx rdtscp lm constant_tsc arch_perfmon pebs bts rep_good nopl xtopology nonstop_tsc aperfmperf eagerfpu pni pclmulqdq dtes64 monitor ds_cpl vmx est tm2 ssse3 cx16 xtpr pdcm pcid sse4_1 sse4_2 x2apic popcnt tsc_deadline_timer aes xsave avx lahf_lm ida arat epb xsaveopt pln pts dtherm tpr_shadow vnmi flexpriority ept vpid
bogomips	: 4390.38
clflush size	: 64
cache_alignment	: 64
address sizes	: 36 bits physical, 48 bits virtual
power management:



Memory: 4k page, physical 4029488k(465172k free), swap 4173820k(3917956k free)

vm_info: Java HotSpot(TM) 64-Bit Server VM (24.0-b56) for linux-amd64 JRE (1.7.0_40-b43), built on Aug 26 2013 23:53:33 by "java_re" with gcc 4.3.0 20080428 (Red Hat 4.3.0-8)

time: Mon Jun  2 20:55:36 2014
elapsed time: 4 seconds

